[ 2015-05-04T17:39:16+08:00 ] 223.68.162.170 /index.php?g=System&m=Site&a=index&pid=6&level=3
INFO: [ app_begin ] --START--
INFO: Run ReadHtmlCache Behavior [ RunTime:0.000000s ]
INFO: [ app_begin ] --END-- [ RunTime:0.000000s ]
NOTIC: [2048] Declaration of SiteAction::insert() should be compatible with that of BaseAction::insert() C:\WWW\ruanlingtong\PigCms\Lib\Action\System\SiteAction.class.php 第 2 行.
SQL: SHOW COLUMNS FROM `tp_agent` [ RunTime:0.000000s ]
SQL: SELECT * FROM `tp_agent` WHERE ( `siteurl` = 'http://www.softphs.com' ) LIMIT 1   [ RunTime:0.000000s ]
NOTIC: [8] Constant STATICS already defined C:\WWW\ruanlingtong\PigCms\Lib\Action\BaseAction.class.php 第 118 行.
SQL: SHOW COLUMNS FROM `tp_node` [ RunTime:0.000000s ]
SQL: SELECT * FROM `tp_node` WHERE ( `level` = 3 ) AND ( `pid` = 6 ) AND ( `status` = 1 ) AND ( `display` > 0 ) ORDER BY `sort` asc  [ RunTime:0.000000s ]
SQL: SHOW COLUMNS FROM `tp_user_group` [ RunTime:0.000000s ]
SQL: SELECT * FROM `tp_user_group` ORDER BY id ASC  [ RunTime:0.000000s ]
INFO: [ view_template ] --START--
INFO: Run LocationTemplate Behavior [ RunTime:-0.031252s ]
INFO: [ view_template ] --END-- [ RunTime:0.000000s ]
INFO: [ view_parse ] --START--
NOTIC: [8] Undefined variable: token C:\WWW\ruanlingtong\Conf\logs\Cache\System\290787b61e1d188e50b8f6a79194f6f3.php 第 41 行.
NOTIC: [8] Undefined variable: token C:\WWW\ruanlingtong\Conf\logs\Cache\System\290787b61e1d188e50b8f6a79194f6f3.php 第 49 行.
NOTIC: [8] Use of undefined constant checked - assumed 'checked' C:\WWW\ruanlingtong\Conf\logs\Cache\System\290787b61e1d188e50b8f6a79194f6f3.php 第 86 行.
NOTIC: [8] Use of undefined constant checked - assumed 'checked' C:\WWW\ruanlingtong\Conf\logs\Cache\System\290787b61e1d188e50b8f6a79194f6f3.php 第 90 行.
NOTIC: [8] Use of undefined constant checked - assumed 'checked' C:\WWW\ruanlingtong\Conf\logs\Cache\System\290787b61e1d188e50b8f6a79194f6f3.php 第 94 行.
NOTIC: [8] Use of undefined constant checked - assumed 'checked' C:\WWW\ruanlingtong\Conf\logs\Cache\System\290787b61e1d188e50b8f6a79194f6f3.php 第 98 行.
NOTIC: [8] Use of undefined constant checked - assumed 'checked' C:\WWW\ruanlingtong\Conf\logs\Cache\System\290787b61e1d188e50b8f6a79194f6f3.php 第 102 行.
NOTIC: [8] Use of undefined constant checked - assumed 'checked' C:\WWW\ruanlingtong\Conf\logs\Cache\System\290787b61e1d188e50b8f6a79194f6f3.php 第 162 行.
INFO: Run ParseTemplate Behavior [ RunTime:-0.031252s ]
INFO: [ view_parse ] --END-- [ RunTime:0.015626s ]
INFO: [ view_filter ] --START--
INFO: Run ContentReplace Behavior [ RunTime:-0.046878s ]
INFO: Run TokenBuild Behavior [ RunTime:-0.046878s ]
INFO: Run WriteHtmlCache Behavior [ RunTime:-0.046878s ]
INFO: Run ShowRuntime Behavior [ RunTime:-0.046878s ]
INFO: [ view_filter ] --END-- [ RunTime:0.000000s ]
INFO: [ view_end ] --START--
INFO: Run ShowPageTrace Behavior [ RunTime:-0.046878s ]
INFO: [ view_end ] --END-- [ RunTime:0.000000s ]

[ 2015-05-04T17:39:18+08:00 ] 223.68.162.157 /index.php?g=System&m=Site&a=platform&pid=6&level=3
INFO: [ app_begin ] --START--
INFO: Run ReadHtmlCache Behavior [ RunTime:0.000000s ]
INFO: [ app_begin ] --END-- [ RunTime:0.000000s ]
NOTIC: [2048] Declaration of SiteAction::insert() should be compatible with that of BaseAction::insert() C:\WWW\ruanlingtong\PigCms\Lib\Action\System\SiteAction.class.php 第 2 行.
SQL: SHOW COLUMNS FROM `tp_agent` [ RunTime:0.000000s ]
SQL: SELECT * FROM `tp_agent` WHERE ( `siteurl` = 'http://www.softphs.com' ) LIMIT 1   [ RunTime:0.000000s ]
NOTIC: [8] Constant STATICS already defined C:\WWW\ruanlingtong\PigCms\Lib\Action\BaseAction.class.php 第 118 行.
SQL: SHOW COLUMNS FROM `tp_node` [ RunTime:0.000000s ]
SQL: SELECT * FROM `tp_node` WHERE ( `level` = 3 ) AND ( `pid` = 6 ) AND ( `status` = 1 ) AND ( `display` > 0 ) ORDER BY `sort` asc  [ RunTime:0.000000s ]
INFO: [ view_template ] --START--
INFO: Run LocationTemplate Behavior [ RunTime:-0.031251s ]
INFO: [ view_template ] --END-- [ RunTime:0.000000s ]
INFO: [ view_parse ] --START--
INFO: Run ParseTemplate Behavior [ RunTime:-0.031251s ]
INFO: [ view_parse ] --END-- [ RunTime:0.015626s ]
INFO: [ view_filter ] --START--
INFO: Run ContentReplace Behavior [ RunTime:-0.046877s ]
INFO: Run TokenBuild Behavior [ RunTime:-0.046877s ]
INFO: Run WriteHtmlCache Behavior [ RunTime:-0.046877s ]
INFO: Run ShowRuntime Behavior [ RunTime:-0.046877s ]
INFO: [ view_filter ] --END-- [ RunTime:0.000000s ]
INFO: [ view_end ] --START--
INFO: Run ShowPageTrace Behavior [ RunTime:-0.046877s ]
INFO: [ view_end ] --END-- [ RunTime:0.000000s ]

[ 2015-05-04T17:39:23+08:00 ] 223.68.162.157 /index.php?g=System&m=Site&a=alipay&pid=6&level=3
INFO: [ app_begin ] --START--
INFO: Run ReadHtmlCache Behavior [ RunTime:0.000000s ]
INFO: [ app_begin ] --END-- [ RunTime:0.000000s ]
NOTIC: [2048] Declaration of SiteAction::insert() should be compatible with that of BaseAction::insert() C:\WWW\ruanlingtong\PigCms\Lib\Action\System\SiteAction.class.php 第 2 行.
SQL: SHOW COLUMNS FROM `tp_agent` [ RunTime:0.000000s ]
SQL: SELECT * FROM `tp_agent` WHERE ( `siteurl` = 'http://www.softphs.com' ) LIMIT 1   [ RunTime:0.000000s ]
NOTIC: [8] Constant STATICS already defined C:\WWW\ruanlingtong\PigCms\Lib\Action\BaseAction.class.php 第 118 行.
SQL: SHOW COLUMNS FROM `tp_node` [ RunTime:0.000000s ]
SQL: SELECT * FROM `tp_node` WHERE ( `level` = 3 ) AND ( `pid` = 6 ) AND ( `status` = 1 ) AND ( `display` > 0 ) ORDER BY `sort` asc  [ RunTime:0.000000s ]
INFO: [ view_template ] --START--
INFO: Run LocationTemplate Behavior [ RunTime:-0.015626s ]
INFO: [ view_template ] --END-- [ RunTime:0.000000s ]
INFO: [ view_parse ] --START--
INFO: Run ParseTemplate Behavior [ RunTime:-0.015626s ]
INFO: [ view_parse ] --END-- [ RunTime:0.000000s ]
INFO: [ view_filter ] --START--
INFO: Run ContentReplace Behavior [ RunTime:-0.015626s ]
INFO: Run TokenBuild Behavior [ RunTime:-0.015626s ]
INFO: Run WriteHtmlCache Behavior [ RunTime:-0.015626s ]
INFO: Run ShowRuntime Behavior [ RunTime:-0.015626s ]
INFO: [ view_filter ] --END-- [ RunTime:0.000000s ]
INFO: [ view_end ] --START--
INFO: Run ShowPageTrace Behavior [ RunTime:-0.015626s ]
INFO: [ view_end ] --END-- [ RunTime:0.000000s ]

[ 2015-05-04T17:39:31+08:00 ] 223.68.162.172 /index.php?g=System&m=Site&a=platform&pid=6&level=3
INFO: [ app_begin ] --START--
INFO: Run ReadHtmlCache Behavior [ RunTime:0.000000s ]
INFO: [ app_begin ] --END-- [ RunTime:0.000000s ]
NOTIC: [2048] Declaration of SiteAction::insert() should be compatible with that of BaseAction::insert() C:\WWW\ruanlingtong\PigCms\Lib\Action\System\SiteAction.class.php 第 2 行.
SQL: SHOW COLUMNS FROM `tp_agent` [ RunTime:0.000000s ]
SQL: SELECT * FROM `tp_agent` WHERE ( `siteurl` = 'http://www.softphs.com' ) LIMIT 1   [ RunTime:0.000000s ]
NOTIC: [8] Constant STATICS already defined C:\WWW\ruanlingtong\PigCms\Lib\Action\BaseAction.class.php 第 118 行.
SQL: SHOW COLUMNS FROM `tp_node` [ RunTime:0.000000s ]
SQL: SELECT * FROM `tp_node` WHERE ( `level` = 3 ) AND ( `pid` = 6 ) AND ( `status` = 1 ) AND ( `display` > 0 ) ORDER BY `sort` asc  [ RunTime:0.000000s ]
INFO: [ view_template ] --START--
INFO: Run LocationTemplate Behavior [ RunTime:-0.031251s ]
INFO: [ view_template ] --END-- [ RunTime:0.000000s ]
INFO: [ view_parse ] --START--
INFO: Run ParseTemplate Behavior [ RunTime:-0.031251s ]
INFO: [ view_parse ] --END-- [ RunTime:0.000000s ]
INFO: [ view_filter ] --START--
INFO: Run ContentReplace Behavior [ RunTime:-0.031251s ]
INFO: Run TokenBuild Behavior [ RunTime:-0.046877s ]
INFO: Run WriteHtmlCache Behavior [ RunTime:-0.046877s ]
INFO: Run ShowRuntime Behavior [ RunTime:-0.046877s ]
INFO: [ view_filter ] --END-- [ RunTime:0.015626s ]
INFO: [ view_end ] --START--
INFO: Run ShowPageTrace Behavior [ RunTime:-0.046877s ]
INFO: [ view_end ] --END-- [ RunTime:0.000000s ]

[ 2015-05-04T18:20:15+08:00 ] 180.153.81.167 /
SQL: SHOW COLUMNS FROM `tp_agent` [ RunTime:0.000000s ]
SQL: SELECT * FROM `tp_agent` WHERE ( `siteurl` = 'http://www.softphs.com' ) LIMIT 1   [ RunTime:0.000000s ]
INFO: [ app_begin ] --START--
INFO: Run ReadHtmlCache Behavior [ RunTime:0.000000s ]
INFO: [ app_begin ] --END-- [ RunTime:0.000000s ]
SQL: SHOW COLUMNS FROM `tp_agent` [ RunTime:0.000000s ]
SQL: SELECT * FROM `tp_agent` WHERE ( `siteurl` = 'http://www.softphs.com' ) LIMIT 1   [ RunTime:0.000000s ]
NOTIC: [8] Undefined index: www.softphs.comnomsite C:\WWW\ruanlingtong\PigCms\Lib\Action\BaseAction.class.php 第 38 行.
SQL: SHOW COLUMNS FROM `tp_mobilesite` [ RunTime:0.000000s ]
NOTIC: [8] Undefined index: www.softphs.com C:\WWW\ruanlingtong\PigCms\Lib\Action\BaseAction.class.php 第 340 行.
SQL: SELECT * FROM `tp_mobilesite` WHERE ( `owndomain` = 'www.softphs.com' ) LIMIT 1   [ RunTime:0.000000s ]
SQL: SELECT * FROM `tp_agent` WHERE ( `siteurl` = 'http://www.softphs.com' ) LIMIT 1   [ RunTime:0.000000s ]
NOTIC: [8] Constant STATICS already defined C:\WWW\ruanlingtong\PigCms\Lib\Action\BaseAction.class.php 第 118 行.
SQL: SHOW COLUMNS FROM `tp_images` [ RunTime:0.000000s ]
SQL: SELECT * FROM `tp_images` LIMIT 1   [ RunTime:0.000000s ]
SQL: SHOW COLUMNS FROM `tp_links` [ RunTime:0.000000s ]
SQL: SELECT * FROM `tp_links` WHERE ( `status` = 1 ) AND ( `agentid` = 0 )  [ RunTime:0.000000s ]
SQL: SHOW COLUMNS FROM `tp_renew` [ RunTime:0.000000s ]
SQL: SHOW COLUMNS FROM `tp_banners` [ RunTime:0.000000s ]
SQL: SHOW COLUMNS FROM `tp_case` [ RunTime:0.015626s ]
SQL: SELECT * FROM `tp_renew` WHERE ( `status` = 1 ) AND ( `agentid` = 0 ) ORDER BY id DESC LIMIT 5   [ RunTime:0.000000s ]
SQL: SELECT * FROM `tp_banners` WHERE ( `status` = 1 ) AND ( `agentid` = 0 ) ORDER BY id DESC  [ RunTime:0.000000s ]
SQL: SELECT * FROM `tp_case` WHERE ( `status` = 1 ) AND ( `agentid` = 0 ) ORDER BY id DESC LIMIT 10   [ RunTime:0.000000s ]
SQL: SHOW COLUMNS FROM `tp_news` [ RunTime:0.000000s ]
SQL: SELECT * FROM `tp_news` LIMIT 1   [ RunTime:0.000000s ]
SQL: SHOW COLUMNS FROM `tp_img` [ RunTime:0.000000s ]
SQL: SELECT * FROM `tp_img` WHERE ( `classid` = 0 ) ORDER BY id DESC LIMIT 5   [ RunTime:0.000000s ]
SQL: SELECT * FROM `tp_img` WHERE ( `classid` = 0 ) ORDER BY id DESC LIMIT 5   [ RunTime:0.000000s ]
SQL: SELECT * FROM `tp_img` WHERE ( `classid` = 0 ) ORDER BY id DESC LIMIT 5   [ RunTime:0.000000s ]
INFO: [ view_template ] --START--
INFO: Run LocationTemplate Behavior [ RunTime:-0.031251s ]
INFO: [ view_template ] --END-- [ RunTime:0.000000s ]
INFO: [ view_parse ] --START--
NOTIC: [8] Use of undefined constant uid - assumed 'uid' C:\WWW\ruanlingtong\Conf\logs\Cache\Home\e8edd32bcbb2d7ab2f0f8d14c550c52b.php 第 94 行.
NOTIC: [8] Undefined index: uid C:\WWW\ruanlingtong\Conf\logs\Cache\Home\e8edd32bcbb2d7ab2f0f8d14c550c52b.php 第 94 行.
INFO: Run ParseTemplate Behavior [ RunTime:-0.031251s ]
INFO: [ view_parse ] --END-- [ RunTime:0.031251s ]
INFO: [ view_filter ] --START--
INFO: Run ContentReplace Behavior [ RunTime:-0.062502s ]
INFO: Run TokenBuild Behavior [ RunTime:-0.062502s ]
INFO: Run WriteHtmlCache Behavior [ RunTime:-0.062502s ]
INFO: Run ShowRuntime Behavior [ RunTime:-0.062502s ]
INFO: [ view_filter ] --END-- [ RunTime:0.000000s ]
INFO: [ view_end ] --START--
INFO: Run ShowPageTrace Behavior [ RunTime:-0.062502s ]
INFO: [ view_end ] --END-- [ RunTime:0.000000s ]

[ 2015-05-04T18:22:01+08:00 ] 183.60.52.11 /index.php?g%3DHome%26m%3DIndex%26a%3Dprice
SQL: SHOW COLUMNS FROM `tp_agent` [ RunTime:0.000000s ]
SQL: SELECT * FROM `tp_agent` WHERE ( `siteurl` = 'http://www.softphs.com' ) LIMIT 1   [ RunTime:0.000000s ]
INFO: [ app_begin ] --START--
INFO: Run ReadHtmlCache Behavior [ RunTime:0.000000s ]
INFO: [ app_begin ] --END-- [ RunTime:0.000000s ]
SQL: SHOW COLUMNS FROM `tp_agent` [ RunTime:0.000000s ]
SQL: SELECT * FROM `tp_agent` WHERE ( `siteurl` = 'http://www.softphs.com' ) LIMIT 1   [ RunTime:0.000000s ]
NOTIC: [8] Undefined index: www.softphs.comnomsite C:\WWW\ruanlingtong\PigCms\Lib\Action\BaseAction.class.php 第 38 行.
SQL: SHOW COLUMNS FROM `tp_mobilesite` [ RunTime:0.000000s ]
NOTIC: [8] Undefined index: www.softphs.com C:\WWW\ruanlingtong\PigCms\Lib\Action\BaseAction.class.php 第 340 行.
SQL: SELECT * FROM `tp_mobilesite` WHERE ( `owndomain` = 'www.softphs.com' ) LIMIT 1   [ RunTime:0.000000s ]
SQL: SELECT * FROM `tp_agent` WHERE ( `siteurl` = 'http://www.softphs.com' ) LIMIT 1   [ RunTime:0.000000s ]
NOTIC: [8] Constant STATICS already defined C:\WWW\ruanlingtong\PigCms\Lib\Action\BaseAction.class.php 第 118 行.
SQL: SHOW COLUMNS FROM `tp_images` [ RunTime:0.000000s ]
SQL: SELECT * FROM `tp_images` LIMIT 1   [ RunTime:0.000000s ]
SQL: SHOW COLUMNS FROM `tp_links` [ RunTime:0.000000s ]
SQL: SELECT * FROM `tp_links` WHERE ( `status` = 1 ) AND ( `agentid` = 0 )  [ RunTime:0.000000s ]
SQL: SHOW COLUMNS FROM `tp_renew` [ RunTime:0.000000s ]
SQL: SHOW COLUMNS FROM `tp_banners` [ RunTime:0.015626s ]
SQL: SHOW COLUMNS FROM `tp_case` [ RunTime:0.000000s ]
SQL: SELECT * FROM `tp_renew` WHERE ( `status` = 1 ) AND ( `agentid` = 0 ) ORDER BY id DESC LIMIT 5   [ RunTime:0.000000s ]
SQL: SELECT * FROM `tp_banners` WHERE ( `status` = 1 ) AND ( `agentid` = 0 ) ORDER BY id DESC  [ RunTime:0.000000s ]
SQL: SELECT * FROM `tp_case` WHERE ( `status` = 1 ) AND ( `agentid` = 0 ) ORDER BY id DESC LIMIT 10   [ RunTime:0.000000s ]
SQL: SHOW COLUMNS FROM `tp_news` [ RunTime:0.000000s ]
SQL: SELECT * FROM `tp_news` LIMIT 1   [ RunTime:0.000000s ]
SQL: SHOW COLUMNS FROM `tp_img` [ RunTime:0.000000s ]
SQL: SELECT * FROM `tp_img` WHERE ( `classid` = 0 ) ORDER BY id DESC LIMIT 5   [ RunTime:0.000000s ]
SQL: SELECT * FROM `tp_img` WHERE ( `classid` = 0 ) ORDER BY id DESC LIMIT 5   [ RunTime:0.000000s ]
SQL: SELECT * FROM `tp_img` WHERE ( `classid` = 0 ) ORDER BY id DESC LIMIT 5   [ RunTime:0.000000s ]
INFO: [ view_template ] --START--
INFO: Run LocationTemplate Behavior [ RunTime:-0.031251s ]
INFO: [ view_template ] --END-- [ RunTime:0.000000s ]
INFO: [ view_parse ] --START--
NOTIC: [8] Use of undefined constant uid - assumed 'uid' C:\WWW\ruanlingtong\Conf\logs\Cache\Home\e8edd32bcbb2d7ab2f0f8d14c550c52b.php 第 94 行.
NOTIC: [8] Undefined index: uid C:\WWW\ruanlingtong\Conf\logs\Cache\Home\e8edd32bcbb2d7ab2f0f8d14c550c52b.php 第 94 行.
INFO: Run ParseTemplate Behavior [ RunTime:-0.031251s ]
INFO: [ view_parse ] --END-- [ RunTime:0.031251s ]
INFO: [ view_filter ] --START--
INFO: Run ContentReplace Behavior [ RunTime:-0.062502s ]
INFO: Run TokenBuild Behavior [ RunTime:-0.062502s ]
INFO: Run WriteHtmlCache Behavior [ RunTime:-0.062502s ]
INFO: Run ShowRuntime Behavior [ RunTime:-0.062502s ]
INFO: [ view_filter ] --END-- [ RunTime:0.000000s ]
INFO: [ view_end ] --START--
INFO: Run ShowPageTrace Behavior [ RunTime:-0.062502s ]
INFO: [ view_end ] --END-- [ RunTime:0.000000s ]

[ 2015-05-04T18:42:40+08:00 ] 223.68.162.146 /
SQL: SHOW COLUMNS FROM `tp_agent` [ RunTime:0.000000s ]
SQL: SELECT * FROM `tp_agent` WHERE ( `siteurl` = 'http://www.softphs.com' ) LIMIT 1   [ RunTime:0.000000s ]
INFO: [ app_begin ] --START--
INFO: Run ReadHtmlCache Behavior [ RunTime:0.000000s ]
INFO: [ app_begin ] --END-- [ RunTime:0.000000s ]
SQL: SHOW COLUMNS FROM `tp_agent` [ RunTime:0.000000s ]
SQL: SELECT * FROM `tp_agent` WHERE ( `siteurl` = 'http://www.softphs.com' ) LIMIT 1   [ RunTime:0.000000s ]
SQL: SELECT * FROM `tp_agent` WHERE ( `siteurl` = 'http://www.softphs.com' ) LIMIT 1   [ RunTime:0.000000s ]
NOTIC: [8] Constant STATICS already defined C:\WWW\ruanlingtong\PigCms\Lib\Action\BaseAction.class.php 第 118 行.
SQL: SHOW COLUMNS FROM `tp_images` [ RunTime:0.000000s ]
SQL: SELECT * FROM `tp_images` LIMIT 1   [ RunTime:0.000000s ]
SQL: SHOW COLUMNS FROM `tp_links` [ RunTime:0.000000s ]
SQL: SELECT * FROM `tp_links` WHERE ( `status` = 1 ) AND ( `agentid` = 0 )  [ RunTime:0.000000s ]
SQL: SHOW COLUMNS FROM `tp_renew` [ RunTime:0.000000s ]
SQL: SHOW COLUMNS FROM `tp_banners` [ RunTime:0.000000s ]
SQL: SHOW COLUMNS FROM `tp_case` [ RunTime:0.000000s ]
SQL: SELECT * FROM `tp_renew` WHERE ( `status` = 1 ) AND ( `agentid` = 0 ) ORDER BY id DESC LIMIT 5   [ RunTime:0.000000s ]
SQL: SELECT * FROM `tp_banners` WHERE ( `status` = 1 ) AND ( `agentid` = 0 ) ORDER BY id DESC  [ RunTime:0.000000s ]
SQL: SELECT * FROM `tp_case` WHERE ( `status` = 1 ) AND ( `agentid` = 0 ) ORDER BY id DESC LIMIT 10   [ RunTime:0.000000s ]
SQL: SHOW COLUMNS FROM `tp_news` [ RunTime:0.000000s ]
SQL: SELECT * FROM `tp_news` LIMIT 1   [ RunTime:0.015625s ]
SQL: SHOW COLUMNS FROM `tp_img` [ RunTime:0.000000s ]
SQL: SELECT * FROM `tp_img` WHERE ( `classid` = 0 ) ORDER BY id DESC LIMIT 5   [ RunTime:0.000000s ]
SQL: SELECT * FROM `tp_img` WHERE ( `classid` = 0 ) ORDER BY id DESC LIMIT 5   [ RunTime:0.000000s ]
SQL: SELECT * FROM `tp_img` WHERE ( `classid` = 0 ) ORDER BY id DESC LIMIT 5   [ RunTime:0.000000s ]
INFO: [ view_template ] --START--
INFO: Run LocationTemplate Behavior [ RunTime:-0.031251s ]
INFO: [ view_template ] --END-- [ RunTime:0.000000s ]
INFO: [ view_parse ] --START--
NOTIC: [8] Use of undefined constant uid - assumed 'uid' C:\WWW\ruanlingtong\Conf\logs\Cache\Home\e8edd32bcbb2d7ab2f0f8d14c550c52b.php 第 94 行.
NOTIC: [8] Undefined index: uid C:\WWW\ruanlingtong\Conf\logs\Cache\Home\e8edd32bcbb2d7ab2f0f8d14c550c52b.php 第 94 行.
INFO: Run ParseTemplate Behavior [ RunTime:-0.031251s ]
INFO: [ view_parse ] --END-- [ RunTime:0.031251s ]
INFO: [ view_filter ] --START--
INFO: Run ContentReplace Behavior [ RunTime:-0.062502s ]
INFO: Run TokenBuild Behavior [ RunTime:-0.062502s ]
INFO: Run WriteHtmlCache Behavior [ RunTime:-0.062502s ]
INFO: Run ShowRuntime Behavior [ RunTime:-0.062502s ]
INFO: [ view_filter ] --END-- [ RunTime:0.000000s ]
INFO: [ view_end ] --START--
INFO: Run ShowPageTrace Behavior [ RunTime:-0.062502s ]
INFO: [ view_end ] --END-- [ RunTime:0.000000s ]

[ 2015-05-04T18:43:12+08:00 ] 220.181.141.70 /
SQL: SHOW COLUMNS FROM `tp_agent` [ RunTime:0.000000s ]
SQL: SELECT * FROM `tp_agent` WHERE ( `siteurl` = 'http://www.softphs.com' ) LIMIT 1   [ RunTime:0.000000s ]
INFO: [ app_begin ] --START--
INFO: Run ReadHtmlCache Behavior [ RunTime:0.000000s ]
INFO: [ app_begin ] --END-- [ RunTime:0.000000s ]
SQL: SHOW COLUMNS FROM `tp_agent` [ RunTime:0.000000s ]
SQL: SELECT * FROM `tp_agent` WHERE ( `siteurl` = 'http://www.softphs.com' ) LIMIT 1   [ RunTime:0.000000s ]
NOTIC: [8] Undefined index: www.softphs.comnomsite C:\WWW\ruanlingtong\PigCms\Lib\Action\BaseAction.class.php 第 38 行.
SQL: SHOW COLUMNS FROM `tp_mobilesite` [ RunTime:0.015626s ]
NOTIC: [8] Undefined index: www.softphs.com C:\WWW\ruanlingtong\PigCms\Lib\Action\BaseAction.class.php 第 340 行.
SQL: SELECT * FROM `tp_mobilesite` WHERE ( `owndomain` = 'www.softphs.com' ) LIMIT 1   [ RunTime:0.000000s ]
SQL: SELECT * FROM `tp_agent` WHERE ( `siteurl` = 'http://www.softphs.com' ) LIMIT 1   [ RunTime:0.000000s ]
NOTIC: [8] Constant STATICS already defined C:\WWW\ruanlingtong\PigCms\Lib\Action\BaseAction.class.php 第 118 行.
SQL: SHOW COLUMNS FROM `tp_images` [ RunTime:0.000000s ]
SQL: SELECT * FROM `tp_images` LIMIT 1   [ RunTime:0.000000s ]
SQL: SHOW COLUMNS FROM `tp_links` [ RunTime:0.000000s ]
SQL: SELECT * FROM `tp_links` WHERE ( `status` = 1 ) AND ( `agentid` = 0 )  [ RunTime:0.000000s ]
SQL: SHOW COLUMNS FROM `tp_renew` [ RunTime:0.000000s ]
SQL: SHOW COLUMNS FROM `tp_banners` [ RunTime:0.000000s ]
SQL: SHOW COLUMNS FROM `tp_case` [ RunTime:0.000000s ]
SQL: SELECT * FROM `tp_renew` WHERE ( `status` = 1 ) AND ( `agentid` = 0 ) ORDER BY id DESC LIMIT 5   [ RunTime:0.000000s ]
SQL: SELECT * FROM `tp_banners` WHERE ( `status` = 1 ) AND ( `agentid` = 0 ) ORDER BY id DESC  [ RunTime:0.000000s ]
SQL: SELECT * FROM `tp_case` WHERE ( `status` = 1 ) AND ( `agentid` = 0 ) ORDER BY id DESC LIMIT 10   [ RunTime:0.000000s ]
SQL: SHOW COLUMNS FROM `tp_news` [ RunTime:0.000000s ]
SQL: SELECT * FROM `tp_news` LIMIT 1   [ RunTime:0.000000s ]
SQL: SHOW COLUMNS FROM `tp_img` [ RunTime:0.000000s ]
SQL: SELECT * FROM `tp_img` WHERE ( `classid` = 0 ) ORDER BY id DESC LIMIT 5   [ RunTime:0.000000s ]
SQL: SELECT * FROM `tp_img` WHERE ( `classid` = 0 ) ORDER BY id DESC LIMIT 5   [ RunTime:0.000000s ]
SQL: SELECT * FROM `tp_img` WHERE ( `classid` = 0 ) ORDER BY id DESC LIMIT 5   [ RunTime:0.000000s ]
INFO: [ view_template ] --START--
INFO: Run LocationTemplate Behavior [ RunTime:-0.015626s ]
INFO: [ view_template ] --END-- [ RunTime:0.000000s ]
INFO: [ view_parse ] --START--
NOTIC: [8] Use of undefined constant uid - assumed 'uid' C:\WWW\ruanlingtong\Conf\logs\Cache\Home\e8edd32bcbb2d7ab2f0f8d14c550c52b.php 第 94 行.
NOTIC: [8] Undefined index: uid C:\WWW\ruanlingtong\Conf\logs\Cache\Home\e8edd32bcbb2d7ab2f0f8d14c550c52b.php 第 94 行.
INFO: Run ParseTemplate Behavior [ RunTime:-0.015626s ]
INFO: [ view_parse ] --END-- [ RunTime:0.031251s ]
INFO: [ view_filter ] --START--
INFO: Run ContentReplace Behavior [ RunTime:-0.046877s ]
INFO: Run TokenBuild Behavior [ RunTime:-0.046877s ]
INFO: Run WriteHtmlCache Behavior [ RunTime:-0.046877s ]
INFO: Run ShowRuntime Behavior [ RunTime:-0.046877s ]
INFO: [ view_filter ] --END-- [ RunTime:0.000000s ]
INFO: [ view_end ] --START--
INFO: Run ShowPageTrace Behavior [ RunTime:-0.046877s ]
INFO: [ view_end ] --END-- [ RunTime:0.000000s ]

[ 2015-05-04T18:44:16+08:00 ] 0.0.0.0 /
SQL: SHOW COLUMNS FROM `tp_agent` [ RunTime:0.000000s ]
SQL: SELECT * FROM `tp_agent` WHERE ( `siteurl` = 'http://www.softphs.com' ) LIMIT 1   [ RunTime:0.000000s ]
INFO: [ app_begin ] --START--
INFO: Run ReadHtmlCache Behavior [ RunTime:0.000000s ]
INFO: [ app_begin ] --END-- [ RunTime:0.000000s ]
SQL: SHOW COLUMNS FROM `tp_agent` [ RunTime:0.000000s ]
SQL: SELECT * FROM `tp_agent` WHERE ( `siteurl` = 'http://www.softphs.com' ) LIMIT 1   [ RunTime:0.000000s ]
NOTIC: [8] Undefined index: www.softphs.comnomsite C:\WWW\ruanlingtong\PigCms\Lib\Action\BaseAction.class.php 第 38 行.
SQL: SHOW COLUMNS FROM `tp_mobilesite` [ RunTime:0.000000s ]
NOTIC: [8] Undefined index: www.softphs.com C:\WWW\ruanlingtong\PigCms\Lib\Action\BaseAction.class.php 第 340 行.
SQL: SELECT * FROM `tp_mobilesite` WHERE ( `owndomain` = 'www.softphs.com' ) LIMIT 1   [ RunTime:0.000000s ]
SQL: SELECT * FROM `tp_agent` WHERE ( `siteurl` = 'http://www.softphs.com' ) LIMIT 1   [ RunTime:0.000000s ]
NOTIC: [8] Constant STATICS already defined C:\WWW\ruanlingtong\PigCms\Lib\Action\BaseAction.class.php 第 118 行.
SQL: SHOW COLUMNS FROM `tp_images` [ RunTime:0.000000s ]
SQL: SELECT * FROM `tp_images` LIMIT 1   [ RunTime:0.000000s ]
SQL: SHOW COLUMNS FROM `tp_links` [ RunTime:0.000000s ]
SQL: SELECT * FROM `tp_links` WHERE ( `status` = 1 ) AND ( `agentid` = 0 )  [ RunTime:0.000000s ]
SQL: SHOW COLUMNS FROM `tp_renew` [ RunTime:0.000000s ]
SQL: SHOW COLUMNS FROM `tp_banners` [ RunTime:0.000000s ]
SQL: SHOW COLUMNS FROM `tp_case` [ RunTime:0.015625s ]
SQL: SELECT * FROM `tp_renew` WHERE ( `status` = 1 ) AND ( `agentid` = 0 ) ORDER BY id DESC LIMIT 5   [ RunTime:0.000000s ]
SQL: SELECT * FROM `tp_banners` WHERE ( `status` = 1 ) AND ( `agentid` = 0 ) ORDER BY id DESC  [ RunTime:0.000000s ]
SQL: SELECT * FROM `tp_case` WHERE ( `status` = 1 ) AND ( `agentid` = 0 ) ORDER BY id DESC LIMIT 10   [ RunTime:0.000000s ]
SQL: SHOW COLUMNS FROM `tp_news` [ RunTime:0.000000s ]
SQL: SELECT * FROM `tp_news` LIMIT 1   [ RunTime:0.000000s ]
SQL: SHOW COLUMNS FROM `tp_img` [ RunTime:0.000000s ]
SQL: SELECT * FROM `tp_img` WHERE ( `classid` = 0 ) ORDER BY id DESC LIMIT 5   [ RunTime:0.000000s ]
SQL: SELECT * FROM `tp_img` WHERE ( `classid` = 0 ) ORDER BY id DESC LIMIT 5   [ RunTime:0.000000s ]
SQL: SELECT * FROM `tp_img` WHERE ( `classid` = 0 ) ORDER BY id DESC LIMIT 5   [ RunTime:0.000000s ]
INFO: [ view_template ] --START--
INFO: Run LocationTemplate Behavior [ RunTime:-0.015625s ]
INFO: [ view_template ] --END-- [ RunTime:0.000000s ]
INFO: [ view_parse ] --START--
NOTIC: [8] Use of undefined constant uid - assumed 'uid' C:\WWW\ruanlingtong\Conf\logs\Cache\Home\e8edd32bcbb2d7ab2f0f8d14c550c52b.php 第 94 行.
NOTIC: [8] Undefined index: uid C:\WWW\ruanlingtong\Conf\logs\Cache\Home\e8edd32bcbb2d7ab2f0f8d14c550c52b.php 第 94 行.
INFO: Run ParseTemplate Behavior [ RunTime:-0.015625s ]
INFO: [ view_parse ] --END-- [ RunTime:0.015626s ]
INFO: [ view_filter ] --START--
INFO: Run ContentReplace Behavior [ RunTime:-0.031251s ]
INFO: Run TokenBuild Behavior [ RunTime:-0.046876s ]
INFO: Run WriteHtmlCache Behavior [ RunTime:-0.046876s ]
INFO: Run ShowRuntime Behavior [ RunTime:-0.046876s ]
INFO: [ view_filter ] --END-- [ RunTime:0.015625s ]
INFO: [ view_end ] --START--
INFO: Run ShowPageTrace Behavior [ RunTime:-0.046876s ]
INFO: [ view_end ] --END-- [ RunTime:0.000000s ]
NOTIC: [8] Undefined offset: 0 C:\WWW\ruanlingtong\Common\functions.php 第 671 行.

[ 2015-05-04T20:01:30+08:00 ] 123.125.71.70 /
SQL: SHOW COLUMNS FROM `tp_agent` [ RunTime:0.000000s ]
SQL: SELECT * FROM `tp_agent` WHERE ( `siteurl` = 'http://test.v918.cn' ) LIMIT 1   [ RunTime:0.000000s ]
INFO: [ app_begin ] --START--
INFO: Run ReadHtmlCache Behavior [ RunTime:0.000000s ]
INFO: [ app_begin ] --END-- [ RunTime:0.000000s ]
SQL: SHOW COLUMNS FROM `tp_agent` [ RunTime:0.000000s ]
SQL: SELECT * FROM `tp_agent` WHERE ( `siteurl` = 'http://test.v918.cn' ) LIMIT 1   [ RunTime:0.000000s ]
NOTIC: [8] Undefined index: test.v918.cnnomsite C:\WWW\ruanlingtong\PigCms\Lib\Action\BaseAction.class.php 第 38 行.
SQL: SHOW COLUMNS FROM `tp_mobilesite` [ RunTime:0.015625s ]
NOTIC: [8] Undefined index: test.v918.cn C:\WWW\ruanlingtong\PigCms\Lib\Action\BaseAction.class.php 第 340 行.
SQL: SELECT * FROM `tp_mobilesite` WHERE ( `owndomain` = 'test.v918.cn' ) LIMIT 1   [ RunTime:0.000000s ]
SQL: SELECT * FROM `tp_agent` WHERE ( `siteurl` = 'http://test.v918.cn' ) LIMIT 1   [ RunTime:0.000000s ]
NOTIC: [8] Constant STATICS already defined C:\WWW\ruanlingtong\PigCms\Lib\Action\BaseAction.class.php 第 118 行.
SQL: SHOW COLUMNS FROM `tp_images` [ RunTime:0.000000s ]
SQL: SELECT * FROM `tp_images` LIMIT 1   [ RunTime:0.000000s ]
SQL: SHOW COLUMNS FROM `tp_links` [ RunTime:0.000000s ]
SQL: SELECT * FROM `tp_links` WHERE ( `status` = 1 ) AND ( `agentid` = 0 )  [ RunTime:0.000000s ]
SQL: SHOW COLUMNS FROM `tp_renew` [ RunTime:0.000000s ]
SQL: SHOW COLUMNS FROM `tp_banners` [ RunTime:0.000000s ]
SQL: SHOW COLUMNS FROM `tp_case` [ RunTime:0.000000s ]
SQL: SELECT * FROM `tp_renew` WHERE ( `status` = 1 ) AND ( `agentid` = 0 ) ORDER BY id DESC LIMIT 5   [ RunTime:0.000000s ]
SQL: SELECT * FROM `tp_banners` WHERE ( `status` = 1 ) AND ( `agentid` = 0 ) ORDER BY id DESC  [ RunTime:0.000000s ]
SQL: SELECT * FROM `tp_case` WHERE ( `status` = 1 ) AND ( `agentid` = 0 ) ORDER BY id DESC LIMIT 10   [ RunTime:0.000000s ]
SQL: SHOW COLUMNS FROM `tp_news` [ RunTime:0.000000s ]
SQL: SELECT * FROM `tp_news` LIMIT 1   [ RunTime:0.000000s ]
SQL: SHOW COLUMNS FROM `tp_img` [ RunTime:0.000000s ]
SQL: SELECT * FROM `tp_img` WHERE ( `classid` = 0 ) ORDER BY id DESC LIMIT 5   [ RunTime:0.000000s ]
SQL: SELECT * FROM `tp_img` WHERE ( `classid` = 0 ) ORDER BY id DESC LIMIT 5   [ RunTime:0.000000s ]
SQL: SELECT * FROM `tp_img` WHERE ( `classid` = 0 ) ORDER BY id DESC LIMIT 5   [ RunTime:0.000000s ]
INFO: [ view_template ] --START--
INFO: Run LocationTemplate Behavior [ RunTime:-0.015625s ]
INFO: [ view_template ] --END-- [ RunTime:0.000000s ]
INFO: [ view_parse ] --START--
NOTIC: [8] Use of undefined constant uid - assumed 'uid' C:\WWW\ruanlingtong\Conf\logs\Cache\Home\e8edd32bcbb2d7ab2f0f8d14c550c52b.php 第 94 行.
NOTIC: [8] Undefined index: uid C:\WWW\ruanlingtong\Conf\logs\Cache\Home\e8edd32bcbb2d7ab2f0f8d14c550c52b.php 第 94 行.
INFO: Run ParseTemplate Behavior [ RunTime:-0.015625s ]
INFO: [ view_parse ] --END-- [ RunTime:0.031251s ]
INFO: [ view_filter ] --START--
INFO: Run ContentReplace Behavior [ RunTime:-0.046876s ]
INFO: Run TokenBuild Behavior [ RunTime:-0.062501s ]
INFO: Run WriteHtmlCache Behavior [ RunTime:-0.062501s ]
INFO: Run ShowRuntime Behavior [ RunTime:-0.062501s ]
INFO: [ view_filter ] --END-- [ RunTime:0.015625s ]
INFO: [ view_end ] --START--
INFO: Run ShowPageTrace Behavior [ RunTime:-0.062501s ]
INFO: [ view_end ] --END-- [ RunTime:0.000000s ]

[ 2015-05-04T20:02:34+08:00 ] 123.125.71.114 /
SQL: SHOW COLUMNS FROM `tp_agent` [ RunTime:0.000000s ]
SQL: SELECT * FROM `tp_agent` WHERE ( `siteurl` = 'http://test.v918.cn' ) LIMIT 1   [ RunTime:0.000000s ]
INFO: [ app_begin ] --START--
INFO: Run ReadHtmlCache Behavior [ RunTime:0.000000s ]
INFO: [ app_begin ] --END-- [ RunTime:0.000000s ]
SQL: SHOW COLUMNS FROM `tp_agent` [ RunTime:0.000000s ]
SQL: SELECT * FROM `tp_agent` WHERE ( `siteurl` = 'http://test.v918.cn' ) LIMIT 1   [ RunTime:0.000000s ]
SQL: SELECT * FROM `tp_agent` WHERE ( `siteurl` = 'http://test.v918.cn' ) LIMIT 1   [ RunTime:0.000000s ]
NOTIC: [8] Constant STATICS already defined C:\WWW\ruanlingtong\PigCms\Lib\Action\BaseAction.class.php 第 118 行.
SQL: SHOW COLUMNS FROM `tp_images` [ RunTime:0.000000s ]
SQL: SELECT * FROM `tp_images` LIMIT 1   [ RunTime:0.000000s ]
SQL: SHOW COLUMNS FROM `tp_links` [ RunTime:0.000000s ]
SQL: SELECT * FROM `tp_links` WHERE ( `status` = 1 ) AND ( `agentid` = 0 )  [ RunTime:0.000000s ]
SQL: SHOW COLUMNS FROM `tp_renew` [ RunTime:0.000000s ]
SQL: SHOW COLUMNS FROM `tp_banners` [ RunTime:0.015625s ]
SQL: SHOW COLUMNS FROM `tp_case` [ RunTime:0.000000s ]
SQL: SELECT * FROM `tp_renew` WHERE ( `status` = 1 ) AND ( `agentid` = 0 ) ORDER BY id DESC LIMIT 5   [ RunTime:0.000000s ]
SQL: SELECT * FROM `tp_banners` WHERE ( `status` = 1 ) AND ( `agentid` = 0 ) ORDER BY id DESC  [ RunTime:0.000000s ]
SQL: SELECT * FROM `tp_case` WHERE ( `status` = 1 ) AND ( `agentid` = 0 ) ORDER BY id DESC LIMIT 10   [ RunTime:0.000000s ]
SQL: SHOW COLUMNS FROM `tp_news` [ RunTime:0.000000s ]
SQL: SELECT * FROM `tp_news` LIMIT 1   [ RunTime:0.000000s ]
SQL: SHOW COLUMNS FROM `tp_img` [ RunTime:0.000000s ]
SQL: SELECT * FROM `tp_img` WHERE ( `classid` = 0 ) ORDER BY id DESC LIMIT 5   [ RunTime:0.000000s ]
SQL: SELECT * FROM `tp_img` WHERE ( `classid` = 0 ) ORDER BY id DESC LIMIT 5   [ RunTime:0.000000s ]
SQL: SELECT * FROM `tp_img` WHERE ( `classid` = 0 ) ORDER BY id DESC LIMIT 5   [ RunTime:0.000000s ]
INFO: [ view_template ] --START--
INFO: Run LocationTemplate Behavior [ RunTime:-0.015625s ]
INFO: [ view_template ] --END-- [ RunTime:0.000000s ]
INFO: [ view_parse ] --START--
NOTIC: [8] Use of undefined constant uid - assumed 'uid' C:\WWW\ruanlingtong\Conf\logs\Cache\Home\e8edd32bcbb2d7ab2f0f8d14c550c52b.php 第 94 行.
NOTIC: [8] Undefined index: uid C:\WWW\ruanlingtong\Conf\logs\Cache\Home\e8edd32bcbb2d7ab2f0f8d14c550c52b.php 第 94 行.
INFO: Run ParseTemplate Behavior [ RunTime:-0.015625s ]
INFO: [ view_parse ] --END-- [ RunTime:0.015625s ]
INFO: [ view_filter ] --START--
INFO: Run ContentReplace Behavior [ RunTime:-0.031250s ]
INFO: Run TokenBuild Behavior [ RunTime:-0.031250s ]
INFO: Run WriteHtmlCache Behavior [ RunTime:-0.046875s ]
INFO: Run ShowRuntime Behavior [ RunTime:-0.046875s ]
INFO: [ view_filter ] --END-- [ RunTime:0.015625s ]
INFO: [ view_end ] --START--
INFO: Run ShowPageTrace Behavior [ RunTime:-0.046875s ]
INFO: [ view_end ] --END-- [ RunTime:0.000000s ]

[ 2015-05-04T20:08:39+08:00 ] 220.181.108.123 /
SQL: SHOW COLUMNS FROM `tp_agent` [ RunTime:0.000000s ]
SQL: SELECT * FROM `tp_agent` WHERE ( `siteurl` = 'http://test.v918.cn' ) LIMIT 1   [ RunTime:0.000000s ]
INFO: [ app_begin ] --START--
INFO: Run ReadHtmlCache Behavior [ RunTime:0.000000s ]
INFO: [ app_begin ] --END-- [ RunTime:0.000000s ]
SQL: SHOW COLUMNS FROM `tp_agent` [ RunTime:0.000000s ]
SQL: SELECT * FROM `tp_agent` WHERE ( `siteurl` = 'http://test.v918.cn' ) LIMIT 1   [ RunTime:0.000000s ]
NOTIC: [8] Undefined index: test.v918.cnnomsite C:\WWW\ruanlingtong\PigCms\Lib\Action\BaseAction.class.php 第 38 行.
SQL: SHOW COLUMNS FROM `tp_mobilesite` [ RunTime:0.000000s ]
NOTIC: [8] Undefined index: test.v918.cn C:\WWW\ruanlingtong\PigCms\Lib\Action\BaseAction.class.php 第 340 行.
SQL: SELECT * FROM `tp_mobilesite` WHERE ( `owndomain` = 'test.v918.cn' ) LIMIT 1   [ RunTime:0.000000s ]
SQL: SELECT * FROM `tp_agent` WHERE ( `siteurl` = 'http://test.v918.cn' ) LIMIT 1   [ RunTime:0.015625s ]
NOTIC: [8] Constant STATICS already defined C:\WWW\ruanlingtong\PigCms\Lib\Action\BaseAction.class.php 第 118 行.
SQL: SHOW COLUMNS FROM `tp_images` [ RunTime:0.000000s ]
SQL: SELECT * FROM `tp_images` LIMIT 1   [ RunTime:0.000000s ]
SQL: SHOW COLUMNS FROM `tp_links` [ RunTime:0.000000s ]
SQL: SELECT * FROM `tp_links` WHERE ( `status` = 1 ) AND ( `agentid` = 0 )  [ RunTime:0.000000s ]
SQL: SHOW COLUMNS FROM `tp_renew` [ RunTime:0.000000s ]
SQL: SHOW COLUMNS FROM `tp_banners` [ RunTime:0.000000s ]
SQL: SHOW COLUMNS FROM `tp_case` [ RunTime:0.000000s ]
SQL: SELECT * FROM `tp_renew` WHERE ( `status` = 1 ) AND ( `agentid` = 0 ) ORDER BY id DESC LIMIT 5   [ RunTime:0.000000s ]
SQL: SELECT * FROM `tp_banners` WHERE ( `status` = 1 ) AND ( `agentid` = 0 ) ORDER BY id DESC  [ RunTime:0.000000s ]
SQL: SELECT * FROM `tp_case` WHERE ( `status` = 1 ) AND ( `agentid` = 0 ) ORDER BY id DESC LIMIT 10   [ RunTime:0.000000s ]
SQL: SHOW COLUMNS FROM `tp_news` [ RunTime:0.000000s ]
SQL: SELECT * FROM `tp_news` LIMIT 1   [ RunTime:0.000000s ]
SQL: SHOW COLUMNS FROM `tp_img` [ RunTime:0.000000s ]
SQL: SELECT * FROM `tp_img` WHERE ( `classid` = 0 ) ORDER BY id DESC LIMIT 5   [ RunTime:0.000000s ]
SQL: SELECT * FROM `tp_img` WHERE ( `classid` = 0 ) ORDER BY id DESC LIMIT 5   [ RunTime:0.000000s ]
SQL: SELECT * FROM `tp_img` WHERE ( `classid` = 0 ) ORDER BY id DESC LIMIT 5   [ RunTime:0.000000s ]
INFO: [ view_template ] --START--
INFO: Run LocationTemplate Behavior [ RunTime:-0.015625s ]
INFO: [ view_template ] --END-- [ RunTime:0.000000s ]
INFO: [ view_parse ] --START--
NOTIC: [8] Use of undefined constant uid - assumed 'uid' C:\WWW\ruanlingtong\Conf\logs\Cache\Home\e8edd32bcbb2d7ab2f0f8d14c550c52b.php 第 94 行.
NOTIC: [8] Undefined index: uid C:\WWW\ruanlingtong\Conf\logs\Cache\Home\e8edd32bcbb2d7ab2f0f8d14c550c52b.php 第 94 行.
INFO: Run ParseTemplate Behavior [ RunTime:-0.015625s ]
INFO: [ view_parse ] --END-- [ RunTime:0.031251s ]
INFO: [ view_filter ] --START--
INFO: Run ContentReplace Behavior [ RunTime:-0.046876s ]
INFO: Run TokenBuild Behavior [ RunTime:-0.046876s ]
INFO: Run WriteHtmlCache Behavior [ RunTime:-0.046876s ]
INFO: Run ShowRuntime Behavior [ RunTime:-0.062501s ]
INFO: [ view_filter ] --END-- [ RunTime:0.015625s ]
INFO: [ view_end ] --START--
INFO: Run ShowPageTrace Behavior [ RunTime:-0.062501s ]
INFO: [ view_end ] --END-- [ RunTime:0.000000s ]

[ 2015-05-04T20:09:48+08:00 ] 220.181.108.117 /
SQL: SHOW COLUMNS FROM `tp_agent` [ RunTime:0.000000s ]
SQL: SELECT * FROM `tp_agent` WHERE ( `siteurl` = 'http://test.v918.cn' ) LIMIT 1   [ RunTime:0.000000s ]
INFO: [ app_begin ] --START--
INFO: Run ReadHtmlCache Behavior [ RunTime:0.000000s ]
INFO: [ app_begin ] --END-- [ RunTime:0.000000s ]
SQL: SHOW COLUMNS FROM `tp_agent` [ RunTime:0.000000s ]
SQL: SELECT * FROM `tp_agent` WHERE ( `siteurl` = 'http://test.v918.cn' ) LIMIT 1   [ RunTime:0.000000s ]
SQL: SELECT * FROM `tp_agent` WHERE ( `siteurl` = 'http://test.v918.cn' ) LIMIT 1   [ RunTime:0.000000s ]
NOTIC: [8] Constant STATICS already defined C:\WWW\ruanlingtong\PigCms\Lib\Action\BaseAction.class.php 第 118 行.
SQL: SHOW COLUMNS FROM `tp_images` [ RunTime:0.000000s ]
SQL: SELECT * FROM `tp_images` LIMIT 1   [ RunTime:0.000000s ]
SQL: SHOW COLUMNS FROM `tp_links` [ RunTime:0.000000s ]
SQL: SELECT * FROM `tp_links` WHERE ( `status` = 1 ) AND ( `agentid` = 0 )  [ RunTime:0.000000s ]
SQL: SHOW COLUMNS FROM `tp_renew` [ RunTime:0.000000s ]
SQL: SHOW COLUMNS FROM `tp_banners` [ RunTime:0.015625s ]
SQL: SHOW COLUMNS FROM `tp_case` [ RunTime:0.000000s ]
SQL: SELECT * FROM `tp_renew` WHERE ( `status` = 1 ) AND ( `agentid` = 0 ) ORDER BY id DESC LIMIT 5   [ RunTime:0.000000s ]
SQL: SELECT * FROM `tp_banners` WHERE ( `status` = 1 ) AND ( `agentid` = 0 ) ORDER BY id DESC  [ RunTime:0.000000s ]
SQL: SELECT * FROM `tp_case` WHERE ( `status` = 1 ) AND ( `agentid` = 0 ) ORDER BY id DESC LIMIT 10   [ RunTime:0.000000s ]
SQL: SHOW COLUMNS FROM `tp_news` [ RunTime:0.000000s ]
SQL: SELECT * FROM `tp_news` LIMIT 1   [ RunTime:0.000000s ]
SQL: SHOW COLUMNS FROM `tp_img` [ RunTime:0.000000s ]
SQL: SELECT * FROM `tp_img` WHERE ( `classid` = 0 ) ORDER BY id DESC LIMIT 5   [ RunTime:0.000000s ]
SQL: SELECT * FROM `tp_img` WHERE ( `classid` = 0 ) ORDER BY id DESC LIMIT 5   [ RunTime:0.000000s ]
SQL: SELECT * FROM `tp_img` WHERE ( `classid` = 0 ) ORDER BY id DESC LIMIT 5   [ RunTime:0.000000s ]
INFO: [ view_template ] --START--
INFO: Run LocationTemplate Behavior [ RunTime:-0.015625s ]
INFO: [ view_template ] --END-- [ RunTime:0.000000s ]
INFO: [ view_parse ] --START--
NOTIC: [8] Use of undefined constant uid - assumed 'uid' C:\WWW\ruanlingtong\Conf\logs\Cache\Home\e8edd32bcbb2d7ab2f0f8d14c550c52b.php 第 94 行.
NOTIC: [8] Undefined index: uid C:\WWW\ruanlingtong\Conf\logs\Cache\Home\e8edd32bcbb2d7ab2f0f8d14c550c52b.php 第 94 行.
INFO: Run ParseTemplate Behavior [ RunTime:-0.015625s ]
INFO: [ view_parse ] --END-- [ RunTime:0.015625s ]
INFO: [ view_filter ] --START--
INFO: Run ContentReplace Behavior [ RunTime:-0.031250s ]
INFO: Run TokenBuild Behavior [ RunTime:-0.031250s ]
INFO: Run WriteHtmlCache Behavior [ RunTime:-0.046876s ]
INFO: Run ShowRuntime Behavior [ RunTime:-0.046876s ]
INFO: [ view_filter ] --END-- [ RunTime:0.015626s ]
INFO: [ view_end ] --START--
INFO: Run ShowPageTrace Behavior [ RunTime:-0.046876s ]
INFO: [ view_end ] --END-- [ RunTime:0.000000s ]

[ 2015-05-04T20:20:24+08:00 ] 36.99.31.135 /
SQL: SHOW COLUMNS FROM `tp_agent` [ RunTime:0.000000s ]
SQL: SELECT * FROM `tp_agent` WHERE ( `siteurl` = 'http://www.softphs.com' ) LIMIT 1   [ RunTime:0.000000s ]
INFO: [ app_begin ] --START--
INFO: Run ReadHtmlCache Behavior [ RunTime:0.000000s ]
INFO: [ app_begin ] --END-- [ RunTime:0.000000s ]
SQL: SHOW COLUMNS FROM `tp_agent` [ RunTime:0.000000s ]
SQL: SELECT * FROM `tp_agent` WHERE ( `siteurl` = 'http://www.softphs.com' ) LIMIT 1   [ RunTime:0.000000s ]
NOTIC: [8] Undefined index: www.softphs.comnomsite C:\WWW\ruanlingtong\PigCms\Lib\Action\BaseAction.class.php 第 38 行.
SQL: SHOW COLUMNS FROM `tp_mobilesite` [ RunTime:0.000000s ]
NOTIC: [8] Undefined index: www.softphs.com C:\WWW\ruanlingtong\PigCms\Lib\Action\BaseAction.class.php 第 340 行.
SQL: SELECT * FROM `tp_mobilesite` WHERE ( `owndomain` = 'www.softphs.com' ) LIMIT 1   [ RunTime:0.000000s ]
SQL: SELECT * FROM `tp_agent` WHERE ( `siteurl` = 'http://www.softphs.com' ) LIMIT 1   [ RunTime:0.000000s ]
NOTIC: [8] Constant STATICS already defined C:\WWW\ruanlingtong\PigCms\Lib\Action\BaseAction.class.php 第 118 行.
SQL: SHOW COLUMNS FROM `tp_images` [ RunTime:0.015625s ]
SQL: SELECT * FROM `tp_images` LIMIT 1   [ RunTime:0.000000s ]
SQL: SHOW COLUMNS FROM `tp_links` [ RunTime:0.000000s ]
SQL: SELECT * FROM `tp_links` WHERE ( `status` = 1 ) AND ( `agentid` = 0 )  [ RunTime:0.000000s ]
SQL: SHOW COLUMNS FROM `tp_renew` [ RunTime:0.000000s ]
SQL: SHOW COLUMNS FROM `tp_banners` [ RunTime:0.000000s ]
SQL: SHOW COLUMNS FROM `tp_case` [ RunTime:0.000000s ]
SQL: SELECT * FROM `tp_renew` WHERE ( `status` = 1 ) AND ( `agentid` = 0 ) ORDER BY id DESC LIMIT 5   [ RunTime:0.000000s ]
SQL: SELECT * FROM `tp_banners` WHERE ( `status` = 1 ) AND ( `agentid` = 0 ) ORDER BY id DESC  [ RunTime:0.000000s ]
SQL: SELECT * FROM `tp_case` WHERE ( `status` = 1 ) AND ( `agentid` = 0 ) ORDER BY id DESC LIMIT 10   [ RunTime:0.000000s ]
SQL: SHOW COLUMNS FROM `tp_news` [ RunTime:0.000000s ]
SQL: SELECT * FROM `tp_news` LIMIT 1   [ RunTime:0.000000s ]
SQL: SHOW COLUMNS FROM `tp_img` [ RunTime:0.000000s ]
SQL: SELECT * FROM `tp_img` WHERE ( `classid` = 0 ) ORDER BY id DESC LIMIT 5   [ RunTime:0.000000s ]
SQL: SELECT * FROM `tp_img` WHERE ( `classid` = 0 ) ORDER BY id DESC LIMIT 5   [ RunTime:0.000000s ]
SQL: SELECT * FROM `tp_img` WHERE ( `classid` = 0 ) ORDER BY id DESC LIMIT 5   [ RunTime:0.000000s ]
INFO: [ view_template ] --START--
INFO: Run LocationTemplate Behavior [ RunTime:-0.015625s ]
INFO: [ view_template ] --END-- [ RunTime:0.000000s ]
INFO: [ view_parse ] --START--
NOTIC: [8] Use of undefined constant uid - assumed 'uid' C:\WWW\ruanlingtong\Conf\logs\Cache\Home\e8edd32bcbb2d7ab2f0f8d14c550c52b.php 第 94 行.
NOTIC: [8] Undefined index: uid C:\WWW\ruanlingtong\Conf\logs\Cache\Home\e8edd32bcbb2d7ab2f0f8d14c550c52b.php 第 94 行.
INFO: Run ParseTemplate Behavior [ RunTime:-0.015625s ]
INFO: [ view_parse ] --END-- [ RunTime:0.031251s ]
INFO: [ view_filter ] --START--
INFO: Run ContentReplace Behavior [ RunTime:-0.046876s ]
INFO: Run TokenBuild Behavior [ RunTime:-0.046876s ]
INFO: Run WriteHtmlCache Behavior [ RunTime:-0.046876s ]
INFO: Run ShowRuntime Behavior [ RunTime:-0.046876s ]
INFO: [ view_filter ] --END-- [ RunTime:0.000000s ]
INFO: [ view_end ] --START--
INFO: Run ShowPageTrace Behavior [ RunTime:-0.046876s ]
INFO: [ view_end ] --END-- [ RunTime:0.000000s ]

[ 2015-05-04T20:53:05+08:00 ] 218.30.103.38 /index.php?g=Home&m=Index&a=about
SQL: SHOW COLUMNS FROM `tp_agent` [ RunTime:0.000000s ]
SQL: SELECT * FROM `tp_agent` WHERE ( `siteurl` = 'http://www.softphs.com' ) LIMIT 1   [ RunTime:0.000000s ]
INFO: [ app_begin ] --START--
INFO: Run ReadHtmlCache Behavior [ RunTime:0.000000s ]
INFO: [ app_begin ] --END-- [ RunTime:0.000000s ]
NOTIC: [8] Undefined index: www.softphs.comnomsite C:\WWW\ruanlingtong\PigCms\Lib\Action\BaseAction.class.php 第 38 行.
SQL: SHOW COLUMNS FROM `tp_mobilesite` [ RunTime:0.000000s ]
NOTIC: [8] Undefined index: www.softphs.com C:\WWW\ruanlingtong\PigCms\Lib\Action\BaseAction.class.php 第 340 行.
SQL: SELECT * FROM `tp_mobilesite` WHERE ( `owndomain` = 'www.softphs.com' ) LIMIT 1   [ RunTime:0.000000s ]
SQL: SELECT * FROM `tp_agent` WHERE ( `siteurl` = 'http://www.softphs.com' ) LIMIT 1   [ RunTime:0.000000s ]
NOTIC: [8] Constant STATICS already defined C:\WWW\ruanlingtong\PigCms\Lib\Action\BaseAction.class.php 第 118 行.
SQL: SHOW COLUMNS FROM `tp_images` [ RunTime:0.000000s ]
SQL: SELECT * FROM `tp_images` LIMIT 1   [ RunTime:0.000000s ]
SQL: SHOW COLUMNS FROM `tp_funintro` [ RunTime:0.015625s ]
SQL: SELECT * FROM `tp_funintro` WHERE type=1 LIMIT 1   [ RunTime:0.000000s ]
SQL: SHOW COLUMNS FROM `tp_img` [ RunTime:0.000000s ]
SQL: SELECT * FROM `tp_img` WHERE ( `id` = null ) LIMIT 1   [ RunTime:0.000000s ]
INFO: [ view_template ] --START--
INFO: Run LocationTemplate Behavior [ RunTime:-0.031250s ]
INFO: [ view_template ] --END-- [ RunTime:0.000000s ]
INFO: [ view_parse ] --START--
NOTIC: [8] Use of undefined constant uid - assumed 'uid' C:\WWW\ruanlingtong\Conf\logs\Cache\Home\4b5e879bf6316a867ed267471f7bffdf.php 第 32 行.
NOTIC: [8] Undefined index: uid C:\WWW\ruanlingtong\Conf\logs\Cache\Home\4b5e879bf6316a867ed267471f7bffdf.php 第 32 行.
INFO: Run ParseTemplate Behavior [ RunTime:-0.031250s ]
INFO: [ view_parse ] --END-- [ RunTime:0.015626s ]
INFO: [ view_filter ] --START--
INFO: Run ContentReplace Behavior [ RunTime:-0.046876s ]
INFO: Run TokenBuild Behavior [ RunTime:-0.046876s ]
INFO: Run WriteHtmlCache Behavior [ RunTime:-0.046876s ]
INFO: Run ShowRuntime Behavior [ RunTime:-0.046876s ]
INFO: [ view_filter ] --END-- [ RunTime:0.000000s ]
INFO: [ view_end ] --START--
INFO: Run ShowPageTrace Behavior [ RunTime:-0.046876s ]
INFO: [ view_end ] --END-- [ RunTime:0.000000s ]

[ 2015-05-04T20:53:26+08:00 ] 218.30.103.38 /index.php?g=Home&m=Index&a=fc
SQL: SHOW COLUMNS FROM `tp_agent` [ RunTime:0.000000s ]
SQL: SELECT * FROM `tp_agent` WHERE ( `siteurl` = 'http://www.softphs.com' ) LIMIT 1   [ RunTime:0.000000s ]
INFO: [ app_begin ] --START--
INFO: Run ReadHtmlCache Behavior [ RunTime:0.000000s ]
INFO: [ app_begin ] --END-- [ RunTime:0.000000s ]
NOTIC: [8] Undefined index: www.softphs.comnomsite C:\WWW\ruanlingtong\PigCms\Lib\Action\BaseAction.class.php 第 38 行.
SQL: SHOW COLUMNS FROM `tp_mobilesite` [ RunTime:0.000000s ]
NOTIC: [8] Undefined index: www.softphs.com C:\WWW\ruanlingtong\PigCms\Lib\Action\BaseAction.class.php 第 340 行.
SQL: SELECT * FROM `tp_mobilesite` WHERE ( `owndomain` = 'www.softphs.com' ) LIMIT 1   [ RunTime:0.000000s ]
SQL: SELECT * FROM `tp_agent` WHERE ( `siteurl` = 'http://www.softphs.com' ) LIMIT 1   [ RunTime:0.000000s ]
NOTIC: [8] Constant STATICS already defined C:\WWW\ruanlingtong\PigCms\Lib\Action\BaseAction.class.php 第 118 行.
SQL: SHOW COLUMNS FROM `tp_images` [ RunTime:0.000000s ]
SQL: SELECT * FROM `tp_images` LIMIT 1   [ RunTime:0.000000s ]
SQL: SHOW COLUMNS FROM `tp_funclass` [ RunTime:0.000000s ]
SQL: SELECT * FROM `tp_funclass` ORDER BY id ASC  [ RunTime:0.000000s ]
SQL: SHOW COLUMNS FROM `tp_funintro` [ RunTime:0.000000s ]
SQL: SELECT * FROM `tp_funintro` WHERE ( `classid` = null ) ORDER BY id ASC LIMIT 1   [ RunTime:0.000000s ]
SQL: SELECT `id`,`title`,`classid` FROM `tp_funintro` WHERE id>0 and type=0  [ RunTime:0.000000s ]
NOTIC: [8] Undefined variable: title C:\WWW\ruanlingtong\PigCms\Lib\Action\Home\IndexAction.class.php 第 111 行.
INFO: [ view_template ] --START--
INFO: Run LocationTemplate Behavior [ RunTime:0.000000s ]
INFO: [ view_template ] --END-- [ RunTime:0.000000s ]
INFO: [ view_parse ] --START--
NOTIC: [8] Use of undefined constant uid - assumed 'uid' C:\WWW\ruanlingtong\Conf\logs\Cache\Home\1b7ac46439ba67641ffac50041bf9357.php 第 31 行.
NOTIC: [8] Undefined index: uid C:\WWW\ruanlingtong\Conf\logs\Cache\Home\1b7ac46439ba67641ffac50041bf9357.php 第 31 行.
INFO: Run ParseTemplate Behavior [ RunTime:0.000000s ]
INFO: [ view_parse ] --END-- [ RunTime:0.015625s ]
INFO: [ view_filter ] --START--
INFO: Run ContentReplace Behavior [ RunTime:-0.015625s ]
INFO: Run TokenBuild Behavior [ RunTime:-0.015625s ]
INFO: Run WriteHtmlCache Behavior [ RunTime:-0.015625s ]
INFO: Run ShowRuntime Behavior [ RunTime:-0.015625s ]
INFO: [ view_filter ] --END-- [ RunTime:0.000000s ]
INFO: [ view_end ] --START--
INFO: Run ShowPageTrace Behavior [ RunTime:-0.015625s ]
INFO: [ view_end ] --END-- [ RunTime:0.000000s ]

[ 2015-05-04T21:04:02+08:00 ] 123.125.71.69 /
SQL: SHOW COLUMNS FROM `tp_agent` [ RunTime:0.000000s ]
SQL: SELECT * FROM `tp_agent` WHERE ( `siteurl` = 'http://test.v918.cn' ) LIMIT 1   [ RunTime:0.000000s ]
INFO: [ app_begin ] --START--
INFO: Run ReadHtmlCache Behavior [ RunTime:0.000000s ]
INFO: [ app_begin ] --END-- [ RunTime:0.000000s ]
SQL: SHOW COLUMNS FROM `tp_agent` [ RunTime:0.000000s ]
SQL: SELECT * FROM `tp_agent` WHERE ( `siteurl` = 'http://test.v918.cn' ) LIMIT 1   [ RunTime:0.015625s ]
NOTIC: [8] Undefined index: test.v918.cnnomsite C:\WWW\ruanlingtong\PigCms\Lib\Action\BaseAction.class.php 第 38 行.
SQL: SHOW COLUMNS FROM `tp_mobilesite` [ RunTime:0.000000s ]
NOTIC: [8] Undefined index: test.v918.cn C:\WWW\ruanlingtong\PigCms\Lib\Action\BaseAction.class.php 第 340 行.
SQL: SELECT * FROM `tp_mobilesite` WHERE ( `owndomain` = 'test.v918.cn' ) LIMIT 1   [ RunTime:0.000000s ]
SQL: SELECT * FROM `tp_agent` WHERE ( `siteurl` = 'http://test.v918.cn' ) LIMIT 1   [ RunTime:0.000000s ]
NOTIC: [8] Constant STATICS already defined C:\WWW\ruanlingtong\PigCms\Lib\Action\BaseAction.class.php 第 118 行.
SQL: SHOW COLUMNS FROM `tp_images` [ RunTime:0.000000s ]
SQL: SELECT * FROM `tp_images` LIMIT 1   [ RunTime:0.000000s ]
SQL: SHOW COLUMNS FROM `tp_links` [ RunTime:0.000000s ]
SQL: SELECT * FROM `tp_links` WHERE ( `status` = 1 ) AND ( `agentid` = 0 )  [ RunTime:0.000000s ]
SQL: SHOW COLUMNS FROM `tp_renew` [ RunTime:0.000000s ]
SQL: SHOW COLUMNS FROM `tp_banners` [ RunTime:0.000000s ]
SQL: SHOW COLUMNS FROM `tp_case` [ RunTime:0.000000s ]
SQL: SELECT * FROM `tp_renew` WHERE ( `status` = 1 ) AND ( `agentid` = 0 ) ORDER BY id DESC LIMIT 5   [ RunTime:0.000000s ]
SQL: SELECT * FROM `tp_banners` WHERE ( `status` = 1 ) AND ( `agentid` = 0 ) ORDER BY id DESC  [ RunTime:0.000000s ]
SQL: SELECT * FROM `tp_case` WHERE ( `status` = 1 ) AND ( `agentid` = 0 ) ORDER BY id DESC LIMIT 10   [ RunTime:0.000000s ]
SQL: SHOW COLUMNS FROM `tp_news` [ RunTime:0.000000s ]
SQL: SELECT * FROM `tp_news` LIMIT 1   [ RunTime:0.000000s ]
SQL: SHOW COLUMNS FROM `tp_img` [ RunTime:0.015625s ]
SQL: SELECT * FROM `tp_img` WHERE ( `classid` = 0 ) ORDER BY id DESC LIMIT 5   [ RunTime:0.000000s ]
SQL: SELECT * FROM `tp_img` WHERE ( `classid` = 0 ) ORDER BY id DESC LIMIT 5   [ RunTime:0.000000s ]
SQL: SELECT * FROM `tp_img` WHERE ( `classid` = 0 ) ORDER BY id DESC LIMIT 5   [ RunTime:0.000000s ]
INFO: [ view_template ] --START--
INFO: Run LocationTemplate Behavior [ RunTime:-0.031250s ]
INFO: [ view_template ] --END-- [ RunTime:0.000000s ]
INFO: [ view_parse ] --START--
NOTIC: [8] Use of undefined constant uid - assumed 'uid' C:\WWW\ruanlingtong\Conf\logs\Cache\Home\e8edd32bcbb2d7ab2f0f8d14c550c52b.php 第 94 行.
NOTIC: [8] Undefined index: uid C:\WWW\ruanlingtong\Conf\logs\Cache\Home\e8edd32bcbb2d7ab2f0f8d14c550c52b.php 第 94 行.
INFO: Run ParseTemplate Behavior [ RunTime:-0.031250s ]
INFO: [ view_parse ] --END-- [ RunTime:0.031250s ]
INFO: [ view_filter ] --START--
INFO: Run ContentReplace Behavior [ RunTime:-0.062500s ]
INFO: Run TokenBuild Behavior [ RunTime:-0.062500s ]
INFO: Run WriteHtmlCache Behavior [ RunTime:-0.062500s ]
INFO: Run ShowRuntime Behavior [ RunTime:-0.062500s ]
INFO: [ view_filter ] --END-- [ RunTime:0.000000s ]
INFO: [ view_end ] --START--
INFO: Run ShowPageTrace Behavior [ RunTime:-0.062500s ]
INFO: [ view_end ] --END-- [ RunTime:0.000000s ]

[ 2015-05-04T21:04:43+08:00 ] 123.125.71.94 /
SQL: SHOW COLUMNS FROM `tp_agent` [ RunTime:0.000000s ]
SQL: SELECT * FROM `tp_agent` WHERE ( `siteurl` = 'http://test.v918.cn' ) LIMIT 1   [ RunTime:0.000000s ]
INFO: [ app_begin ] --START--
INFO: Run ReadHtmlCache Behavior [ RunTime:0.000000s ]
INFO: [ app_begin ] --END-- [ RunTime:0.000000s ]
SQL: SHOW COLUMNS FROM `tp_agent` [ RunTime:0.000000s ]
SQL: SELECT * FROM `tp_agent` WHERE ( `siteurl` = 'http://test.v918.cn' ) LIMIT 1   [ RunTime:0.000000s ]
SQL: SELECT * FROM `tp_agent` WHERE ( `siteurl` = 'http://test.v918.cn' ) LIMIT 1   [ RunTime:0.000000s ]
NOTIC: [8] Constant STATICS already defined C:\WWW\ruanlingtong\PigCms\Lib\Action\BaseAction.class.php 第 118 行.
SQL: SHOW COLUMNS FROM `tp_images` [ RunTime:0.000000s ]
SQL: SELECT * FROM `tp_images` LIMIT 1   [ RunTime:0.000000s ]
SQL: SHOW COLUMNS FROM `tp_links` [ RunTime:0.000000s ]
SQL: SELECT * FROM `tp_links` WHERE ( `status` = 1 ) AND ( `agentid` = 0 )  [ RunTime:0.000000s ]
SQL: SHOW COLUMNS FROM `tp_renew` [ RunTime:0.000000s ]
SQL: SHOW COLUMNS FROM `tp_banners` [ RunTime:0.000000s ]
SQL: SHOW COLUMNS FROM `tp_case` [ RunTime:0.000000s ]
SQL: SELECT * FROM `tp_renew` WHERE ( `status` = 1 ) AND ( `agentid` = 0 ) ORDER BY id DESC LIMIT 5   [ RunTime:0.000000s ]
SQL: SELECT * FROM `tp_banners` WHERE ( `status` = 1 ) AND ( `agentid` = 0 ) ORDER BY id DESC  [ RunTime:0.000000s ]
SQL: SELECT * FROM `tp_case` WHERE ( `status` = 1 ) AND ( `agentid` = 0 ) ORDER BY id DESC LIMIT 10   [ RunTime:0.000000s ]
SQL: SHOW COLUMNS FROM `tp_news` [ RunTime:0.000000s ]
SQL: SELECT * FROM `tp_news` LIMIT 1   [ RunTime:0.000000s ]
SQL: SHOW COLUMNS FROM `tp_img` [ RunTime:0.000000s ]
SQL: SELECT * FROM `tp_img` WHERE ( `classid` = 0 ) ORDER BY id DESC LIMIT 5   [ RunTime:0.000000s ]
SQL: SELECT * FROM `tp_img` WHERE ( `classid` = 0 ) ORDER BY id DESC LIMIT 5   [ RunTime:0.000000s ]
SQL: SELECT * FROM `tp_img` WHERE ( `classid` = 0 ) ORDER BY id DESC LIMIT 5   [ RunTime:0.000000s ]
INFO: [ view_template ] --START--
INFO: Run LocationTemplate Behavior [ RunTime:-0.015625s ]
INFO: [ view_template ] --END-- [ RunTime:0.000000s ]
INFO: [ view_parse ] --START--
NOTIC: [8] Use of undefined constant uid - assumed 'uid' C:\WWW\ruanlingtong\Conf\logs\Cache\Home\e8edd32bcbb2d7ab2f0f8d14c550c52b.php 第 94 行.
NOTIC: [8] Undefined index: uid C:\WWW\ruanlingtong\Conf\logs\Cache\Home\e8edd32bcbb2d7ab2f0f8d14c550c52b.php 第 94 行.
INFO: Run ParseTemplate Behavior [ RunTime:-0.015625s ]
INFO: [ view_parse ] --END-- [ RunTime:0.015625s ]
INFO: [ view_filter ] --START--
INFO: Run ContentReplace Behavior [ RunTime:-0.031250s ]
INFO: Run TokenBuild Behavior [ RunTime:-0.031250s ]
INFO: Run WriteHtmlCache Behavior [ RunTime:-0.031250s ]
INFO: Run ShowRuntime Behavior [ RunTime:-0.046875s ]
INFO: [ view_filter ] --END-- [ RunTime:0.015625s ]
INFO: [ view_end ] --START--
INFO: Run ShowPageTrace Behavior [ RunTime:-0.046875s ]
INFO: [ view_end ] --END-- [ RunTime:0.000000s ]

[ 2015-05-04T21:09:58+08:00 ] 220.181.108.171 /
SQL: SHOW COLUMNS FROM `tp_agent` [ RunTime:0.000000s ]
SQL: SELECT * FROM `tp_agent` WHERE ( `siteurl` = 'http://test.v918.cn' ) LIMIT 1   [ RunTime:0.000000s ]
INFO: [ app_begin ] --START--
INFO: Run ReadHtmlCache Behavior [ RunTime:0.000000s ]
INFO: [ app_begin ] --END-- [ RunTime:0.000000s ]
SQL: SHOW COLUMNS FROM `tp_agent` [ RunTime:0.000000s ]
SQL: SELECT * FROM `tp_agent` WHERE ( `siteurl` = 'http://test.v918.cn' ) LIMIT 1   [ RunTime:0.000000s ]
NOTIC: [8] Undefined index: test.v918.cnnomsite C:\WWW\ruanlingtong\PigCms\Lib\Action\BaseAction.class.php 第 38 行.
SQL: SHOW COLUMNS FROM `tp_mobilesite` [ RunTime:0.000000s ]
NOTIC: [8] Undefined index: test.v918.cn C:\WWW\ruanlingtong\PigCms\Lib\Action\BaseAction.class.php 第 340 行.
SQL: SELECT * FROM `tp_mobilesite` WHERE ( `owndomain` = 'test.v918.cn' ) LIMIT 1   [ RunTime:0.000000s ]
SQL: SELECT * FROM `tp_agent` WHERE ( `siteurl` = 'http://test.v918.cn' ) LIMIT 1   [ RunTime:0.000000s ]
NOTIC: [8] Constant STATICS already defined C:\WWW\ruanlingtong\PigCms\Lib\Action\BaseAction.class.php 第 118 行.
SQL: SHOW COLUMNS FROM `tp_images` [ RunTime:0.000000s ]
SQL: SELECT * FROM `tp_images` LIMIT 1   [ RunTime:0.000000s ]
SQL: SHOW COLUMNS FROM `tp_links` [ RunTime:0.000000s ]
SQL: SELECT * FROM `tp_links` WHERE ( `status` = 1 ) AND ( `agentid` = 0 )  [ RunTime:0.000000s ]
SQL: SHOW COLUMNS FROM `tp_renew` [ RunTime:0.015625s ]
SQL: SHOW COLUMNS FROM `tp_banners` [ RunTime:0.000000s ]
SQL: SHOW COLUMNS FROM `tp_case` [ RunTime:0.000000s ]
SQL: SELECT * FROM `tp_renew` WHERE ( `status` = 1 ) AND ( `agentid` = 0 ) ORDER BY id DESC LIMIT 5   [ RunTime:0.000000s ]
SQL: SELECT * FROM `tp_banners` WHERE ( `status` = 1 ) AND ( `agentid` = 0 ) ORDER BY id DESC  [ RunTime:0.000000s ]
SQL: SELECT * FROM `tp_case` WHERE ( `status` = 1 ) AND ( `agentid` = 0 ) ORDER BY id DESC LIMIT 10   [ RunTime:0.000000s ]
SQL: SHOW COLUMNS FROM `tp_news` [ RunTime:0.000000s ]
SQL: SELECT * FROM `tp_news` LIMIT 1   [ RunTime:0.000000s ]
SQL: SHOW COLUMNS FROM `tp_img` [ RunTime:0.000000s ]
SQL: SELECT * FROM `tp_img` WHERE ( `classid` = 0 ) ORDER BY id DESC LIMIT 5   [ RunTime:0.000000s ]
SQL: SELECT * FROM `tp_img` WHERE ( `classid` = 0 ) ORDER BY id DESC LIMIT 5   [ RunTime:0.000000s ]
SQL: SELECT * FROM `tp_img` WHERE ( `classid` = 0 ) ORDER BY id DESC LIMIT 5   [ RunTime:0.000000s ]
INFO: [ view_template ] --START--
INFO: Run LocationTemplate Behavior [ RunTime:-0.015625s ]
INFO: [ view_template ] --END-- [ RunTime:0.000000s ]
INFO: [ view_parse ] --START--
NOTIC: [8] Use of undefined constant uid - assumed 'uid' C:\WWW\ruanlingtong\Conf\logs\Cache\Home\e8edd32bcbb2d7ab2f0f8d14c550c52b.php 第 94 行.
NOTIC: [8] Undefined index: uid C:\WWW\ruanlingtong\Conf\logs\Cache\Home\e8edd32bcbb2d7ab2f0f8d14c550c52b.php 第 94 行.
INFO: Run ParseTemplate Behavior [ RunTime:-0.015625s ]
INFO: [ view_parse ] --END-- [ RunTime:0.031250s ]
INFO: [ view_filter ] --START--
INFO: Run ContentReplace Behavior [ RunTime:-0.046875s ]
INFO: Run TokenBuild Behavior [ RunTime:-0.046875s ]
INFO: Run WriteHtmlCache Behavior [ RunTime:-0.046875s ]
INFO: Run ShowRuntime Behavior [ RunTime:-0.046875s ]
INFO: [ view_filter ] --END-- [ RunTime:0.000000s ]
INFO: [ view_end ] --START--
INFO: Run ShowPageTrace Behavior [ RunTime:-0.046875s ]
INFO: [ view_end ] --END-- [ RunTime:0.000000s ]

[ 2015-05-04T21:10:58+08:00 ] 220.181.108.167 /
SQL: SHOW COLUMNS FROM `tp_agent` [ RunTime:0.000000s ]
SQL: SELECT * FROM `tp_agent` WHERE ( `siteurl` = 'http://test.v918.cn' ) LIMIT 1   [ RunTime:0.000000s ]
INFO: [ app_begin ] --START--
INFO: Run ReadHtmlCache Behavior [ RunTime:0.000000s ]
INFO: [ app_begin ] --END-- [ RunTime:0.000000s ]
SQL: SHOW COLUMNS FROM `tp_agent` [ RunTime:0.000000s ]
SQL: SELECT * FROM `tp_agent` WHERE ( `siteurl` = 'http://test.v918.cn' ) LIMIT 1   [ RunTime:0.000000s ]
SQL: SELECT * FROM `tp_agent` WHERE ( `siteurl` = 'http://test.v918.cn' ) LIMIT 1   [ RunTime:0.000000s ]
NOTIC: [8] Constant STATICS already defined C:\WWW\ruanlingtong\PigCms\Lib\Action\BaseAction.class.php 第 118 行.
SQL: SHOW COLUMNS FROM `tp_images` [ RunTime:0.000000s ]
SQL: SELECT * FROM `tp_images` LIMIT 1   [ RunTime:0.000000s ]
SQL: SHOW COLUMNS FROM `tp_links` [ RunTime:0.000000s ]
SQL: SELECT * FROM `tp_links` WHERE ( `status` = 1 ) AND ( `agentid` = 0 )  [ RunTime:0.000000s ]
SQL: SHOW COLUMNS FROM `tp_renew` [ RunTime:0.015625s ]
SQL: SHOW COLUMNS FROM `tp_banners` [ RunTime:0.000000s ]
SQL: SHOW COLUMNS FROM `tp_case` [ RunTime:0.000000s ]
SQL: SELECT * FROM `tp_renew` WHERE ( `status` = 1 ) AND ( `agentid` = 0 ) ORDER BY id DESC LIMIT 5   [ RunTime:0.000000s ]
SQL: SELECT * FROM `tp_banners` WHERE ( `status` = 1 ) AND ( `agentid` = 0 ) ORDER BY id DESC  [ RunTime:0.000000s ]
SQL: SELECT * FROM `tp_case` WHERE ( `status` = 1 ) AND ( `agentid` = 0 ) ORDER BY id DESC LIMIT 10   [ RunTime:0.000000s ]
SQL: SHOW COLUMNS FROM `tp_news` [ RunTime:0.000000s ]
SQL: SELECT * FROM `tp_news` LIMIT 1   [ RunTime:0.000000s ]
SQL: SHOW COLUMNS FROM `tp_img` [ RunTime:0.000000s ]
SQL: SELECT * FROM `tp_img` WHERE ( `classid` = 0 ) ORDER BY id DESC LIMIT 5   [ RunTime:0.000000s ]
SQL: SELECT * FROM `tp_img` WHERE ( `classid` = 0 ) ORDER BY id DESC LIMIT 5   [ RunTime:0.000000s ]
SQL: SELECT * FROM `tp_img` WHERE ( `classid` = 0 ) ORDER BY id DESC LIMIT 5   [ RunTime:0.000000s ]
INFO: [ view_template ] --START--
INFO: Run LocationTemplate Behavior [ RunTime:-0.015625s ]
INFO: [ view_template ] --END-- [ RunTime:0.000000s ]
INFO: [ view_parse ] --START--
NOTIC: [8] Use of undefined constant uid - assumed 'uid' C:\WWW\ruanlingtong\Conf\logs\Cache\Home\e8edd32bcbb2d7ab2f0f8d14c550c52b.php 第 94 行.
NOTIC: [8] Undefined index: uid C:\WWW\ruanlingtong\Conf\logs\Cache\Home\e8edd32bcbb2d7ab2f0f8d14c550c52b.php 第 94 行.
INFO: Run ParseTemplate Behavior [ RunTime:-0.015625s ]
INFO: [ view_parse ] --END-- [ RunTime:0.031250s ]
INFO: [ view_filter ] --START--
INFO: Run ContentReplace Behavior [ RunTime:-0.046875s ]
INFO: Run TokenBuild Behavior [ RunTime:-0.046875s ]
INFO: Run WriteHtmlCache Behavior [ RunTime:-0.046875s ]
INFO: Run ShowRuntime Behavior [ RunTime:-0.046875s ]
INFO: [ view_filter ] --END-- [ RunTime:0.000000s ]
INFO: [ view_end ] --START--
INFO: Run ShowPageTrace Behavior [ RunTime:-0.046875s ]
INFO: [ view_end ] --END-- [ RunTime:0.000000s ]

[ 2015-05-04T21:43:31+08:00 ] 119.147.207.158 /index.php?g%3DHome%26m%3DIndex%26a%3Dfc
SQL: SHOW COLUMNS FROM `tp_agent` [ RunTime:0.000000s ]
SQL: SELECT * FROM `tp_agent` WHERE ( `siteurl` = 'http://www.softphs.com' ) LIMIT 1   [ RunTime:0.000000s ]
INFO: [ app_begin ] --START--
INFO: Run ReadHtmlCache Behavior [ RunTime:0.000000s ]
INFO: [ app_begin ] --END-- [ RunTime:0.000000s ]
SQL: SHOW COLUMNS FROM `tp_agent` [ RunTime:0.000000s ]
SQL: SELECT * FROM `tp_agent` WHERE ( `siteurl` = 'http://www.softphs.com' ) LIMIT 1   [ RunTime:0.000000s ]
NOTIC: [8] Undefined index: www.softphs.comnomsite C:\WWW\ruanlingtong\PigCms\Lib\Action\BaseAction.class.php 第 38 行.
SQL: SHOW COLUMNS FROM `tp_mobilesite` [ RunTime:0.000000s ]
NOTIC: [8] Undefined index: www.softphs.com C:\WWW\ruanlingtong\PigCms\Lib\Action\BaseAction.class.php 第 340 行.
SQL: SELECT * FROM `tp_mobilesite` WHERE ( `owndomain` = 'www.softphs.com' ) LIMIT 1   [ RunTime:0.000000s ]
SQL: SELECT * FROM `tp_agent` WHERE ( `siteurl` = 'http://www.softphs.com' ) LIMIT 1   [ RunTime:0.000000s ]
NOTIC: [8] Constant STATICS already defined C:\WWW\ruanlingtong\PigCms\Lib\Action\BaseAction.class.php 第 118 行.
SQL: SHOW COLUMNS FROM `tp_images` [ RunTime:0.015625s ]
SQL: SELECT * FROM `tp_images` LIMIT 1   [ RunTime:0.000000s ]
SQL: SHOW COLUMNS FROM `tp_links` [ RunTime:0.000000s ]
SQL: SELECT * FROM `tp_links` WHERE ( `status` = 1 ) AND ( `agentid` = 0 )  [ RunTime:0.000000s ]
SQL: SHOW COLUMNS FROM `tp_renew` [ RunTime:0.000000s ]
SQL: SHOW COLUMNS FROM `tp_banners` [ RunTime:0.000000s ]
SQL: SHOW COLUMNS FROM `tp_case` [ RunTime:0.000000s ]
SQL: SELECT * FROM `tp_renew` WHERE ( `status` = 1 ) AND ( `agentid` = 0 ) ORDER BY id DESC LIMIT 5   [ RunTime:0.000000s ]
SQL: SELECT * FROM `tp_banners` WHERE ( `status` = 1 ) AND ( `agentid` = 0 ) ORDER BY id DESC  [ RunTime:0.000000s ]
SQL: SELECT * FROM `tp_case` WHERE ( `status` = 1 ) AND ( `agentid` = 0 ) ORDER BY id DESC LIMIT 10   [ RunTime:0.000000s ]
SQL: SHOW COLUMNS FROM `tp_news` [ RunTime:0.000000s ]
SQL: SELECT * FROM `tp_news` LIMIT 1   [ RunTime:0.000000s ]
SQL: SHOW COLUMNS FROM `tp_img` [ RunTime:0.000000s ]
SQL: SELECT * FROM `tp_img` WHERE ( `classid` = 0 ) ORDER BY id DESC LIMIT 5   [ RunTime:0.000000s ]
SQL: SELECT * FROM `tp_img` WHERE ( `classid` = 0 ) ORDER BY id DESC LIMIT 5   [ RunTime:0.000000s ]
SQL: SELECT * FROM `tp_img` WHERE ( `classid` = 0 ) ORDER BY id DESC LIMIT 5   [ RunTime:0.000000s ]
INFO: [ view_template ] --START--
INFO: Run LocationTemplate Behavior [ RunTime:-0.015625s ]
INFO: [ view_template ] --END-- [ RunTime:0.000000s ]
INFO: [ view_parse ] --START--
NOTIC: [8] Use of undefined constant uid - assumed 'uid' C:\WWW\ruanlingtong\Conf\logs\Cache\Home\e8edd32bcbb2d7ab2f0f8d14c550c52b.php 第 94 行.
NOTIC: [8] Undefined index: uid C:\WWW\ruanlingtong\Conf\logs\Cache\Home\e8edd32bcbb2d7ab2f0f8d14c550c52b.php 第 94 行.
INFO: Run ParseTemplate Behavior [ RunTime:-0.015625s ]
INFO: [ view_parse ] --END-- [ RunTime:0.031250s ]
INFO: [ view_filter ] --START--
INFO: Run ContentReplace Behavior [ RunTime:-0.046875s ]
INFO: Run TokenBuild Behavior [ RunTime:-0.046875s ]
INFO: Run WriteHtmlCache Behavior [ RunTime:-0.046875s ]
INFO: Run ShowRuntime Behavior [ RunTime:-0.046875s ]
INFO: [ view_filter ] --END-- [ RunTime:0.000000s ]
INFO: [ view_end ] --START--
INFO: Run ShowPageTrace Behavior [ RunTime:-0.046875s ]
INFO: [ view_end ] --END-- [ RunTime:0.000000s ]

[ 2015-05-04T23:01:16+08:00 ] 218.241.108.87 /
SQL: SHOW COLUMNS FROM `tp_agent` [ RunTime:0.000000s ]
SQL: SELECT * FROM `tp_agent` WHERE ( `siteurl` = 'http://www.softphs.cn' ) LIMIT 1   [ RunTime:0.000000s ]
INFO: [ app_begin ] --START--
INFO: Run ReadHtmlCache Behavior [ RunTime:0.000000s ]
INFO: [ app_begin ] --END-- [ RunTime:0.000000s ]
SQL: SHOW COLUMNS FROM `tp_agent` [ RunTime:0.000000s ]
SQL: SELECT * FROM `tp_agent` WHERE ( `siteurl` = 'http://www.softphs.cn' ) LIMIT 1   [ RunTime:0.000000s ]
NOTIC: [8] Undefined index: www.softphs.cnnomsite C:\WWW\ruanlingtong\PigCms\Lib\Action\BaseAction.class.php 第 38 行.
SQL: SHOW COLUMNS FROM `tp_mobilesite` [ RunTime:0.015625s ]
NOTIC: [8] Undefined index: www.softphs.cn C:\WWW\ruanlingtong\PigCms\Lib\Action\BaseAction.class.php 第 340 行.
SQL: SELECT * FROM `tp_mobilesite` WHERE ( `owndomain` = 'www.softphs.cn' ) LIMIT 1   [ RunTime:0.000000s ]
SQL: SELECT * FROM `tp_agent` WHERE ( `siteurl` = 'http://www.softphs.cn' ) LIMIT 1   [ RunTime:0.000000s ]
NOTIC: [8] Constant STATICS already defined C:\WWW\ruanlingtong\PigCms\Lib\Action\BaseAction.class.php 第 118 行.
SQL: SHOW COLUMNS FROM `tp_images` [ RunTime:0.000000s ]
SQL: SELECT * FROM `tp_images` LIMIT 1   [ RunTime:0.000000s ]
SQL: SHOW COLUMNS FROM `tp_links` [ RunTime:0.000000s ]
SQL: SELECT * FROM `tp_links` WHERE ( `status` = 1 ) AND ( `agentid` = 0 )  [ RunTime:0.000000s ]
SQL: SHOW COLUMNS FROM `tp_renew` [ RunTime:0.000000s ]
SQL: SHOW COLUMNS FROM `tp_banners` [ RunTime:0.000000s ]
SQL: SHOW COLUMNS FROM `tp_case` [ RunTime:0.000000s ]
SQL: SELECT * FROM `tp_renew` WHERE ( `status` = 1 ) AND ( `agentid` = 0 ) ORDER BY id DESC LIMIT 5   [ RunTime:0.000000s ]
SQL: SELECT * FROM `tp_banners` WHERE ( `status` = 1 ) AND ( `agentid` = 0 ) ORDER BY id DESC  [ RunTime:0.000000s ]
SQL: SELECT * FROM `tp_case` WHERE ( `status` = 1 ) AND ( `agentid` = 0 ) ORDER BY id DESC LIMIT 10   [ RunTime:0.000000s ]
SQL: SHOW COLUMNS FROM `tp_news` [ RunTime:0.000000s ]
SQL: SELECT * FROM `tp_news` LIMIT 1   [ RunTime:0.000000s ]
SQL: SHOW COLUMNS FROM `tp_img` [ RunTime:0.000000s ]
SQL: SELECT * FROM `tp_img` WHERE ( `classid` = 0 ) ORDER BY id DESC LIMIT 5   [ RunTime:0.000000s ]
SQL: SELECT * FROM `tp_img` WHERE ( `classid` = 0 ) ORDER BY id DESC LIMIT 5   [ RunTime:0.000000s ]
SQL: SELECT * FROM `tp_img` WHERE ( `classid` = 0 ) ORDER BY id DESC LIMIT 5   [ RunTime:0.000000s ]
INFO: [ view_template ] --START--
INFO: Run LocationTemplate Behavior [ RunTime:-0.015625s ]
INFO: [ view_template ] --END-- [ RunTime:0.000000s ]
INFO: [ view_parse ] --START--
NOTIC: [8] Use of undefined constant uid - assumed 'uid' C:\WWW\ruanlingtong\Conf\logs\Cache\Home\e8edd32bcbb2d7ab2f0f8d14c550c52b.php 第 94 行.
NOTIC: [8] Undefined index: uid C:\WWW\ruanlingtong\Conf\logs\Cache\Home\e8edd32bcbb2d7ab2f0f8d14c550c52b.php 第 94 行.
INFO: Run ParseTemplate Behavior [ RunTime:-0.015625s ]
INFO: [ view_parse ] --END-- [ RunTime:0.031250s ]
INFO: [ view_filter ] --START--
INFO: Run ContentReplace Behavior [ RunTime:-0.046875s ]
INFO: Run TokenBuild Behavior [ RunTime:-0.062500s ]
INFO: Run WriteHtmlCache Behavior [ RunTime:-0.062500s ]
INFO: Run ShowRuntime Behavior [ RunTime:-0.062500s ]
INFO: [ view_filter ] --END-- [ RunTime:0.015625s ]
INFO: [ view_end ] --START--
INFO: Run ShowPageTrace Behavior [ RunTime:-0.062500s ]
INFO: [ view_end ] --END-- [ RunTime:0.000000s ]

[ 2015-05-04T23:27:08+08:00 ] 182.118.20.230 /index.php?a=help&g=Home&m=Index
SQL: SHOW COLUMNS FROM `tp_agent` [ RunTime:0.000000s ]
SQL: SELECT * FROM `tp_agent` WHERE ( `siteurl` = 'http://www.softphs.com' ) LIMIT 1   [ RunTime:0.000000s ]
INFO: [ app_begin ] --START--
INFO: Run ReadHtmlCache Behavior [ RunTime:0.000000s ]
INFO: [ app_begin ] --END-- [ RunTime:0.000000s ]
NOTIC: [8] Undefined index: www.softphs.comnomsite C:\WWW\ruanlingtong\PigCms\Lib\Action\BaseAction.class.php 第 38 行.
SQL: SHOW COLUMNS FROM `tp_mobilesite` [ RunTime:0.000000s ]
NOTIC: [8] Undefined index: www.softphs.com C:\WWW\ruanlingtong\PigCms\Lib\Action\BaseAction.class.php 第 340 行.
SQL: SELECT * FROM `tp_mobilesite` WHERE ( `owndomain` = 'www.softphs.com' ) LIMIT 1   [ RunTime:0.000000s ]
SQL: SELECT * FROM `tp_agent` WHERE ( `siteurl` = 'http://www.softphs.com' ) LIMIT 1   [ RunTime:0.000000s ]
NOTIC: [8] Constant STATICS already defined C:\WWW\ruanlingtong\PigCms\Lib\Action\BaseAction.class.php 第 118 行.
SQL: SHOW COLUMNS FROM `tp_images` [ RunTime:0.000000s ]
SQL: SELECT * FROM `tp_images` LIMIT 1   [ RunTime:0.000000s ]
INFO: [ view_template ] --START--
INFO: Run LocationTemplate Behavior [ RunTime:0.000000s ]
INFO: [ view_template ] --END-- [ RunTime:0.000000s ]
INFO: [ view_parse ] --START--
NOTIC: [8] Use of undefined constant uid - assumed 'uid' C:\WWW\ruanlingtong\Conf\logs\Cache\Home\3dd1559c8d22e5b8abeac63b1ae3ca85.php 第 32 行.
NOTIC: [8] Undefined index: uid C:\WWW\ruanlingtong\Conf\logs\Cache\Home\3dd1559c8d22e5b8abeac63b1ae3ca85.php 第 32 行.
NOTIC: [8] Undefined index: token C:\WWW\ruanlingtong\Conf\logs\Cache\Home\3dd1559c8d22e5b8abeac63b1ae3ca85.php 第 80 行.
NOTIC: [8] Undefined index: token C:\WWW\ruanlingtong\Conf\logs\Cache\Home\3dd1559c8d22e5b8abeac63b1ae3ca85.php 第 96 行.
NOTIC: [8] Undefined variable: wxuser C:\WWW\ruanlingtong\Conf\logs\Cache\Home\3dd1559c8d22e5b8abeac63b1ae3ca85.php 第 100 行.
NOTIC: [8] Undefined index: token C:\WWW\ruanlingtong\Conf\logs\Cache\Home\3dd1559c8d22e5b8abeac63b1ae3ca85.php 第 100 行.
NOTIC: [8] Undefined variable: wxuser C:\WWW\ruanlingtong\Conf\logs\Cache\Home\3dd1559c8d22e5b8abeac63b1ae3ca85.php 第 101 行.
NOTIC: [8] Undefined variable: wxuser C:\WWW\ruanlingtong\Conf\logs\Cache\Home\3dd1559c8d22e5b8abeac63b1ae3ca85.php 第 101 行.
INFO: Run ParseTemplate Behavior [ RunTime:0.000000s ]
INFO: [ view_parse ] --END-- [ RunTime:0.015625s ]
INFO: [ view_filter ] --START--
INFO: Run ContentReplace Behavior [ RunTime:-0.015625s ]
INFO: Run TokenBuild Behavior [ RunTime:-0.015625s ]
INFO: Run WriteHtmlCache Behavior [ RunTime:-0.015625s ]
INFO: Run ShowRuntime Behavior [ RunTime:-0.015625s ]
INFO: [ view_filter ] --END-- [ RunTime:0.000000s ]
INFO: [ view_end ] --START--
INFO: Run ShowPageTrace Behavior [ RunTime:-0.015625s ]
INFO: [ view_end ] --END-- [ RunTime:0.000000s ]

[ 2015-05-04T23:56:29+08:00 ] 123.125.71.112 /
SQL: SHOW COLUMNS FROM `tp_agent` [ RunTime:0.000000s ]
SQL: SELECT * FROM `tp_agent` WHERE ( `siteurl` = 'http://daili.v918.cn' ) LIMIT 1   [ RunTime:0.000000s ]
INFO: [ app_begin ] --START--
INFO: Run ReadHtmlCache Behavior [ RunTime:0.000000s ]
INFO: [ app_begin ] --END-- [ RunTime:0.000000s ]
SQL: SHOW COLUMNS FROM `tp_agent` [ RunTime:0.000000s ]
SQL: SELECT * FROM `tp_agent` WHERE ( `siteurl` = 'http://daili.v918.cn' ) LIMIT 1   [ RunTime:0.000000s ]
NOTIC: [8] Undefined index: daili.v918.cnnomsite C:\WWW\ruanlingtong\PigCms\Lib\Action\BaseAction.class.php 第 38 行.
SQL: SHOW COLUMNS FROM `tp_mobilesite` [ RunTime:0.000000s ]
NOTIC: [8] Undefined index: daili.v918.cn C:\WWW\ruanlingtong\PigCms\Lib\Action\BaseAction.class.php 第 340 行.
SQL: SELECT * FROM `tp_mobilesite` WHERE ( `owndomain` = 'daili.v918.cn' ) LIMIT 1   [ RunTime:0.000000s ]
SQL: SELECT * FROM `tp_agent` WHERE ( `siteurl` = 'http://daili.v918.cn' ) LIMIT 1   [ RunTime:0.000000s ]
SQL: SHOW COLUMNS FROM `tp_user_group` [ RunTime:0.000000s ]
SQL: SELECT * FROM `tp_user_group` WHERE ( `agentid` = 2 ) ORDER BY id ASC LIMIT 1   [ RunTime:0.000000s ]
NOTIC: [8] Constant STATICS already defined C:\WWW\ruanlingtong\PigCms\Lib\Action\BaseAction.class.php 第 118 行.
SQL: SHOW COLUMNS FROM `tp_images` [ RunTime:0.000000s ]
SQL: SELECT * FROM `tp_images` LIMIT 1   [ RunTime:0.000000s ]
SQL: SHOW COLUMNS FROM `tp_links` [ RunTime:0.015625s ]
SQL: SELECT * FROM `tp_links` WHERE ( `status` = 1 ) AND ( `agentid` = 2 )  [ RunTime:0.000000s ]
SQL: SHOW COLUMNS FROM `tp_renew` [ RunTime:0.000000s ]
SQL: SHOW COLUMNS FROM `tp_banners` [ RunTime:0.000000s ]
SQL: SHOW COLUMNS FROM `tp_case` [ RunTime:0.000000s ]
SQL: SELECT * FROM `tp_renew` WHERE ( `status` = 1 ) AND ( `agentid` = 2 ) ORDER BY id DESC LIMIT 5   [ RunTime:0.000000s ]
SQL: SELECT * FROM `tp_banners` WHERE ( `status` = 1 ) AND ( `agentid` = 2 ) ORDER BY id DESC  [ RunTime:0.000000s ]
SQL: SELECT * FROM `tp_case` WHERE ( `status` = 1 ) AND ( `agentid` = 2 ) ORDER BY id DESC LIMIT 10   [ RunTime:0.000000s ]
SQL: SHOW COLUMNS FROM `tp_news` [ RunTime:0.000000s ]
SQL: SELECT * FROM `tp_news` LIMIT 1   [ RunTime:0.000000s ]
SQL: SHOW COLUMNS FROM `tp_img` [ RunTime:0.000000s ]
SQL: SELECT * FROM `tp_img` WHERE ( `classid` = 0 ) ORDER BY id DESC LIMIT 5   [ RunTime:0.000000s ]
SQL: SELECT * FROM `tp_img` WHERE ( `classid` = 0 ) ORDER BY id DESC LIMIT 5   [ RunTime:0.000000s ]
SQL: SELECT * FROM `tp_img` WHERE ( `classid` = 0 ) ORDER BY id DESC LIMIT 5   [ RunTime:0.000000s ]
INFO: [ view_template ] --START--
INFO: Run LocationTemplate Behavior [ RunTime:-0.015625s ]
INFO: [ view_template ] --END-- [ RunTime:0.000000s ]
INFO: [ view_parse ] --START--
NOTIC: [8] Use of undefined constant uid - assumed 'uid' C:\WWW\ruanlingtong\Conf\logs\Cache\Home\e8edd32bcbb2d7ab2f0f8d14c550c52b.php 第 94 行.
NOTIC: [8] Undefined index: uid C:\WWW\ruanlingtong\Conf\logs\Cache\Home\e8edd32bcbb2d7ab2f0f8d14c550c52b.php 第 94 行.
INFO: Run ParseTemplate Behavior [ RunTime:-0.015625s ]
INFO: [ view_parse ] --END-- [ RunTime:0.031250s ]
INFO: [ view_filter ] --START--
INFO: Run ContentReplace Behavior [ RunTime:-0.046875s ]
INFO: Run TokenBuild Behavior [ RunTime:-0.046875s ]
INFO: Run WriteHtmlCache Behavior [ RunTime:-0.046875s ]
INFO: Run ShowRuntime Behavior [ RunTime:-0.046875s ]
INFO: [ view_filter ] --END-- [ RunTime:0.000000s ]
INFO: [ view_end ] --START--
INFO: Run ShowPageTrace Behavior [ RunTime:-0.046875s ]
INFO: [ view_end ] --END-- [ RunTime:0.000000s ]

[ 2015-05-04T23:57:29+08:00 ] 123.125.71.116 /
SQL: SHOW COLUMNS FROM `tp_agent` [ RunTime:0.000000s ]
SQL: SELECT * FROM `tp_agent` WHERE ( `siteurl` = 'http://daili.v918.cn' ) LIMIT 1   [ RunTime:0.000000s ]
INFO: [ app_begin ] --START--
INFO: Run ReadHtmlCache Behavior [ RunTime:0.000000s ]
INFO: [ app_begin ] --END-- [ RunTime:0.000000s ]
SQL: SHOW COLUMNS FROM `tp_agent` [ RunTime:0.000000s ]
SQL: SELECT * FROM `tp_agent` WHERE ( `siteurl` = 'http://daili.v918.cn' ) LIMIT 1   [ RunTime:0.000000s ]
SQL: SELECT * FROM `tp_agent` WHERE ( `siteurl` = 'http://daili.v918.cn' ) LIMIT 1   [ RunTime:0.000000s ]
SQL: SHOW COLUMNS FROM `tp_user_group` [ RunTime:0.000000s ]
SQL: SELECT * FROM `tp_user_group` WHERE ( `agentid` = 2 ) ORDER BY id ASC LIMIT 1   [ RunTime:0.000000s ]
NOTIC: [8] Constant STATICS already defined C:\WWW\ruanlingtong\PigCms\Lib\Action\BaseAction.class.php 第 118 行.
SQL: SHOW COLUMNS FROM `tp_images` [ RunTime:0.000000s ]
SQL: SELECT * FROM `tp_images` LIMIT 1   [ RunTime:0.000000s ]
SQL: SHOW COLUMNS FROM `tp_links` [ RunTime:0.000000s ]
SQL: SELECT * FROM `tp_links` WHERE ( `status` = 1 ) AND ( `agentid` = 2 )  [ RunTime:0.000000s ]
SQL: SHOW COLUMNS FROM `tp_renew` [ RunTime:0.000000s ]
SQL: SHOW COLUMNS FROM `tp_banners` [ RunTime:0.000000s ]
SQL: SHOW COLUMNS FROM `tp_case` [ RunTime:0.015625s ]
SQL: SELECT * FROM `tp_renew` WHERE ( `status` = 1 ) AND ( `agentid` = 2 ) ORDER BY id DESC LIMIT 5   [ RunTime:0.000000s ]
SQL: SELECT * FROM `tp_banners` WHERE ( `status` = 1 ) AND ( `agentid` = 2 ) ORDER BY id DESC  [ RunTime:0.000000s ]
SQL: SELECT * FROM `tp_case` WHERE ( `status` = 1 ) AND ( `agentid` = 2 ) ORDER BY id DESC LIMIT 10   [ RunTime:0.000000s ]
SQL: SHOW COLUMNS FROM `tp_news` [ RunTime:0.000000s ]
SQL: SELECT * FROM `tp_news` LIMIT 1   [ RunTime:0.000000s ]
SQL: SHOW COLUMNS FROM `tp_img` [ RunTime:0.000000s ]
SQL: SELECT * FROM `tp_img` WHERE ( `classid` = 0 ) ORDER BY id DESC LIMIT 5   [ RunTime:0.000000s ]
SQL: SELECT * FROM `tp_img` WHERE ( `classid` = 0 ) ORDER BY id DESC LIMIT 5   [ RunTime:0.000000s ]
SQL: SELECT * FROM `tp_img` WHERE ( `classid` = 0 ) ORDER BY id DESC LIMIT 5   [ RunTime:0.000000s ]
INFO: [ view_template ] --START--
INFO: Run LocationTemplate Behavior [ RunTime:-0.015625s ]
INFO: [ view_template ] --END-- [ RunTime:0.000000s ]
INFO: [ view_parse ] --START--
NOTIC: [8] Use of undefined constant uid - assumed 'uid' C:\WWW\ruanlingtong\Conf\logs\Cache\Home\e8edd32bcbb2d7ab2f0f8d14c550c52b.php 第 94 行.
NOTIC: [8] Undefined index: uid C:\WWW\ruanlingtong\Conf\logs\Cache\Home\e8edd32bcbb2d7ab2f0f8d14c550c52b.php 第 94 行.
INFO: Run ParseTemplate Behavior [ RunTime:-0.015625s ]
INFO: [ view_parse ] --END-- [ RunTime:0.015625s ]
INFO: [ view_filter ] --START--
INFO: Run ContentReplace Behavior [ RunTime:-0.031250s ]
INFO: Run TokenBuild Behavior [ RunTime:-0.031250s ]
INFO: Run WriteHtmlCache Behavior [ RunTime:-0.031250s ]
INFO: Run ShowRuntime Behavior [ RunTime:-0.031250s ]
INFO: [ view_filter ] --END-- [ RunTime:0.000000s ]
INFO: [ view_end ] --START--
INFO: Run ShowPageTrace Behavior [ RunTime:-0.031250s ]
INFO: [ view_end ] --END-- [ RunTime:0.000000s ]

