[ 2015-08-05T10:29:37+08:00 ] 127.0.0.1 /
SQL: SHOW COLUMNS FROM `tp_agent` [ RunTime:0.038002s ]
SQL: SELECT * FROM `tp_agent` WHERE ( `siteurl` = 'http://www.cgtblogpigcms.com' ) LIMIT 1   [ RunTime:0.002001s ]
INFO: [ app_begin ] --START--
INFO: Run ReadHtmlCache Behavior [ RunTime:0.022002s ]
INFO: [ app_begin ] --END-- [ RunTime:0.022002s ]
SQL: SHOW COLUMNS FROM `tp_agent` [ RunTime:0.007000s ]
SQL: SELECT * FROM `tp_agent` WHERE ( `siteurl` = 'http://www.cgtblogpigcms.com' ) LIMIT 1   [ RunTime:0.001000s ]
NOTIC: [8] Undefined index: www.cgtblogpigcms.comnomsite E:\website\ruanlingtong\PigCms\Lib\Action\BaseAction.class.php 第 38 行.
SQL: SHOW COLUMNS FROM `tp_mobilesite` [ RunTime:0.035002s ]
NOTIC: [8] Undefined index: www.cgtblogpigcms.com E:\website\ruanlingtong\PigCms\Lib\Action\BaseAction.class.php 第 380 行.
SQL: SELECT * FROM `tp_mobilesite` WHERE ( `owndomain` = 'www.cgtblogpigcms.com' ) LIMIT 1   [ RunTime:0.000000s ]
SQL: SELECT * FROM `tp_agent` WHERE ( `siteurl` = 'http://www.cgtblogpigcms.com' ) LIMIT 1   [ RunTime:0.001000s ]
NOTIC: [8] Constant STATICS already defined E:\website\ruanlingtong\PigCms\Lib\Action\BaseAction.class.php 第 128 行.
SQL: SHOW COLUMNS FROM `tp_images` [ RunTime:0.027001s ]
SQL: SELECT * FROM `tp_images` LIMIT 1   [ RunTime:0.001000s ]
NOTIC: [8] Undefined index: showNotice E:\website\ruanlingtong\PigCms\Lib\Action\Home\IndexAction.class.php 第 56 行.
SQL: SHOW COLUMNS FROM `tp_links` [ RunTime:0.014001s ]
SQL: SELECT * FROM `tp_links` WHERE ( `status` = 1 ) AND ( `agentid` = 0 )  [ RunTime:0.000000s ]
SQL: SHOW COLUMNS FROM `tp_renew` [ RunTime:0.031002s ]
SQL: SHOW COLUMNS FROM `tp_banners` [ RunTime:0.012001s ]
SQL: SHOW COLUMNS FROM `tp_case` [ RunTime:0.017001s ]
SQL: SELECT * FROM `tp_renew` WHERE ( `agentid` = 0 ) ORDER BY id DESC LIMIT 5   [ RunTime:0.000000s ]
SQL: SELECT * FROM `tp_banners` WHERE ( `status` = 1 ) AND ( `agentid` = 0 ) ORDER BY id DESC  [ RunTime:0.000000s ]
SQL: SELECT * FROM `tp_case` WHERE ( `status` = 1 ) AND ( `agentid` = 0 ) ORDER BY id DESC LIMIT 10   [ RunTime:0.000000s ]
SQL: SHOW COLUMNS FROM `tp_news` [ RunTime:0.014001s ]
SQL: SELECT * FROM `tp_news` WHERE ( `agentid` = 0 ) LIMIT 1   [ RunTime:0.000000s ]
SQL: SHOW COLUMNS FROM `tp_img` [ RunTime:0.017001s ]
SQL: SELECT * FROM `tp_img` WHERE ( `classid` = 0 ) ORDER BY id DESC LIMIT 5   [ RunTime:0.008000s ]
SQL: SELECT * FROM `tp_img` WHERE ( `classid` = 0 ) ORDER BY id DESC LIMIT 5   [ RunTime:0.000000s ]
SQL: SELECT * FROM `tp_img` WHERE ( `classid` = 0 ) ORDER BY id DESC LIMIT 5   [ RunTime:0.001000s ]
INFO: [ view_template ] --START--
INFO: Run LocationTemplate Behavior [ RunTime:-0.278015s ]
INFO: [ view_template ] --END-- [ RunTime:0.045003s ]
INFO: [ view_parse ] --START--
NOTIC: [8] Use of undefined constant uid - assumed 'uid' E:\website\ruanlingtong\Conf\logs\Cache\Home\e8edd32bcbb2d7ab2f0f8d14c550c52b.php 第 94 行.
NOTIC: [8] Undefined index: uid E:\website\ruanlingtong\Conf\logs\Cache\Home\e8edd32bcbb2d7ab2f0f8d14c550c52b.php 第 94 行.
INFO: Run ParseTemplate Behavior [ RunTime:-0.323018s ]
INFO: [ view_parse ] --END-- [ RunTime:0.072004s ]
INFO: [ view_filter ] --START--
INFO: Run ContentReplace Behavior [ RunTime:-0.395022s ]
INFO: Run TokenBuild Behavior [ RunTime:-0.396022s ]
INFO: Run WriteHtmlCache Behavior [ RunTime:-0.396022s ]
INFO: Run ShowRuntime Behavior [ RunTime:-0.397022s ]
INFO: [ view_filter ] --END-- [ RunTime:0.011001s ]
INFO: [ view_end ] --START--
INFO: Run ShowPageTrace Behavior [ RunTime:-0.406023s ]
INFO: [ view_end ] --END-- [ RunTime:0.002000s ]

[ 2015-08-05T10:29:49+08:00 ] 127.0.0.1 /
SQL: SHOW COLUMNS FROM `tp_agent` [ RunTime:0.006000s ]
SQL: SELECT * FROM `tp_agent` WHERE ( `siteurl` = 'http://www.cgtblogpigcms.com' ) LIMIT 1   [ RunTime:0.000000s ]
INFO: [ app_begin ] --START--
INFO: Run ReadHtmlCache Behavior [ RunTime:0.001000s ]
INFO: [ app_begin ] --END-- [ RunTime:0.001000s ]
SQL: SHOW COLUMNS FROM `tp_agent` [ RunTime:0.006000s ]
SQL: SELECT * FROM `tp_agent` WHERE ( `siteurl` = 'http://www.cgtblogpigcms.com' ) LIMIT 1   [ RunTime:0.001000s ]
SQL: SELECT * FROM `tp_agent` WHERE ( `siteurl` = 'http://www.cgtblogpigcms.com' ) LIMIT 1   [ RunTime:0.000000s ]
NOTIC: [8] Constant STATICS already defined E:\website\ruanlingtong\PigCms\Lib\Action\BaseAction.class.php 第 128 行.
SQL: SHOW COLUMNS FROM `tp_images` [ RunTime:0.004000s ]
SQL: SELECT * FROM `tp_images` LIMIT 1   [ RunTime:0.001000s ]
SQL: SHOW COLUMNS FROM `tp_links` [ RunTime:0.004001s ]
SQL: SELECT * FROM `tp_links` WHERE ( `status` = 1 ) AND ( `agentid` = 0 )  [ RunTime:0.000000s ]
SQL: SHOW COLUMNS FROM `tp_renew` [ RunTime:0.006000s ]
SQL: SHOW COLUMNS FROM `tp_banners` [ RunTime:0.004000s ]
SQL: SHOW COLUMNS FROM `tp_case` [ RunTime:0.005001s ]
SQL: SELECT * FROM `tp_renew` WHERE ( `agentid` = 0 ) ORDER BY id DESC LIMIT 5   [ RunTime:0.000000s ]
SQL: SELECT * FROM `tp_banners` WHERE ( `status` = 1 ) AND ( `agentid` = 0 ) ORDER BY id DESC  [ RunTime:0.000000s ]
SQL: SELECT * FROM `tp_case` WHERE ( `status` = 1 ) AND ( `agentid` = 0 ) ORDER BY id DESC LIMIT 10   [ RunTime:0.001000s ]
SQL: SHOW COLUMNS FROM `tp_news` [ RunTime:0.006000s ]
SQL: SELECT * FROM `tp_news` WHERE ( `agentid` = 0 ) LIMIT 1   [ RunTime:0.001000s ]
SQL: SHOW COLUMNS FROM `tp_img` [ RunTime:0.005000s ]
SQL: SELECT * FROM `tp_img` WHERE ( `classid` = 0 ) ORDER BY id DESC LIMIT 5   [ RunTime:0.001001s ]
SQL: SELECT * FROM `tp_img` WHERE ( `classid` = 0 ) ORDER BY id DESC LIMIT 5   [ RunTime:0.001000s ]
SQL: SELECT * FROM `tp_img` WHERE ( `classid` = 0 ) ORDER BY id DESC LIMIT 5   [ RunTime:0.001000s ]
INFO: [ view_template ] --START--
INFO: Run LocationTemplate Behavior [ RunTime:-0.058004s ]
INFO: [ view_template ] --END-- [ RunTime:0.002000s ]
INFO: [ view_parse ] --START--
NOTIC: [8] Use of undefined constant uid - assumed 'uid' E:\website\ruanlingtong\Conf\logs\Cache\Home\e8edd32bcbb2d7ab2f0f8d14c550c52b.php 第 94 行.
NOTIC: [8] Undefined index: uid E:\website\ruanlingtong\Conf\logs\Cache\Home\e8edd32bcbb2d7ab2f0f8d14c550c52b.php 第 94 行.
INFO: Run ParseTemplate Behavior [ RunTime:-0.060004s ]
INFO: [ view_parse ] --END-- [ RunTime:0.032002s ]
INFO: [ view_filter ] --START--
INFO: Run ContentReplace Behavior [ RunTime:-0.092006s ]
INFO: Run TokenBuild Behavior [ RunTime:-0.093006s ]
INFO: Run WriteHtmlCache Behavior [ RunTime:-0.094006s ]
INFO: Run ShowRuntime Behavior [ RunTime:-0.094006s ]
INFO: [ view_filter ] --END-- [ RunTime:0.003000s ]
INFO: [ view_end ] --START--
INFO: Run ShowPageTrace Behavior [ RunTime:-0.095006s ]
INFO: [ view_end ] --END-- [ RunTime:0.001000s ]

[ 2015-08-05T10:29:51+08:00 ] 127.0.0.1 /
SQL: SHOW COLUMNS FROM `tp_agent` [ RunTime:0.005001s ]
SQL: SELECT * FROM `tp_agent` WHERE ( `siteurl` = 'http://www.cgtblogpigcms.com' ) LIMIT 1   [ RunTime:0.001000s ]
INFO: [ app_begin ] --START--
INFO: Run ReadHtmlCache Behavior [ RunTime:0.001000s ]
INFO: [ app_begin ] --END-- [ RunTime:0.001000s ]
SQL: SHOW COLUMNS FROM `tp_agent` [ RunTime:0.005000s ]
SQL: SELECT * FROM `tp_agent` WHERE ( `siteurl` = 'http://www.cgtblogpigcms.com' ) LIMIT 1   [ RunTime:0.001000s ]
SQL: SELECT * FROM `tp_agent` WHERE ( `siteurl` = 'http://www.cgtblogpigcms.com' ) LIMIT 1   [ RunTime:0.000000s ]
NOTIC: [8] Constant STATICS already defined E:\website\ruanlingtong\PigCms\Lib\Action\BaseAction.class.php 第 128 行.
SQL: SHOW COLUMNS FROM `tp_images` [ RunTime:0.004000s ]
SQL: SELECT * FROM `tp_images` LIMIT 1   [ RunTime:0.001000s ]
SQL: SHOW COLUMNS FROM `tp_links` [ RunTime:0.004000s ]
SQL: SELECT * FROM `tp_links` WHERE ( `status` = 1 ) AND ( `agentid` = 0 )  [ RunTime:0.000000s ]
SQL: SHOW COLUMNS FROM `tp_renew` [ RunTime:0.006001s ]
SQL: SHOW COLUMNS FROM `tp_banners` [ RunTime:0.004000s ]
SQL: SHOW COLUMNS FROM `tp_case` [ RunTime:0.005000s ]
SQL: SELECT * FROM `tp_renew` WHERE ( `agentid` = 0 ) ORDER BY id DESC LIMIT 5   [ RunTime:0.001000s ]
SQL: SELECT * FROM `tp_banners` WHERE ( `status` = 1 ) AND ( `agentid` = 0 ) ORDER BY id DESC  [ RunTime:0.000000s ]
SQL: SELECT * FROM `tp_case` WHERE ( `status` = 1 ) AND ( `agentid` = 0 ) ORDER BY id DESC LIMIT 10   [ RunTime:0.001000s ]
SQL: SHOW COLUMNS FROM `tp_news` [ RunTime:0.005000s ]
SQL: SELECT * FROM `tp_news` WHERE ( `agentid` = 0 ) LIMIT 1   [ RunTime:0.001000s ]
SQL: SHOW COLUMNS FROM `tp_img` [ RunTime:0.005000s ]
SQL: SELECT * FROM `tp_img` WHERE ( `classid` = 0 ) ORDER BY id DESC LIMIT 5   [ RunTime:0.001000s ]
SQL: SELECT * FROM `tp_img` WHERE ( `classid` = 0 ) ORDER BY id DESC LIMIT 5   [ RunTime:0.000000s ]
SQL: SELECT * FROM `tp_img` WHERE ( `classid` = 0 ) ORDER BY id DESC LIMIT 5   [ RunTime:0.000000s ]
INFO: [ view_template ] --START--
INFO: Run LocationTemplate Behavior [ RunTime:-0.055003s ]
INFO: [ view_template ] --END-- [ RunTime:0.001000s ]
INFO: [ view_parse ] --START--
NOTIC: [8] Use of undefined constant uid - assumed 'uid' E:\website\ruanlingtong\Conf\logs\Cache\Home\e8edd32bcbb2d7ab2f0f8d14c550c52b.php 第 94 行.
NOTIC: [8] Undefined index: uid E:\website\ruanlingtong\Conf\logs\Cache\Home\e8edd32bcbb2d7ab2f0f8d14c550c52b.php 第 94 行.
INFO: Run ParseTemplate Behavior [ RunTime:-0.056003s ]
INFO: [ view_parse ] --END-- [ RunTime:0.031002s ]
INFO: [ view_filter ] --START--
INFO: Run ContentReplace Behavior [ RunTime:-0.087005s ]
INFO: Run TokenBuild Behavior [ RunTime:-0.088005s ]
INFO: Run WriteHtmlCache Behavior [ RunTime:-0.089005s ]
INFO: Run ShowRuntime Behavior [ RunTime:-0.090005s ]
INFO: [ view_filter ] --END-- [ RunTime:0.004000s ]
INFO: [ view_end ] --START--
INFO: Run ShowPageTrace Behavior [ RunTime:-0.091005s ]
INFO: [ view_end ] --END-- [ RunTime:0.002000s ]

[ 2015-08-05T10:43:20+08:00 ] 127.0.0.1 /index.php?g=System&m=Admin&a=index
INFO: [ app_begin ] --START--
INFO: Run ReadHtmlCache Behavior [ RunTime:0.000000s ]
INFO: [ app_begin ] --END-- [ RunTime:0.000000s ]
INFO: [ view_template ] --START--
INFO: Run LocationTemplate Behavior [ RunTime:-0.015600s ]
INFO: [ view_template ] --END-- [ RunTime:0.000000s ]
INFO: [ view_parse ] --START--
INFO: Run ParseTemplate Behavior [ RunTime:-0.015600s ]
INFO: [ view_parse ] --END-- [ RunTime:0.031200s ]
INFO: [ view_filter ] --START--
INFO: Run ContentReplace Behavior [ RunTime:-0.046800s ]
INFO: Run TokenBuild Behavior [ RunTime:-0.046800s ]
INFO: Run WriteHtmlCache Behavior [ RunTime:-0.046800s ]
INFO: Run ShowRuntime Behavior [ RunTime:-0.046800s ]
INFO: [ view_filter ] --END-- [ RunTime:0.000000s ]
INFO: [ view_end ] --START--
INFO: Run ShowPageTrace Behavior [ RunTime:-0.046800s ]
INFO: [ view_end ] --END-- [ RunTime:0.000000s ]

[ 2015-08-05T10:43:20+08:00 ] 127.0.0.1 /index.php?g=System&m=Admin&a=verify
INFO: [ app_begin ] --START--
INFO: Run ReadHtmlCache Behavior [ RunTime:0.000000s ]
INFO: [ app_begin ] --END-- [ RunTime:0.000000s ]

[ 2015-08-05T10:43:30+08:00 ] 127.0.0.1 /index.php?g=System&m=System&a=index
INFO: [ app_begin ] --START--
INFO: Run ReadHtmlCache Behavior [ RunTime:0.000000s ]
INFO: [ app_begin ] --END-- [ RunTime:0.000000s ]
SQL: SHOW COLUMNS FROM `tp_agent` [ RunTime:0.015600s ]
SQL: SELECT * FROM `tp_agent` WHERE ( `siteurl` = 'http://www.cgtblogpigcms.com' ) LIMIT 1   [ RunTime:0.000000s ]
NOTIC: [8] Constant STATICS already defined E:\website\ruanlingtong\PigCms\Lib\Action\BaseAction.class.php 第 128 行.
SQL: SHOW COLUMNS FROM `tp_node` [ RunTime:0.015600s ]
SQL: SELECT * FROM `tp_node` WHERE ( `level` = null ) AND ( `pid` = 2 ) AND ( `status` = 1 ) AND ( `display` > 0 ) ORDER BY `sort` asc  [ RunTime:0.000000s ]
SQL: CREATE TABLE IF NOT EXISTS `tp_system_info` (`lastsqlupdate` INT( 10 ) NOT NULL ,`version` VARCHAR( 10 ) NOT NULL) ENGINE = MYISAM CHARACTER SET utf8 [ RunTime:0.031200s ]
NOTIC: [2] mysql_num_rows() expects parameter 1 to be resource, boolean given E:\website\ruanlingtong\Lib\Driver\Db\DbMysql.class.php 第 110 行.
NOTIC: [2] mysql_free_result() expects parameter 1 to be resource, boolean given E:\website\ruanlingtong\Lib\Driver\Db\DbMysql.class.php 第 82 行.
SQL: CREATE TABLE IF NOT EXISTS `tp_update_record` (
  `id` int(11) NOT NULL AUTO_INCREMENT,
  `msg` varchar(600) NOT NULL DEFAULT '',
  `type` varchar(20) NOT NULL DEFAULT '',
  `time` int(10) NOT NULL DEFAULT '0',
  PRIMARY KEY (`id`)
) ENGINE=MYISAM DEFAULT CHARSET=utf8 [ RunTime:0.031200s ]
NOTIC: [2] mysql_num_rows() expects parameter 1 to be resource, boolean given E:\website\ruanlingtong\Lib\Driver\Db\DbMysql.class.php 第 110 行.
NOTIC: [2] mysql_free_result() expects parameter 1 to be resource, boolean given E:\website\ruanlingtong\Lib\Driver\Db\DbMysql.class.php 第 82 行.
SQL: SELECT * FROM `tp_node` WHERE ( `name` = 'Function' ) AND ( `title` = '功能模块' ) LIMIT 1   [ RunTime:0.000000s ]
SQL: SELECT * FROM `tp_node` WHERE ( `name` = 'aboutus' ) LIMIT 1   [ RunTime:0.000000s ]
SQL: SELECT * FROM `tp_node` WHERE ( `title` = '站点设置' ) LIMIT 1   [ RunTime:0.000000s ]
SQL: SELECT * FROM `tp_node` WHERE ( `title` = '平台支付配置' ) LIMIT 1   [ RunTime:0.000000s ]
SQL: SELECT * FROM `tp_node` WHERE ( `title` = '扩展管理' ) LIMIT 1   [ RunTime:0.000000s ]
SQL: SELECT * FROM `tp_node` WHERE ( `title` = '平台支付' ) LIMIT 1   [ RunTime:0.000000s ]
SQL: SELECT * FROM `tp_node` WHERE ( `display` = 1 ) AND ( `status` = 1 ) ORDER BY `sort` asc  [ RunTime:0.000000s ]
INFO: [ view_template ] --START--
INFO: Run LocationTemplate Behavior [ RunTime:-1.154402s ]
INFO: [ view_template ] --END-- [ RunTime:0.000000s ]
INFO: [ view_parse ] --START--
INFO: Run ParseTemplate Behavior [ RunTime:-1.154402s ]
INFO: [ view_parse ] --END-- [ RunTime:0.031200s ]
INFO: [ view_filter ] --START--
INFO: Run ContentReplace Behavior [ RunTime:-1.185602s ]
INFO: Run TokenBuild Behavior [ RunTime:-1.185602s ]
INFO: Run WriteHtmlCache Behavior [ RunTime:-1.185602s ]
INFO: Run ShowRuntime Behavior [ RunTime:-1.185602s ]
INFO: [ view_filter ] --END-- [ RunTime:0.000000s ]
INFO: [ view_end ] --START--
INFO: Run ShowPageTrace Behavior [ RunTime:-1.185602s ]
INFO: [ view_end ] --END-- [ RunTime:0.000000s ]

[ 2015-08-05T10:43:31+08:00 ] 127.0.0.1 /index.php?g=System&m=System&a=menu
INFO: [ app_begin ] --START--
INFO: Run ReadHtmlCache Behavior [ RunTime:0.000000s ]
INFO: [ app_begin ] --END-- [ RunTime:0.000000s ]
SQL: SHOW COLUMNS FROM `tp_agent` [ RunTime:0.000000s ]
SQL: SELECT * FROM `tp_agent` WHERE ( `siteurl` = 'http://www.cgtblogpigcms.com' ) LIMIT 1   [ RunTime:0.000000s ]
NOTIC: [8] Constant STATICS already defined E:\website\ruanlingtong\PigCms\Lib\Action\BaseAction.class.php 第 128 行.
SQL: SHOW COLUMNS FROM `tp_node` [ RunTime:0.000000s ]
SQL: SELECT * FROM `tp_node` WHERE ( `level` = null ) AND ( `pid` = 2 ) AND ( `status` = 1 ) AND ( `display` > 0 ) ORDER BY `sort` asc  [ RunTime:0.000000s ]
SQL: CREATE TABLE IF NOT EXISTS `tp_system_info` (`lastsqlupdate` INT( 10 ) NOT NULL ,`version` VARCHAR( 10 ) NOT NULL) ENGINE = MYISAM CHARACTER SET utf8 [ RunTime:0.000000s ]
NOTIC: [2] mysql_num_rows() expects parameter 1 to be resource, boolean given E:\website\ruanlingtong\Lib\Driver\Db\DbMysql.class.php 第 110 行.
NOTIC: [2] mysql_free_result() expects parameter 1 to be resource, boolean given E:\website\ruanlingtong\Lib\Driver\Db\DbMysql.class.php 第 82 行.
SQL: CREATE TABLE IF NOT EXISTS `tp_update_record` (
  `id` int(11) NOT NULL AUTO_INCREMENT,
  `msg` varchar(600) NOT NULL DEFAULT '',
  `type` varchar(20) NOT NULL DEFAULT '',
  `time` int(10) NOT NULL DEFAULT '0',
  PRIMARY KEY (`id`)
) ENGINE=MYISAM DEFAULT CHARSET=utf8 [ RunTime:0.000000s ]
NOTIC: [2] mysql_num_rows() expects parameter 1 to be resource, boolean given E:\website\ruanlingtong\Lib\Driver\Db\DbMysql.class.php 第 110 行.
NOTIC: [2] mysql_free_result() expects parameter 1 to be resource, boolean given E:\website\ruanlingtong\Lib\Driver\Db\DbMysql.class.php 第 82 行.
SQL: SELECT * FROM `tp_node` WHERE ( `name` = 'Function' ) AND ( `title` = '功能模块' ) LIMIT 1   [ RunTime:0.000000s ]
SQL: SELECT * FROM `tp_node` WHERE ( `name` = 'aboutus' ) LIMIT 1   [ RunTime:0.000000s ]
SQL: SELECT * FROM `tp_node` WHERE ( `title` = '站点设置' ) LIMIT 1   [ RunTime:0.015600s ]
SQL: SELECT * FROM `tp_node` WHERE ( `title` = '平台支付配置' ) LIMIT 1   [ RunTime:0.000000s ]
SQL: SELECT * FROM `tp_node` WHERE ( `title` = '扩展管理' ) LIMIT 1   [ RunTime:0.000000s ]
SQL: SELECT * FROM `tp_node` WHERE ( `title` = '平台支付' ) LIMIT 1   [ RunTime:0.000000s ]
SQL: SELECT * FROM `tp_node` WHERE ( `display` = 2 ) AND ( `status` = 1 ) AND ( `pid` = 2 ) AND ( `level` = 2 ) ORDER BY `sort` asc  [ RunTime:0.000000s ]
INFO: [ view_template ] --START--
INFO: Run LocationTemplate Behavior [ RunTime:-1.045202s ]
INFO: [ view_template ] --END-- [ RunTime:0.000000s ]
INFO: [ view_parse ] --START--
INFO: Run ParseTemplate Behavior [ RunTime:-1.045202s ]
INFO: [ view_parse ] --END-- [ RunTime:0.015600s ]
INFO: [ view_filter ] --START--
INFO: Run ContentReplace Behavior [ RunTime:-1.060802s ]
INFO: Run TokenBuild Behavior [ RunTime:-1.060802s ]
INFO: Run WriteHtmlCache Behavior [ RunTime:-1.060802s ]
INFO: Run ShowRuntime Behavior [ RunTime:-1.060802s ]
INFO: [ view_filter ] --END-- [ RunTime:0.000000s ]
INFO: [ view_end ] --START--
INFO: Run ShowPageTrace Behavior [ RunTime:-1.060802s ]
INFO: [ view_end ] --END-- [ RunTime:0.000000s ]

[ 2015-08-05T10:43:32+08:00 ] 127.0.0.1 /index.php?g=System&m=System&a=main
INFO: [ app_begin ] --START--
INFO: Run ReadHtmlCache Behavior [ RunTime:0.000000s ]
INFO: [ app_begin ] --END-- [ RunTime:0.000000s ]
SQL: SHOW COLUMNS FROM `tp_agent` [ RunTime:0.000000s ]
SQL: SELECT * FROM `tp_agent` WHERE ( `siteurl` = 'http://www.cgtblogpigcms.com' ) LIMIT 1   [ RunTime:0.000000s ]
NOTIC: [8] Constant STATICS already defined E:\website\ruanlingtong\PigCms\Lib\Action\BaseAction.class.php 第 128 行.
SQL: SHOW COLUMNS FROM `tp_node` [ RunTime:0.000000s ]
SQL: SELECT * FROM `tp_node` WHERE ( `level` = null ) AND ( `pid` = 2 ) AND ( `status` = 1 ) AND ( `display` > 0 ) ORDER BY `sort` asc  [ RunTime:0.000000s ]
SQL: CREATE TABLE IF NOT EXISTS `tp_system_info` (`lastsqlupdate` INT( 10 ) NOT NULL ,`version` VARCHAR( 10 ) NOT NULL) ENGINE = MYISAM CHARACTER SET utf8 [ RunTime:0.000000s ]
NOTIC: [2] mysql_num_rows() expects parameter 1 to be resource, boolean given E:\website\ruanlingtong\Lib\Driver\Db\DbMysql.class.php 第 110 行.
NOTIC: [2] mysql_free_result() expects parameter 1 to be resource, boolean given E:\website\ruanlingtong\Lib\Driver\Db\DbMysql.class.php 第 82 行.
SQL: CREATE TABLE IF NOT EXISTS `tp_update_record` (
  `id` int(11) NOT NULL AUTO_INCREMENT,
  `msg` varchar(600) NOT NULL DEFAULT '',
  `type` varchar(20) NOT NULL DEFAULT '',
  `time` int(10) NOT NULL DEFAULT '0',
  PRIMARY KEY (`id`)
) ENGINE=MYISAM DEFAULT CHARSET=utf8 [ RunTime:0.000000s ]
NOTIC: [2] mysql_num_rows() expects parameter 1 to be resource, boolean given E:\website\ruanlingtong\Lib\Driver\Db\DbMysql.class.php 第 110 行.
NOTIC: [2] mysql_free_result() expects parameter 1 to be resource, boolean given E:\website\ruanlingtong\Lib\Driver\Db\DbMysql.class.php 第 82 行.
SQL: SELECT * FROM `tp_node` WHERE ( `name` = 'Function' ) AND ( `title` = '功能模块' ) LIMIT 1   [ RunTime:0.000000s ]
SQL: SELECT * FROM `tp_node` WHERE ( `name` = 'aboutus' ) LIMIT 1   [ RunTime:0.000000s ]
SQL: SELECT * FROM `tp_node` WHERE ( `title` = '站点设置' ) LIMIT 1   [ RunTime:0.000000s ]
SQL: SELECT * FROM `tp_node` WHERE ( `title` = '平台支付配置' ) LIMIT 1   [ RunTime:0.000000s ]
SQL: SELECT * FROM `tp_node` WHERE ( `title` = '扩展管理' ) LIMIT 1   [ RunTime:0.000000s ]
SQL: SELECT * FROM `tp_node` WHERE ( `title` = '平台支付' ) LIMIT 1   [ RunTime:0.000000s ]
SQL: SELECT * FROM `tp_node` WHERE ( `pid` = 1 ) AND ( `title` = '站点管理' ) ORDER BY id ASC LIMIT 1   [ RunTime:0.000000s ]
SQL: SELECT * FROM `tp_node` WHERE ( `pid` = 2 ) AND ( `title` = '后台首页' ) LIMIT 1   [ RunTime:0.000000s ]
INFO: [ view_template ] --START--
INFO: Run LocationTemplate Behavior [ RunTime:-2.168404s ]
INFO: [ view_template ] --END-- [ RunTime:0.000000s ]
INFO: [ view_parse ] --START--
NOTIC: [8] Use of undefined constant SERVER_SOFTWARE - assumed 'SERVER_SOFTWARE' E:\website\ruanlingtong\Conf\logs\Cache\System\70671f3fb4cc556d45e03bff5207b695.php 第 15 行.
INFO: Run ParseTemplate Behavior [ RunTime:-2.168404s ]
INFO: [ view_parse ] --END-- [ RunTime:0.015600s ]
INFO: [ view_filter ] --START--
INFO: Run ContentReplace Behavior [ RunTime:-2.184004s ]
INFO: Run TokenBuild Behavior [ RunTime:-2.184004s ]
INFO: Run WriteHtmlCache Behavior [ RunTime:-2.184004s ]
INFO: Run ShowRuntime Behavior [ RunTime:-2.184004s ]
INFO: [ view_filter ] --END-- [ RunTime:0.000000s ]
INFO: [ view_end ] --START--
INFO: Run ShowPageTrace Behavior [ RunTime:-2.184004s ]
INFO: [ view_end ] --END-- [ RunTime:0.000000s ]

[ 2015-08-05T10:43:49+08:00 ] 127.0.0.1 /index.php?g=System&m=System&a=repairTable
INFO: [ app_begin ] --START--
INFO: Run ReadHtmlCache Behavior [ RunTime:0.000000s ]
INFO: [ app_begin ] --END-- [ RunTime:0.000000s ]
SQL: SHOW COLUMNS FROM `tp_agent` [ RunTime:0.000000s ]
SQL: SELECT * FROM `tp_agent` WHERE ( `siteurl` = 'http://www.cgtblogpigcms.com' ) LIMIT 1   [ RunTime:0.000000s ]
NOTIC: [8] Constant STATICS already defined E:\website\ruanlingtong\PigCms\Lib\Action\BaseAction.class.php 第 128 行.
SQL: SHOW COLUMNS FROM `tp_node` [ RunTime:0.000000s ]
SQL: SELECT * FROM `tp_node` WHERE ( `level` = null ) AND ( `pid` = 2 ) AND ( `status` = 1 ) AND ( `display` > 0 ) ORDER BY `sort` asc  [ RunTime:0.000000s ]
SQL: CREATE TABLE IF NOT EXISTS `tp_system_info` (`lastsqlupdate` INT( 10 ) NOT NULL ,`version` VARCHAR( 10 ) NOT NULL) ENGINE = MYISAM CHARACTER SET utf8 [ RunTime:0.000000s ]
NOTIC: [2] mysql_num_rows() expects parameter 1 to be resource, boolean given E:\website\ruanlingtong\Lib\Driver\Db\DbMysql.class.php 第 110 行.
NOTIC: [2] mysql_free_result() expects parameter 1 to be resource, boolean given E:\website\ruanlingtong\Lib\Driver\Db\DbMysql.class.php 第 82 行.
SQL: CREATE TABLE IF NOT EXISTS `tp_update_record` (
  `id` int(11) NOT NULL AUTO_INCREMENT,
  `msg` varchar(600) NOT NULL DEFAULT '',
  `type` varchar(20) NOT NULL DEFAULT '',
  `time` int(10) NOT NULL DEFAULT '0',
  PRIMARY KEY (`id`)
) ENGINE=MYISAM DEFAULT CHARSET=utf8 [ RunTime:0.000000s ]
NOTIC: [2] mysql_num_rows() expects parameter 1 to be resource, boolean given E:\website\ruanlingtong\Lib\Driver\Db\DbMysql.class.php 第 110 行.
NOTIC: [2] mysql_free_result() expects parameter 1 to be resource, boolean given E:\website\ruanlingtong\Lib\Driver\Db\DbMysql.class.php 第 82 行.
SQL: SELECT * FROM `tp_node` WHERE ( `name` = 'Function' ) AND ( `title` = '功能模块' ) LIMIT 1   [ RunTime:0.000000s ]
SQL: SELECT * FROM `tp_node` WHERE ( `name` = 'aboutus' ) LIMIT 1   [ RunTime:0.000000s ]
SQL: SELECT * FROM `tp_node` WHERE ( `title` = '站点设置' ) LIMIT 1   [ RunTime:0.000000s ]
SQL: SELECT * FROM `tp_node` WHERE ( `title` = '平台支付配置' ) LIMIT 1   [ RunTime:0.000000s ]
SQL: SELECT * FROM `tp_node` WHERE ( `title` = '扩展管理' ) LIMIT 1   [ RunTime:0.000000s ]
SQL: SELECT * FROM `tp_node` WHERE ( `title` = '平台支付' ) LIMIT 1   [ RunTime:0.000000s ]
NOTIC: [2] unlink(./Conf/logs/Data/domain_time.php) [<a href='function.unlink'>function.unlink</a>]: No such file or directory E:\website\ruanlingtong\Common\functions.php 第 389 行.
INFO: [ view_template ] --START--
INFO: Run LocationTemplate Behavior [ RunTime:-1.138802s ]
INFO: [ view_template ] --END-- [ RunTime:0.000000s ]
INFO: [ view_parse ] --START--
NOTIC: [8] Undefined index: usertplid E:\website\ruanlingtong\Conf\logs\Cache\System\e9b2097c3a2c7bddb380e3af76d92455.php 第 51 行.
INFO: Run ParseTemplate Behavior [ RunTime:-1.138802s ]
INFO: [ view_parse ] --END-- [ RunTime:0.015600s ]
INFO: [ view_filter ] --START--
INFO: Run ContentReplace Behavior [ RunTime:-1.154402s ]
INFO: Run TokenBuild Behavior [ RunTime:-1.154402s ]
INFO: Run WriteHtmlCache Behavior [ RunTime:-1.154402s ]
INFO: Run ShowRuntime Behavior [ RunTime:-1.154402s ]
INFO: [ view_filter ] --END-- [ RunTime:0.000000s ]
INFO: [ view_end ] --START--
INFO: Run ShowPageTrace Behavior [ RunTime:-1.154402s ]
INFO: [ view_end ] --END-- [ RunTime:0.000000s ]

[ 2015-08-05T10:43:52+08:00 ] 127.0.0.1 /index.php?g=System&m=System&a=main
INFO: [ app_begin ] --START--
INFO: Run ReadHtmlCache Behavior [ RunTime:0.000000s ]
INFO: [ app_begin ] --END-- [ RunTime:0.000000s ]
SQL: SHOW COLUMNS FROM `tp_agent` [ RunTime:0.000000s ]
SQL: SELECT * FROM `tp_agent` WHERE ( `siteurl` = 'http://www.cgtblogpigcms.com' ) LIMIT 1   [ RunTime:0.000000s ]
NOTIC: [8] Constant STATICS already defined E:\website\ruanlingtong\PigCms\Lib\Action\BaseAction.class.php 第 128 行.
SQL: SHOW COLUMNS FROM `tp_node` [ RunTime:0.000000s ]
SQL: SELECT * FROM `tp_node` WHERE ( `level` = null ) AND ( `pid` = 2 ) AND ( `status` = 1 ) AND ( `display` > 0 ) ORDER BY `sort` asc  [ RunTime:0.000000s ]
SQL: CREATE TABLE IF NOT EXISTS `tp_system_info` (`lastsqlupdate` INT( 10 ) NOT NULL ,`version` VARCHAR( 10 ) NOT NULL) ENGINE = MYISAM CHARACTER SET utf8 [ RunTime:0.000000s ]
NOTIC: [2] mysql_num_rows() expects parameter 1 to be resource, boolean given E:\website\ruanlingtong\Lib\Driver\Db\DbMysql.class.php 第 110 行.
NOTIC: [2] mysql_free_result() expects parameter 1 to be resource, boolean given E:\website\ruanlingtong\Lib\Driver\Db\DbMysql.class.php 第 82 行.
SQL: CREATE TABLE IF NOT EXISTS `tp_update_record` (
  `id` int(11) NOT NULL AUTO_INCREMENT,
  `msg` varchar(600) NOT NULL DEFAULT '',
  `type` varchar(20) NOT NULL DEFAULT '',
  `time` int(10) NOT NULL DEFAULT '0',
  PRIMARY KEY (`id`)
) ENGINE=MYISAM DEFAULT CHARSET=utf8 [ RunTime:0.015600s ]
NOTIC: [2] mysql_num_rows() expects parameter 1 to be resource, boolean given E:\website\ruanlingtong\Lib\Driver\Db\DbMysql.class.php 第 110 行.
NOTIC: [2] mysql_free_result() expects parameter 1 to be resource, boolean given E:\website\ruanlingtong\Lib\Driver\Db\DbMysql.class.php 第 82 行.
SQL: SELECT * FROM `tp_node` WHERE ( `name` = 'Function' ) AND ( `title` = '功能模块' ) LIMIT 1   [ RunTime:0.000000s ]
SQL: SELECT * FROM `tp_node` WHERE ( `name` = 'aboutus' ) LIMIT 1   [ RunTime:0.000000s ]
SQL: SELECT * FROM `tp_node` WHERE ( `title` = '站点设置' ) LIMIT 1   [ RunTime:0.000000s ]
SQL: SELECT * FROM `tp_node` WHERE ( `title` = '平台支付配置' ) LIMIT 1   [ RunTime:0.000000s ]
SQL: SELECT * FROM `tp_node` WHERE ( `title` = '扩展管理' ) LIMIT 1   [ RunTime:0.000000s ]
SQL: SELECT * FROM `tp_node` WHERE ( `title` = '平台支付' ) LIMIT 1   [ RunTime:0.000000s ]
SQL: SELECT * FROM `tp_node` WHERE ( `pid` = 1 ) AND ( `title` = '站点管理' ) ORDER BY id ASC LIMIT 1   [ RunTime:0.000000s ]
SQL: SELECT * FROM `tp_node` WHERE ( `pid` = 2 ) AND ( `title` = '后台首页' ) LIMIT 1   [ RunTime:0.000000s ]
INFO: [ view_template ] --START--
INFO: Run LocationTemplate Behavior [ RunTime:-1.903203s ]
INFO: [ view_template ] --END-- [ RunTime:0.015600s ]
INFO: [ view_parse ] --START--
NOTIC: [8] Use of undefined constant SERVER_SOFTWARE - assumed 'SERVER_SOFTWARE' E:\website\ruanlingtong\Conf\logs\Cache\System\70671f3fb4cc556d45e03bff5207b695.php 第 15 行.
INFO: Run ParseTemplate Behavior [ RunTime:-1.918803s ]
INFO: [ view_parse ] --END-- [ RunTime:0.000000s ]
INFO: [ view_filter ] --START--
INFO: Run ContentReplace Behavior [ RunTime:-1.918803s ]
INFO: Run TokenBuild Behavior [ RunTime:-1.918803s ]
INFO: Run WriteHtmlCache Behavior [ RunTime:-1.918803s ]
INFO: Run ShowRuntime Behavior [ RunTime:-1.918803s ]
INFO: [ view_filter ] --END-- [ RunTime:0.000000s ]
INFO: [ view_end ] --START--
INFO: Run ShowPageTrace Behavior [ RunTime:-1.918803s ]
INFO: [ view_end ] --END-- [ RunTime:0.000000s ]

[ 2015-08-05T10:43:53+08:00 ] 127.0.0.1 /index.php?g=System&m=System&a=main
INFO: [ app_begin ] --START--
INFO: Run ReadHtmlCache Behavior [ RunTime:0.000000s ]
INFO: [ app_begin ] --END-- [ RunTime:0.000000s ]
SQL: SHOW COLUMNS FROM `tp_agent` [ RunTime:0.000000s ]
SQL: SELECT * FROM `tp_agent` WHERE ( `siteurl` = 'http://www.cgtblogpigcms.com' ) LIMIT 1   [ RunTime:0.000000s ]
NOTIC: [8] Constant STATICS already defined E:\website\ruanlingtong\PigCms\Lib\Action\BaseAction.class.php 第 128 行.
SQL: SHOW COLUMNS FROM `tp_node` [ RunTime:0.000000s ]
SQL: SELECT * FROM `tp_node` WHERE ( `level` = null ) AND ( `pid` = 2 ) AND ( `status` = 1 ) AND ( `display` > 0 ) ORDER BY `sort` asc  [ RunTime:0.000000s ]
SQL: CREATE TABLE IF NOT EXISTS `tp_system_info` (`lastsqlupdate` INT( 10 ) NOT NULL ,`version` VARCHAR( 10 ) NOT NULL) ENGINE = MYISAM CHARACTER SET utf8 [ RunTime:0.000000s ]
NOTIC: [2] mysql_num_rows() expects parameter 1 to be resource, boolean given E:\website\ruanlingtong\Lib\Driver\Db\DbMysql.class.php 第 110 行.
NOTIC: [2] mysql_free_result() expects parameter 1 to be resource, boolean given E:\website\ruanlingtong\Lib\Driver\Db\DbMysql.class.php 第 82 行.
SQL: CREATE TABLE IF NOT EXISTS `tp_update_record` (
  `id` int(11) NOT NULL AUTO_INCREMENT,
  `msg` varchar(600) NOT NULL DEFAULT '',
  `type` varchar(20) NOT NULL DEFAULT '',
  `time` int(10) NOT NULL DEFAULT '0',
  PRIMARY KEY (`id`)
) ENGINE=MYISAM DEFAULT CHARSET=utf8 [ RunTime:0.000000s ]
NOTIC: [2] mysql_num_rows() expects parameter 1 to be resource, boolean given E:\website\ruanlingtong\Lib\Driver\Db\DbMysql.class.php 第 110 行.
NOTIC: [2] mysql_free_result() expects parameter 1 to be resource, boolean given E:\website\ruanlingtong\Lib\Driver\Db\DbMysql.class.php 第 82 行.
SQL: SELECT * FROM `tp_node` WHERE ( `name` = 'Function' ) AND ( `title` = '功能模块' ) LIMIT 1   [ RunTime:0.000000s ]
SQL: SELECT * FROM `tp_node` WHERE ( `name` = 'aboutus' ) LIMIT 1   [ RunTime:0.000000s ]
SQL: SELECT * FROM `tp_node` WHERE ( `title` = '站点设置' ) LIMIT 1   [ RunTime:0.000000s ]
SQL: SELECT * FROM `tp_node` WHERE ( `title` = '平台支付配置' ) LIMIT 1   [ RunTime:0.000000s ]
SQL: SELECT * FROM `tp_node` WHERE ( `title` = '扩展管理' ) LIMIT 1   [ RunTime:0.000000s ]
SQL: SELECT * FROM `tp_node` WHERE ( `title` = '平台支付' ) LIMIT 1   [ RunTime:0.000000s ]
SQL: SELECT * FROM `tp_node` WHERE ( `pid` = 1 ) AND ( `title` = '站点管理' ) ORDER BY id ASC LIMIT 1   [ RunTime:0.000000s ]
SQL: SELECT * FROM `tp_node` WHERE ( `pid` = 2 ) AND ( `title` = '后台首页' ) LIMIT 1   [ RunTime:0.000000s ]
INFO: [ view_template ] --START--
INFO: Run LocationTemplate Behavior [ RunTime:-2.667605s ]
INFO: [ view_template ] --END-- [ RunTime:0.000000s ]
INFO: [ view_parse ] --START--
NOTIC: [8] Use of undefined constant SERVER_SOFTWARE - assumed 'SERVER_SOFTWARE' E:\website\ruanlingtong\Conf\logs\Cache\System\70671f3fb4cc556d45e03bff5207b695.php 第 15 行.
INFO: Run ParseTemplate Behavior [ RunTime:-2.667605s ]
INFO: [ view_parse ] --END-- [ RunTime:0.000000s ]
INFO: [ view_filter ] --START--
INFO: Run ContentReplace Behavior [ RunTime:-2.667605s ]
INFO: Run TokenBuild Behavior [ RunTime:-2.667605s ]
INFO: Run WriteHtmlCache Behavior [ RunTime:-2.667605s ]
INFO: Run ShowRuntime Behavior [ RunTime:-2.683205s ]
INFO: [ view_filter ] --END-- [ RunTime:0.015600s ]
INFO: [ view_end ] --START--
INFO: Run ShowPageTrace Behavior [ RunTime:-2.683205s ]
INFO: [ view_end ] --END-- [ RunTime:0.000000s ]

[ 2015-08-05T10:43:55+08:00 ] 127.0.0.1 /index.php?g=System&m=Site&a=index&pid=6&level=3
INFO: [ app_begin ] --START--
INFO: Run ReadHtmlCache Behavior [ RunTime:0.000000s ]
INFO: [ app_begin ] --END-- [ RunTime:0.000000s ]
NOTIC: [2048] Declaration of SiteAction::insert() should be compatible with that of BaseAction::insert() E:\website\ruanlingtong\PigCms\Lib\Action\System\SiteAction.class.php 第 2 行.
SQL: SHOW COLUMNS FROM `tp_agent` [ RunTime:0.000000s ]
SQL: SELECT * FROM `tp_agent` WHERE ( `siteurl` = 'http://www.cgtblogpigcms.com' ) LIMIT 1   [ RunTime:0.000000s ]
NOTIC: [8] Constant STATICS already defined E:\website\ruanlingtong\PigCms\Lib\Action\BaseAction.class.php 第 128 行.
SQL: SHOW COLUMNS FROM `tp_node` [ RunTime:0.015600s ]
SQL: SELECT * FROM `tp_node` WHERE ( `level` = 3 ) AND ( `pid` = 6 ) AND ( `status` = 1 ) AND ( `display` > 0 ) ORDER BY `sort` asc  [ RunTime:0.000000s ]
SQL: SHOW COLUMNS FROM `tp_user_group` [ RunTime:0.015600s ]
SQL: SELECT * FROM `tp_user_group` ORDER BY id ASC  [ RunTime:0.000000s ]
INFO: [ view_template ] --START--
INFO: Run LocationTemplate Behavior [ RunTime:-1.060801s ]
INFO: [ view_template ] --END-- [ RunTime:0.000000s ]
INFO: [ view_parse ] --START--
NOTIC: [8] Use of undefined constant checked - assumed 'checked' E:\website\ruanlingtong\Conf\logs\Cache\System\290787b61e1d188e50b8f6a79194f6f3.php 第 30 行.
NOTIC: [8] Undefined variable: token E:\website\ruanlingtong\Conf\logs\Cache\System\290787b61e1d188e50b8f6a79194f6f3.php 第 45 行.
NOTIC: [8] Undefined variable: token E:\website\ruanlingtong\Conf\logs\Cache\System\290787b61e1d188e50b8f6a79194f6f3.php 第 53 行.
NOTIC: [8] Use of undefined constant checked - assumed 'checked' E:\website\ruanlingtong\Conf\logs\Cache\System\290787b61e1d188e50b8f6a79194f6f3.php 第 90 行.
NOTIC: [8] Use of undefined constant checked - assumed 'checked' E:\website\ruanlingtong\Conf\logs\Cache\System\290787b61e1d188e50b8f6a79194f6f3.php 第 94 行.
NOTIC: [8] Use of undefined constant checked - assumed 'checked' E:\website\ruanlingtong\Conf\logs\Cache\System\290787b61e1d188e50b8f6a79194f6f3.php 第 98 行.
NOTIC: [8] Use of undefined constant checked - assumed 'checked' E:\website\ruanlingtong\Conf\logs\Cache\System\290787b61e1d188e50b8f6a79194f6f3.php 第 102 行.
NOTIC: [8] Use of undefined constant checked - assumed 'checked' E:\website\ruanlingtong\Conf\logs\Cache\System\290787b61e1d188e50b8f6a79194f6f3.php 第 106 行.
NOTIC: [8] Use of undefined constant checked - assumed 'checked' E:\website\ruanlingtong\Conf\logs\Cache\System\290787b61e1d188e50b8f6a79194f6f3.php 第 110 行.
NOTIC: [8] Use of undefined constant checked - assumed 'checked' E:\website\ruanlingtong\Conf\logs\Cache\System\290787b61e1d188e50b8f6a79194f6f3.php 第 202 行.
INFO: Run ParseTemplate Behavior [ RunTime:-1.060801s ]
INFO: [ view_parse ] --END-- [ RunTime:0.031200s ]
INFO: [ view_filter ] --START--
INFO: Run ContentReplace Behavior [ RunTime:-1.092001s ]
INFO: Run TokenBuild Behavior [ RunTime:-1.092001s ]
INFO: Run WriteHtmlCache Behavior [ RunTime:-1.092001s ]
INFO: Run ShowRuntime Behavior [ RunTime:-1.107601s ]
INFO: [ view_filter ] --END-- [ RunTime:0.015600s ]
INFO: [ view_end ] --START--
INFO: Run ShowPageTrace Behavior [ RunTime:-1.107601s ]
INFO: [ view_end ] --END-- [ RunTime:0.000000s ]

[ 2015-08-05T10:44:00+08:00 ] 127.0.0.1 /index.php?g=System&m=Site&a=themes&pid=6&level=3
INFO: [ app_begin ] --START--
INFO: Run ReadHtmlCache Behavior [ RunTime:0.000000s ]
INFO: [ app_begin ] --END-- [ RunTime:0.000000s ]
NOTIC: [2048] Declaration of SiteAction::insert() should be compatible with that of BaseAction::insert() E:\website\ruanlingtong\PigCms\Lib\Action\System\SiteAction.class.php 第 2 行.
SQL: SHOW COLUMNS FROM `tp_agent` [ RunTime:0.000000s ]
SQL: SELECT * FROM `tp_agent` WHERE ( `siteurl` = 'http://www.cgtblogpigcms.com' ) LIMIT 1   [ RunTime:0.000000s ]
NOTIC: [8] Constant STATICS already defined E:\website\ruanlingtong\PigCms\Lib\Action\BaseAction.class.php 第 128 行.
SQL: SHOW COLUMNS FROM `tp_node` [ RunTime:0.000000s ]
SQL: SELECT * FROM `tp_node` WHERE ( `level` = 3 ) AND ( `pid` = 6 ) AND ( `status` = 1 ) AND ( `display` > 0 ) ORDER BY `sort` asc  [ RunTime:0.015600s ]
INFO: [ view_template ] --START--
INFO: Run LocationTemplate Behavior [ RunTime:-1.076401s ]
INFO: [ view_template ] --END-- [ RunTime:0.000000s ]
INFO: [ view_parse ] --START--
INFO: Run ParseTemplate Behavior [ RunTime:-1.076401s ]
INFO: [ view_parse ] --END-- [ RunTime:0.015600s ]
INFO: [ view_filter ] --START--
INFO: Run ContentReplace Behavior [ RunTime:-1.092001s ]
INFO: Run TokenBuild Behavior [ RunTime:-1.092001s ]
INFO: Run WriteHtmlCache Behavior [ RunTime:-1.092001s ]
INFO: Run ShowRuntime Behavior [ RunTime:-1.092001s ]
INFO: [ view_filter ] --END-- [ RunTime:0.000000s ]
INFO: [ view_end ] --START--
INFO: Run ShowPageTrace Behavior [ RunTime:-1.092001s ]
INFO: [ view_end ] --END-- [ RunTime:0.000000s ]

[ 2015-08-05T10:44:38+08:00 ] 127.0.0.1 /index.php?g=System&m=Site&a=themes&pid=6&level=3
INFO: [ app_begin ] --START--
INFO: Run ReadHtmlCache Behavior [ RunTime:0.001001s ]
INFO: [ app_begin ] --END-- [ RunTime:0.001001s ]
NOTIC: [2048] Declaration of SiteAction::insert() should be compatible with that of BaseAction::insert() E:\website\ruanlingtong\PigCms\Lib\Action\System\SiteAction.class.php 第 2 行.
SQL: SHOW COLUMNS FROM `tp_agent` [ RunTime:0.004001s ]
SQL: SELECT * FROM `tp_agent` WHERE ( `siteurl` = 'http://www.cgtblogpigcms.com' ) LIMIT 1   [ RunTime:0.000000s ]
NOTIC: [8] Constant STATICS already defined E:\website\ruanlingtong\PigCms\Lib\Action\BaseAction.class.php 第 128 行.
SQL: SHOW COLUMNS FROM `tp_node` [ RunTime:0.005000s ]
SQL: SELECT * FROM `tp_node` WHERE ( `level` = 3 ) AND ( `pid` = 6 ) AND ( `status` = 1 ) AND ( `display` > 0 ) ORDER BY `sort` asc  [ RunTime:0.001000s ]
INFO: [ view_template ] --START--
INFO: Run LocationTemplate Behavior [ RunTime:-1.024058s ]
INFO: [ view_template ] --END-- [ RunTime:0.002000s ]
INFO: [ view_parse ] --START--
INFO: Run ParseTemplate Behavior [ RunTime:-1.026058s ]
INFO: [ view_parse ] --END-- [ RunTime:0.008001s ]
INFO: [ view_filter ] --START--
INFO: Run ContentReplace Behavior [ RunTime:-1.034059s ]
INFO: Run TokenBuild Behavior [ RunTime:-1.034059s ]
INFO: Run WriteHtmlCache Behavior [ RunTime:-1.035059s ]
INFO: Run ShowRuntime Behavior [ RunTime:-1.035059s ]
INFO: [ view_filter ] --END-- [ RunTime:0.001000s ]
INFO: [ view_end ] --START--
INFO: Run ShowPageTrace Behavior [ RunTime:-1.035059s ]
INFO: [ view_end ] --END-- [ RunTime:0.001000s ]

