[ 2015-04-16T03:34:08+08:00 ] 119.147.207.158 /
SQL: SHOW COLUMNS FROM `tp_agent` [ RunTime:0.000000s ]
SQL: SELECT * FROM `tp_agent` WHERE ( `siteurl` = 'http://www.softphs.cn' ) LIMIT 1   [ RunTime:0.000000s ]
INFO: [ app_begin ] --START--
INFO: Run ReadHtmlCache Behavior [ RunTime:0.000000s ]
INFO: [ app_begin ] --END-- [ RunTime:0.000000s ]
NOTIC: [8] Undefined index: HTTP_USER_AGENT C:\WWW\ruanlingtong\PigCms\Lib\Action\BaseAction.class.php 第 21 行.
SQL: SHOW COLUMNS FROM `tp_agent` [ RunTime:0.000000s ]
SQL: SELECT * FROM `tp_agent` WHERE ( `siteurl` = 'http://www.softphs.cn' ) LIMIT 1   [ RunTime:0.000000s ]
NOTIC: [8] Undefined index: www.softphs.cnnomsite C:\WWW\ruanlingtong\PigCms\Lib\Action\BaseAction.class.php 第 36 行.
SQL: SHOW COLUMNS FROM `tp_mobilesite` [ RunTime:0.000000s ]
NOTIC: [8] Undefined index: www.softphs.cn C:\WWW\ruanlingtong\PigCms\Lib\Action\BaseAction.class.php 第 338 行.
SQL: SELECT * FROM `tp_mobilesite` WHERE ( `owndomain` = 'www.softphs.cn' ) LIMIT 1   [ RunTime:0.000000s ]
SQL: SELECT * FROM `tp_agent` WHERE ( `siteurl` = 'http://www.softphs.cn' ) LIMIT 1   [ RunTime:0.000000s ]
NOTIC: [8] Constant STATICS already defined C:\WWW\ruanlingtong\PigCms\Lib\Action\BaseAction.class.php 第 116 行.
SQL: SHOW COLUMNS FROM `tp_images` [ RunTime:0.000000s ]
SQL: SELECT * FROM `tp_images` LIMIT 1   [ RunTime:0.000000s ]
SQL: SHOW COLUMNS FROM `tp_links` [ RunTime:0.000000s ]
SQL: SELECT * FROM `tp_links` WHERE ( `status` = 1 ) AND ( `agentid` = 0 )  [ RunTime:0.000000s ]
SQL: SHOW COLUMNS FROM `tp_renew` [ RunTime:0.000000s ]
SQL: SHOW COLUMNS FROM `tp_banners` [ RunTime:0.000000s ]
SQL: SHOW COLUMNS FROM `tp_case` [ RunTime:0.000000s ]
SQL: SELECT * FROM `tp_renew` WHERE ( `status` = 1 ) AND ( `agentid` = 0 ) ORDER BY id DESC LIMIT 5   [ RunTime:0.000000s ]
SQL: SELECT * FROM `tp_banners` WHERE ( `status` = 1 ) AND ( `agentid` = 0 ) ORDER BY id DESC  [ RunTime:0.000000s ]
SQL: SELECT * FROM `tp_case` WHERE ( `status` = 1 ) AND ( `agentid` = 0 ) ORDER BY id DESC LIMIT 10   [ RunTime:0.000000s ]
SQL: SHOW COLUMNS FROM `tp_news` [ RunTime:0.000000s ]
SQL: SELECT * FROM `tp_news` LIMIT 1   [ RunTime:0.000000s ]
SQL: SHOW COLUMNS FROM `tp_img` [ RunTime:0.000000s ]
SQL: SELECT * FROM `tp_img` WHERE ( `classid` = 0 ) ORDER BY id DESC LIMIT 5   [ RunTime:0.015625s ]
SQL: SELECT * FROM `tp_img` WHERE ( `classid` = 0 ) ORDER BY id DESC LIMIT 5   [ RunTime:0.000000s ]
SQL: SELECT * FROM `tp_img` WHERE ( `classid` = 0 ) ORDER BY id DESC LIMIT 5   [ RunTime:0.000000s ]
INFO: [ view_template ] --START--
INFO: Run LocationTemplate Behavior [ RunTime:-0.031249s ]
INFO: [ view_template ] --END-- [ RunTime:0.000000s ]
INFO: [ view_parse ] --START--
NOTIC: [8] Use of undefined constant uid - assumed 'uid' C:\WWW\ruanlingtong\Conf\logs\Cache\Home\e8edd32bcbb2d7ab2f0f8d14c550c52b.php 第 94 行.
NOTIC: [8] Undefined index: uid C:\WWW\ruanlingtong\Conf\logs\Cache\Home\e8edd32bcbb2d7ab2f0f8d14c550c52b.php 第 94 行.
INFO: Run ParseTemplate Behavior [ RunTime:-0.031249s ]
INFO: [ view_parse ] --END-- [ RunTime:0.031250s ]
INFO: [ view_filter ] --START--
INFO: Run ContentReplace Behavior [ RunTime:-0.062499s ]
INFO: Run TokenBuild Behavior [ RunTime:-0.062499s ]
INFO: Run WriteHtmlCache Behavior [ RunTime:-0.062499s ]
INFO: Run ShowRuntime Behavior [ RunTime:-0.062499s ]
INFO: [ view_filter ] --END-- [ RunTime:0.000000s ]
INFO: [ view_end ] --START--
INFO: Run ShowPageTrace Behavior [ RunTime:-0.062499s ]
INFO: [ view_end ] --END-- [ RunTime:0.000000s ]

[ 2015-04-16T03:34:08+08:00 ] 119.147.207.158 /
SQL: SHOW COLUMNS FROM `tp_agent` [ RunTime:0.000000s ]
SQL: SELECT * FROM `tp_agent` WHERE ( `siteurl` = 'http://www.softphs.com' ) LIMIT 1   [ RunTime:0.000000s ]
INFO: [ app_begin ] --START--
INFO: Run ReadHtmlCache Behavior [ RunTime:0.000000s ]
INFO: [ app_begin ] --END-- [ RunTime:0.000000s ]
NOTIC: [8] Undefined index: HTTP_USER_AGENT C:\WWW\ruanlingtong\PigCms\Lib\Action\BaseAction.class.php 第 21 行.
SQL: SHOW COLUMNS FROM `tp_agent` [ RunTime:0.000000s ]
SQL: SELECT * FROM `tp_agent` WHERE ( `siteurl` = 'http://www.softphs.com' ) LIMIT 1   [ RunTime:0.000000s ]
NOTIC: [8] Undefined index: www.softphs.comnomsite C:\WWW\ruanlingtong\PigCms\Lib\Action\BaseAction.class.php 第 36 行.
SQL: SHOW COLUMNS FROM `tp_mobilesite` [ RunTime:0.000000s ]
NOTIC: [8] Undefined index: www.softphs.com C:\WWW\ruanlingtong\PigCms\Lib\Action\BaseAction.class.php 第 338 行.
SQL: SELECT * FROM `tp_mobilesite` WHERE ( `owndomain` = 'www.softphs.com' ) LIMIT 1   [ RunTime:0.000000s ]
SQL: SELECT * FROM `tp_agent` WHERE ( `siteurl` = 'http://www.softphs.com' ) LIMIT 1   [ RunTime:0.000000s ]
NOTIC: [8] Constant STATICS already defined C:\WWW\ruanlingtong\PigCms\Lib\Action\BaseAction.class.php 第 116 行.
SQL: SHOW COLUMNS FROM `tp_images` [ RunTime:0.000000s ]
SQL: SELECT * FROM `tp_images` LIMIT 1   [ RunTime:0.000000s ]
SQL: SHOW COLUMNS FROM `tp_links` [ RunTime:0.000000s ]
SQL: SELECT * FROM `tp_links` WHERE ( `status` = 1 ) AND ( `agentid` = 0 )  [ RunTime:0.000000s ]
SQL: SHOW COLUMNS FROM `tp_renew` [ RunTime:0.015624s ]
SQL: SHOW COLUMNS FROM `tp_banners` [ RunTime:0.000000s ]
SQL: SHOW COLUMNS FROM `tp_case` [ RunTime:0.000000s ]
SQL: SELECT * FROM `tp_renew` WHERE ( `status` = 1 ) AND ( `agentid` = 0 ) ORDER BY id DESC LIMIT 5   [ RunTime:0.000000s ]
SQL: SELECT * FROM `tp_banners` WHERE ( `status` = 1 ) AND ( `agentid` = 0 ) ORDER BY id DESC  [ RunTime:0.000000s ]
SQL: SELECT * FROM `tp_case` WHERE ( `status` = 1 ) AND ( `agentid` = 0 ) ORDER BY id DESC LIMIT 10   [ RunTime:0.000000s ]
SQL: SHOW COLUMNS FROM `tp_news` [ RunTime:0.000000s ]
SQL: SELECT * FROM `tp_news` LIMIT 1   [ RunTime:0.000000s ]
SQL: SHOW COLUMNS FROM `tp_img` [ RunTime:0.000000s ]
SQL: SELECT * FROM `tp_img` WHERE ( `classid` = 0 ) ORDER BY id DESC LIMIT 5   [ RunTime:0.000000s ]
SQL: SELECT * FROM `tp_img` WHERE ( `classid` = 0 ) ORDER BY id DESC LIMIT 5   [ RunTime:0.000000s ]
SQL: SELECT * FROM `tp_img` WHERE ( `classid` = 0 ) ORDER BY id DESC LIMIT 5   [ RunTime:0.000000s ]
INFO: [ view_template ] --START--
INFO: Run LocationTemplate Behavior [ RunTime:-0.015624s ]
INFO: [ view_template ] --END-- [ RunTime:0.000000s ]
INFO: [ view_parse ] --START--
NOTIC: [8] Use of undefined constant uid - assumed 'uid' C:\WWW\ruanlingtong\Conf\logs\Cache\Home\e8edd32bcbb2d7ab2f0f8d14c550c52b.php 第 94 行.
NOTIC: [8] Undefined index: uid C:\WWW\ruanlingtong\Conf\logs\Cache\Home\e8edd32bcbb2d7ab2f0f8d14c550c52b.php 第 94 行.
INFO: Run ParseTemplate Behavior [ RunTime:-0.015624s ]
INFO: [ view_parse ] --END-- [ RunTime:0.031250s ]
INFO: [ view_filter ] --START--
INFO: Run ContentReplace Behavior [ RunTime:-0.046874s ]
INFO: Run TokenBuild Behavior [ RunTime:-0.046874s ]
INFO: Run WriteHtmlCache Behavior [ RunTime:-0.046874s ]
INFO: Run ShowRuntime Behavior [ RunTime:-0.046874s ]
INFO: [ view_filter ] --END-- [ RunTime:0.000000s ]
INFO: [ view_end ] --START--
INFO: Run ShowPageTrace Behavior [ RunTime:-0.046874s ]
INFO: [ view_end ] --END-- [ RunTime:0.000000s ]

[ 2015-04-16T03:54:37+08:00 ] 182.118.25.240 /
SQL: SHOW COLUMNS FROM `tp_agent` [ RunTime:0.000000s ]
SQL: SELECT * FROM `tp_agent` WHERE ( `siteurl` = 'http://www.softphs.com' ) LIMIT 1   [ RunTime:0.000000s ]
INFO: [ app_begin ] --START--
INFO: Run ReadHtmlCache Behavior [ RunTime:0.000000s ]
INFO: [ app_begin ] --END-- [ RunTime:0.000000s ]
SQL: SHOW COLUMNS FROM `tp_agent` [ RunTime:0.000000s ]
SQL: SELECT * FROM `tp_agent` WHERE ( `siteurl` = 'http://www.softphs.com' ) LIMIT 1   [ RunTime:0.000000s ]
NOTIC: [8] Undefined index: www.softphs.comnomsite C:\WWW\ruanlingtong\PigCms\Lib\Action\BaseAction.class.php 第 36 行.
SQL: SHOW COLUMNS FROM `tp_mobilesite` [ RunTime:0.000000s ]
NOTIC: [8] Undefined index: www.softphs.com C:\WWW\ruanlingtong\PigCms\Lib\Action\BaseAction.class.php 第 338 行.
SQL: SELECT * FROM `tp_mobilesite` WHERE ( `owndomain` = 'www.softphs.com' ) LIMIT 1   [ RunTime:0.000000s ]
SQL: SELECT * FROM `tp_agent` WHERE ( `siteurl` = 'http://www.softphs.com' ) LIMIT 1   [ RunTime:0.000000s ]
NOTIC: [8] Constant STATICS already defined C:\WWW\ruanlingtong\PigCms\Lib\Action\BaseAction.class.php 第 116 行.
SQL: SHOW COLUMNS FROM `tp_images` [ RunTime:0.000000s ]
SQL: SELECT * FROM `tp_images` LIMIT 1   [ RunTime:0.000000s ]
SQL: SHOW COLUMNS FROM `tp_links` [ RunTime:0.015625s ]
SQL: SELECT * FROM `tp_links` WHERE ( `status` = 1 ) AND ( `agentid` = 0 )  [ RunTime:0.000000s ]
SQL: SHOW COLUMNS FROM `tp_renew` [ RunTime:0.000000s ]
SQL: SHOW COLUMNS FROM `tp_banners` [ RunTime:0.000000s ]
SQL: SHOW COLUMNS FROM `tp_case` [ RunTime:0.000000s ]
SQL: SELECT * FROM `tp_renew` WHERE ( `status` = 1 ) AND ( `agentid` = 0 ) ORDER BY id DESC LIMIT 5   [ RunTime:0.000000s ]
SQL: SELECT * FROM `tp_banners` WHERE ( `status` = 1 ) AND ( `agentid` = 0 ) ORDER BY id DESC  [ RunTime:0.000000s ]
SQL: SELECT * FROM `tp_case` WHERE ( `status` = 1 ) AND ( `agentid` = 0 ) ORDER BY id DESC LIMIT 10   [ RunTime:0.000000s ]
SQL: SHOW COLUMNS FROM `tp_news` [ RunTime:0.000000s ]
SQL: SELECT * FROM `tp_news` LIMIT 1   [ RunTime:0.000000s ]
SQL: SHOW COLUMNS FROM `tp_img` [ RunTime:0.000000s ]
SQL: SELECT * FROM `tp_img` WHERE ( `classid` = 0 ) ORDER BY id DESC LIMIT 5   [ RunTime:0.000000s ]
SQL: SELECT * FROM `tp_img` WHERE ( `classid` = 0 ) ORDER BY id DESC LIMIT 5   [ RunTime:0.000000s ]
SQL: SELECT * FROM `tp_img` WHERE ( `classid` = 0 ) ORDER BY id DESC LIMIT 5   [ RunTime:0.000000s ]
INFO: [ view_template ] --START--
INFO: Run LocationTemplate Behavior [ RunTime:-0.015625s ]
INFO: [ view_template ] --END-- [ RunTime:0.000000s ]
INFO: [ view_parse ] --START--
NOTIC: [8] Use of undefined constant uid - assumed 'uid' C:\WWW\ruanlingtong\Conf\logs\Cache\Home\e8edd32bcbb2d7ab2f0f8d14c550c52b.php 第 94 行.
NOTIC: [8] Undefined index: uid C:\WWW\ruanlingtong\Conf\logs\Cache\Home\e8edd32bcbb2d7ab2f0f8d14c550c52b.php 第 94 行.
INFO: Run ParseTemplate Behavior [ RunTime:-0.015625s ]
INFO: [ view_parse ] --END-- [ RunTime:0.031250s ]
INFO: [ view_filter ] --START--
INFO: Run ContentReplace Behavior [ RunTime:-0.046875s ]
INFO: Run TokenBuild Behavior [ RunTime:-0.046875s ]
INFO: Run WriteHtmlCache Behavior [ RunTime:-0.046875s ]
INFO: Run ShowRuntime Behavior [ RunTime:-0.046875s ]
INFO: [ view_filter ] --END-- [ RunTime:0.000000s ]
INFO: [ view_end ] --START--
INFO: Run ShowPageTrace Behavior [ RunTime:-0.046875s ]
INFO: [ view_end ] --END-- [ RunTime:0.000000s ]

[ 2015-04-16T23:53:06+08:00 ] 223.68.162.169 /
SQL: SHOW COLUMNS FROM `tp_agent` [ RunTime:0.093749s ]
SQL: SELECT * FROM `tp_agent` WHERE ( `siteurl` = 'http://www.softphs.com' ) LIMIT 1   [ RunTime:0.015625s ]
INFO: [ app_begin ] --START--
INFO: Run ReadHtmlCache Behavior [ RunTime:0.015625s ]
INFO: [ app_begin ] --END-- [ RunTime:0.015625s ]
SQL: SHOW COLUMNS FROM `tp_agent` [ RunTime:0.000000s ]
SQL: SELECT * FROM `tp_agent` WHERE ( `siteurl` = 'http://www.softphs.com' ) LIMIT 1   [ RunTime:0.015625s ]
NOTIC: [8] Undefined index: www.softphs.comnomsite C:\WWW\ruanlingtong\PigCms\Lib\Action\BaseAction.class.php 第 36 行.
SQL: SHOW COLUMNS FROM `tp_mobilesite` [ RunTime:0.000000s ]
NOTIC: [8] Undefined index: www.softphs.com C:\WWW\ruanlingtong\PigCms\Lib\Action\BaseAction.class.php 第 338 行.
SQL: SELECT * FROM `tp_mobilesite` WHERE ( `owndomain` = 'www.softphs.com' ) LIMIT 1   [ RunTime:0.000000s ]
SQL: SELECT * FROM `tp_agent` WHERE ( `siteurl` = 'http://www.softphs.com' ) LIMIT 1   [ RunTime:0.000000s ]
NOTIC: [8] Constant STATICS already defined C:\WWW\ruanlingtong\PigCms\Lib\Action\BaseAction.class.php 第 116 行.
SQL: SHOW COLUMNS FROM `tp_images` [ RunTime:0.031250s ]
SQL: SELECT * FROM `tp_images` LIMIT 1   [ RunTime:0.000000s ]
SQL: SHOW COLUMNS FROM `tp_links` [ RunTime:0.031250s ]
SQL: SELECT * FROM `tp_links` WHERE ( `status` = 1 ) AND ( `agentid` = 0 )  [ RunTime:0.000000s ]
SQL: SHOW COLUMNS FROM `tp_renew` [ RunTime:0.015625s ]
SQL: SHOW COLUMNS FROM `tp_banners` [ RunTime:0.015624s ]
SQL: SHOW COLUMNS FROM `tp_case` [ RunTime:0.015625s ]
SQL: SELECT * FROM `tp_renew` WHERE ( `status` = 1 ) AND ( `agentid` = 0 ) ORDER BY id DESC LIMIT 5   [ RunTime:0.000000s ]
SQL: SELECT * FROM `tp_banners` WHERE ( `status` = 1 ) AND ( `agentid` = 0 ) ORDER BY id DESC  [ RunTime:0.000000s ]
SQL: SELECT * FROM `tp_case` WHERE ( `status` = 1 ) AND ( `agentid` = 0 ) ORDER BY id DESC LIMIT 10   [ RunTime:0.000000s ]
SQL: SHOW COLUMNS FROM `tp_news` [ RunTime:0.031250s ]
SQL: SELECT * FROM `tp_news` LIMIT 1   [ RunTime:0.000000s ]
SQL: SHOW COLUMNS FROM `tp_img` [ RunTime:0.015625s ]
SQL: SELECT * FROM `tp_img` WHERE ( `classid` = 0 ) ORDER BY id DESC LIMIT 5   [ RunTime:0.000000s ]
SQL: SELECT * FROM `tp_img` WHERE ( `classid` = 0 ) ORDER BY id DESC LIMIT 5   [ RunTime:0.000000s ]
SQL: SELECT * FROM `tp_img` WHERE ( `classid` = 0 ) ORDER BY id DESC LIMIT 5   [ RunTime:0.000000s ]
INFO: [ view_template ] --START--
INFO: Run LocationTemplate Behavior [ RunTime:-0.328123s ]
INFO: [ view_template ] --END-- [ RunTime:0.015625s ]
INFO: [ view_parse ] --START--
NOTIC: [8] Use of undefined constant uid - assumed 'uid' C:\WWW\ruanlingtong\Conf\logs\Cache\Home\e8edd32bcbb2d7ab2f0f8d14c550c52b.php 第 94 行.
NOTIC: [8] Undefined index: uid C:\WWW\ruanlingtong\Conf\logs\Cache\Home\e8edd32bcbb2d7ab2f0f8d14c550c52b.php 第 94 行.
INFO: Run ParseTemplate Behavior [ RunTime:-0.343748s ]
INFO: [ view_parse ] --END-- [ RunTime:0.124999s ]
INFO: [ view_filter ] --START--
INFO: Run ContentReplace Behavior [ RunTime:-0.468747s ]
INFO: Run TokenBuild Behavior [ RunTime:-0.484372s ]
INFO: Run WriteHtmlCache Behavior [ RunTime:-0.484372s ]
INFO: Run ShowRuntime Behavior [ RunTime:-0.484372s ]
INFO: [ view_filter ] --END-- [ RunTime:0.015625s ]
INFO: [ view_end ] --START--
INFO: Run ShowPageTrace Behavior [ RunTime:-0.484372s ]
INFO: [ view_end ] --END-- [ RunTime:0.000000s ]

[ 2015-04-16T23:53:06+08:00 ] 223.68.162.166 /
SQL: SHOW COLUMNS FROM `tp_agent` [ RunTime:0.093749s ]
SQL: SELECT * FROM `tp_agent` WHERE ( `siteurl` = 'http://www.softphs.com' ) LIMIT 1   [ RunTime:0.015625s ]
INFO: [ app_begin ] --START--
INFO: Run ReadHtmlCache Behavior [ RunTime:0.015625s ]
INFO: [ app_begin ] --END-- [ RunTime:0.015625s ]
SQL: SHOW COLUMNS FROM `tp_agent` [ RunTime:0.000000s ]
SQL: SELECT * FROM `tp_agent` WHERE ( `siteurl` = 'http://www.softphs.com' ) LIMIT 1   [ RunTime:0.000000s ]
NOTIC: [8] Undefined index: www.softphs.comnomsite C:\WWW\ruanlingtong\PigCms\Lib\Action\BaseAction.class.php 第 36 行.
SQL: SHOW COLUMNS FROM `tp_mobilesite` [ RunTime:0.015625s ]
NOTIC: [8] Undefined index: www.softphs.com C:\WWW\ruanlingtong\PigCms\Lib\Action\BaseAction.class.php 第 338 行.
SQL: SELECT * FROM `tp_mobilesite` WHERE ( `owndomain` = 'www.softphs.com' ) LIMIT 1   [ RunTime:0.000000s ]
SQL: SELECT * FROM `tp_agent` WHERE ( `siteurl` = 'http://www.softphs.com' ) LIMIT 1   [ RunTime:0.000000s ]
NOTIC: [8] Constant STATICS already defined C:\WWW\ruanlingtong\PigCms\Lib\Action\BaseAction.class.php 第 116 行.
SQL: SHOW COLUMNS FROM `tp_images` [ RunTime:0.031250s ]
SQL: SELECT * FROM `tp_images` LIMIT 1   [ RunTime:0.000000s ]
SQL: SHOW COLUMNS FROM `tp_links` [ RunTime:0.031250s ]
SQL: SELECT * FROM `tp_links` WHERE ( `status` = 1 ) AND ( `agentid` = 0 )  [ RunTime:0.000000s ]
SQL: SHOW COLUMNS FROM `tp_renew` [ RunTime:0.031249s ]
SQL: SHOW COLUMNS FROM `tp_banners` [ RunTime:0.000000s ]
SQL: SHOW COLUMNS FROM `tp_case` [ RunTime:0.015625s ]
SQL: SELECT * FROM `tp_renew` WHERE ( `status` = 1 ) AND ( `agentid` = 0 ) ORDER BY id DESC LIMIT 5   [ RunTime:0.000000s ]
SQL: SELECT * FROM `tp_banners` WHERE ( `status` = 1 ) AND ( `agentid` = 0 ) ORDER BY id DESC  [ RunTime:0.000000s ]
SQL: SELECT * FROM `tp_case` WHERE ( `status` = 1 ) AND ( `agentid` = 0 ) ORDER BY id DESC LIMIT 10   [ RunTime:0.000000s ]
SQL: SHOW COLUMNS FROM `tp_news` [ RunTime:0.031250s ]
SQL: SELECT * FROM `tp_news` LIMIT 1   [ RunTime:0.000000s ]
SQL: SHOW COLUMNS FROM `tp_img` [ RunTime:0.015625s ]
SQL: SELECT * FROM `tp_img` WHERE ( `classid` = 0 ) ORDER BY id DESC LIMIT 5   [ RunTime:0.000000s ]
SQL: SELECT * FROM `tp_img` WHERE ( `classid` = 0 ) ORDER BY id DESC LIMIT 5   [ RunTime:0.000000s ]
SQL: SELECT * FROM `tp_img` WHERE ( `classid` = 0 ) ORDER BY id DESC LIMIT 5   [ RunTime:0.000000s ]
INFO: [ view_template ] --START--
INFO: Run LocationTemplate Behavior [ RunTime:-0.328123s ]
INFO: [ view_template ] --END-- [ RunTime:0.015625s ]
INFO: [ view_parse ] --START--
NOTIC: [8] Use of undefined constant uid - assumed 'uid' C:\WWW\ruanlingtong\Conf\logs\Cache\Home\e8edd32bcbb2d7ab2f0f8d14c550c52b.php 第 94 行.
NOTIC: [8] Undefined index: uid C:\WWW\ruanlingtong\Conf\logs\Cache\Home\e8edd32bcbb2d7ab2f0f8d14c550c52b.php 第 94 行.
INFO: Run ParseTemplate Behavior [ RunTime:-0.343748s ]
INFO: [ view_parse ] --END-- [ RunTime:0.124999s ]
INFO: [ view_filter ] --START--
INFO: Run ContentReplace Behavior [ RunTime:-0.468747s ]
INFO: Run TokenBuild Behavior [ RunTime:-0.468747s ]
INFO: Run WriteHtmlCache Behavior [ RunTime:-0.484372s ]
INFO: Run ShowRuntime Behavior [ RunTime:-0.484372s ]
INFO: [ view_filter ] --END-- [ RunTime:0.015625s ]
INFO: [ view_end ] --START--
INFO: Run ShowPageTrace Behavior [ RunTime:-0.484372s ]
INFO: [ view_end ] --END-- [ RunTime:0.000000s ]

[ 2015-04-16T23:53:24+08:00 ] 223.68.162.157 /index.php?m=Index&a=login
SQL: SHOW COLUMNS FROM `tp_agent` [ RunTime:0.000000s ]
SQL: SELECT * FROM `tp_agent` WHERE ( `siteurl` = 'http://www.softphs.com' ) LIMIT 1   [ RunTime:0.000000s ]
INFO: [ app_begin ] --START--
INFO: Run ReadHtmlCache Behavior [ RunTime:0.000000s ]
INFO: [ app_begin ] --END-- [ RunTime:0.000000s ]
SQL: SELECT * FROM `tp_agent` WHERE ( `siteurl` = 'http://www.softphs.com' ) LIMIT 1   [ RunTime:0.000000s ]
NOTIC: [8] Constant STATICS already defined C:\WWW\ruanlingtong\PigCms\Lib\Action\BaseAction.class.php 第 116 行.
SQL: SHOW COLUMNS FROM `tp_images` [ RunTime:0.000000s ]
SQL: SELECT * FROM `tp_images` LIMIT 1   [ RunTime:0.000000s ]
INFO: [ view_template ] --START--
INFO: Run LocationTemplate Behavior [ RunTime:-0.031250s ]
INFO: [ view_template ] --END-- [ RunTime:0.000000s ]
INFO: [ view_parse ] --START--
NOTIC: [8] Use of undefined constant uid - assumed 'uid' C:\WWW\ruanlingtong\Conf\logs\Cache\Home\868abcbecb3d62899a3f2504092f7429.php 第 36 行.
NOTIC: [8] Undefined index: uid C:\WWW\ruanlingtong\Conf\logs\Cache\Home\868abcbecb3d62899a3f2504092f7429.php 第 36 行.
NOTIC: [8] Undefined index: invitecode C:\WWW\ruanlingtong\Conf\logs\Cache\Home\868abcbecb3d62899a3f2504092f7429.php 第 186 行.
INFO: Run ParseTemplate Behavior [ RunTime:-0.031250s ]
INFO: [ view_parse ] --END-- [ RunTime:0.015625s ]
INFO: [ view_filter ] --START--
INFO: Run ContentReplace Behavior [ RunTime:-0.046875s ]
INFO: Run TokenBuild Behavior [ RunTime:-0.046875s ]
INFO: Run WriteHtmlCache Behavior [ RunTime:-0.046875s ]
INFO: Run ShowRuntime Behavior [ RunTime:-0.046875s ]
INFO: [ view_filter ] --END-- [ RunTime:0.000000s ]
INFO: [ view_end ] --START--
INFO: Run ShowPageTrace Behavior [ RunTime:-0.046875s ]
INFO: [ view_end ] --END-- [ RunTime:0.000000s ]

[ 2015-04-16T23:53:26+08:00 ] 223.68.162.173 /index.php?m=Index&a=verify
SQL: SHOW COLUMNS FROM `tp_agent` [ RunTime:0.000000s ]
SQL: SELECT * FROM `tp_agent` WHERE ( `siteurl` = 'http://www.softphs.com' ) LIMIT 1   [ RunTime:0.000000s ]
INFO: [ app_begin ] --START--
INFO: Run ReadHtmlCache Behavior [ RunTime:0.000000s ]
INFO: [ app_begin ] --END-- [ RunTime:0.000000s ]
SQL: SELECT * FROM `tp_agent` WHERE ( `siteurl` = 'http://www.softphs.com' ) LIMIT 1   [ RunTime:0.015625s ]
NOTIC: [8] Constant STATICS already defined C:\WWW\ruanlingtong\PigCms\Lib\Action\BaseAction.class.php 第 116 行.
SQL: SHOW COLUMNS FROM `tp_images` [ RunTime:0.000000s ]
SQL: SELECT * FROM `tp_images` LIMIT 1   [ RunTime:0.000000s ]

[ 2015-04-16T23:53:26+08:00 ] 223.68.162.157 /index.php?m=Index&a=verifyLogin
SQL: SHOW COLUMNS FROM `tp_agent` [ RunTime:0.000000s ]
SQL: SELECT * FROM `tp_agent` WHERE ( `siteurl` = 'http://www.softphs.com' ) LIMIT 1   [ RunTime:0.000000s ]
INFO: [ app_begin ] --START--
INFO: Run ReadHtmlCache Behavior [ RunTime:0.000000s ]
INFO: [ app_begin ] --END-- [ RunTime:0.000000s ]
SQL: SELECT * FROM `tp_agent` WHERE ( `siteurl` = 'http://www.softphs.com' ) LIMIT 1   [ RunTime:0.000000s ]
NOTIC: [8] Constant STATICS already defined C:\WWW\ruanlingtong\PigCms\Lib\Action\BaseAction.class.php 第 116 行.
SQL: SHOW COLUMNS FROM `tp_images` [ RunTime:0.000000s ]
SQL: SELECT * FROM `tp_images` LIMIT 1   [ RunTime:0.000000s ]

[ 2015-04-16T23:53:29+08:00 ] 223.68.162.173 /index.php?m=Index&a=login
SQL: SHOW COLUMNS FROM `tp_agent` [ RunTime:0.000000s ]
SQL: SELECT * FROM `tp_agent` WHERE ( `siteurl` = 'http://www.softphs.com' ) LIMIT 1   [ RunTime:0.000000s ]
INFO: [ app_begin ] --START--
INFO: Run ReadHtmlCache Behavior [ RunTime:0.000000s ]
INFO: [ app_begin ] --END-- [ RunTime:0.000000s ]
SQL: SELECT * FROM `tp_agent` WHERE ( `siteurl` = 'http://www.softphs.com' ) LIMIT 1   [ RunTime:0.000000s ]
NOTIC: [8] Constant STATICS already defined C:\WWW\ruanlingtong\PigCms\Lib\Action\BaseAction.class.php 第 116 行.
SQL: SHOW COLUMNS FROM `tp_images` [ RunTime:0.000000s ]
SQL: SELECT * FROM `tp_images` LIMIT 1   [ RunTime:0.000000s ]
INFO: [ view_template ] --START--
INFO: Run LocationTemplate Behavior [ RunTime:0.000000s ]
INFO: [ view_template ] --END-- [ RunTime:0.000000s ]
INFO: [ view_parse ] --START--
NOTIC: [8] Use of undefined constant uid - assumed 'uid' C:\WWW\ruanlingtong\Conf\logs\Cache\Home\868abcbecb3d62899a3f2504092f7429.php 第 36 行.
NOTIC: [8] Undefined index: uid C:\WWW\ruanlingtong\Conf\logs\Cache\Home\868abcbecb3d62899a3f2504092f7429.php 第 36 行.
NOTIC: [8] Undefined index: invitecode C:\WWW\ruanlingtong\Conf\logs\Cache\Home\868abcbecb3d62899a3f2504092f7429.php 第 186 行.
INFO: Run ParseTemplate Behavior [ RunTime:0.000000s ]
INFO: [ view_parse ] --END-- [ RunTime:0.015625s ]
INFO: [ view_filter ] --START--
INFO: Run ContentReplace Behavior [ RunTime:-0.015625s ]
INFO: Run TokenBuild Behavior [ RunTime:-0.015625s ]
INFO: Run WriteHtmlCache Behavior [ RunTime:-0.015625s ]
INFO: Run ShowRuntime Behavior [ RunTime:-0.015625s ]
INFO: [ view_filter ] --END-- [ RunTime:0.000000s ]
INFO: [ view_end ] --START--
INFO: Run ShowPageTrace Behavior [ RunTime:-0.015625s ]
INFO: [ view_end ] --END-- [ RunTime:0.000000s ]

[ 2015-04-16T23:53:29+08:00 ] 223.68.162.174 /index.php?m=Index&a=verify
SQL: SHOW COLUMNS FROM `tp_agent` [ RunTime:0.000000s ]
SQL: SELECT * FROM `tp_agent` WHERE ( `siteurl` = 'http://www.softphs.com' ) LIMIT 1   [ RunTime:0.000000s ]
INFO: [ app_begin ] --START--
INFO: Run ReadHtmlCache Behavior [ RunTime:0.000000s ]
INFO: [ app_begin ] --END-- [ RunTime:0.000000s ]
SQL: SELECT * FROM `tp_agent` WHERE ( `siteurl` = 'http://www.softphs.com' ) LIMIT 1   [ RunTime:0.000000s ]
NOTIC: [8] Constant STATICS already defined C:\WWW\ruanlingtong\PigCms\Lib\Action\BaseAction.class.php 第 116 行.
SQL: SHOW COLUMNS FROM `tp_images` [ RunTime:0.000000s ]
SQL: SELECT * FROM `tp_images` LIMIT 1   [ RunTime:0.000000s ]

[ 2015-04-16T23:53:29+08:00 ] 223.68.162.173 /index.php?m=Index&a=verifyLogin
SQL: SHOW COLUMNS FROM `tp_agent` [ RunTime:0.000000s ]
SQL: SELECT * FROM `tp_agent` WHERE ( `siteurl` = 'http://www.softphs.com' ) LIMIT 1   [ RunTime:0.000000s ]
INFO: [ app_begin ] --START--
INFO: Run ReadHtmlCache Behavior [ RunTime:0.000000s ]
INFO: [ app_begin ] --END-- [ RunTime:0.000000s ]
SQL: SELECT * FROM `tp_agent` WHERE ( `siteurl` = 'http://www.softphs.com' ) LIMIT 1   [ RunTime:0.000000s ]
NOTIC: [8] Constant STATICS already defined C:\WWW\ruanlingtong\PigCms\Lib\Action\BaseAction.class.php 第 116 行.
SQL: SHOW COLUMNS FROM `tp_images` [ RunTime:0.000000s ]
SQL: SELECT * FROM `tp_images` LIMIT 1   [ RunTime:0.000000s ]

[ 2015-04-16T23:53:57+08:00 ] 223.68.162.173 /index.php?m=Users&a=checklogin
SQL: SHOW COLUMNS FROM `tp_agent` [ RunTime:0.000000s ]
SQL: SELECT * FROM `tp_agent` WHERE ( `siteurl` = 'http://www.softphs.com' ) LIMIT 1   [ RunTime:0.000000s ]
INFO: [ app_begin ] --START--
INFO: Run ReadHtmlCache Behavior [ RunTime:0.000000s ]
INFO: [ app_begin ] --END-- [ RunTime:0.000000s ]
SQL: SELECT * FROM `tp_agent` WHERE ( `siteurl` = 'http://www.softphs.com' ) LIMIT 1   [ RunTime:0.000000s ]
NOTIC: [8] Constant STATICS already defined C:\WWW\ruanlingtong\PigCms\Lib\Action\BaseAction.class.php 第 116 行.
SQL: SHOW COLUMNS FROM `tp_users` [ RunTime:0.015625s ]
SQL: SELECT * FROM `tp_users` WHERE ( `username` = 'ruanlingtong' ) LIMIT 1   [ RunTime:0.015625s ]
SQL: SHOW COLUMNS FROM `tp_user_group` [ RunTime:0.015625s ]
SQL: SELECT * FROM `tp_user_group` WHERE ( `id` = 4 ) LIMIT 1   [ RunTime:0.000000s ]
SQL: UPDATE `tp_users` SET `lasttime`='1429199637',`lastloginmonth`='4',`lastip`='223.68.162.173' WHERE ( `id` = 6 ) [ RunTime:0.015624s ]
INFO: [ view_template ] --START--
INFO: Run LocationTemplate Behavior [ RunTime:-0.093749s ]
INFO: [ view_template ] --END-- [ RunTime:0.000000s ]
INFO: [ view_parse ] --START--
NOTIC: [8] Undefined index: usertplid C:\WWW\ruanlingtong\Conf\logs\Cache\Home\52c97aa0553257ebc2af2fa08625a0af.php 第 19 行.
INFO: Run ParseTemplate Behavior [ RunTime:-0.093749s ]
INFO: [ view_parse ] --END-- [ RunTime:0.015625s ]
INFO: [ view_filter ] --START--
INFO: Run ContentReplace Behavior [ RunTime:-0.109374s ]
INFO: Run TokenBuild Behavior [ RunTime:-0.109374s ]
INFO: Run WriteHtmlCache Behavior [ RunTime:-0.109374s ]
INFO: Run ShowRuntime Behavior [ RunTime:-0.109374s ]
INFO: [ view_filter ] --END-- [ RunTime:0.000000s ]
INFO: [ view_end ] --START--
INFO: Run ShowPageTrace Behavior [ RunTime:-0.109374s ]
INFO: [ view_end ] --END-- [ RunTime:0.000000s ]

[ 2015-04-16T23:54:00+08:00 ] 223.68.162.174 /index.php?g=User&m=Index&a=index
INFO: [ app_begin ] --START--
INFO: Run ReadHtmlCache Behavior [ RunTime:0.000000s ]
INFO: [ app_begin ] --END-- [ RunTime:0.000000s ]
NOTIC: [2048] Declaration of IndexAction::insert() should be compatible with BaseAction::insert($name = '', $back = '/index') C:\WWW\ruanlingtong\PigCms\Lib\Action\User\IndexAction.class.php 第 2 行.
SQL: SHOW COLUMNS FROM `tp_agent` [ RunTime:0.000000s ]
SQL: SELECT * FROM `tp_agent` WHERE ( `siteurl` = 'http://www.softphs.com' ) LIMIT 1   [ RunTime:0.000000s ]
NOTIC: [8] Constant STATICS already defined C:\WWW\ruanlingtong\PigCms\Lib\Action\BaseAction.class.php 第 116 行.
SQL: SHOW COLUMNS FROM `tp_user_group` [ RunTime:0.000000s ]
SQL: SELECT * FROM `tp_user_group` WHERE ( `id` = 4 ) LIMIT 1   [ RunTime:0.000000s ]
SQL: SHOW COLUMNS FROM `tp_users` [ RunTime:0.000000s ]
SQL: SELECT * FROM `tp_users` WHERE ( `id` = 6 ) LIMIT 1   [ RunTime:0.000000s ]
SQL: SHOW COLUMNS FROM `tp_token_open` [ RunTime:0.015625s ]
SQL: SELECT `queryname` FROM `tp_token_open` WHERE ( `token` = null ) LIMIT 1   [ RunTime:0.000000s ]
SQL: SHOW COLUMNS FROM `tp_function` [ RunTime:0.031250s ]
SQL: SELECT `func` FROM `tp_user_group` WHERE ( `id` = 4 ) LIMIT 1   [ RunTime:0.000000s ]
SQL: SELECT `id`,`funname` FROM `tp_function` WHERE ( `status` = 1 )  [ RunTime:0.015625s ]
NOTIC: [8] Undefined variable: allCloseFunc C:\WWW\ruanlingtong\PigCms\Lib\Action\UserAction.class.php 第 69 行.
NOTIC: [2] in_array() expects parameter 2 to be array, null given C:\WWW\ruanlingtong\PigCms\Lib\Action\UserAction.class.php 第 69 行.
NOTIC: [8] Undefined variable: allCloseFunc C:\WWW\ruanlingtong\PigCms\Lib\Action\UserAction.class.php 第 69 行.
NOTIC: [2] in_array() expects parameter 2 to be array, null given C:\WWW\ruanlingtong\PigCms\Lib\Action\UserAction.class.php 第 69 行.
NOTIC: [8] Undefined variable: allCloseFunc C:\WWW\ruanlingtong\PigCms\Lib\Action\UserAction.class.php 第 69 行.
NOTIC: [2] in_array() expects parameter 2 to be array, null given C:\WWW\ruanlingtong\PigCms\Lib\Action\UserAction.class.php 第 69 行.
NOTIC: [8] Undefined variable: allCloseFunc C:\WWW\ruanlingtong\PigCms\Lib\Action\UserAction.class.php 第 69 行.
NOTIC: [2] in_array() expects parameter 2 to be array, null given C:\WWW\ruanlingtong\PigCms\Lib\Action\UserAction.class.php 第 69 行.
NOTIC: [8] Undefined variable: allCloseFunc C:\WWW\ruanlingtong\PigCms\Lib\Action\UserAction.class.php 第 69 行.
NOTIC: [2] in_array() expects parameter 2 to be array, null given C:\WWW\ruanlingtong\PigCms\Lib\Action\UserAction.class.php 第 69 行.
NOTIC: [8] Undefined variable: allCloseFunc C:\WWW\ruanlingtong\PigCms\Lib\Action\UserAction.class.php 第 69 行.
NOTIC: [2] in_array() expects parameter 2 to be array, null given C:\WWW\ruanlingtong\PigCms\Lib\Action\UserAction.class.php 第 69 行.
NOTIC: [8] Undefined variable: allCloseFunc C:\WWW\ruanlingtong\PigCms\Lib\Action\UserAction.class.php 第 69 行.
NOTIC: [2] in_array() expects parameter 2 to be array, null given C:\WWW\ruanlingtong\PigCms\Lib\Action\UserAction.class.php 第 69 行.
NOTIC: [8] Undefined variable: allCloseFunc C:\WWW\ruanlingtong\PigCms\Lib\Action\UserAction.class.php 第 69 行.
NOTIC: [2] in_array() expects parameter 2 to be array, null given C:\WWW\ruanlingtong\PigCms\Lib\Action\UserAction.class.php 第 69 行.
NOTIC: [8] Undefined variable: allCloseFunc C:\WWW\ruanlingtong\PigCms\Lib\Action\UserAction.class.php 第 69 行.
NOTIC: [2] in_array() expects parameter 2 to be array, null given C:\WWW\ruanlingtong\PigCms\Lib\Action\UserAction.class.php 第 69 行.
NOTIC: [8] Undefined variable: allCloseFunc C:\WWW\ruanlingtong\PigCms\Lib\Action\UserAction.class.php 第 69 行.
NOTIC: [2] in_array() expects parameter 2 to be array, null given C:\WWW\ruanlingtong\PigCms\Lib\Action\UserAction.class.php 第 69 行.
NOTIC: [8] Undefined variable: allCloseFunc C:\WWW\ruanlingtong\PigCms\Lib\Action\UserAction.class.php 第 69 行.
NOTIC: [2] in_array() expects parameter 2 to be array, null given C:\WWW\ruanlingtong\PigCms\Lib\Action\UserAction.class.php 第 69 行.
NOTIC: [8] Undefined variable: allCloseFunc C:\WWW\ruanlingtong\PigCms\Lib\Action\UserAction.class.php 第 69 行.
NOTIC: [2] in_array() expects parameter 2 to be array, null given C:\WWW\ruanlingtong\PigCms\Lib\Action\UserAction.class.php 第 69 行.
NOTIC: [8] Undefined variable: allCloseFunc C:\WWW\ruanlingtong\PigCms\Lib\Action\UserAction.class.php 第 69 行.
NOTIC: [2] in_array() expects parameter 2 to be array, null given C:\WWW\ruanlingtong\PigCms\Lib\Action\UserAction.class.php 第 69 行.
NOTIC: [8] Undefined variable: allCloseFunc C:\WWW\ruanlingtong\PigCms\Lib\Action\UserAction.class.php 第 69 行.
NOTIC: [2] in_array() expects parameter 2 to be array, null given C:\WWW\ruanlingtong\PigCms\Lib\Action\UserAction.class.php 第 69 行.
NOTIC: [8] Undefined variable: allCloseFunc C:\WWW\ruanlingtong\PigCms\Lib\Action\UserAction.class.php 第 69 行.
NOTIC: [2] in_array() expects parameter 2 to be array, null given C:\WWW\ruanlingtong\PigCms\Lib\Action\UserAction.class.php 第 69 行.
NOTIC: [8] Undefined variable: allCloseFunc C:\WWW\ruanlingtong\PigCms\Lib\Action\UserAction.class.php 第 69 行.
NOTIC: [2] in_array() expects parameter 2 to be array, null given C:\WWW\ruanlingtong\PigCms\Lib\Action\UserAction.class.php 第 69 行.
NOTIC: [8] Undefined variable: allCloseFunc C:\WWW\ruanlingtong\PigCms\Lib\Action\UserAction.class.php 第 69 行.
NOTIC: [2] in_array() expects parameter 2 to be array, null given C:\WWW\ruanlingtong\PigCms\Lib\Action\UserAction.class.php 第 69 行.
NOTIC: [8] Undefined variable: allCloseFunc C:\WWW\ruanlingtong\PigCms\Lib\Action\UserAction.class.php 第 69 行.
NOTIC: [2] in_array() expects parameter 2 to be array, null given C:\WWW\ruanlingtong\PigCms\Lib\Action\UserAction.class.php 第 69 行.
NOTIC: [8] Undefined variable: allCloseFunc C:\WWW\ruanlingtong\PigCms\Lib\Action\UserAction.class.php 第 69 行.
NOTIC: [2] in_array() expects parameter 2 to be array, null given C:\WWW\ruanlingtong\PigCms\Lib\Action\UserAction.class.php 第 69 行.
NOTIC: [8] Undefined variable: allCloseFunc C:\WWW\ruanlingtong\PigCms\Lib\Action\UserAction.class.php 第 69 行.
NOTIC: [2] in_array() expects parameter 2 to be array, null given C:\WWW\ruanlingtong\PigCms\Lib\Action\UserAction.class.php 第 69 行.
NOTIC: [8] Undefined variable: allCloseFunc C:\WWW\ruanlingtong\PigCms\Lib\Action\UserAction.class.php 第 69 行.
NOTIC: [2] in_array() expects parameter 2 to be array, null given C:\WWW\ruanlingtong\PigCms\Lib\Action\UserAction.class.php 第 69 行.
NOTIC: [8] Undefined variable: allCloseFunc C:\WWW\ruanlingtong\PigCms\Lib\Action\UserAction.class.php 第 69 行.
NOTIC: [2] in_array() expects parameter 2 to be array, null given C:\WWW\ruanlingtong\PigCms\Lib\Action\UserAction.class.php 第 69 行.
NOTIC: [8] Undefined variable: allCloseFunc C:\WWW\ruanlingtong\PigCms\Lib\Action\UserAction.class.php 第 69 行.
NOTIC: [2] in_array() expects parameter 2 to be array, null given C:\WWW\ruanlingtong\PigCms\Lib\Action\UserAction.class.php 第 69 行.
NOTIC: [8] Undefined variable: allCloseFunc C:\WWW\ruanlingtong\PigCms\Lib\Action\UserAction.class.php 第 69 行.
NOTIC: [2] in_array() expects parameter 2 to be array, null given C:\WWW\ruanlingtong\PigCms\Lib\Action\UserAction.class.php 第 69 行.
NOTIC: [8] Undefined variable: allCloseFunc C:\WWW\ruanlingtong\PigCms\Lib\Action\UserAction.class.php 第 69 行.
NOTIC: [2] in_array() expects parameter 2 to be array, null given C:\WWW\ruanlingtong\PigCms\Lib\Action\UserAction.class.php 第 69 行.
NOTIC: [8] Undefined variable: allCloseFunc C:\WWW\ruanlingtong\PigCms\Lib\Action\UserAction.class.php 第 69 行.
NOTIC: [2] in_array() expects parameter 2 to be array, null given C:\WWW\ruanlingtong\PigCms\Lib\Action\UserAction.class.php 第 69 行.
NOTIC: [8] Undefined variable: allCloseFunc C:\WWW\ruanlingtong\PigCms\Lib\Action\UserAction.class.php 第 69 行.
NOTIC: [2] in_array() expects parameter 2 to be array, null given C:\WWW\ruanlingtong\PigCms\Lib\Action\UserAction.class.php 第 69 行.
NOTIC: [8] Undefined variable: allCloseFunc C:\WWW\ruanlingtong\PigCms\Lib\Action\UserAction.class.php 第 69 行.
NOTIC: [2] in_array() expects parameter 2 to be array, null given C:\WWW\ruanlingtong\PigCms\Lib\Action\UserAction.class.php 第 69 行.
NOTIC: [8] Undefined variable: allCloseFunc C:\WWW\ruanlingtong\PigCms\Lib\Action\UserAction.class.php 第 69 行.
NOTIC: [2] in_array() expects parameter 2 to be array, null given C:\WWW\ruanlingtong\PigCms\Lib\Action\UserAction.class.php 第 69 行.
NOTIC: [8] Undefined variable: allCloseFunc C:\WWW\ruanlingtong\PigCms\Lib\Action\UserAction.class.php 第 69 行.
NOTIC: [2] in_array() expects parameter 2 to be array, null given C:\WWW\ruanlingtong\PigCms\Lib\Action\UserAction.class.php 第 69 行.
NOTIC: [8] Undefined variable: allCloseFunc C:\WWW\ruanlingtong\PigCms\Lib\Action\UserAction.class.php 第 69 行.
NOTIC: [2] in_array() expects parameter 2 to be array, null given C:\WWW\ruanlingtong\PigCms\Lib\Action\UserAction.class.php 第 69 行.
NOTIC: [8] Undefined variable: allCloseFunc C:\WWW\ruanlingtong\PigCms\Lib\Action\UserAction.class.php 第 69 行.
NOTIC: [2] in_array() expects parameter 2 to be array, null given C:\WWW\ruanlingtong\PigCms\Lib\Action\UserAction.class.php 第 69 行.
NOTIC: [8] Undefined variable: allCloseFunc C:\WWW\ruanlingtong\PigCms\Lib\Action\UserAction.class.php 第 69 行.
NOTIC: [2] in_array() expects parameter 2 to be array, null given C:\WWW\ruanlingtong\PigCms\Lib\Action\UserAction.class.php 第 69 行.
NOTIC: [8] Undefined variable: allCloseFunc C:\WWW\ruanlingtong\PigCms\Lib\Action\UserAction.class.php 第 69 行.
NOTIC: [2] in_array() expects parameter 2 to be array, null given C:\WWW\ruanlingtong\PigCms\Lib\Action\UserAction.class.php 第 69 行.
NOTIC: [8] Undefined variable: allCloseFunc C:\WWW\ruanlingtong\PigCms\Lib\Action\UserAction.class.php 第 69 行.
NOTIC: [2] in_array() expects parameter 2 to be array, null given C:\WWW\ruanlingtong\PigCms\Lib\Action\UserAction.class.php 第 69 行.
NOTIC: [8] Undefined variable: allCloseFunc C:\WWW\ruanlingtong\PigCms\Lib\Action\UserAction.class.php 第 69 行.
NOTIC: [2] in_array() expects parameter 2 to be array, null given C:\WWW\ruanlingtong\PigCms\Lib\Action\UserAction.class.php 第 69 行.
NOTIC: [8] Undefined variable: allCloseFunc C:\WWW\ruanlingtong\PigCms\Lib\Action\UserAction.class.php 第 69 行.
NOTIC: [2] in_array() expects parameter 2 to be array, null given C:\WWW\ruanlingtong\PigCms\Lib\Action\UserAction.class.php 第 69 行.
NOTIC: [8] Undefined variable: allCloseFunc C:\WWW\ruanlingtong\PigCms\Lib\Action\UserAction.class.php 第 69 行.
NOTIC: [2] in_array() expects parameter 2 to be array, null given C:\WWW\ruanlingtong\PigCms\Lib\Action\UserAction.class.php 第 69 行.
NOTIC: [8] Undefined variable: allCloseFunc C:\WWW\ruanlingtong\PigCms\Lib\Action\UserAction.class.php 第 69 行.
NOTIC: [2] in_array() expects parameter 2 to be array, null given C:\WWW\ruanlingtong\PigCms\Lib\Action\UserAction.class.php 第 69 行.
NOTIC: [8] Undefined variable: allCloseFunc C:\WWW\ruanlingtong\PigCms\Lib\Action\UserAction.class.php 第 69 行.
NOTIC: [2] in_array() expects parameter 2 to be array, null given C:\WWW\ruanlingtong\PigCms\Lib\Action\UserAction.class.php 第 69 行.
NOTIC: [8] Undefined variable: allCloseFunc C:\WWW\ruanlingtong\PigCms\Lib\Action\UserAction.class.php 第 69 行.
NOTIC: [2] in_array() expects parameter 2 to be array, null given C:\WWW\ruanlingtong\PigCms\Lib\Action\UserAction.class.php 第 69 行.
NOTIC: [8] Undefined variable: allCloseFunc C:\WWW\ruanlingtong\PigCms\Lib\Action\UserAction.class.php 第 69 行.
NOTIC: [2] in_array() expects parameter 2 to be array, null given C:\WWW\ruanlingtong\PigCms\Lib\Action\UserAction.class.php 第 69 行.
NOTIC: [8] Undefined variable: allCloseFunc C:\WWW\ruanlingtong\PigCms\Lib\Action\UserAction.class.php 第 69 行.
NOTIC: [2] in_array() expects parameter 2 to be array, null given C:\WWW\ruanlingtong\PigCms\Lib\Action\UserAction.class.php 第 69 行.
NOTIC: [8] Undefined variable: allCloseFunc C:\WWW\ruanlingtong\PigCms\Lib\Action\UserAction.class.php 第 69 行.
NOTIC: [2] in_array() expects parameter 2 to be array, null given C:\WWW\ruanlingtong\PigCms\Lib\Action\UserAction.class.php 第 69 行.
NOTIC: [8] Undefined variable: allCloseFunc C:\WWW\ruanlingtong\PigCms\Lib\Action\UserAction.class.php 第 69 行.
NOTIC: [2] in_array() expects parameter 2 to be array, null given C:\WWW\ruanlingtong\PigCms\Lib\Action\UserAction.class.php 第 69 行.
NOTIC: [8] Undefined variable: allCloseFunc C:\WWW\ruanlingtong\PigCms\Lib\Action\UserAction.class.php 第 69 行.
NOTIC: [2] in_array() expects parameter 2 to be array, null given C:\WWW\ruanlingtong\PigCms\Lib\Action\UserAction.class.php 第 69 行.
NOTIC: [8] Undefined variable: allCloseFunc C:\WWW\ruanlingtong\PigCms\Lib\Action\UserAction.class.php 第 69 行.
NOTIC: [2] in_array() expects parameter 2 to be array, null given C:\WWW\ruanlingtong\PigCms\Lib\Action\UserAction.class.php 第 69 行.
NOTIC: [8] Undefined variable: allCloseFunc C:\WWW\ruanlingtong\PigCms\Lib\Action\UserAction.class.php 第 69 行.
NOTIC: [2] in_array() expects parameter 2 to be array, null given C:\WWW\ruanlingtong\PigCms\Lib\Action\UserAction.class.php 第 69 行.
NOTIC: [8] Undefined variable: allCloseFunc C:\WWW\ruanlingtong\PigCms\Lib\Action\UserAction.class.php 第 69 行.
NOTIC: [2] in_array() expects parameter 2 to be array, null given C:\WWW\ruanlingtong\PigCms\Lib\Action\UserAction.class.php 第 69 行.
NOTIC: [8] Undefined variable: allCloseFunc C:\WWW\ruanlingtong\PigCms\Lib\Action\UserAction.class.php 第 69 行.
NOTIC: [2] in_array() expects parameter 2 to be array, null given C:\WWW\ruanlingtong\PigCms\Lib\Action\UserAction.class.php 第 69 行.
NOTIC: [8] Undefined variable: allCloseFunc C:\WWW\ruanlingtong\PigCms\Lib\Action\UserAction.class.php 第 69 行.
NOTIC: [2] in_array() expects parameter 2 to be array, null given C:\WWW\ruanlingtong\PigCms\Lib\Action\UserAction.class.php 第 69 行.
NOTIC: [8] Undefined variable: allCloseFunc C:\WWW\ruanlingtong\PigCms\Lib\Action\UserAction.class.php 第 69 行.
NOTIC: [2] in_array() expects parameter 2 to be array, null given C:\WWW\ruanlingtong\PigCms\Lib\Action\UserAction.class.php 第 69 行.
NOTIC: [8] Undefined variable: allCloseFunc C:\WWW\ruanlingtong\PigCms\Lib\Action\UserAction.class.php 第 69 行.
NOTIC: [2] in_array() expects parameter 2 to be array, null given C:\WWW\ruanlingtong\PigCms\Lib\Action\UserAction.class.php 第 69 行.
NOTIC: [8] Undefined variable: allCloseFunc C:\WWW\ruanlingtong\PigCms\Lib\Action\UserAction.class.php 第 69 行.
NOTIC: [2] in_array() expects parameter 2 to be array, null given C:\WWW\ruanlingtong\PigCms\Lib\Action\UserAction.class.php 第 69 行.
NOTIC: [8] Undefined variable: allCloseFunc C:\WWW\ruanlingtong\PigCms\Lib\Action\UserAction.class.php 第 69 行.
NOTIC: [2] in_array() expects parameter 2 to be array, null given C:\WWW\ruanlingtong\PigCms\Lib\Action\UserAction.class.php 第 69 行.
NOTIC: [8] Undefined variable: allCloseFunc C:\WWW\ruanlingtong\PigCms\Lib\Action\UserAction.class.php 第 69 行.
NOTIC: [2] in_array() expects parameter 2 to be array, null given C:\WWW\ruanlingtong\PigCms\Lib\Action\UserAction.class.php 第 69 行.
NOTIC: [8] Undefined variable: allCloseFunc C:\WWW\ruanlingtong\PigCms\Lib\Action\UserAction.class.php 第 69 行.
NOTIC: [2] in_array() expects parameter 2 to be array, null given C:\WWW\ruanlingtong\PigCms\Lib\Action\UserAction.class.php 第 69 行.
NOTIC: [8] Undefined variable: allCloseFunc C:\WWW\ruanlingtong\PigCms\Lib\Action\UserAction.class.php 第 69 行.
NOTIC: [2] in_array() expects parameter 2 to be array, null given C:\WWW\ruanlingtong\PigCms\Lib\Action\UserAction.class.php 第 69 行.
NOTIC: [8] Undefined variable: allCloseFunc C:\WWW\ruanlingtong\PigCms\Lib\Action\UserAction.class.php 第 69 行.
NOTIC: [2] in_array() expects parameter 2 to be array, null given C:\WWW\ruanlingtong\PigCms\Lib\Action\UserAction.class.php 第 69 行.
NOTIC: [8] Undefined variable: allCloseFunc C:\WWW\ruanlingtong\PigCms\Lib\Action\UserAction.class.php 第 69 行.
NOTIC: [2] in_array() expects parameter 2 to be array, null given C:\WWW\ruanlingtong\PigCms\Lib\Action\UserAction.class.php 第 69 行.
NOTIC: [8] Undefined variable: allCloseFunc C:\WWW\ruanlingtong\PigCms\Lib\Action\UserAction.class.php 第 69 行.
NOTIC: [2] in_array() expects parameter 2 to be array, null given C:\WWW\ruanlingtong\PigCms\Lib\Action\UserAction.class.php 第 69 行.
NOTIC: [8] Undefined variable: allCloseFunc C:\WWW\ruanlingtong\PigCms\Lib\Action\UserAction.class.php 第 69 行.
NOTIC: [2] in_array() expects parameter 2 to be array, null given C:\WWW\ruanlingtong\PigCms\Lib\Action\UserAction.class.php 第 69 行.
NOTIC: [8] Undefined variable: allCloseFunc C:\WWW\ruanlingtong\PigCms\Lib\Action\UserAction.class.php 第 69 行.
NOTIC: [2] in_array() expects parameter 2 to be array, null given C:\WWW\ruanlingtong\PigCms\Lib\Action\UserAction.class.php 第 69 行.
NOTIC: [8] Undefined variable: allCloseFunc C:\WWW\ruanlingtong\PigCms\Lib\Action\UserAction.class.php 第 69 行.
NOTIC: [2] in_array() expects parameter 2 to be array, null given C:\WWW\ruanlingtong\PigCms\Lib\Action\UserAction.class.php 第 69 行.
NOTIC: [8] Undefined variable: allCloseFunc C:\WWW\ruanlingtong\PigCms\Lib\Action\UserAction.class.php 第 69 行.
NOTIC: [2] in_array() expects parameter 2 to be array, null given C:\WWW\ruanlingtong\PigCms\Lib\Action\UserAction.class.php 第 69 行.
NOTIC: [8] Undefined variable: allCloseFunc C:\WWW\ruanlingtong\PigCms\Lib\Action\UserAction.class.php 第 69 行.
NOTIC: [2] in_array() expects parameter 2 to be array, null given C:\WWW\ruanlingtong\PigCms\Lib\Action\UserAction.class.php 第 69 行.
NOTIC: [8] Undefined variable: allCloseFunc C:\WWW\ruanlingtong\PigCms\Lib\Action\UserAction.class.php 第 69 行.
NOTIC: [2] in_array() expects parameter 2 to be array, null given C:\WWW\ruanlingtong\PigCms\Lib\Action\UserAction.class.php 第 69 行.
NOTIC: [8] Undefined variable: allCloseFunc C:\WWW\ruanlingtong\PigCms\Lib\Action\UserAction.class.php 第 69 行.
NOTIC: [2] in_array() expects parameter 2 to be array, null given C:\WWW\ruanlingtong\PigCms\Lib\Action\UserAction.class.php 第 69 行.
NOTIC: [8] Undefined variable: allCloseFunc C:\WWW\ruanlingtong\PigCms\Lib\Action\UserAction.class.php 第 69 行.
NOTIC: [2] in_array() expects parameter 2 to be array, null given C:\WWW\ruanlingtong\PigCms\Lib\Action\UserAction.class.php 第 69 行.
NOTIC: [8] Undefined variable: allCloseFunc C:\WWW\ruanlingtong\PigCms\Lib\Action\UserAction.class.php 第 69 行.
NOTIC: [2] in_array() expects parameter 2 to be array, null given C:\WWW\ruanlingtong\PigCms\Lib\Action\UserAction.class.php 第 69 行.
NOTIC: [8] Undefined variable: allCloseFunc C:\WWW\ruanlingtong\PigCms\Lib\Action\UserAction.class.php 第 69 行.
NOTIC: [2] in_array() expects parameter 2 to be array, null given C:\WWW\ruanlingtong\PigCms\Lib\Action\UserAction.class.php 第 69 行.
NOTIC: [8] Undefined variable: allCloseFunc C:\WWW\ruanlingtong\PigCms\Lib\Action\UserAction.class.php 第 69 行.
NOTIC: [2] in_array() expects parameter 2 to be array, null given C:\WWW\ruanlingtong\PigCms\Lib\Action\UserAction.class.php 第 69 行.
NOTIC: [8] Undefined variable: allCloseFunc C:\WWW\ruanlingtong\PigCms\Lib\Action\UserAction.class.php 第 69 行.
NOTIC: [2] in_array() expects parameter 2 to be array, null given C:\WWW\ruanlingtong\PigCms\Lib\Action\UserAction.class.php 第 69 行.
NOTIC: [8] Undefined variable: allCloseFunc C:\WWW\ruanlingtong\PigCms\Lib\Action\UserAction.class.php 第 69 行.
NOTIC: [2] in_array() expects parameter 2 to be array, null given C:\WWW\ruanlingtong\PigCms\Lib\Action\UserAction.class.php 第 69 行.
NOTIC: [8] Undefined variable: allCloseFunc C:\WWW\ruanlingtong\PigCms\Lib\Action\UserAction.class.php 第 69 行.
NOTIC: [2] in_array() expects parameter 2 to be array, null given C:\WWW\ruanlingtong\PigCms\Lib\Action\UserAction.class.php 第 69 行.
NOTIC: [8] Undefined variable: allCloseFunc C:\WWW\ruanlingtong\PigCms\Lib\Action\UserAction.class.php 第 69 行.
NOTIC: [2] in_array() expects parameter 2 to be array, null given C:\WWW\ruanlingtong\PigCms\Lib\Action\UserAction.class.php 第 69 行.
NOTIC: [8] Undefined variable: allCloseFunc C:\WWW\ruanlingtong\PigCms\Lib\Action\UserAction.class.php 第 69 行.
NOTIC: [2] in_array() expects parameter 2 to be array, null given C:\WWW\ruanlingtong\PigCms\Lib\Action\UserAction.class.php 第 69 行.
NOTIC: [8] Undefined variable: allCloseFunc C:\WWW\ruanlingtong\PigCms\Lib\Action\UserAction.class.php 第 69 行.
NOTIC: [2] in_array() expects parameter 2 to be array, null given C:\WWW\ruanlingtong\PigCms\Lib\Action\UserAction.class.php 第 69 行.
NOTIC: [8] Undefined variable: allCloseFunc C:\WWW\ruanlingtong\PigCms\Lib\Action\UserAction.class.php 第 69 行.
NOTIC: [2] in_array() expects parameter 2 to be array, null given C:\WWW\ruanlingtong\PigCms\Lib\Action\UserAction.class.php 第 69 行.
NOTIC: [8] Undefined variable: allCloseFunc C:\WWW\ruanlingtong\PigCms\Lib\Action\UserAction.class.php 第 69 行.
NOTIC: [2] in_array() expects parameter 2 to be array, null given C:\WWW\ruanlingtong\PigCms\Lib\Action\UserAction.class.php 第 69 行.
NOTIC: [8] Undefined variable: allCloseFunc C:\WWW\ruanlingtong\PigCms\Lib\Action\UserAction.class.php 第 69 行.
NOTIC: [2] in_array() expects parameter 2 to be array, null given C:\WWW\ruanlingtong\PigCms\Lib\Action\UserAction.class.php 第 69 行.
NOTIC: [8] Undefined variable: allCloseFunc C:\WWW\ruanlingtong\PigCms\Lib\Action\UserAction.class.php 第 69 行.
NOTIC: [2] in_array() expects parameter 2 to be array, null given C:\WWW\ruanlingtong\PigCms\Lib\Action\UserAction.class.php 第 69 行.
NOTIC: [8] Undefined variable: allCloseFunc C:\WWW\ruanlingtong\PigCms\Lib\Action\UserAction.class.php 第 69 行.
NOTIC: [2] in_array() expects parameter 2 to be array, null given C:\WWW\ruanlingtong\PigCms\Lib\Action\UserAction.class.php 第 69 行.
NOTIC: [8] Undefined variable: allCloseFunc C:\WWW\ruanlingtong\PigCms\Lib\Action\UserAction.class.php 第 69 行.
NOTIC: [2] in_array() expects parameter 2 to be array, null given C:\WWW\ruanlingtong\PigCms\Lib\Action\UserAction.class.php 第 69 行.
NOTIC: [8] Undefined variable: allCloseFunc C:\WWW\ruanlingtong\PigCms\Lib\Action\UserAction.class.php 第 69 行.
NOTIC: [2] in_array() expects parameter 2 to be array, null given C:\WWW\ruanlingtong\PigCms\Lib\Action\UserAction.class.php 第 69 行.
NOTIC: [8] Undefined variable: allCloseFunc C:\WWW\ruanlingtong\PigCms\Lib\Action\UserAction.class.php 第 69 行.
NOTIC: [2] in_array() expects parameter 2 to be array, null given C:\WWW\ruanlingtong\PigCms\Lib\Action\UserAction.class.php 第 69 行.
NOTIC: [8] Undefined variable: allCloseFunc C:\WWW\ruanlingtong\PigCms\Lib\Action\UserAction.class.php 第 69 行.
NOTIC: [2] in_array() expects parameter 2 to be array, null given C:\WWW\ruanlingtong\PigCms\Lib\Action\UserAction.class.php 第 69 行.
NOTIC: [8] Undefined variable: allCloseFunc C:\WWW\ruanlingtong\PigCms\Lib\Action\UserAction.class.php 第 69 行.
NOTIC: [2] in_array() expects parameter 2 to be array, null given C:\WWW\ruanlingtong\PigCms\Lib\Action\UserAction.class.php 第 69 行.
NOTIC: [8] Undefined variable: allCloseFunc C:\WWW\ruanlingtong\PigCms\Lib\Action\UserAction.class.php 第 69 行.
NOTIC: [2] in_array() expects parameter 2 to be array, null given C:\WWW\ruanlingtong\PigCms\Lib\Action\UserAction.class.php 第 69 行.
NOTIC: [8] Undefined variable: allCloseFunc C:\WWW\ruanlingtong\PigCms\Lib\Action\UserAction.class.php 第 69 行.
NOTIC: [2] in_array() expects parameter 2 to be array, null given C:\WWW\ruanlingtong\PigCms\Lib\Action\UserAction.class.php 第 69 行.
NOTIC: [8] Undefined variable: allCloseFunc C:\WWW\ruanlingtong\PigCms\Lib\Action\UserAction.class.php 第 69 行.
NOTIC: [2] in_array() expects parameter 2 to be array, null given C:\WWW\ruanlingtong\PigCms\Lib\Action\UserAction.class.php 第 69 行.
NOTIC: [8] Undefined variable: allCloseFunc C:\WWW\ruanlingtong\PigCms\Lib\Action\UserAction.class.php 第 69 行.
NOTIC: [2] in_array() expects parameter 2 to be array, null given C:\WWW\ruanlingtong\PigCms\Lib\Action\UserAction.class.php 第 69 行.
NOTIC: [8] Undefined variable: allCloseFunc C:\WWW\ruanlingtong\PigCms\Lib\Action\UserAction.class.php 第 69 行.
NOTIC: [2] in_array() expects parameter 2 to be array, null given C:\WWW\ruanlingtong\PigCms\Lib\Action\UserAction.class.php 第 69 行.
NOTIC: [8] Undefined variable: allCloseFunc C:\WWW\ruanlingtong\PigCms\Lib\Action\UserAction.class.php 第 69 行.
NOTIC: [2] in_array() expects parameter 2 to be array, null given C:\WWW\ruanlingtong\PigCms\Lib\Action\UserAction.class.php 第 69 行.
NOTIC: [8] Undefined variable: allCloseFunc C:\WWW\ruanlingtong\PigCms\Lib\Action\UserAction.class.php 第 69 行.
NOTIC: [2] in_array() expects parameter 2 to be array, null given C:\WWW\ruanlingtong\PigCms\Lib\Action\UserAction.class.php 第 69 行.
NOTIC: [8] Undefined variable: allCloseFunc C:\WWW\ruanlingtong\PigCms\Lib\Action\UserAction.class.php 第 69 行.
NOTIC: [2] in_array() expects parameter 2 to be array, null given C:\WWW\ruanlingtong\PigCms\Lib\Action\UserAction.class.php 第 69 行.
NOTIC: [8] Undefined variable: allCloseFunc C:\WWW\ruanlingtong\PigCms\Lib\Action\UserAction.class.php 第 69 行.
NOTIC: [2] in_array() expects parameter 2 to be array, null given C:\WWW\ruanlingtong\PigCms\Lib\Action\UserAction.class.php 第 69 行.
NOTIC: [8] Undefined variable: allCloseFunc C:\WWW\ruanlingtong\PigCms\Lib\Action\UserAction.class.php 第 69 行.
NOTIC: [2] in_array() expects parameter 2 to be array, null given C:\WWW\ruanlingtong\PigCms\Lib\Action\UserAction.class.php 第 69 行.
NOTIC: [8] Undefined variable: allCloseFunc C:\WWW\ruanlingtong\PigCms\Lib\Action\UserAction.class.php 第 69 行.
NOTIC: [2] in_array() expects parameter 2 to be array, null given C:\WWW\ruanlingtong\PigCms\Lib\Action\UserAction.class.php 第 69 行.
NOTIC: [8] Undefined variable: allCloseFunc C:\WWW\ruanlingtong\PigCms\Lib\Action\UserAction.class.php 第 69 行.
NOTIC: [2] in_array() expects parameter 2 to be array, null given C:\WWW\ruanlingtong\PigCms\Lib\Action\UserAction.class.php 第 69 行.
NOTIC: [8] Undefined variable: allCloseFunc C:\WWW\ruanlingtong\PigCms\Lib\Action\UserAction.class.php 第 69 行.
NOTIC: [2] in_array() expects parameter 2 to be array, null given C:\WWW\ruanlingtong\PigCms\Lib\Action\UserAction.class.php 第 69 行.
NOTIC: [8] Undefined variable: allCloseFunc C:\WWW\ruanlingtong\PigCms\Lib\Action\UserAction.class.php 第 69 行.
NOTIC: [2] in_array() expects parameter 2 to be array, null given C:\WWW\ruanlingtong\PigCms\Lib\Action\UserAction.class.php 第 69 行.
NOTIC: [8] Undefined variable: allCloseFunc C:\WWW\ruanlingtong\PigCms\Lib\Action\UserAction.class.php 第 69 行.
NOTIC: [2] in_array() expects parameter 2 to be array, null given C:\WWW\ruanlingtong\PigCms\Lib\Action\UserAction.class.php 第 69 行.
NOTIC: [8] Undefined variable: allCloseFunc C:\WWW\ruanlingtong\PigCms\Lib\Action\UserAction.class.php 第 69 行.
NOTIC: [2] in_array() expects parameter 2 to be array, null given C:\WWW\ruanlingtong\PigCms\Lib\Action\UserAction.class.php 第 69 行.
NOTIC: [8] Undefined variable: allCloseFunc C:\WWW\ruanlingtong\PigCms\Lib\Action\UserAction.class.php 第 69 行.
NOTIC: [2] in_array() expects parameter 2 to be array, null given C:\WWW\ruanlingtong\PigCms\Lib\Action\UserAction.class.php 第 69 行.
NOTIC: [8] Undefined variable: allCloseFunc C:\WWW\ruanlingtong\PigCms\Lib\Action\UserAction.class.php 第 69 行.
NOTIC: [2] in_array() expects parameter 2 to be array, null given C:\WWW\ruanlingtong\PigCms\Lib\Action\UserAction.class.php 第 69 行.
NOTIC: [8] Undefined variable: not_exist C:\WWW\ruanlingtong\PigCms\Lib\Action\UserAction.class.php 第 75 行.
SQL: SHOW COLUMNS FROM `tp_wxuser` [ RunTime:0.015625s ]
SQL: SELECT * FROM `tp_wxuser` WHERE ( `token` = null ) AND ( `uid` = 6 ) LIMIT 1   [ RunTime:0.031249s ]
SQL: SHOW COLUMNS FROM `tp_token_open` [ RunTime:0.000000s ]
SQL: SELECT `queryname` FROM `tp_token_open` WHERE ( `token` = null ) LIMIT 1   [ RunTime:0.000000s ]
NOTIC: [8] Undefined index: width C:\WWW\ruanlingtong\PigCms\Lib\Action\UserAction.class.php 第 149 行.
SQL: SHOW COLUMNS FROM `tp_system_info` [ RunTime:0.000000s ]
SQL: SELECT * FROM `tp_system_info` ORDER BY lastsqlupdate DESC LIMIT 1   [ RunTime:0.000000s ]
SQL: SHOW COLUMNS FROM `tp_user_group` [ RunTime:0.000000s ]
SQL: SELECT * FROM `tp_user_group`  [ RunTime:0.000000s ]
SQL: SELECT COUNT(*) AS tp_count FROM `tp_wxuser` WHERE ( `uid` = 6 ) LIMIT 1   [ RunTime:0.015625s ]
SQL: SELECT * FROM `tp_wxuser` WHERE ( `uid` = 6 ) LIMIT 0,20   [ RunTime:0.000000s ]
SQL: SHOW COLUMNS FROM `tp_diymen_set` [ RunTime:0.031249s ]
SQL: SELECT * FROM `tp_diymen_set` WHERE ( `token` = 'pddodx1429066353' ) LIMIT 1   [ RunTime:0.000000s ]
SQL: SHOW COLUMNS FROM `tp_renew` [ RunTime:0.000000s ]
SQL: SELECT * FROM `tp_renew` WHERE id>0 ORDER BY id DESC LIMIT 0,5   [ RunTime:0.000000s ]
INFO: [ view_template ] --START--
INFO: Run LocationTemplate Behavior [ RunTime:-0.499996s ]
INFO: [ view_template ] --END-- [ RunTime:0.046875s ]
INFO: [ view_parse ] --START--
NOTIC: [8] Use of undefined constant uid - assumed 'uid' C:\WWW\ruanlingtong\Conf\logs\Cache\User\56f7804e54d354c9c14b7fc522e75478.php 第 80 行.
NOTIC: [8] Use of undefined constant Common - assumed 'Common' C:\WWW\ruanlingtong\Conf\logs\Cache\User\56f7804e54d354c9c14b7fc522e75478.php 第 147 行.
NOTIC: [8] Undefined variable: demo C:\WWW\ruanlingtong\Conf\logs\Cache\User\56f7804e54d354c9c14b7fc522e75478.php 第 240 行.
NOTIC: [8] Undefined variable: thisAD C:\WWW\ruanlingtong\Conf\logs\Cache\User\56f7804e54d354c9c14b7fc522e75478.php 第 262 行.
NOTIC: [8] Undefined variable: upgradeNews C:\WWW\ruanlingtong\Conf\logs\Cache\User\56f7804e54d354c9c14b7fc522e75478.php 第 312 行.
SQL: SELECT * FROM `tp_users` WHERE ( `id` = 6 ) LIMIT 1   [ RunTime:0.000000s ]
NOTIC: [8] Undefined variable: alert C:\WWW\ruanlingtong\Conf\logs\Cache\User\56f7804e54d354c9c14b7fc522e75478.php 第 376 行.
INFO: Run ParseTemplate Behavior [ RunTime:-0.546871s ]
INFO: [ view_parse ] --END-- [ RunTime:1.703114s ]
INFO: [ view_filter ] --START--
INFO: Run ContentReplace Behavior [ RunTime:-2.249985s ]
INFO: Run TokenBuild Behavior [ RunTime:-2.249985s ]
INFO: Run WriteHtmlCache Behavior [ RunTime:-2.249985s ]
INFO: Run ShowRuntime Behavior [ RunTime:-2.249985s ]
INFO: [ view_filter ] --END-- [ RunTime:0.000000s ]
INFO: [ view_end ] --START--
INFO: Run ShowPageTrace Behavior [ RunTime:-2.249985s ]
INFO: [ view_end ] --END-- [ RunTime:0.000000s ]

[ 2015-04-16T23:54:43+08:00 ] 223.68.162.149 /
SQL: SHOW COLUMNS FROM `tp_agent` [ RunTime:0.140624s ]
SQL: SELECT * FROM `tp_agent` WHERE ( `siteurl` = 'http://www.softphs.com' ) LIMIT 1   [ RunTime:0.031250s ]
INFO: [ app_begin ] --START--
INFO: Run ReadHtmlCache Behavior [ RunTime:0.000000s ]
INFO: [ app_begin ] --END-- [ RunTime:0.015625s ]
SQL: SHOW COLUMNS FROM `tp_agent` [ RunTime:0.000000s ]
SQL: SELECT * FROM `tp_agent` WHERE ( `siteurl` = 'http://www.softphs.com' ) LIMIT 1   [ RunTime:0.000000s ]
SQL: SELECT * FROM `tp_agent` WHERE ( `siteurl` = 'http://www.softphs.com' ) LIMIT 1   [ RunTime:0.000000s ]
NOTIC: [8] Constant STATICS already defined C:\WWW\ruanlingtong\PigCms\Lib\Action\BaseAction.class.php 第 116 行.
SQL: SHOW COLUMNS FROM `tp_images` [ RunTime:0.015625s ]
SQL: SELECT * FROM `tp_images` LIMIT 1   [ RunTime:0.000000s ]
SQL: SHOW COLUMNS FROM `tp_links` [ RunTime:0.015625s ]
SQL: SELECT * FROM `tp_links` WHERE ( `status` = 1 ) AND ( `agentid` = 0 )  [ RunTime:0.015625s ]
SQL: SHOW COLUMNS FROM `tp_renew` [ RunTime:0.015625s ]
SQL: SHOW COLUMNS FROM `tp_banners` [ RunTime:0.015625s ]
SQL: SHOW COLUMNS FROM `tp_case` [ RunTime:0.015625s ]
SQL: SELECT * FROM `tp_renew` WHERE ( `status` = 1 ) AND ( `agentid` = 0 ) ORDER BY id DESC LIMIT 5   [ RunTime:0.000000s ]
SQL: SELECT * FROM `tp_banners` WHERE ( `status` = 1 ) AND ( `agentid` = 0 ) ORDER BY id DESC  [ RunTime:0.000000s ]
SQL: SELECT * FROM `tp_case` WHERE ( `status` = 1 ) AND ( `agentid` = 0 ) ORDER BY id DESC LIMIT 10   [ RunTime:0.000000s ]
SQL: SHOW COLUMNS FROM `tp_news` [ RunTime:0.031250s ]
SQL: SELECT * FROM `tp_news` LIMIT 1   [ RunTime:0.000000s ]
SQL: SHOW COLUMNS FROM `tp_img` [ RunTime:0.015624s ]
SQL: SELECT * FROM `tp_img` WHERE ( `classid` = 0 ) ORDER BY id DESC LIMIT 5   [ RunTime:0.000000s ]
SQL: SELECT * FROM `tp_img` WHERE ( `classid` = 0 ) ORDER BY id DESC LIMIT 5   [ RunTime:0.000000s ]
SQL: SELECT * FROM `tp_img` WHERE ( `classid` = 0 ) ORDER BY id DESC LIMIT 5   [ RunTime:0.000000s ]
INFO: [ view_template ] --START--
INFO: Run LocationTemplate Behavior [ RunTime:-0.203123s ]
INFO: [ view_template ] --END-- [ RunTime:0.000000s ]
INFO: [ view_parse ] --START--
NOTIC: [8] Use of undefined constant uid - assumed 'uid' C:\WWW\ruanlingtong\Conf\logs\Cache\Home\e8edd32bcbb2d7ab2f0f8d14c550c52b.php 第 94 行.
INFO: Run ParseTemplate Behavior [ RunTime:-0.203123s ]
INFO: [ view_parse ] --END-- [ RunTime:0.093750s ]
INFO: [ view_filter ] --START--
INFO: Run ContentReplace Behavior [ RunTime:-0.296873s ]
INFO: Run TokenBuild Behavior [ RunTime:-0.296873s ]
INFO: Run WriteHtmlCache Behavior [ RunTime:-0.296873s ]
INFO: Run ShowRuntime Behavior [ RunTime:-0.296873s ]
INFO: [ view_filter ] --END-- [ RunTime:0.000000s ]
INFO: [ view_end ] --START--
INFO: Run ShowPageTrace Behavior [ RunTime:-0.296873s ]
INFO: [ view_end ] --END-- [ RunTime:0.000000s ]

