[ 2015-06-04T23:59:54+08:00 ] 223.68.162.177 /index.php?g=User&m=Index&a=apiInfo&id=40
INFO: [ app_begin ] --START--
INFO: Run ReadHtmlCache Behavior [ RunTime:0.000000s ]
INFO: [ app_begin ] --END-- [ RunTime:0.000000s ]
NOTIC: [2048] Declaration of IndexAction::insert() should be compatible with BaseAction::insert($name = '', $back = '/index') C:\WWW\ruanlingtong\PigCms\Lib\Action\User\IndexAction.class.php 第 2 行.
SQL: SHOW COLUMNS FROM `tp_agent` [ RunTime:0.000000s ]
SQL: SELECT * FROM `tp_agent` WHERE ( `siteurl` = 'http://www.softphs.com' ) LIMIT 1   [ RunTime:0.000000s ]
NOTIC: [8] Constant STATICS already defined C:\WWW\ruanlingtong\PigCms\Lib\Action\BaseAction.class.php 第 134 行.
SQL: SHOW COLUMNS FROM `tp_user_group` [ RunTime:0.000000s ]
SQL: SELECT * FROM `tp_user_group` WHERE ( `id` = 4 ) LIMIT 1   [ RunTime:0.000000s ]
SQL: SHOW COLUMNS FROM `tp_users` [ RunTime:0.000000s ]
SQL: SELECT * FROM `tp_users` WHERE ( `id` = 6 ) LIMIT 1   [ RunTime:0.000000s ]
SQL: SHOW COLUMNS FROM `tp_token_open` [ RunTime:0.000000s ]
SQL: SELECT `queryname` FROM `tp_token_open` WHERE ( `token` = 'epglmz1433433493' ) LIMIT 1   [ RunTime:0.000000s ]
SQL: SHOW COLUMNS FROM `tp_function` [ RunTime:0.000000s ]
SQL: SELECT `func` FROM `tp_user_group` WHERE ( `id` = 4 ) LIMIT 1   [ RunTime:0.000000s ]
SQL: SELECT `id`,`funname` FROM `tp_function` WHERE ( `status` = 1 )  [ RunTime:0.000000s ]
NOTIC: [8] Undefined variable: allCloseFunc C:\WWW\ruanlingtong\PigCms\Lib\Action\UserAction.class.php 第 68 行.
NOTIC: [2] in_array() expects parameter 2 to be array, null given C:\WWW\ruanlingtong\PigCms\Lib\Action\UserAction.class.php 第 68 行.
NOTIC: [8] Undefined variable: allCloseFunc C:\WWW\ruanlingtong\PigCms\Lib\Action\UserAction.class.php 第 68 行.
NOTIC: [2] in_array() expects parameter 2 to be array, null given C:\WWW\ruanlingtong\PigCms\Lib\Action\UserAction.class.php 第 68 行.
NOTIC: [8] Undefined variable: allCloseFunc C:\WWW\ruanlingtong\PigCms\Lib\Action\UserAction.class.php 第 68 行.
NOTIC: [2] in_array() expects parameter 2 to be array, null given C:\WWW\ruanlingtong\PigCms\Lib\Action\UserAction.class.php 第 68 行.
NOTIC: [8] Undefined variable: allCloseFunc C:\WWW\ruanlingtong\PigCms\Lib\Action\UserAction.class.php 第 68 行.
NOTIC: [2] in_array() expects parameter 2 to be array, null given C:\WWW\ruanlingtong\PigCms\Lib\Action\UserAction.class.php 第 68 行.
NOTIC: [8] Undefined variable: allCloseFunc C:\WWW\ruanlingtong\PigCms\Lib\Action\UserAction.class.php 第 68 行.
NOTIC: [2] in_array() expects parameter 2 to be array, null given C:\WWW\ruanlingtong\PigCms\Lib\Action\UserAction.class.php 第 68 行.
NOTIC: [8] Undefined variable: allCloseFunc C:\WWW\ruanlingtong\PigCms\Lib\Action\UserAction.class.php 第 68 行.
NOTIC: [2] in_array() expects parameter 2 to be array, null given C:\WWW\ruanlingtong\PigCms\Lib\Action\UserAction.class.php 第 68 行.
NOTIC: [8] Undefined variable: allCloseFunc C:\WWW\ruanlingtong\PigCms\Lib\Action\UserAction.class.php 第 68 行.
NOTIC: [2] in_array() expects parameter 2 to be array, null given C:\WWW\ruanlingtong\PigCms\Lib\Action\UserAction.class.php 第 68 行.
NOTIC: [8] Undefined variable: allCloseFunc C:\WWW\ruanlingtong\PigCms\Lib\Action\UserAction.class.php 第 68 行.
NOTIC: [2] in_array() expects parameter 2 to be array, null given C:\WWW\ruanlingtong\PigCms\Lib\Action\UserAction.class.php 第 68 行.
NOTIC: [8] Undefined variable: allCloseFunc C:\WWW\ruanlingtong\PigCms\Lib\Action\UserAction.class.php 第 68 行.
NOTIC: [2] in_array() expects parameter 2 to be array, null given C:\WWW\ruanlingtong\PigCms\Lib\Action\UserAction.class.php 第 68 行.
NOTIC: [8] Undefined variable: allCloseFunc C:\WWW\ruanlingtong\PigCms\Lib\Action\UserAction.class.php 第 68 行.
NOTIC: [2] in_array() expects parameter 2 to be array, null given C:\WWW\ruanlingtong\PigCms\Lib\Action\UserAction.class.php 第 68 行.
NOTIC: [8] Undefined variable: allCloseFunc C:\WWW\ruanlingtong\PigCms\Lib\Action\UserAction.class.php 第 68 行.
NOTIC: [2] in_array() expects parameter 2 to be array, null given C:\WWW\ruanlingtong\PigCms\Lib\Action\UserAction.class.php 第 68 行.
NOTIC: [8] Undefined variable: allCloseFunc C:\WWW\ruanlingtong\PigCms\Lib\Action\UserAction.class.php 第 68 行.
NOTIC: [2] in_array() expects parameter 2 to be array, null given C:\WWW\ruanlingtong\PigCms\Lib\Action\UserAction.class.php 第 68 行.
NOTIC: [8] Undefined variable: allCloseFunc C:\WWW\ruanlingtong\PigCms\Lib\Action\UserAction.class.php 第 68 行.
NOTIC: [2] in_array() expects parameter 2 to be array, null given C:\WWW\ruanlingtong\PigCms\Lib\Action\UserAction.class.php 第 68 行.
NOTIC: [8] Undefined variable: allCloseFunc C:\WWW\ruanlingtong\PigCms\Lib\Action\UserAction.class.php 第 68 行.
NOTIC: [2] in_array() expects parameter 2 to be array, null given C:\WWW\ruanlingtong\PigCms\Lib\Action\UserAction.class.php 第 68 行.
NOTIC: [8] Undefined variable: allCloseFunc C:\WWW\ruanlingtong\PigCms\Lib\Action\UserAction.class.php 第 68 行.
NOTIC: [2] in_array() expects parameter 2 to be array, null given C:\WWW\ruanlingtong\PigCms\Lib\Action\UserAction.class.php 第 68 行.
NOTIC: [8] Undefined variable: allCloseFunc C:\WWW\ruanlingtong\PigCms\Lib\Action\UserAction.class.php 第 68 行.
NOTIC: [2] in_array() expects parameter 2 to be array, null given C:\WWW\ruanlingtong\PigCms\Lib\Action\UserAction.class.php 第 68 行.
NOTIC: [8] Undefined variable: allCloseFunc C:\WWW\ruanlingtong\PigCms\Lib\Action\UserAction.class.php 第 68 行.
NOTIC: [2] in_array() expects parameter 2 to be array, null given C:\WWW\ruanlingtong\PigCms\Lib\Action\UserAction.class.php 第 68 行.
NOTIC: [8] Undefined variable: allCloseFunc C:\WWW\ruanlingtong\PigCms\Lib\Action\UserAction.class.php 第 68 行.
NOTIC: [2] in_array() expects parameter 2 to be array, null given C:\WWW\ruanlingtong\PigCms\Lib\Action\UserAction.class.php 第 68 行.
NOTIC: [8] Undefined variable: allCloseFunc C:\WWW\ruanlingtong\PigCms\Lib\Action\UserAction.class.php 第 68 行.
NOTIC: [2] in_array() expects parameter 2 to be array, null given C:\WWW\ruanlingtong\PigCms\Lib\Action\UserAction.class.php 第 68 行.
NOTIC: [8] Undefined variable: allCloseFunc C:\WWW\ruanlingtong\PigCms\Lib\Action\UserAction.class.php 第 68 行.
NOTIC: [2] in_array() expects parameter 2 to be array, null given C:\WWW\ruanlingtong\PigCms\Lib\Action\UserAction.class.php 第 68 行.
NOTIC: [8] Undefined variable: allCloseFunc C:\WWW\ruanlingtong\PigCms\Lib\Action\UserAction.class.php 第 68 行.
NOTIC: [2] in_array() expects parameter 2 to be array, null given C:\WWW\ruanlingtong\PigCms\Lib\Action\UserAction.class.php 第 68 行.
NOTIC: [8] Undefined variable: allCloseFunc C:\WWW\ruanlingtong\PigCms\Lib\Action\UserAction.class.php 第 68 行.
NOTIC: [2] in_array() expects parameter 2 to be array, null given C:\WWW\ruanlingtong\PigCms\Lib\Action\UserAction.class.php 第 68 行.
NOTIC: [8] Undefined variable: allCloseFunc C:\WWW\ruanlingtong\PigCms\Lib\Action\UserAction.class.php 第 68 行.
NOTIC: [2] in_array() expects parameter 2 to be array, null given C:\WWW\ruanlingtong\PigCms\Lib\Action\UserAction.class.php 第 68 行.
NOTIC: [8] Undefined variable: allCloseFunc C:\WWW\ruanlingtong\PigCms\Lib\Action\UserAction.class.php 第 68 行.
NOTIC: [2] in_array() expects parameter 2 to be array, null given C:\WWW\ruanlingtong\PigCms\Lib\Action\UserAction.class.php 第 68 行.
NOTIC: [8] Undefined variable: allCloseFunc C:\WWW\ruanlingtong\PigCms\Lib\Action\UserAction.class.php 第 68 行.
NOTIC: [2] in_array() expects parameter 2 to be array, null given C:\WWW\ruanlingtong\PigCms\Lib\Action\UserAction.class.php 第 68 行.
NOTIC: [8] Undefined variable: allCloseFunc C:\WWW\ruanlingtong\PigCms\Lib\Action\UserAction.class.php 第 68 行.
NOTIC: [2] in_array() expects parameter 2 to be array, null given C:\WWW\ruanlingtong\PigCms\Lib\Action\UserAction.class.php 第 68 行.
NOTIC: [8] Undefined variable: allCloseFunc C:\WWW\ruanlingtong\PigCms\Lib\Action\UserAction.class.php 第 68 行.
NOTIC: [2] in_array() expects parameter 2 to be array, null given C:\WWW\ruanlingtong\PigCms\Lib\Action\UserAction.class.php 第 68 行.
NOTIC: [8] Undefined variable: allCloseFunc C:\WWW\ruanlingtong\PigCms\Lib\Action\UserAction.class.php 第 68 行.
NOTIC: [2] in_array() expects parameter 2 to be array, null given C:\WWW\ruanlingtong\PigCms\Lib\Action\UserAction.class.php 第 68 行.
NOTIC: [8] Undefined variable: allCloseFunc C:\WWW\ruanlingtong\PigCms\Lib\Action\UserAction.class.php 第 68 行.
NOTIC: [2] in_array() expects parameter 2 to be array, null given C:\WWW\ruanlingtong\PigCms\Lib\Action\UserAction.class.php 第 68 行.
NOTIC: [8] Undefined variable: allCloseFunc C:\WWW\ruanlingtong\PigCms\Lib\Action\UserAction.class.php 第 68 行.
NOTIC: [2] in_array() expects parameter 2 to be array, null given C:\WWW\ruanlingtong\PigCms\Lib\Action\UserAction.class.php 第 68 行.
NOTIC: [8] Undefined variable: allCloseFunc C:\WWW\ruanlingtong\PigCms\Lib\Action\UserAction.class.php 第 68 行.
NOTIC: [2] in_array() expects parameter 2 to be array, null given C:\WWW\ruanlingtong\PigCms\Lib\Action\UserAction.class.php 第 68 行.
NOTIC: [8] Undefined variable: allCloseFunc C:\WWW\ruanlingtong\PigCms\Lib\Action\UserAction.class.php 第 68 行.
NOTIC: [2] in_array() expects parameter 2 to be array, null given C:\WWW\ruanlingtong\PigCms\Lib\Action\UserAction.class.php 第 68 行.
NOTIC: [8] Undefined variable: allCloseFunc C:\WWW\ruanlingtong\PigCms\Lib\Action\UserAction.class.php 第 68 行.
NOTIC: [2] in_array() expects parameter 2 to be array, null given C:\WWW\ruanlingtong\PigCms\Lib\Action\UserAction.class.php 第 68 行.
NOTIC: [8] Undefined variable: allCloseFunc C:\WWW\ruanlingtong\PigCms\Lib\Action\UserAction.class.php 第 68 行.
NOTIC: [2] in_array() expects parameter 2 to be array, null given C:\WWW\ruanlingtong\PigCms\Lib\Action\UserAction.class.php 第 68 行.
NOTIC: [8] Undefined variable: allCloseFunc C:\WWW\ruanlingtong\PigCms\Lib\Action\UserAction.class.php 第 68 行.
NOTIC: [2] in_array() expects parameter 2 to be array, null given C:\WWW\ruanlingtong\PigCms\Lib\Action\UserAction.class.php 第 68 行.
NOTIC: [8] Undefined variable: allCloseFunc C:\WWW\ruanlingtong\PigCms\Lib\Action\UserAction.class.php 第 68 行.
NOTIC: [2] in_array() expects parameter 2 to be array, null given C:\WWW\ruanlingtong\PigCms\Lib\Action\UserAction.class.php 第 68 行.
NOTIC: [8] Undefined variable: allCloseFunc C:\WWW\ruanlingtong\PigCms\Lib\Action\UserAction.class.php 第 68 行.
NOTIC: [2] in_array() expects parameter 2 to be array, null given C:\WWW\ruanlingtong\PigCms\Lib\Action\UserAction.class.php 第 68 行.
NOTIC: [8] Undefined variable: allCloseFunc C:\WWW\ruanlingtong\PigCms\Lib\Action\UserAction.class.php 第 68 行.
NOTIC: [2] in_array() expects parameter 2 to be array, null given C:\WWW\ruanlingtong\PigCms\Lib\Action\UserAction.class.php 第 68 行.
NOTIC: [8] Undefined variable: allCloseFunc C:\WWW\ruanlingtong\PigCms\Lib\Action\UserAction.class.php 第 68 行.
NOTIC: [2] in_array() expects parameter 2 to be array, null given C:\WWW\ruanlingtong\PigCms\Lib\Action\UserAction.class.php 第 68 行.
NOTIC: [8] Undefined variable: allCloseFunc C:\WWW\ruanlingtong\PigCms\Lib\Action\UserAction.class.php 第 68 行.
NOTIC: [2] in_array() expects parameter 2 to be array, null given C:\WWW\ruanlingtong\PigCms\Lib\Action\UserAction.class.php 第 68 行.
NOTIC: [8] Undefined variable: allCloseFunc C:\WWW\ruanlingtong\PigCms\Lib\Action\UserAction.class.php 第 68 行.
NOTIC: [2] in_array() expects parameter 2 to be array, null given C:\WWW\ruanlingtong\PigCms\Lib\Action\UserAction.class.php 第 68 行.
NOTIC: [8] Undefined variable: allCloseFunc C:\WWW\ruanlingtong\PigCms\Lib\Action\UserAction.class.php 第 68 行.
NOTIC: [2] in_array() expects parameter 2 to be array, null given C:\WWW\ruanlingtong\PigCms\Lib\Action\UserAction.class.php 第 68 行.
NOTIC: [8] Undefined variable: allCloseFunc C:\WWW\ruanlingtong\PigCms\Lib\Action\UserAction.class.php 第 68 行.
NOTIC: [2] in_array() expects parameter 2 to be array, null given C:\WWW\ruanlingtong\PigCms\Lib\Action\UserAction.class.php 第 68 行.
NOTIC: [8] Undefined variable: allCloseFunc C:\WWW\ruanlingtong\PigCms\Lib\Action\UserAction.class.php 第 68 行.
NOTIC: [2] in_array() expects parameter 2 to be array, null given C:\WWW\ruanlingtong\PigCms\Lib\Action\UserAction.class.php 第 68 行.
NOTIC: [8] Undefined variable: allCloseFunc C:\WWW\ruanlingtong\PigCms\Lib\Action\UserAction.class.php 第 68 行.
NOTIC: [2] in_array() expects parameter 2 to be array, null given C:\WWW\ruanlingtong\PigCms\Lib\Action\UserAction.class.php 第 68 行.
NOTIC: [8] Undefined variable: allCloseFunc C:\WWW\ruanlingtong\PigCms\Lib\Action\UserAction.class.php 第 68 行.
NOTIC: [2] in_array() expects parameter 2 to be array, null given C:\WWW\ruanlingtong\PigCms\Lib\Action\UserAction.class.php 第 68 行.
NOTIC: [8] Undefined variable: allCloseFunc C:\WWW\ruanlingtong\PigCms\Lib\Action\UserAction.class.php 第 68 行.
NOTIC: [2] in_array() expects parameter 2 to be array, null given C:\WWW\ruanlingtong\PigCms\Lib\Action\UserAction.class.php 第 68 行.
NOTIC: [8] Undefined variable: allCloseFunc C:\WWW\ruanlingtong\PigCms\Lib\Action\UserAction.class.php 第 68 行.
NOTIC: [2] in_array() expects parameter 2 to be array, null given C:\WWW\ruanlingtong\PigCms\Lib\Action\UserAction.class.php 第 68 行.
NOTIC: [8] Undefined variable: allCloseFunc C:\WWW\ruanlingtong\PigCms\Lib\Action\UserAction.class.php 第 68 行.
NOTIC: [2] in_array() expects parameter 2 to be array, null given C:\WWW\ruanlingtong\PigCms\Lib\Action\UserAction.class.php 第 68 行.
NOTIC: [8] Undefined variable: allCloseFunc C:\WWW\ruanlingtong\PigCms\Lib\Action\UserAction.class.php 第 68 行.
NOTIC: [2] in_array() expects parameter 2 to be array, null given C:\WWW\ruanlingtong\PigCms\Lib\Action\UserAction.class.php 第 68 行.
NOTIC: [8] Undefined variable: allCloseFunc C:\WWW\ruanlingtong\PigCms\Lib\Action\UserAction.class.php 第 68 行.
NOTIC: [2] in_array() expects parameter 2 to be array, null given C:\WWW\ruanlingtong\PigCms\Lib\Action\UserAction.class.php 第 68 行.
NOTIC: [8] Undefined variable: allCloseFunc C:\WWW\ruanlingtong\PigCms\Lib\Action\UserAction.class.php 第 68 行.
NOTIC: [2] in_array() expects parameter 2 to be array, null given C:\WWW\ruanlingtong\PigCms\Lib\Action\UserAction.class.php 第 68 行.
NOTIC: [8] Undefined variable: allCloseFunc C:\WWW\ruanlingtong\PigCms\Lib\Action\UserAction.class.php 第 68 行.
NOTIC: [2] in_array() expects parameter 2 to be array, null given C:\WWW\ruanlingtong\PigCms\Lib\Action\UserAction.class.php 第 68 行.
NOTIC: [8] Undefined variable: allCloseFunc C:\WWW\ruanlingtong\PigCms\Lib\Action\UserAction.class.php 第 68 行.
NOTIC: [2] in_array() expects parameter 2 to be array, null given C:\WWW\ruanlingtong\PigCms\Lib\Action\UserAction.class.php 第 68 行.
NOTIC: [8] Undefined variable: allCloseFunc C:\WWW\ruanlingtong\PigCms\Lib\Action\UserAction.class.php 第 68 行.
NOTIC: [2] in_array() expects parameter 2 to be array, null given C:\WWW\ruanlingtong\PigCms\Lib\Action\UserAction.class.php 第 68 行.
NOTIC: [8] Undefined variable: allCloseFunc C:\WWW\ruanlingtong\PigCms\Lib\Action\UserAction.class.php 第 68 行.
NOTIC: [2] in_array() expects parameter 2 to be array, null given C:\WWW\ruanlingtong\PigCms\Lib\Action\UserAction.class.php 第 68 行.
NOTIC: [8] Undefined variable: allCloseFunc C:\WWW\ruanlingtong\PigCms\Lib\Action\UserAction.class.php 第 68 行.
NOTIC: [2] in_array() expects parameter 2 to be array, null given C:\WWW\ruanlingtong\PigCms\Lib\Action\UserAction.class.php 第 68 行.
NOTIC: [8] Undefined variable: allCloseFunc C:\WWW\ruanlingtong\PigCms\Lib\Action\UserAction.class.php 第 68 行.
NOTIC: [2] in_array() expects parameter 2 to be array, null given C:\WWW\ruanlingtong\PigCms\Lib\Action\UserAction.class.php 第 68 行.
NOTIC: [8] Undefined variable: allCloseFunc C:\WWW\ruanlingtong\PigCms\Lib\Action\UserAction.class.php 第 68 行.
NOTIC: [2] in_array() expects parameter 2 to be array, null given C:\WWW\ruanlingtong\PigCms\Lib\Action\UserAction.class.php 第 68 行.
NOTIC: [8] Undefined variable: allCloseFunc C:\WWW\ruanlingtong\PigCms\Lib\Action\UserAction.class.php 第 68 行.
NOTIC: [2] in_array() expects parameter 2 to be array, null given C:\WWW\ruanlingtong\PigCms\Lib\Action\UserAction.class.php 第 68 行.
NOTIC: [8] Undefined variable: allCloseFunc C:\WWW\ruanlingtong\PigCms\Lib\Action\UserAction.class.php 第 68 行.
NOTIC: [2] in_array() expects parameter 2 to be array, null given C:\WWW\ruanlingtong\PigCms\Lib\Action\UserAction.class.php 第 68 行.
NOTIC: [8] Undefined variable: allCloseFunc C:\WWW\ruanlingtong\PigCms\Lib\Action\UserAction.class.php 第 68 行.
NOTIC: [2] in_array() expects parameter 2 to be array, null given C:\WWW\ruanlingtong\PigCms\Lib\Action\UserAction.class.php 第 68 行.
NOTIC: [8] Undefined variable: allCloseFunc C:\WWW\ruanlingtong\PigCms\Lib\Action\UserAction.class.php 第 68 行.
NOTIC: [2] in_array() expects parameter 2 to be array, null given C:\WWW\ruanlingtong\PigCms\Lib\Action\UserAction.class.php 第 68 行.
NOTIC: [8] Undefined variable: allCloseFunc C:\WWW\ruanlingtong\PigCms\Lib\Action\UserAction.class.php 第 68 行.
NOTIC: [2] in_array() expects parameter 2 to be array, null given C:\WWW\ruanlingtong\PigCms\Lib\Action\UserAction.class.php 第 68 行.
NOTIC: [8] Undefined variable: allCloseFunc C:\WWW\ruanlingtong\PigCms\Lib\Action\UserAction.class.php 第 68 行.
NOTIC: [2] in_array() expects parameter 2 to be array, null given C:\WWW\ruanlingtong\PigCms\Lib\Action\UserAction.class.php 第 68 行.
NOTIC: [8] Undefined variable: allCloseFunc C:\WWW\ruanlingtong\PigCms\Lib\Action\UserAction.class.php 第 68 行.
NOTIC: [2] in_array() expects parameter 2 to be array, null given C:\WWW\ruanlingtong\PigCms\Lib\Action\UserAction.class.php 第 68 行.
NOTIC: [8] Undefined variable: allCloseFunc C:\WWW\ruanlingtong\PigCms\Lib\Action\UserAction.class.php 第 68 行.
NOTIC: [2] in_array() expects parameter 2 to be array, null given C:\WWW\ruanlingtong\PigCms\Lib\Action\UserAction.class.php 第 68 行.
NOTIC: [8] Undefined variable: allCloseFunc C:\WWW\ruanlingtong\PigCms\Lib\Action\UserAction.class.php 第 68 行.
NOTIC: [2] in_array() expects parameter 2 to be array, null given C:\WWW\ruanlingtong\PigCms\Lib\Action\UserAction.class.php 第 68 行.
NOTIC: [8] Undefined variable: allCloseFunc C:\WWW\ruanlingtong\PigCms\Lib\Action\UserAction.class.php 第 68 行.
NOTIC: [2] in_array() expects parameter 2 to be array, null given C:\WWW\ruanlingtong\PigCms\Lib\Action\UserAction.class.php 第 68 行.
NOTIC: [8] Undefined variable: allCloseFunc C:\WWW\ruanlingtong\PigCms\Lib\Action\UserAction.class.php 第 68 行.
NOTIC: [2] in_array() expects parameter 2 to be array, null given C:\WWW\ruanlingtong\PigCms\Lib\Action\UserAction.class.php 第 68 行.
NOTIC: [8] Undefined variable: allCloseFunc C:\WWW\ruanlingtong\PigCms\Lib\Action\UserAction.class.php 第 68 行.
NOTIC: [2] in_array() expects parameter 2 to be array, null given C:\WWW\ruanlingtong\PigCms\Lib\Action\UserAction.class.php 第 68 行.
NOTIC: [8] Undefined variable: allCloseFunc C:\WWW\ruanlingtong\PigCms\Lib\Action\UserAction.class.php 第 68 行.
NOTIC: [2] in_array() expects parameter 2 to be array, null given C:\WWW\ruanlingtong\PigCms\Lib\Action\UserAction.class.php 第 68 行.
NOTIC: [8] Undefined variable: allCloseFunc C:\WWW\ruanlingtong\PigCms\Lib\Action\UserAction.class.php 第 68 行.
NOTIC: [2] in_array() expects parameter 2 to be array, null given C:\WWW\ruanlingtong\PigCms\Lib\Action\UserAction.class.php 第 68 行.
NOTIC: [8] Undefined variable: allCloseFunc C:\WWW\ruanlingtong\PigCms\Lib\Action\UserAction.class.php 第 68 行.
NOTIC: [2] in_array() expects parameter 2 to be array, null given C:\WWW\ruanlingtong\PigCms\Lib\Action\UserAction.class.php 第 68 行.
NOTIC: [8] Undefined variable: allCloseFunc C:\WWW\ruanlingtong\PigCms\Lib\Action\UserAction.class.php 第 68 行.
NOTIC: [2] in_array() expects parameter 2 to be array, null given C:\WWW\ruanlingtong\PigCms\Lib\Action\UserAction.class.php 第 68 行.
NOTIC: [8] Undefined variable: allCloseFunc C:\WWW\ruanlingtong\PigCms\Lib\Action\UserAction.class.php 第 68 行.
NOTIC: [2] in_array() expects parameter 2 to be array, null given C:\WWW\ruanlingtong\PigCms\Lib\Action\UserAction.class.php 第 68 行.
NOTIC: [8] Undefined variable: allCloseFunc C:\WWW\ruanlingtong\PigCms\Lib\Action\UserAction.class.php 第 68 行.
NOTIC: [2] in_array() expects parameter 2 to be array, null given C:\WWW\ruanlingtong\PigCms\Lib\Action\UserAction.class.php 第 68 行.
NOTIC: [8] Undefined variable: allCloseFunc C:\WWW\ruanlingtong\PigCms\Lib\Action\UserAction.class.php 第 68 行.
NOTIC: [2] in_array() expects parameter 2 to be array, null given C:\WWW\ruanlingtong\PigCms\Lib\Action\UserAction.class.php 第 68 行.
NOTIC: [8] Undefined variable: allCloseFunc C:\WWW\ruanlingtong\PigCms\Lib\Action\UserAction.class.php 第 68 行.
NOTIC: [2] in_array() expects parameter 2 to be array, null given C:\WWW\ruanlingtong\PigCms\Lib\Action\UserAction.class.php 第 68 行.
NOTIC: [8] Undefined variable: allCloseFunc C:\WWW\ruanlingtong\PigCms\Lib\Action\UserAction.class.php 第 68 行.
NOTIC: [2] in_array() expects parameter 2 to be array, null given C:\WWW\ruanlingtong\PigCms\Lib\Action\UserAction.class.php 第 68 行.
NOTIC: [8] Undefined variable: allCloseFunc C:\WWW\ruanlingtong\PigCms\Lib\Action\UserAction.class.php 第 68 行.
NOTIC: [2] in_array() expects parameter 2 to be array, null given C:\WWW\ruanlingtong\PigCms\Lib\Action\UserAction.class.php 第 68 行.
NOTIC: [8] Undefined variable: allCloseFunc C:\WWW\ruanlingtong\PigCms\Lib\Action\UserAction.class.php 第 68 行.
NOTIC: [2] in_array() expects parameter 2 to be array, null given C:\WWW\ruanlingtong\PigCms\Lib\Action\UserAction.class.php 第 68 行.
NOTIC: [8] Undefined variable: allCloseFunc C:\WWW\ruanlingtong\PigCms\Lib\Action\UserAction.class.php 第 68 行.
NOTIC: [2] in_array() expects parameter 2 to be array, null given C:\WWW\ruanlingtong\PigCms\Lib\Action\UserAction.class.php 第 68 行.
NOTIC: [8] Undefined variable: allCloseFunc C:\WWW\ruanlingtong\PigCms\Lib\Action\UserAction.class.php 第 68 行.
NOTIC: [2] in_array() expects parameter 2 to be array, null given C:\WWW\ruanlingtong\PigCms\Lib\Action\UserAction.class.php 第 68 行.
NOTIC: [8] Undefined variable: allCloseFunc C:\WWW\ruanlingtong\PigCms\Lib\Action\UserAction.class.php 第 68 行.
NOTIC: [2] in_array() expects parameter 2 to be array, null given C:\WWW\ruanlingtong\PigCms\Lib\Action\UserAction.class.php 第 68 行.
NOTIC: [8] Undefined variable: allCloseFunc C:\WWW\ruanlingtong\PigCms\Lib\Action\UserAction.class.php 第 68 行.
NOTIC: [2] in_array() expects parameter 2 to be array, null given C:\WWW\ruanlingtong\PigCms\Lib\Action\UserAction.class.php 第 68 行.
NOTIC: [8] Undefined variable: allCloseFunc C:\WWW\ruanlingtong\PigCms\Lib\Action\UserAction.class.php 第 68 行.
NOTIC: [2] in_array() expects parameter 2 to be array, null given C:\WWW\ruanlingtong\PigCms\Lib\Action\UserAction.class.php 第 68 行.
NOTIC: [8] Undefined variable: allCloseFunc C:\WWW\ruanlingtong\PigCms\Lib\Action\UserAction.class.php 第 68 行.
NOTIC: [2] in_array() expects parameter 2 to be array, null given C:\WWW\ruanlingtong\PigCms\Lib\Action\UserAction.class.php 第 68 行.
NOTIC: [8] Undefined variable: allCloseFunc C:\WWW\ruanlingtong\PigCms\Lib\Action\UserAction.class.php 第 68 行.
NOTIC: [2] in_array() expects parameter 2 to be array, null given C:\WWW\ruanlingtong\PigCms\Lib\Action\UserAction.class.php 第 68 行.
NOTIC: [8] Undefined variable: allCloseFunc C:\WWW\ruanlingtong\PigCms\Lib\Action\UserAction.class.php 第 68 行.
NOTIC: [2] in_array() expects parameter 2 to be array, null given C:\WWW\ruanlingtong\PigCms\Lib\Action\UserAction.class.php 第 68 行.
NOTIC: [8] Undefined variable: allCloseFunc C:\WWW\ruanlingtong\PigCms\Lib\Action\UserAction.class.php 第 68 行.
NOTIC: [2] in_array() expects parameter 2 to be array, null given C:\WWW\ruanlingtong\PigCms\Lib\Action\UserAction.class.php 第 68 行.
NOTIC: [8] Undefined variable: allCloseFunc C:\WWW\ruanlingtong\PigCms\Lib\Action\UserAction.class.php 第 68 行.
NOTIC: [2] in_array() expects parameter 2 to be array, null given C:\WWW\ruanlingtong\PigCms\Lib\Action\UserAction.class.php 第 68 行.
NOTIC: [8] Undefined variable: allCloseFunc C:\WWW\ruanlingtong\PigCms\Lib\Action\UserAction.class.php 第 68 行.
NOTIC: [2] in_array() expects parameter 2 to be array, null given C:\WWW\ruanlingtong\PigCms\Lib\Action\UserAction.class.php 第 68 行.
NOTIC: [8] Undefined variable: allCloseFunc C:\WWW\ruanlingtong\PigCms\Lib\Action\UserAction.class.php 第 68 行.
NOTIC: [2] in_array() expects parameter 2 to be array, null given C:\WWW\ruanlingtong\PigCms\Lib\Action\UserAction.class.php 第 68 行.
NOTIC: [8] Undefined variable: allCloseFunc C:\WWW\ruanlingtong\PigCms\Lib\Action\UserAction.class.php 第 68 行.
NOTIC: [2] in_array() expects parameter 2 to be array, null given C:\WWW\ruanlingtong\PigCms\Lib\Action\UserAction.class.php 第 68 行.
NOTIC: [8] Undefined variable: allCloseFunc C:\WWW\ruanlingtong\PigCms\Lib\Action\UserAction.class.php 第 68 行.
NOTIC: [2] in_array() expects parameter 2 to be array, null given C:\WWW\ruanlingtong\PigCms\Lib\Action\UserAction.class.php 第 68 行.
NOTIC: [8] Undefined variable: allCloseFunc C:\WWW\ruanlingtong\PigCms\Lib\Action\UserAction.class.php 第 68 行.
NOTIC: [2] in_array() expects parameter 2 to be array, null given C:\WWW\ruanlingtong\PigCms\Lib\Action\UserAction.class.php 第 68 行.
NOTIC: [8] Undefined variable: allCloseFunc C:\WWW\ruanlingtong\PigCms\Lib\Action\UserAction.class.php 第 68 行.
NOTIC: [2] in_array() expects parameter 2 to be array, null given C:\WWW\ruanlingtong\PigCms\Lib\Action\UserAction.class.php 第 68 行.
NOTIC: [8] Undefined variable: allCloseFunc C:\WWW\ruanlingtong\PigCms\Lib\Action\UserAction.class.php 第 68 行.
NOTIC: [2] in_array() expects parameter 2 to be array, null given C:\WWW\ruanlingtong\PigCms\Lib\Action\UserAction.class.php 第 68 行.
NOTIC: [8] Undefined variable: allCloseFunc C:\WWW\ruanlingtong\PigCms\Lib\Action\UserAction.class.php 第 68 行.
NOTIC: [2] in_array() expects parameter 2 to be array, null given C:\WWW\ruanlingtong\PigCms\Lib\Action\UserAction.class.php 第 68 行.
NOTIC: [8] Undefined variable: allCloseFunc C:\WWW\ruanlingtong\PigCms\Lib\Action\UserAction.class.php 第 68 行.
NOTIC: [2] in_array() expects parameter 2 to be array, null given C:\WWW\ruanlingtong\PigCms\Lib\Action\UserAction.class.php 第 68 行.
NOTIC: [8] Undefined variable: allCloseFunc C:\WWW\ruanlingtong\PigCms\Lib\Action\UserAction.class.php 第 68 行.
NOTIC: [2] in_array() expects parameter 2 to be array, null given C:\WWW\ruanlingtong\PigCms\Lib\Action\UserAction.class.php 第 68 行.
NOTIC: [8] Undefined variable: allCloseFunc C:\WWW\ruanlingtong\PigCms\Lib\Action\UserAction.class.php 第 68 行.
NOTIC: [2] in_array() expects parameter 2 to be array, null given C:\WWW\ruanlingtong\PigCms\Lib\Action\UserAction.class.php 第 68 行.
NOTIC: [8] Undefined variable: allCloseFunc C:\WWW\ruanlingtong\PigCms\Lib\Action\UserAction.class.php 第 68 行.
NOTIC: [2] in_array() expects parameter 2 to be array, null given C:\WWW\ruanlingtong\PigCms\Lib\Action\UserAction.class.php 第 68 行.
NOTIC: [8] Undefined variable: allCloseFunc C:\WWW\ruanlingtong\PigCms\Lib\Action\UserAction.class.php 第 68 行.
NOTIC: [2] in_array() expects parameter 2 to be array, null given C:\WWW\ruanlingtong\PigCms\Lib\Action\UserAction.class.php 第 68 行.
NOTIC: [8] Undefined variable: allCloseFunc C:\WWW\ruanlingtong\PigCms\Lib\Action\UserAction.class.php 第 68 行.
NOTIC: [2] in_array() expects parameter 2 to be array, null given C:\WWW\ruanlingtong\PigCms\Lib\Action\UserAction.class.php 第 68 行.
NOTIC: [8] Undefined variable: allCloseFunc C:\WWW\ruanlingtong\PigCms\Lib\Action\UserAction.class.php 第 68 行.
NOTIC: [2] in_array() expects parameter 2 to be array, null given C:\WWW\ruanlingtong\PigCms\Lib\Action\UserAction.class.php 第 68 行.
NOTIC: [8] Undefined variable: allCloseFunc C:\WWW\ruanlingtong\PigCms\Lib\Action\UserAction.class.php 第 68 行.
NOTIC: [2] in_array() expects parameter 2 to be array, null given C:\WWW\ruanlingtong\PigCms\Lib\Action\UserAction.class.php 第 68 行.
NOTIC: [8] Undefined variable: allCloseFunc C:\WWW\ruanlingtong\PigCms\Lib\Action\UserAction.class.php 第 68 行.
NOTIC: [2] in_array() expects parameter 2 to be array, null given C:\WWW\ruanlingtong\PigCms\Lib\Action\UserAction.class.php 第 68 行.
NOTIC: [8] Undefined variable: allCloseFunc C:\WWW\ruanlingtong\PigCms\Lib\Action\UserAction.class.php 第 68 行.
NOTIC: [2] in_array() expects parameter 2 to be array, null given C:\WWW\ruanlingtong\PigCms\Lib\Action\UserAction.class.php 第 68 行.
NOTIC: [8] Undefined variable: allCloseFunc C:\WWW\ruanlingtong\PigCms\Lib\Action\UserAction.class.php 第 68 行.
NOTIC: [2] in_array() expects parameter 2 to be array, null given C:\WWW\ruanlingtong\PigCms\Lib\Action\UserAction.class.php 第 68 行.
NOTIC: [8] Undefined variable: allCloseFunc C:\WWW\ruanlingtong\PigCms\Lib\Action\UserAction.class.php 第 68 行.
NOTIC: [2] in_array() expects parameter 2 to be array, null given C:\WWW\ruanlingtong\PigCms\Lib\Action\UserAction.class.php 第 68 行.
NOTIC: [8] Undefined variable: allCloseFunc C:\WWW\ruanlingtong\PigCms\Lib\Action\UserAction.class.php 第 68 行.
NOTIC: [2] in_array() expects parameter 2 to be array, null given C:\WWW\ruanlingtong\PigCms\Lib\Action\UserAction.class.php 第 68 行.
NOTIC: [8] Undefined variable: allCloseFunc C:\WWW\ruanlingtong\PigCms\Lib\Action\UserAction.class.php 第 68 行.
NOTIC: [2] in_array() expects parameter 2 to be array, null given C:\WWW\ruanlingtong\PigCms\Lib\Action\UserAction.class.php 第 68 行.
NOTIC: [8] Undefined variable: allCloseFunc C:\WWW\ruanlingtong\PigCms\Lib\Action\UserAction.class.php 第 68 行.
NOTIC: [2] in_array() expects parameter 2 to be array, null given C:\WWW\ruanlingtong\PigCms\Lib\Action\UserAction.class.php 第 68 行.
NOTIC: [8] Undefined variable: allCloseFunc C:\WWW\ruanlingtong\PigCms\Lib\Action\UserAction.class.php 第 68 行.
NOTIC: [2] in_array() expects parameter 2 to be array, null given C:\WWW\ruanlingtong\PigCms\Lib\Action\UserAction.class.php 第 68 行.
NOTIC: [8] Undefined variable: allCloseFunc C:\WWW\ruanlingtong\PigCms\Lib\Action\UserAction.class.php 第 68 行.
NOTIC: [2] in_array() expects parameter 2 to be array, null given C:\WWW\ruanlingtong\PigCms\Lib\Action\UserAction.class.php 第 68 行.
SQL: SHOW COLUMNS FROM `tp_wxuser` [ RunTime:0.000000s ]
SQL: SELECT * FROM `tp_wxuser` WHERE ( `token` = 'epglmz1433433493' ) AND ( `uid` = 6 ) LIMIT 1   [ RunTime:0.000000s ]
SQL: SHOW COLUMNS FROM `tp_token_open` [ RunTime:0.000000s ]
SQL: SELECT `queryname` FROM `tp_token_open` WHERE ( `token` = 'epglmz1433433493' ) LIMIT 1   [ RunTime:0.000000s ]
NOTIC: [8] Undefined index: width C:\WWW\ruanlingtong\PigCms\Lib\Action\UserAction.class.php 第 144 行.
SQL: SHOW COLUMNS FROM `tp_system_info` [ RunTime:0.000000s ]
SQL: SELECT * FROM `tp_system_info` ORDER BY lastsqlupdate DESC LIMIT 1   [ RunTime:0.000000s ]
NOTIC: [2048] Non-static method apiInfo::info() should not be called statically, assuming $this from incompatible context C:\WWW\ruanlingtong\PigCms\Lib\Action\User\IndexAction.class.php 第 260 行.
SQL: SHOW COLUMNS FROM `tp_wxuser` [ RunTime:0.000000s ]
SQL: SELECT * FROM `tp_wxuser` WHERE ( `uid` = 6 ) AND ( `id` = 40 ) LIMIT 1   [ RunTime:0.000000s ]
SQL: SELECT `func` FROM `tp_user_group` WHERE ( `id` = 4 ) LIMIT 1   [ RunTime:0.000000s ]
NOTIC: [8] Use of undefined constant ALI_FUWU_GROUP - assumed 'ALI_FUWU_GROUP' C:\WWW\ruanlingtong\PigCms\Lib\Action\User\IndexAction.class.php 第 262 行.
INFO: [ view_template ] --START--
INFO: Run LocationTemplate Behavior [ RunTime:-0.640699s ]
INFO: [ view_template ] --END-- [ RunTime:0.000000s ]
INFO: [ view_parse ] --START--
INFO: Run ParseTemplate Behavior [ RunTime:-0.640699s ]
INFO: [ view_parse ] --END-- [ RunTime:0.046880s ]
INFO: [ view_filter ] --START--
INFO: Run ContentReplace Behavior [ RunTime:-0.687579s ]
INFO: Run TokenBuild Behavior [ RunTime:-0.687579s ]
INFO: Run WriteHtmlCache Behavior [ RunTime:-0.687579s ]
INFO: Run ShowRuntime Behavior [ RunTime:-0.687579s ]
INFO: [ view_filter ] --END-- [ RunTime:0.000000s ]
INFO: [ view_end ] --START--
INFO: Run ShowPageTrace Behavior [ RunTime:-0.687579s ]
INFO: [ view_end ] --END-- [ RunTime:0.000000s ]

[ 2015-06-04T23:59:58+08:00 ] 223.68.162.177 /index.php?g=User&m=Index&a=edit&id=40
INFO: [ app_begin ] --START--
INFO: Run ReadHtmlCache Behavior [ RunTime:0.000000s ]
INFO: [ app_begin ] --END-- [ RunTime:0.000000s ]
NOTIC: [2048] Declaration of IndexAction::insert() should be compatible with BaseAction::insert($name = '', $back = '/index') C:\WWW\ruanlingtong\PigCms\Lib\Action\User\IndexAction.class.php 第 2 行.
SQL: SHOW COLUMNS FROM `tp_agent` [ RunTime:0.000000s ]
SQL: SELECT * FROM `tp_agent` WHERE ( `siteurl` = 'http://www.softphs.com' ) LIMIT 1   [ RunTime:0.000000s ]
NOTIC: [8] Constant STATICS already defined C:\WWW\ruanlingtong\PigCms\Lib\Action\BaseAction.class.php 第 134 行.
SQL: SHOW COLUMNS FROM `tp_user_group` [ RunTime:0.000000s ]
SQL: SELECT * FROM `tp_user_group` WHERE ( `id` = 4 ) LIMIT 1   [ RunTime:0.000000s ]
SQL: SHOW COLUMNS FROM `tp_users` [ RunTime:0.000000s ]
SQL: SELECT * FROM `tp_users` WHERE ( `id` = 6 ) LIMIT 1   [ RunTime:0.000000s ]
SQL: SHOW COLUMNS FROM `tp_token_open` [ RunTime:0.000000s ]
SQL: SELECT `queryname` FROM `tp_token_open` WHERE ( `token` = 'epglmz1433433493' ) LIMIT 1   [ RunTime:0.000000s ]
SQL: SHOW COLUMNS FROM `tp_function` [ RunTime:0.000000s ]
SQL: SELECT `func` FROM `tp_user_group` WHERE ( `id` = 4 ) LIMIT 1   [ RunTime:0.000000s ]
SQL: SELECT `id`,`funname` FROM `tp_function` WHERE ( `status` = 1 )  [ RunTime:0.000000s ]
NOTIC: [8] Undefined variable: allCloseFunc C:\WWW\ruanlingtong\PigCms\Lib\Action\UserAction.class.php 第 68 行.
NOTIC: [2] in_array() expects parameter 2 to be array, null given C:\WWW\ruanlingtong\PigCms\Lib\Action\UserAction.class.php 第 68 行.
NOTIC: [8] Undefined variable: allCloseFunc C:\WWW\ruanlingtong\PigCms\Lib\Action\UserAction.class.php 第 68 行.
NOTIC: [2] in_array() expects parameter 2 to be array, null given C:\WWW\ruanlingtong\PigCms\Lib\Action\UserAction.class.php 第 68 行.
NOTIC: [8] Undefined variable: allCloseFunc C:\WWW\ruanlingtong\PigCms\Lib\Action\UserAction.class.php 第 68 行.
NOTIC: [2] in_array() expects parameter 2 to be array, null given C:\WWW\ruanlingtong\PigCms\Lib\Action\UserAction.class.php 第 68 行.
NOTIC: [8] Undefined variable: allCloseFunc C:\WWW\ruanlingtong\PigCms\Lib\Action\UserAction.class.php 第 68 行.
NOTIC: [2] in_array() expects parameter 2 to be array, null given C:\WWW\ruanlingtong\PigCms\Lib\Action\UserAction.class.php 第 68 行.
NOTIC: [8] Undefined variable: allCloseFunc C:\WWW\ruanlingtong\PigCms\Lib\Action\UserAction.class.php 第 68 行.
NOTIC: [2] in_array() expects parameter 2 to be array, null given C:\WWW\ruanlingtong\PigCms\Lib\Action\UserAction.class.php 第 68 行.
NOTIC: [8] Undefined variable: allCloseFunc C:\WWW\ruanlingtong\PigCms\Lib\Action\UserAction.class.php 第 68 行.
NOTIC: [2] in_array() expects parameter 2 to be array, null given C:\WWW\ruanlingtong\PigCms\Lib\Action\UserAction.class.php 第 68 行.
NOTIC: [8] Undefined variable: allCloseFunc C:\WWW\ruanlingtong\PigCms\Lib\Action\UserAction.class.php 第 68 行.
NOTIC: [2] in_array() expects parameter 2 to be array, null given C:\WWW\ruanlingtong\PigCms\Lib\Action\UserAction.class.php 第 68 行.
NOTIC: [8] Undefined variable: allCloseFunc C:\WWW\ruanlingtong\PigCms\Lib\Action\UserAction.class.php 第 68 行.
NOTIC: [2] in_array() expects parameter 2 to be array, null given C:\WWW\ruanlingtong\PigCms\Lib\Action\UserAction.class.php 第 68 行.
NOTIC: [8] Undefined variable: allCloseFunc C:\WWW\ruanlingtong\PigCms\Lib\Action\UserAction.class.php 第 68 行.
NOTIC: [2] in_array() expects parameter 2 to be array, null given C:\WWW\ruanlingtong\PigCms\Lib\Action\UserAction.class.php 第 68 行.
NOTIC: [8] Undefined variable: allCloseFunc C:\WWW\ruanlingtong\PigCms\Lib\Action\UserAction.class.php 第 68 行.
NOTIC: [2] in_array() expects parameter 2 to be array, null given C:\WWW\ruanlingtong\PigCms\Lib\Action\UserAction.class.php 第 68 行.
NOTIC: [8] Undefined variable: allCloseFunc C:\WWW\ruanlingtong\PigCms\Lib\Action\UserAction.class.php 第 68 行.
NOTIC: [2] in_array() expects parameter 2 to be array, null given C:\WWW\ruanlingtong\PigCms\Lib\Action\UserAction.class.php 第 68 行.
NOTIC: [8] Undefined variable: allCloseFunc C:\WWW\ruanlingtong\PigCms\Lib\Action\UserAction.class.php 第 68 行.
NOTIC: [2] in_array() expects parameter 2 to be array, null given C:\WWW\ruanlingtong\PigCms\Lib\Action\UserAction.class.php 第 68 行.
NOTIC: [8] Undefined variable: allCloseFunc C:\WWW\ruanlingtong\PigCms\Lib\Action\UserAction.class.php 第 68 行.
NOTIC: [2] in_array() expects parameter 2 to be array, null given C:\WWW\ruanlingtong\PigCms\Lib\Action\UserAction.class.php 第 68 行.
NOTIC: [8] Undefined variable: allCloseFunc C:\WWW\ruanlingtong\PigCms\Lib\Action\UserAction.class.php 第 68 行.
NOTIC: [2] in_array() expects parameter 2 to be array, null given C:\WWW\ruanlingtong\PigCms\Lib\Action\UserAction.class.php 第 68 行.
NOTIC: [8] Undefined variable: allCloseFunc C:\WWW\ruanlingtong\PigCms\Lib\Action\UserAction.class.php 第 68 行.
NOTIC: [2] in_array() expects parameter 2 to be array, null given C:\WWW\ruanlingtong\PigCms\Lib\Action\UserAction.class.php 第 68 行.
NOTIC: [8] Undefined variable: allCloseFunc C:\WWW\ruanlingtong\PigCms\Lib\Action\UserAction.class.php 第 68 行.
NOTIC: [2] in_array() expects parameter 2 to be array, null given C:\WWW\ruanlingtong\PigCms\Lib\Action\UserAction.class.php 第 68 行.
NOTIC: [8] Undefined variable: allCloseFunc C:\WWW\ruanlingtong\PigCms\Lib\Action\UserAction.class.php 第 68 行.
NOTIC: [2] in_array() expects parameter 2 to be array, null given C:\WWW\ruanlingtong\PigCms\Lib\Action\UserAction.class.php 第 68 行.
NOTIC: [8] Undefined variable: allCloseFunc C:\WWW\ruanlingtong\PigCms\Lib\Action\UserAction.class.php 第 68 行.
NOTIC: [2] in_array() expects parameter 2 to be array, null given C:\WWW\ruanlingtong\PigCms\Lib\Action\UserAction.class.php 第 68 行.
NOTIC: [8] Undefined variable: allCloseFunc C:\WWW\ruanlingtong\PigCms\Lib\Action\UserAction.class.php 第 68 行.
NOTIC: [2] in_array() expects parameter 2 to be array, null given C:\WWW\ruanlingtong\PigCms\Lib\Action\UserAction.class.php 第 68 行.
NOTIC: [8] Undefined variable: allCloseFunc C:\WWW\ruanlingtong\PigCms\Lib\Action\UserAction.class.php 第 68 行.
NOTIC: [2] in_array() expects parameter 2 to be array, null given C:\WWW\ruanlingtong\PigCms\Lib\Action\UserAction.class.php 第 68 行.
NOTIC: [8] Undefined variable: allCloseFunc C:\WWW\ruanlingtong\PigCms\Lib\Action\UserAction.class.php 第 68 行.
NOTIC: [2] in_array() expects parameter 2 to be array, null given C:\WWW\ruanlingtong\PigCms\Lib\Action\UserAction.class.php 第 68 行.
NOTIC: [8] Undefined variable: allCloseFunc C:\WWW\ruanlingtong\PigCms\Lib\Action\UserAction.class.php 第 68 行.
NOTIC: [2] in_array() expects parameter 2 to be array, null given C:\WWW\ruanlingtong\PigCms\Lib\Action\UserAction.class.php 第 68 行.
NOTIC: [8] Undefined variable: allCloseFunc C:\WWW\ruanlingtong\PigCms\Lib\Action\UserAction.class.php 第 68 行.
NOTIC: [2] in_array() expects parameter 2 to be array, null given C:\WWW\ruanlingtong\PigCms\Lib\Action\UserAction.class.php 第 68 行.
NOTIC: [8] Undefined variable: allCloseFunc C:\WWW\ruanlingtong\PigCms\Lib\Action\UserAction.class.php 第 68 行.
NOTIC: [2] in_array() expects parameter 2 to be array, null given C:\WWW\ruanlingtong\PigCms\Lib\Action\UserAction.class.php 第 68 行.
NOTIC: [8] Undefined variable: allCloseFunc C:\WWW\ruanlingtong\PigCms\Lib\Action\UserAction.class.php 第 68 行.
NOTIC: [2] in_array() expects parameter 2 to be array, null given C:\WWW\ruanlingtong\PigCms\Lib\Action\UserAction.class.php 第 68 行.
NOTIC: [8] Undefined variable: allCloseFunc C:\WWW\ruanlingtong\PigCms\Lib\Action\UserAction.class.php 第 68 行.
NOTIC: [2] in_array() expects parameter 2 to be array, null given C:\WWW\ruanlingtong\PigCms\Lib\Action\UserAction.class.php 第 68 行.
NOTIC: [8] Undefined variable: allCloseFunc C:\WWW\ruanlingtong\PigCms\Lib\Action\UserAction.class.php 第 68 行.
NOTIC: [2] in_array() expects parameter 2 to be array, null given C:\WWW\ruanlingtong\PigCms\Lib\Action\UserAction.class.php 第 68 行.
NOTIC: [8] Undefined variable: allCloseFunc C:\WWW\ruanlingtong\PigCms\Lib\Action\UserAction.class.php 第 68 行.
NOTIC: [2] in_array() expects parameter 2 to be array, null given C:\WWW\ruanlingtong\PigCms\Lib\Action\UserAction.class.php 第 68 行.
NOTIC: [8] Undefined variable: allCloseFunc C:\WWW\ruanlingtong\PigCms\Lib\Action\UserAction.class.php 第 68 行.
NOTIC: [2] in_array() expects parameter 2 to be array, null given C:\WWW\ruanlingtong\PigCms\Lib\Action\UserAction.class.php 第 68 行.
NOTIC: [8] Undefined variable: allCloseFunc C:\WWW\ruanlingtong\PigCms\Lib\Action\UserAction.class.php 第 68 行.
NOTIC: [2] in_array() expects parameter 2 to be array, null given C:\WWW\ruanlingtong\PigCms\Lib\Action\UserAction.class.php 第 68 行.
NOTIC: [8] Undefined variable: allCloseFunc C:\WWW\ruanlingtong\PigCms\Lib\Action\UserAction.class.php 第 68 行.
NOTIC: [2] in_array() expects parameter 2 to be array, null given C:\WWW\ruanlingtong\PigCms\Lib\Action\UserAction.class.php 第 68 行.
NOTIC: [8] Undefined variable: allCloseFunc C:\WWW\ruanlingtong\PigCms\Lib\Action\UserAction.class.php 第 68 行.
NOTIC: [2] in_array() expects parameter 2 to be array, null given C:\WWW\ruanlingtong\PigCms\Lib\Action\UserAction.class.php 第 68 行.
NOTIC: [8] Undefined variable: allCloseFunc C:\WWW\ruanlingtong\PigCms\Lib\Action\UserAction.class.php 第 68 行.
NOTIC: [2] in_array() expects parameter 2 to be array, null given C:\WWW\ruanlingtong\PigCms\Lib\Action\UserAction.class.php 第 68 行.
NOTIC: [8] Undefined variable: allCloseFunc C:\WWW\ruanlingtong\PigCms\Lib\Action\UserAction.class.php 第 68 行.
NOTIC: [2] in_array() expects parameter 2 to be array, null given C:\WWW\ruanlingtong\PigCms\Lib\Action\UserAction.class.php 第 68 行.
NOTIC: [8] Undefined variable: allCloseFunc C:\WWW\ruanlingtong\PigCms\Lib\Action\UserAction.class.php 第 68 行.
NOTIC: [2] in_array() expects parameter 2 to be array, null given C:\WWW\ruanlingtong\PigCms\Lib\Action\UserAction.class.php 第 68 行.
NOTIC: [8] Undefined variable: allCloseFunc C:\WWW\ruanlingtong\PigCms\Lib\Action\UserAction.class.php 第 68 行.
NOTIC: [2] in_array() expects parameter 2 to be array, null given C:\WWW\ruanlingtong\PigCms\Lib\Action\UserAction.class.php 第 68 行.
NOTIC: [8] Undefined variable: allCloseFunc C:\WWW\ruanlingtong\PigCms\Lib\Action\UserAction.class.php 第 68 行.
NOTIC: [2] in_array() expects parameter 2 to be array, null given C:\WWW\ruanlingtong\PigCms\Lib\Action\UserAction.class.php 第 68 行.
NOTIC: [8] Undefined variable: allCloseFunc C:\WWW\ruanlingtong\PigCms\Lib\Action\UserAction.class.php 第 68 行.
NOTIC: [2] in_array() expects parameter 2 to be array, null given C:\WWW\ruanlingtong\PigCms\Lib\Action\UserAction.class.php 第 68 行.
NOTIC: [8] Undefined variable: allCloseFunc C:\WWW\ruanlingtong\PigCms\Lib\Action\UserAction.class.php 第 68 行.
NOTIC: [2] in_array() expects parameter 2 to be array, null given C:\WWW\ruanlingtong\PigCms\Lib\Action\UserAction.class.php 第 68 行.
NOTIC: [8] Undefined variable: allCloseFunc C:\WWW\ruanlingtong\PigCms\Lib\Action\UserAction.class.php 第 68 行.
NOTIC: [2] in_array() expects parameter 2 to be array, null given C:\WWW\ruanlingtong\PigCms\Lib\Action\UserAction.class.php 第 68 行.
NOTIC: [8] Undefined variable: allCloseFunc C:\WWW\ruanlingtong\PigCms\Lib\Action\UserAction.class.php 第 68 行.
NOTIC: [2] in_array() expects parameter 2 to be array, null given C:\WWW\ruanlingtong\PigCms\Lib\Action\UserAction.class.php 第 68 行.
NOTIC: [8] Undefined variable: allCloseFunc C:\WWW\ruanlingtong\PigCms\Lib\Action\UserAction.class.php 第 68 行.
NOTIC: [2] in_array() expects parameter 2 to be array, null given C:\WWW\ruanlingtong\PigCms\Lib\Action\UserAction.class.php 第 68 行.
NOTIC: [8] Undefined variable: allCloseFunc C:\WWW\ruanlingtong\PigCms\Lib\Action\UserAction.class.php 第 68 行.
NOTIC: [2] in_array() expects parameter 2 to be array, null given C:\WWW\ruanlingtong\PigCms\Lib\Action\UserAction.class.php 第 68 行.
NOTIC: [8] Undefined variable: allCloseFunc C:\WWW\ruanlingtong\PigCms\Lib\Action\UserAction.class.php 第 68 行.
NOTIC: [2] in_array() expects parameter 2 to be array, null given C:\WWW\ruanlingtong\PigCms\Lib\Action\UserAction.class.php 第 68 行.
NOTIC: [8] Undefined variable: allCloseFunc C:\WWW\ruanlingtong\PigCms\Lib\Action\UserAction.class.php 第 68 行.
NOTIC: [2] in_array() expects parameter 2 to be array, null given C:\WWW\ruanlingtong\PigCms\Lib\Action\UserAction.class.php 第 68 行.
NOTIC: [8] Undefined variable: allCloseFunc C:\WWW\ruanlingtong\PigCms\Lib\Action\UserAction.class.php 第 68 行.
NOTIC: [2] in_array() expects parameter 2 to be array, null given C:\WWW\ruanlingtong\PigCms\Lib\Action\UserAction.class.php 第 68 行.
NOTIC: [8] Undefined variable: allCloseFunc C:\WWW\ruanlingtong\PigCms\Lib\Action\UserAction.class.php 第 68 行.
NOTIC: [2] in_array() expects parameter 2 to be array, null given C:\WWW\ruanlingtong\PigCms\Lib\Action\UserAction.class.php 第 68 行.
NOTIC: [8] Undefined variable: allCloseFunc C:\WWW\ruanlingtong\PigCms\Lib\Action\UserAction.class.php 第 68 行.
NOTIC: [2] in_array() expects parameter 2 to be array, null given C:\WWW\ruanlingtong\PigCms\Lib\Action\UserAction.class.php 第 68 行.
NOTIC: [8] Undefined variable: allCloseFunc C:\WWW\ruanlingtong\PigCms\Lib\Action\UserAction.class.php 第 68 行.
NOTIC: [2] in_array() expects parameter 2 to be array, null given C:\WWW\ruanlingtong\PigCms\Lib\Action\UserAction.class.php 第 68 行.
NOTIC: [8] Undefined variable: allCloseFunc C:\WWW\ruanlingtong\PigCms\Lib\Action\UserAction.class.php 第 68 行.
NOTIC: [2] in_array() expects parameter 2 to be array, null given C:\WWW\ruanlingtong\PigCms\Lib\Action\UserAction.class.php 第 68 行.
NOTIC: [8] Undefined variable: allCloseFunc C:\WWW\ruanlingtong\PigCms\Lib\Action\UserAction.class.php 第 68 行.
NOTIC: [2] in_array() expects parameter 2 to be array, null given C:\WWW\ruanlingtong\PigCms\Lib\Action\UserAction.class.php 第 68 行.
NOTIC: [8] Undefined variable: allCloseFunc C:\WWW\ruanlingtong\PigCms\Lib\Action\UserAction.class.php 第 68 行.
NOTIC: [2] in_array() expects parameter 2 to be array, null given C:\WWW\ruanlingtong\PigCms\Lib\Action\UserAction.class.php 第 68 行.
NOTIC: [8] Undefined variable: allCloseFunc C:\WWW\ruanlingtong\PigCms\Lib\Action\UserAction.class.php 第 68 行.
NOTIC: [2] in_array() expects parameter 2 to be array, null given C:\WWW\ruanlingtong\PigCms\Lib\Action\UserAction.class.php 第 68 行.
NOTIC: [8] Undefined variable: allCloseFunc C:\WWW\ruanlingtong\PigCms\Lib\Action\UserAction.class.php 第 68 行.
NOTIC: [2] in_array() expects parameter 2 to be array, null given C:\WWW\ruanlingtong\PigCms\Lib\Action\UserAction.class.php 第 68 行.
NOTIC: [8] Undefined variable: allCloseFunc C:\WWW\ruanlingtong\PigCms\Lib\Action\UserAction.class.php 第 68 行.
NOTIC: [2] in_array() expects parameter 2 to be array, null given C:\WWW\ruanlingtong\PigCms\Lib\Action\UserAction.class.php 第 68 行.
NOTIC: [8] Undefined variable: allCloseFunc C:\WWW\ruanlingtong\PigCms\Lib\Action\UserAction.class.php 第 68 行.
NOTIC: [2] in_array() expects parameter 2 to be array, null given C:\WWW\ruanlingtong\PigCms\Lib\Action\UserAction.class.php 第 68 行.
NOTIC: [8] Undefined variable: allCloseFunc C:\WWW\ruanlingtong\PigCms\Lib\Action\UserAction.class.php 第 68 行.
NOTIC: [2] in_array() expects parameter 2 to be array, null given C:\WWW\ruanlingtong\PigCms\Lib\Action\UserAction.class.php 第 68 行.
NOTIC: [8] Undefined variable: allCloseFunc C:\WWW\ruanlingtong\PigCms\Lib\Action\UserAction.class.php 第 68 行.
NOTIC: [2] in_array() expects parameter 2 to be array, null given C:\WWW\ruanlingtong\PigCms\Lib\Action\UserAction.class.php 第 68 行.
NOTIC: [8] Undefined variable: allCloseFunc C:\WWW\ruanlingtong\PigCms\Lib\Action\UserAction.class.php 第 68 行.
NOTIC: [2] in_array() expects parameter 2 to be array, null given C:\WWW\ruanlingtong\PigCms\Lib\Action\UserAction.class.php 第 68 行.
NOTIC: [8] Undefined variable: allCloseFunc C:\WWW\ruanlingtong\PigCms\Lib\Action\UserAction.class.php 第 68 行.
NOTIC: [2] in_array() expects parameter 2 to be array, null given C:\WWW\ruanlingtong\PigCms\Lib\Action\UserAction.class.php 第 68 行.
NOTIC: [8] Undefined variable: allCloseFunc C:\WWW\ruanlingtong\PigCms\Lib\Action\UserAction.class.php 第 68 行.
NOTIC: [2] in_array() expects parameter 2 to be array, null given C:\WWW\ruanlingtong\PigCms\Lib\Action\UserAction.class.php 第 68 行.
NOTIC: [8] Undefined variable: allCloseFunc C:\WWW\ruanlingtong\PigCms\Lib\Action\UserAction.class.php 第 68 行.
NOTIC: [2] in_array() expects parameter 2 to be array, null given C:\WWW\ruanlingtong\PigCms\Lib\Action\UserAction.class.php 第 68 行.
NOTIC: [8] Undefined variable: allCloseFunc C:\WWW\ruanlingtong\PigCms\Lib\Action\UserAction.class.php 第 68 行.
NOTIC: [2] in_array() expects parameter 2 to be array, null given C:\WWW\ruanlingtong\PigCms\Lib\Action\UserAction.class.php 第 68 行.
NOTIC: [8] Undefined variable: allCloseFunc C:\WWW\ruanlingtong\PigCms\Lib\Action\UserAction.class.php 第 68 行.
NOTIC: [2] in_array() expects parameter 2 to be array, null given C:\WWW\ruanlingtong\PigCms\Lib\Action\UserAction.class.php 第 68 行.
NOTIC: [8] Undefined variable: allCloseFunc C:\WWW\ruanlingtong\PigCms\Lib\Action\UserAction.class.php 第 68 行.
NOTIC: [2] in_array() expects parameter 2 to be array, null given C:\WWW\ruanlingtong\PigCms\Lib\Action\UserAction.class.php 第 68 行.
NOTIC: [8] Undefined variable: allCloseFunc C:\WWW\ruanlingtong\PigCms\Lib\Action\UserAction.class.php 第 68 行.
NOTIC: [2] in_array() expects parameter 2 to be array, null given C:\WWW\ruanlingtong\PigCms\Lib\Action\UserAction.class.php 第 68 行.
NOTIC: [8] Undefined variable: allCloseFunc C:\WWW\ruanlingtong\PigCms\Lib\Action\UserAction.class.php 第 68 行.
NOTIC: [2] in_array() expects parameter 2 to be array, null given C:\WWW\ruanlingtong\PigCms\Lib\Action\UserAction.class.php 第 68 行.
NOTIC: [8] Undefined variable: allCloseFunc C:\WWW\ruanlingtong\PigCms\Lib\Action\UserAction.class.php 第 68 行.
NOTIC: [2] in_array() expects parameter 2 to be array, null given C:\WWW\ruanlingtong\PigCms\Lib\Action\UserAction.class.php 第 68 行.
NOTIC: [8] Undefined variable: allCloseFunc C:\WWW\ruanlingtong\PigCms\Lib\Action\UserAction.class.php 第 68 行.
NOTIC: [2] in_array() expects parameter 2 to be array, null given C:\WWW\ruanlingtong\PigCms\Lib\Action\UserAction.class.php 第 68 行.
NOTIC: [8] Undefined variable: allCloseFunc C:\WWW\ruanlingtong\PigCms\Lib\Action\UserAction.class.php 第 68 行.
NOTIC: [2] in_array() expects parameter 2 to be array, null given C:\WWW\ruanlingtong\PigCms\Lib\Action\UserAction.class.php 第 68 行.
NOTIC: [8] Undefined variable: allCloseFunc C:\WWW\ruanlingtong\PigCms\Lib\Action\UserAction.class.php 第 68 行.
NOTIC: [2] in_array() expects parameter 2 to be array, null given C:\WWW\ruanlingtong\PigCms\Lib\Action\UserAction.class.php 第 68 行.
NOTIC: [8] Undefined variable: allCloseFunc C:\WWW\ruanlingtong\PigCms\Lib\Action\UserAction.class.php 第 68 行.
NOTIC: [2] in_array() expects parameter 2 to be array, null given C:\WWW\ruanlingtong\PigCms\Lib\Action\UserAction.class.php 第 68 行.
NOTIC: [8] Undefined variable: allCloseFunc C:\WWW\ruanlingtong\PigCms\Lib\Action\UserAction.class.php 第 68 行.
NOTIC: [2] in_array() expects parameter 2 to be array, null given C:\WWW\ruanlingtong\PigCms\Lib\Action\UserAction.class.php 第 68 行.
NOTIC: [8] Undefined variable: allCloseFunc C:\WWW\ruanlingtong\PigCms\Lib\Action\UserAction.class.php 第 68 行.
NOTIC: [2] in_array() expects parameter 2 to be array, null given C:\WWW\ruanlingtong\PigCms\Lib\Action\UserAction.class.php 第 68 行.
NOTIC: [8] Undefined variable: allCloseFunc C:\WWW\ruanlingtong\PigCms\Lib\Action\UserAction.class.php 第 68 行.
NOTIC: [2] in_array() expects parameter 2 to be array, null given C:\WWW\ruanlingtong\PigCms\Lib\Action\UserAction.class.php 第 68 行.
NOTIC: [8] Undefined variable: allCloseFunc C:\WWW\ruanlingtong\PigCms\Lib\Action\UserAction.class.php 第 68 行.
NOTIC: [2] in_array() expects parameter 2 to be array, null given C:\WWW\ruanlingtong\PigCms\Lib\Action\UserAction.class.php 第 68 行.
NOTIC: [8] Undefined variable: allCloseFunc C:\WWW\ruanlingtong\PigCms\Lib\Action\UserAction.class.php 第 68 行.
NOTIC: [2] in_array() expects parameter 2 to be array, null given C:\WWW\ruanlingtong\PigCms\Lib\Action\UserAction.class.php 第 68 行.
NOTIC: [8] Undefined variable: allCloseFunc C:\WWW\ruanlingtong\PigCms\Lib\Action\UserAction.class.php 第 68 行.
NOTIC: [2] in_array() expects parameter 2 to be array, null given C:\WWW\ruanlingtong\PigCms\Lib\Action\UserAction.class.php 第 68 行.
NOTIC: [8] Undefined variable: allCloseFunc C:\WWW\ruanlingtong\PigCms\Lib\Action\UserAction.class.php 第 68 行.
NOTIC: [2] in_array() expects parameter 2 to be array, null given C:\WWW\ruanlingtong\PigCms\Lib\Action\UserAction.class.php 第 68 行.
NOTIC: [8] Undefined variable: allCloseFunc C:\WWW\ruanlingtong\PigCms\Lib\Action\UserAction.class.php 第 68 行.
NOTIC: [2] in_array() expects parameter 2 to be array, null given C:\WWW\ruanlingtong\PigCms\Lib\Action\UserAction.class.php 第 68 行.
NOTIC: [8] Undefined variable: allCloseFunc C:\WWW\ruanlingtong\PigCms\Lib\Action\UserAction.class.php 第 68 行.
NOTIC: [2] in_array() expects parameter 2 to be array, null given C:\WWW\ruanlingtong\PigCms\Lib\Action\UserAction.class.php 第 68 行.
NOTIC: [8] Undefined variable: allCloseFunc C:\WWW\ruanlingtong\PigCms\Lib\Action\UserAction.class.php 第 68 行.
NOTIC: [2] in_array() expects parameter 2 to be array, null given C:\WWW\ruanlingtong\PigCms\Lib\Action\UserAction.class.php 第 68 行.
NOTIC: [8] Undefined variable: allCloseFunc C:\WWW\ruanlingtong\PigCms\Lib\Action\UserAction.class.php 第 68 行.
NOTIC: [2] in_array() expects parameter 2 to be array, null given C:\WWW\ruanlingtong\PigCms\Lib\Action\UserAction.class.php 第 68 行.
NOTIC: [8] Undefined variable: allCloseFunc C:\WWW\ruanlingtong\PigCms\Lib\Action\UserAction.class.php 第 68 行.
NOTIC: [2] in_array() expects parameter 2 to be array, null given C:\WWW\ruanlingtong\PigCms\Lib\Action\UserAction.class.php 第 68 行.
NOTIC: [8] Undefined variable: allCloseFunc C:\WWW\ruanlingtong\PigCms\Lib\Action\UserAction.class.php 第 68 行.
NOTIC: [2] in_array() expects parameter 2 to be array, null given C:\WWW\ruanlingtong\PigCms\Lib\Action\UserAction.class.php 第 68 行.
NOTIC: [8] Undefined variable: allCloseFunc C:\WWW\ruanlingtong\PigCms\Lib\Action\UserAction.class.php 第 68 行.
NOTIC: [2] in_array() expects parameter 2 to be array, null given C:\WWW\ruanlingtong\PigCms\Lib\Action\UserAction.class.php 第 68 行.
NOTIC: [8] Undefined variable: allCloseFunc C:\WWW\ruanlingtong\PigCms\Lib\Action\UserAction.class.php 第 68 行.
NOTIC: [2] in_array() expects parameter 2 to be array, null given C:\WWW\ruanlingtong\PigCms\Lib\Action\UserAction.class.php 第 68 行.
NOTIC: [8] Undefined variable: allCloseFunc C:\WWW\ruanlingtong\PigCms\Lib\Action\UserAction.class.php 第 68 行.
NOTIC: [2] in_array() expects parameter 2 to be array, null given C:\WWW\ruanlingtong\PigCms\Lib\Action\UserAction.class.php 第 68 行.
NOTIC: [8] Undefined variable: allCloseFunc C:\WWW\ruanlingtong\PigCms\Lib\Action\UserAction.class.php 第 68 行.
NOTIC: [2] in_array() expects parameter 2 to be array, null given C:\WWW\ruanlingtong\PigCms\Lib\Action\UserAction.class.php 第 68 行.
NOTIC: [8] Undefined variable: allCloseFunc C:\WWW\ruanlingtong\PigCms\Lib\Action\UserAction.class.php 第 68 行.
NOTIC: [2] in_array() expects parameter 2 to be array, null given C:\WWW\ruanlingtong\PigCms\Lib\Action\UserAction.class.php 第 68 行.
NOTIC: [8] Undefined variable: allCloseFunc C:\WWW\ruanlingtong\PigCms\Lib\Action\UserAction.class.php 第 68 行.
NOTIC: [2] in_array() expects parameter 2 to be array, null given C:\WWW\ruanlingtong\PigCms\Lib\Action\UserAction.class.php 第 68 行.
NOTIC: [8] Undefined variable: allCloseFunc C:\WWW\ruanlingtong\PigCms\Lib\Action\UserAction.class.php 第 68 行.
NOTIC: [2] in_array() expects parameter 2 to be array, null given C:\WWW\ruanlingtong\PigCms\Lib\Action\UserAction.class.php 第 68 行.
NOTIC: [8] Undefined variable: allCloseFunc C:\WWW\ruanlingtong\PigCms\Lib\Action\UserAction.class.php 第 68 行.
NOTIC: [2] in_array() expects parameter 2 to be array, null given C:\WWW\ruanlingtong\PigCms\Lib\Action\UserAction.class.php 第 68 行.
NOTIC: [8] Undefined variable: allCloseFunc C:\WWW\ruanlingtong\PigCms\Lib\Action\UserAction.class.php 第 68 行.
NOTIC: [2] in_array() expects parameter 2 to be array, null given C:\WWW\ruanlingtong\PigCms\Lib\Action\UserAction.class.php 第 68 行.
NOTIC: [8] Undefined variable: allCloseFunc C:\WWW\ruanlingtong\PigCms\Lib\Action\UserAction.class.php 第 68 行.
NOTIC: [2] in_array() expects parameter 2 to be array, null given C:\WWW\ruanlingtong\PigCms\Lib\Action\UserAction.class.php 第 68 行.
NOTIC: [8] Undefined variable: allCloseFunc C:\WWW\ruanlingtong\PigCms\Lib\Action\UserAction.class.php 第 68 行.
NOTIC: [2] in_array() expects parameter 2 to be array, null given C:\WWW\ruanlingtong\PigCms\Lib\Action\UserAction.class.php 第 68 行.
NOTIC: [8] Undefined variable: allCloseFunc C:\WWW\ruanlingtong\PigCms\Lib\Action\UserAction.class.php 第 68 行.
NOTIC: [2] in_array() expects parameter 2 to be array, null given C:\WWW\ruanlingtong\PigCms\Lib\Action\UserAction.class.php 第 68 行.
NOTIC: [8] Undefined variable: allCloseFunc C:\WWW\ruanlingtong\PigCms\Lib\Action\UserAction.class.php 第 68 行.
NOTIC: [2] in_array() expects parameter 2 to be array, null given C:\WWW\ruanlingtong\PigCms\Lib\Action\UserAction.class.php 第 68 行.
NOTIC: [8] Undefined variable: allCloseFunc C:\WWW\ruanlingtong\PigCms\Lib\Action\UserAction.class.php 第 68 行.
NOTIC: [2] in_array() expects parameter 2 to be array, null given C:\WWW\ruanlingtong\PigCms\Lib\Action\UserAction.class.php 第 68 行.
NOTIC: [8] Undefined variable: allCloseFunc C:\WWW\ruanlingtong\PigCms\Lib\Action\UserAction.class.php 第 68 行.
NOTIC: [2] in_array() expects parameter 2 to be array, null given C:\WWW\ruanlingtong\PigCms\Lib\Action\UserAction.class.php 第 68 行.
NOTIC: [8] Undefined variable: allCloseFunc C:\WWW\ruanlingtong\PigCms\Lib\Action\UserAction.class.php 第 68 行.
NOTIC: [2] in_array() expects parameter 2 to be array, null given C:\WWW\ruanlingtong\PigCms\Lib\Action\UserAction.class.php 第 68 行.
NOTIC: [8] Undefined variable: allCloseFunc C:\WWW\ruanlingtong\PigCms\Lib\Action\UserAction.class.php 第 68 行.
NOTIC: [2] in_array() expects parameter 2 to be array, null given C:\WWW\ruanlingtong\PigCms\Lib\Action\UserAction.class.php 第 68 行.
NOTIC: [8] Undefined variable: allCloseFunc C:\WWW\ruanlingtong\PigCms\Lib\Action\UserAction.class.php 第 68 行.
NOTIC: [2] in_array() expects parameter 2 to be array, null given C:\WWW\ruanlingtong\PigCms\Lib\Action\UserAction.class.php 第 68 行.
NOTIC: [8] Undefined variable: allCloseFunc C:\WWW\ruanlingtong\PigCms\Lib\Action\UserAction.class.php 第 68 行.
NOTIC: [2] in_array() expects parameter 2 to be array, null given C:\WWW\ruanlingtong\PigCms\Lib\Action\UserAction.class.php 第 68 行.
NOTIC: [8] Undefined variable: allCloseFunc C:\WWW\ruanlingtong\PigCms\Lib\Action\UserAction.class.php 第 68 行.
NOTIC: [2] in_array() expects parameter 2 to be array, null given C:\WWW\ruanlingtong\PigCms\Lib\Action\UserAction.class.php 第 68 行.
NOTIC: [8] Undefined variable: allCloseFunc C:\WWW\ruanlingtong\PigCms\Lib\Action\UserAction.class.php 第 68 行.
NOTIC: [2] in_array() expects parameter 2 to be array, null given C:\WWW\ruanlingtong\PigCms\Lib\Action\UserAction.class.php 第 68 行.
NOTIC: [8] Undefined variable: allCloseFunc C:\WWW\ruanlingtong\PigCms\Lib\Action\UserAction.class.php 第 68 行.
NOTIC: [2] in_array() expects parameter 2 to be array, null given C:\WWW\ruanlingtong\PigCms\Lib\Action\UserAction.class.php 第 68 行.
NOTIC: [8] Undefined variable: allCloseFunc C:\WWW\ruanlingtong\PigCms\Lib\Action\UserAction.class.php 第 68 行.
NOTIC: [2] in_array() expects parameter 2 to be array, null given C:\WWW\ruanlingtong\PigCms\Lib\Action\UserAction.class.php 第 68 行.
NOTIC: [8] Undefined variable: allCloseFunc C:\WWW\ruanlingtong\PigCms\Lib\Action\UserAction.class.php 第 68 行.
NOTIC: [2] in_array() expects parameter 2 to be array, null given C:\WWW\ruanlingtong\PigCms\Lib\Action\UserAction.class.php 第 68 行.
NOTIC: [8] Undefined variable: allCloseFunc C:\WWW\ruanlingtong\PigCms\Lib\Action\UserAction.class.php 第 68 行.
NOTIC: [2] in_array() expects parameter 2 to be array, null given C:\WWW\ruanlingtong\PigCms\Lib\Action\UserAction.class.php 第 68 行.
NOTIC: [8] Undefined variable: allCloseFunc C:\WWW\ruanlingtong\PigCms\Lib\Action\UserAction.class.php 第 68 行.
NOTIC: [2] in_array() expects parameter 2 to be array, null given C:\WWW\ruanlingtong\PigCms\Lib\Action\UserAction.class.php 第 68 行.
NOTIC: [8] Undefined variable: allCloseFunc C:\WWW\ruanlingtong\PigCms\Lib\Action\UserAction.class.php 第 68 行.
NOTIC: [2] in_array() expects parameter 2 to be array, null given C:\WWW\ruanlingtong\PigCms\Lib\Action\UserAction.class.php 第 68 行.
NOTIC: [8] Undefined variable: allCloseFunc C:\WWW\ruanlingtong\PigCms\Lib\Action\UserAction.class.php 第 68 行.
NOTIC: [2] in_array() expects parameter 2 to be array, null given C:\WWW\ruanlingtong\PigCms\Lib\Action\UserAction.class.php 第 68 行.
NOTIC: [8] Undefined variable: allCloseFunc C:\WWW\ruanlingtong\PigCms\Lib\Action\UserAction.class.php 第 68 行.
NOTIC: [2] in_array() expects parameter 2 to be array, null given C:\WWW\ruanlingtong\PigCms\Lib\Action\UserAction.class.php 第 68 行.
NOTIC: [8] Undefined variable: allCloseFunc C:\WWW\ruanlingtong\PigCms\Lib\Action\UserAction.class.php 第 68 行.
NOTIC: [2] in_array() expects parameter 2 to be array, null given C:\WWW\ruanlingtong\PigCms\Lib\Action\UserAction.class.php 第 68 行.
NOTIC: [8] Undefined variable: allCloseFunc C:\WWW\ruanlingtong\PigCms\Lib\Action\UserAction.class.php 第 68 行.
NOTIC: [2] in_array() expects parameter 2 to be array, null given C:\WWW\ruanlingtong\PigCms\Lib\Action\UserAction.class.php 第 68 行.
NOTIC: [8] Undefined variable: allCloseFunc C:\WWW\ruanlingtong\PigCms\Lib\Action\UserAction.class.php 第 68 行.
NOTIC: [2] in_array() expects parameter 2 to be array, null given C:\WWW\ruanlingtong\PigCms\Lib\Action\UserAction.class.php 第 68 行.
SQL: SHOW COLUMNS FROM `tp_wxuser` [ RunTime:0.000000s ]
SQL: SELECT * FROM `tp_wxuser` WHERE ( `token` = 'epglmz1433433493' ) AND ( `uid` = 6 ) LIMIT 1   [ RunTime:0.000000s ]
SQL: SHOW COLUMNS FROM `tp_token_open` [ RunTime:0.015627s ]
SQL: SELECT `queryname` FROM `tp_token_open` WHERE ( `token` = 'epglmz1433433493' ) LIMIT 1   [ RunTime:0.000000s ]
NOTIC: [8] Undefined index: width C:\WWW\ruanlingtong\PigCms\Lib\Action\UserAction.class.php 第 144 行.
SQL: SHOW COLUMNS FROM `tp_system_info` [ RunTime:0.000000s ]
SQL: SELECT * FROM `tp_system_info` ORDER BY lastsqlupdate DESC LIMIT 1   [ RunTime:0.000000s ]
SQL: SELECT * FROM `tp_wxuser` WHERE ( `uid` = 6 ) AND ( `id` = 40 ) LIMIT 1   [ RunTime:0.000000s ]
SQL: SELECT `func` FROM `tp_user_group` WHERE ( `id` = 4 ) LIMIT 1   [ RunTime:0.000000s ]
INFO: [ view_template ] --START--
INFO: Run LocationTemplate Behavior [ RunTime:-0.265655s ]
INFO: [ view_template ] --END-- [ RunTime:0.000000s ]
INFO: [ view_parse ] --START--
NOTIC: [8] Use of undefined constant uid - assumed 'uid' C:\WWW\ruanlingtong\Conf\logs\Cache\User\a2e4b87f30e952417329ae79443dd206.php 第 80 行.
NOTIC: [8] Undefined variable: hasWeixin C:\WWW\ruanlingtong\Conf\logs\Cache\User\a2e4b87f30e952417329ae79443dd206.php 第 133 行.
SQL: SELECT * FROM `tp_users` WHERE ( `id` = 6 ) LIMIT 1   [ RunTime:0.000000s ]
NOTIC: [8] Undefined variable: alert C:\WWW\ruanlingtong\Conf\logs\Cache\User\a2e4b87f30e952417329ae79443dd206.php 第 355 行.
INFO: Run ParseTemplate Behavior [ RunTime:-0.265655s ]
INFO: [ view_parse ] --END-- [ RunTime:0.062508s ]
INFO: [ view_filter ] --START--
INFO: Run ContentReplace Behavior [ RunTime:-0.328163s ]
INFO: Run TokenBuild Behavior [ RunTime:-0.328163s ]
INFO: Run WriteHtmlCache Behavior [ RunTime:-0.328163s ]
INFO: Run ShowRuntime Behavior [ RunTime:-0.328163s ]
INFO: [ view_filter ] --END-- [ RunTime:0.000000s ]
INFO: [ view_end ] --START--
INFO: Run ShowPageTrace Behavior [ RunTime:-0.328163s ]
INFO: [ view_end ] --END-- [ RunTime:0.000000s ]

