[ 2015-04-14T16:48:39+08:00 ] 223.68.162.159 /
SQL: SHOW COLUMNS FROM `tp_agent` [ RunTime:0.000000s ]
SQL: SELECT * FROM `tp_agent` WHERE ( `siteurl` = 'http://www.softphs.com' ) LIMIT 1   [ RunTime:0.000000s ]
INFO: [ app_begin ] --START--
INFO: Run ReadHtmlCache Behavior [ RunTime:0.000000s ]
INFO: [ app_begin ] --END-- [ RunTime:0.000000s ]
SQL: SHOW COLUMNS FROM `tp_agent` [ RunTime:0.000000s ]
SQL: SELECT * FROM `tp_agent` WHERE ( `siteurl` = 'http://www.softphs.com' ) LIMIT 1   [ RunTime:0.000000s ]
NOTIC: [8] Undefined index: www.softphs.comnomsite C:\WWW\ruanlingtong\PigCms\Lib\Action\BaseAction.class.php 第 36 行.
SQL: SHOW COLUMNS FROM `tp_mobilesite` [ RunTime:0.000000s ]
NOTIC: [8] Undefined index: www.softphs.com C:\WWW\ruanlingtong\PigCms\Lib\Action\BaseAction.class.php 第 338 行.
SQL: SELECT * FROM `tp_mobilesite` WHERE ( `owndomain` = 'www.softphs.com' ) LIMIT 1   [ RunTime:0.000000s ]
SQL: SELECT * FROM `tp_agent` WHERE ( `siteurl` = 'http://www.softphs.com' ) LIMIT 1   [ RunTime:0.000000s ]
NOTIC: [8] Constant STATICS already defined C:\WWW\ruanlingtong\PigCms\Lib\Action\BaseAction.class.php 第 116 行.
SQL: SHOW COLUMNS FROM `tp_images` [ RunTime:0.000000s ]
SQL: SELECT * FROM `tp_images` LIMIT 1   [ RunTime:0.000000s ]
SQL: SHOW COLUMNS FROM `tp_links` [ RunTime:0.000000s ]
SQL: SELECT * FROM `tp_links` WHERE ( `status` = 1 ) AND ( `agentid` = 0 )  [ RunTime:0.000000s ]
SQL: SHOW COLUMNS FROM `tp_renew` [ RunTime:0.000000s ]
SQL: SHOW COLUMNS FROM `tp_banners` [ RunTime:0.000000s ]
SQL: SHOW COLUMNS FROM `tp_case` [ RunTime:0.000000s ]
SQL: SELECT * FROM `tp_renew` WHERE ( `status` = 1 ) AND ( `agentid` = 0 ) ORDER BY id DESC LIMIT 5   [ RunTime:0.000000s ]
SQL: SELECT * FROM `tp_banners` WHERE ( `status` = 1 ) AND ( `agentid` = 0 ) ORDER BY id DESC  [ RunTime:0.000000s ]
SQL: SELECT * FROM `tp_case` WHERE ( `status` = 1 ) AND ( `agentid` = 0 ) ORDER BY id DESC LIMIT 10   [ RunTime:0.000000s ]
SQL: SHOW COLUMNS FROM `tp_news` [ RunTime:0.000000s ]
SQL: SELECT * FROM `tp_news` LIMIT 1   [ RunTime:0.000000s ]
SQL: SHOW COLUMNS FROM `tp_img` [ RunTime:0.000000s ]
SQL: SELECT * FROM `tp_img` WHERE ( `classid` = 0 ) ORDER BY id DESC LIMIT 5   [ RunTime:0.000000s ]
SQL: SELECT * FROM `tp_img` WHERE ( `classid` = 0 ) ORDER BY id DESC LIMIT 5   [ RunTime:0.000000s ]
SQL: SELECT * FROM `tp_img` WHERE ( `classid` = 0 ) ORDER BY id DESC LIMIT 5   [ RunTime:0.000000s ]
INFO: [ view_template ] --START--
INFO: Run LocationTemplate Behavior [ RunTime:-0.093750s ]
INFO: [ view_template ] --END-- [ RunTime:0.000000s ]
INFO: [ view_parse ] --START--
NOTIC: [8] Use of undefined constant uid - assumed 'uid' C:\WWW\ruanlingtong\Conf\logs\Cache\Home\e8edd32bcbb2d7ab2f0f8d14c550c52b.php 第 94 行.
NOTIC: [8] Undefined index: uid C:\WWW\ruanlingtong\Conf\logs\Cache\Home\e8edd32bcbb2d7ab2f0f8d14c550c52b.php 第 94 行.
INFO: Run ParseTemplate Behavior [ RunTime:-0.093750s ]
INFO: [ view_parse ] --END-- [ RunTime:0.031250s ]
INFO: [ view_filter ] --START--
INFO: Run ContentReplace Behavior [ RunTime:-0.125000s ]
INFO: Run TokenBuild Behavior [ RunTime:-0.125000s ]
INFO: Run WriteHtmlCache Behavior [ RunTime:-0.125000s ]
INFO: Run ShowRuntime Behavior [ RunTime:-0.125000s ]
INFO: [ view_filter ] --END-- [ RunTime:0.000000s ]
INFO: [ view_end ] --START--
INFO: Run ShowPageTrace Behavior [ RunTime:-0.125000s ]
INFO: [ view_end ] --END-- [ RunTime:0.000000s ]

[ 2015-04-14T16:49:32+08:00 ] 223.68.162.175 /index.php?g=Home&m=Index&a=fc
SQL: SHOW COLUMNS FROM `tp_agent` [ RunTime:0.000000s ]
SQL: SELECT * FROM `tp_agent` WHERE ( `siteurl` = 'http://www.softphs.com' ) LIMIT 1   [ RunTime:0.000000s ]
INFO: [ app_begin ] --START--
INFO: Run ReadHtmlCache Behavior [ RunTime:0.000000s ]
INFO: [ app_begin ] --END-- [ RunTime:0.000000s ]
SQL: SELECT * FROM `tp_agent` WHERE ( `siteurl` = 'http://www.softphs.com' ) LIMIT 1   [ RunTime:0.000000s ]
NOTIC: [8] Constant STATICS already defined C:\WWW\ruanlingtong\PigCms\Lib\Action\BaseAction.class.php 第 116 行.
SQL: SHOW COLUMNS FROM `tp_images` [ RunTime:0.000000s ]
SQL: SELECT * FROM `tp_images` LIMIT 1   [ RunTime:0.000000s ]
SQL: SHOW COLUMNS FROM `tp_funclass` [ RunTime:0.015625s ]
SQL: SELECT * FROM `tp_funclass` ORDER BY id ASC  [ RunTime:0.000000s ]
SQL: SHOW COLUMNS FROM `tp_funintro` [ RunTime:0.031250s ]
SQL: SELECT * FROM `tp_funintro` WHERE ( `classid` = null ) ORDER BY id ASC LIMIT 1   [ RunTime:0.000000s ]
SQL: SELECT `id`,`title`,`classid` FROM `tp_funintro` WHERE id>0 and type=0  [ RunTime:0.000000s ]
NOTIC: [8] Undefined variable: title C:\WWW\ruanlingtong\PigCms\Lib\Action\Home\IndexAction.class.php 第 111 行.
INFO: [ view_template ] --START--
INFO: Run LocationTemplate Behavior [ RunTime:-0.062500s ]
INFO: [ view_template ] --END-- [ RunTime:0.000000s ]
INFO: [ view_parse ] --START--
NOTIC: [8] Use of undefined constant uid - assumed 'uid' C:\WWW\ruanlingtong\Conf\logs\Cache\Home\1b7ac46439ba67641ffac50041bf9357.php 第 31 行.
NOTIC: [8] Undefined index: uid C:\WWW\ruanlingtong\Conf\logs\Cache\Home\1b7ac46439ba67641ffac50041bf9357.php 第 31 行.
INFO: Run ParseTemplate Behavior [ RunTime:-0.062500s ]
INFO: [ view_parse ] --END-- [ RunTime:0.031250s ]
INFO: [ view_filter ] --START--
INFO: Run ContentReplace Behavior [ RunTime:-0.093750s ]
INFO: Run TokenBuild Behavior [ RunTime:-0.093750s ]
INFO: Run WriteHtmlCache Behavior [ RunTime:-0.093750s ]
INFO: Run ShowRuntime Behavior [ RunTime:-0.093750s ]
INFO: [ view_filter ] --END-- [ RunTime:0.000000s ]
INFO: [ view_end ] --START--
INFO: Run ShowPageTrace Behavior [ RunTime:-0.093750s ]
INFO: [ view_end ] --END-- [ RunTime:0.000000s ]

[ 2015-04-14T16:49:34+08:00 ] 223.68.162.159 /index.php?g=Home&m=Index&a=about
SQL: SHOW COLUMNS FROM `tp_agent` [ RunTime:0.000000s ]
SQL: SELECT * FROM `tp_agent` WHERE ( `siteurl` = 'http://www.softphs.com' ) LIMIT 1   [ RunTime:0.000000s ]
INFO: [ app_begin ] --START--
INFO: Run ReadHtmlCache Behavior [ RunTime:0.000000s ]
INFO: [ app_begin ] --END-- [ RunTime:0.000000s ]
SQL: SELECT * FROM `tp_agent` WHERE ( `siteurl` = 'http://www.softphs.com' ) LIMIT 1   [ RunTime:0.000000s ]
NOTIC: [8] Constant STATICS already defined C:\WWW\ruanlingtong\PigCms\Lib\Action\BaseAction.class.php 第 116 行.
SQL: SHOW COLUMNS FROM `tp_images` [ RunTime:0.000000s ]
SQL: SELECT * FROM `tp_images` LIMIT 1   [ RunTime:0.000000s ]
SQL: SHOW COLUMNS FROM `tp_funintro` [ RunTime:0.000000s ]
SQL: SELECT * FROM `tp_funintro` WHERE type=1 LIMIT 1   [ RunTime:0.000000s ]
SQL: SHOW COLUMNS FROM `tp_img` [ RunTime:0.000000s ]
SQL: SELECT * FROM `tp_img` WHERE ( `id` = null ) LIMIT 1   [ RunTime:0.000000s ]
INFO: [ view_template ] --START--
INFO: Run LocationTemplate Behavior [ RunTime:0.000000s ]
INFO: [ view_template ] --END-- [ RunTime:0.000000s ]
INFO: [ view_parse ] --START--
NOTIC: [8] Use of undefined constant uid - assumed 'uid' C:\WWW\ruanlingtong\Conf\logs\Cache\Home\4b5e879bf6316a867ed267471f7bffdf.php 第 32 行.
NOTIC: [8] Undefined index: uid C:\WWW\ruanlingtong\Conf\logs\Cache\Home\4b5e879bf6316a867ed267471f7bffdf.php 第 32 行.
INFO: Run ParseTemplate Behavior [ RunTime:0.000000s ]
INFO: [ view_parse ] --END-- [ RunTime:0.031250s ]
INFO: [ view_filter ] --START--
INFO: Run ContentReplace Behavior [ RunTime:-0.031250s ]
INFO: Run TokenBuild Behavior [ RunTime:-0.031250s ]
INFO: Run WriteHtmlCache Behavior [ RunTime:-0.031250s ]
INFO: Run ShowRuntime Behavior [ RunTime:-0.031250s ]
INFO: [ view_filter ] --END-- [ RunTime:0.000000s ]
INFO: [ view_end ] --START--
INFO: Run ShowPageTrace Behavior [ RunTime:-0.031250s ]
INFO: [ view_end ] --END-- [ RunTime:0.000000s ]

[ 2015-04-14T16:49:36+08:00 ] 223.68.162.159 /index.php?g=Home&m=Index&a=price
SQL: SHOW COLUMNS FROM `tp_agent` [ RunTime:0.000000s ]
SQL: SELECT * FROM `tp_agent` WHERE ( `siteurl` = 'http://www.softphs.com' ) LIMIT 1   [ RunTime:0.000000s ]
INFO: [ app_begin ] --START--
INFO: Run ReadHtmlCache Behavior [ RunTime:0.000000s ]
INFO: [ app_begin ] --END-- [ RunTime:0.000000s ]
SQL: SELECT * FROM `tp_agent` WHERE ( `siteurl` = 'http://www.softphs.com' ) LIMIT 1   [ RunTime:0.000000s ]
NOTIC: [8] Constant STATICS already defined C:\WWW\ruanlingtong\PigCms\Lib\Action\BaseAction.class.php 第 116 行.
SQL: SHOW COLUMNS FROM `tp_images` [ RunTime:0.000000s ]
SQL: SELECT * FROM `tp_images` LIMIT 1   [ RunTime:0.000000s ]
SQL: SHOW COLUMNS FROM `tp_user_group` [ RunTime:0.000000s ]
SQL: SELECT * FROM `tp_user_group` WHERE ( `status` = 1 ) AND ( `agentid` = 0 ) ORDER BY id ASC  [ RunTime:0.000000s ]
SQL: SHOW COLUMNS FROM `tp_function` [ RunTime:0.000000s ]
SQL: SELECT * FROM `tp_function` WHERE ( `status` = 1 ) ORDER BY id ASC  [ RunTime:0.000000s ]
INFO: [ view_template ] --START--
INFO: Run LocationTemplate Behavior [ RunTime:0.000000s ]
INFO: [ view_template ] --END-- [ RunTime:0.000000s ]
INFO: [ view_parse ] --START--
NOTIC: [8] Use of undefined constant uid - assumed 'uid' C:\WWW\ruanlingtong\Conf\logs\Cache\Home\8af5f280120f848d668532fe03e502be.php 第 32 行.
NOTIC: [8] Undefined index: uid C:\WWW\ruanlingtong\Conf\logs\Cache\Home\8af5f280120f848d668532fe03e502be.php 第 32 行.
INFO: Run ParseTemplate Behavior [ RunTime:0.000000s ]
INFO: [ view_parse ] --END-- [ RunTime:0.031250s ]
INFO: [ view_filter ] --START--
INFO: Run ContentReplace Behavior [ RunTime:-0.031250s ]
INFO: Run TokenBuild Behavior [ RunTime:-0.031250s ]
INFO: Run WriteHtmlCache Behavior [ RunTime:-0.031250s ]
INFO: Run ShowRuntime Behavior [ RunTime:-0.031250s ]
INFO: [ view_filter ] --END-- [ RunTime:0.000000s ]
INFO: [ view_end ] --START--
INFO: Run ShowPageTrace Behavior [ RunTime:-0.031250s ]
INFO: [ view_end ] --END-- [ RunTime:0.000000s ]

[ 2015-04-14T16:49:38+08:00 ] 223.68.162.159 /index.php?g=Home&m=Index&a=common
SQL: SHOW COLUMNS FROM `tp_agent` [ RunTime:0.000000s ]
SQL: SELECT * FROM `tp_agent` WHERE ( `siteurl` = 'http://www.softphs.com' ) LIMIT 1   [ RunTime:0.000000s ]
INFO: [ app_begin ] --START--
INFO: Run ReadHtmlCache Behavior [ RunTime:0.000000s ]
INFO: [ app_begin ] --END-- [ RunTime:0.000000s ]
SQL: SELECT * FROM `tp_agent` WHERE ( `siteurl` = 'http://www.softphs.com' ) LIMIT 1   [ RunTime:0.000000s ]
NOTIC: [8] Constant STATICS already defined C:\WWW\ruanlingtong\PigCms\Lib\Action\BaseAction.class.php 第 116 行.
SQL: SHOW COLUMNS FROM `tp_images` [ RunTime:0.015625s ]
SQL: SELECT * FROM `tp_images` LIMIT 1   [ RunTime:0.000000s ]
SQL: SHOW COLUMNS FROM `tp_case` [ RunTime:0.000000s ]
SQL: SELECT * FROM `tp_case` WHERE ( `status` = 1 ) AND ( `agentid` = 0 ) ORDER BY id DESC  [ RunTime:0.000000s ]
SQL: SHOW COLUMNS FROM `tp_caseclass` [ RunTime:0.062500s ]
SQL: SELECT * FROM `tp_caseclass`  [ RunTime:0.000000s ]
INFO: [ view_template ] --START--
INFO: Run LocationTemplate Behavior [ RunTime:-0.078125s ]
INFO: [ view_template ] --END-- [ RunTime:0.000000s ]
INFO: [ view_parse ] --START--
NOTIC: [8] Use of undefined constant uid - assumed 'uid' C:\WWW\ruanlingtong\Conf\logs\Cache\Home\fea205bfe452ef614ec9d50b440ba7b6.php 第 56 行.
NOTIC: [8] Undefined index: uid C:\WWW\ruanlingtong\Conf\logs\Cache\Home\fea205bfe452ef614ec9d50b440ba7b6.php 第 56 行.
INFO: Run ParseTemplate Behavior [ RunTime:-0.078125s ]
INFO: [ view_parse ] --END-- [ RunTime:0.015626s ]
INFO: [ view_filter ] --START--
INFO: Run ContentReplace Behavior [ RunTime:-0.093751s ]
INFO: Run TokenBuild Behavior [ RunTime:-0.093751s ]
INFO: Run WriteHtmlCache Behavior [ RunTime:-0.093751s ]
INFO: Run ShowRuntime Behavior [ RunTime:-0.093751s ]
INFO: [ view_filter ] --END-- [ RunTime:0.000000s ]
INFO: [ view_end ] --START--
INFO: Run ShowPageTrace Behavior [ RunTime:-0.093751s ]
INFO: [ view_end ] --END-- [ RunTime:0.000000s ]

[ 2015-04-14T16:49:39+08:00 ] 223.68.162.159 /index.php?g=Home&m=Index&a=login
SQL: SHOW COLUMNS FROM `tp_agent` [ RunTime:0.000000s ]
SQL: SELECT * FROM `tp_agent` WHERE ( `siteurl` = 'http://www.softphs.com' ) LIMIT 1   [ RunTime:0.000000s ]
INFO: [ app_begin ] --START--
INFO: Run ReadHtmlCache Behavior [ RunTime:0.000000s ]
INFO: [ app_begin ] --END-- [ RunTime:0.000000s ]
SQL: SELECT * FROM `tp_agent` WHERE ( `siteurl` = 'http://www.softphs.com' ) LIMIT 1   [ RunTime:0.000000s ]
NOTIC: [8] Constant STATICS already defined C:\WWW\ruanlingtong\PigCms\Lib\Action\BaseAction.class.php 第 116 行.
SQL: SHOW COLUMNS FROM `tp_images` [ RunTime:0.000000s ]
SQL: SELECT * FROM `tp_images` LIMIT 1   [ RunTime:0.000000s ]
INFO: [ view_template ] --START--
INFO: Run LocationTemplate Behavior [ RunTime:0.000000s ]
INFO: [ view_template ] --END-- [ RunTime:0.000000s ]
INFO: [ view_parse ] --START--
NOTIC: [8] Use of undefined constant uid - assumed 'uid' C:\WWW\ruanlingtong\Conf\logs\Cache\Home\868abcbecb3d62899a3f2504092f7429.php 第 36 行.
NOTIC: [8] Undefined index: uid C:\WWW\ruanlingtong\Conf\logs\Cache\Home\868abcbecb3d62899a3f2504092f7429.php 第 36 行.
NOTIC: [8] Undefined index: invitecode C:\WWW\ruanlingtong\Conf\logs\Cache\Home\868abcbecb3d62899a3f2504092f7429.php 第 186 行.
INFO: Run ParseTemplate Behavior [ RunTime:0.000000s ]
INFO: [ view_parse ] --END-- [ RunTime:0.015625s ]
INFO: [ view_filter ] --START--
INFO: Run ContentReplace Behavior [ RunTime:-0.015625s ]
INFO: Run TokenBuild Behavior [ RunTime:-0.015625s ]
INFO: Run WriteHtmlCache Behavior [ RunTime:-0.015625s ]
INFO: Run ShowRuntime Behavior [ RunTime:-0.015625s ]
INFO: [ view_filter ] --END-- [ RunTime:0.000000s ]
INFO: [ view_end ] --START--
INFO: Run ShowPageTrace Behavior [ RunTime:-0.015625s ]
INFO: [ view_end ] --END-- [ RunTime:0.000000s ]

[ 2015-04-14T16:49:39+08:00 ] 223.68.162.177 /index.php?m=Index&a=verifyLogin
SQL: SHOW COLUMNS FROM `tp_agent` [ RunTime:0.000000s ]
SQL: SELECT * FROM `tp_agent` WHERE ( `siteurl` = 'http://www.softphs.com' ) LIMIT 1   [ RunTime:0.000000s ]
INFO: [ app_begin ] --START--
INFO: Run ReadHtmlCache Behavior [ RunTime:0.000000s ]
INFO: [ app_begin ] --END-- [ RunTime:0.000000s ]
SQL: SELECT * FROM `tp_agent` WHERE ( `siteurl` = 'http://www.softphs.com' ) LIMIT 1   [ RunTime:0.000000s ]
NOTIC: [8] Constant STATICS already defined C:\WWW\ruanlingtong\PigCms\Lib\Action\BaseAction.class.php 第 116 行.
SQL: SHOW COLUMNS FROM `tp_images` [ RunTime:0.000000s ]
SQL: SELECT * FROM `tp_images` LIMIT 1   [ RunTime:0.000000s ]

[ 2015-04-14T16:49:40+08:00 ] 223.68.162.177 /index.php?g=Home&m=Index&a=help
SQL: SHOW COLUMNS FROM `tp_agent` [ RunTime:0.000000s ]
SQL: SELECT * FROM `tp_agent` WHERE ( `siteurl` = 'http://www.softphs.com' ) LIMIT 1   [ RunTime:0.000000s ]
INFO: [ app_begin ] --START--
INFO: Run ReadHtmlCache Behavior [ RunTime:0.000000s ]
INFO: [ app_begin ] --END-- [ RunTime:0.000000s ]
SQL: SELECT * FROM `tp_agent` WHERE ( `siteurl` = 'http://www.softphs.com' ) LIMIT 1   [ RunTime:0.000000s ]
NOTIC: [8] Constant STATICS already defined C:\WWW\ruanlingtong\PigCms\Lib\Action\BaseAction.class.php 第 116 行.
SQL: SHOW COLUMNS FROM `tp_images` [ RunTime:0.000000s ]
SQL: SELECT * FROM `tp_images` LIMIT 1   [ RunTime:0.000000s ]
INFO: [ view_template ] --START--
INFO: Run LocationTemplate Behavior [ RunTime:0.000000s ]
INFO: [ view_template ] --END-- [ RunTime:0.000000s ]
INFO: [ view_parse ] --START--
NOTIC: [8] Use of undefined constant uid - assumed 'uid' C:\WWW\ruanlingtong\Conf\logs\Cache\Home\3dd1559c8d22e5b8abeac63b1ae3ca85.php 第 32 行.
NOTIC: [8] Undefined index: uid C:\WWW\ruanlingtong\Conf\logs\Cache\Home\3dd1559c8d22e5b8abeac63b1ae3ca85.php 第 32 行.
NOTIC: [8] Undefined index: token C:\WWW\ruanlingtong\Conf\logs\Cache\Home\3dd1559c8d22e5b8abeac63b1ae3ca85.php 第 80 行.
NOTIC: [8] Undefined index: token C:\WWW\ruanlingtong\Conf\logs\Cache\Home\3dd1559c8d22e5b8abeac63b1ae3ca85.php 第 96 行.
NOTIC: [8] Undefined variable: wxuser C:\WWW\ruanlingtong\Conf\logs\Cache\Home\3dd1559c8d22e5b8abeac63b1ae3ca85.php 第 100 行.
NOTIC: [8] Undefined index: token C:\WWW\ruanlingtong\Conf\logs\Cache\Home\3dd1559c8d22e5b8abeac63b1ae3ca85.php 第 100 行.
NOTIC: [8] Undefined variable: wxuser C:\WWW\ruanlingtong\Conf\logs\Cache\Home\3dd1559c8d22e5b8abeac63b1ae3ca85.php 第 101 行.
NOTIC: [8] Undefined variable: wxuser C:\WWW\ruanlingtong\Conf\logs\Cache\Home\3dd1559c8d22e5b8abeac63b1ae3ca85.php 第 101 行.
INFO: Run ParseTemplate Behavior [ RunTime:0.000000s ]
INFO: [ view_parse ] --END-- [ RunTime:0.015625s ]
INFO: [ view_filter ] --START--
INFO: Run ContentReplace Behavior [ RunTime:-0.015625s ]
INFO: Run TokenBuild Behavior [ RunTime:-0.015625s ]
INFO: Run WriteHtmlCache Behavior [ RunTime:-0.015625s ]
INFO: Run ShowRuntime Behavior [ RunTime:-0.031250s ]
INFO: [ view_filter ] --END-- [ RunTime:0.015625s ]
INFO: [ view_end ] --START--
INFO: Run ShowPageTrace Behavior [ RunTime:-0.031250s ]
INFO: [ view_end ] --END-- [ RunTime:0.000000s ]

[ 2015-04-14T16:49:40+08:00 ] 223.68.162.175 /index.php?m=Index&a=verify
SQL: SHOW COLUMNS FROM `tp_agent` [ RunTime:0.000000s ]
SQL: SELECT * FROM `tp_agent` WHERE ( `siteurl` = 'http://www.softphs.com' ) LIMIT 1   [ RunTime:0.000000s ]
INFO: [ app_begin ] --START--
INFO: Run ReadHtmlCache Behavior [ RunTime:0.000000s ]
INFO: [ app_begin ] --END-- [ RunTime:0.000000s ]
SQL: SELECT * FROM `tp_agent` WHERE ( `siteurl` = 'http://www.softphs.com' ) LIMIT 1   [ RunTime:0.000000s ]
NOTIC: [8] Constant STATICS already defined C:\WWW\ruanlingtong\PigCms\Lib\Action\BaseAction.class.php 第 116 行.
SQL: SHOW COLUMNS FROM `tp_images` [ RunTime:0.000000s ]
SQL: SELECT * FROM `tp_images` LIMIT 1   [ RunTime:0.000000s ]

[ 2015-04-14T16:53:22+08:00 ] 223.68.162.149 /
SQL: SHOW COLUMNS FROM `tp_agent` [ RunTime:0.000000s ]
SQL: SELECT * FROM `tp_agent` WHERE ( `siteurl` = 'http://www.softphs.com' ) LIMIT 1   [ RunTime:0.000000s ]
INFO: [ app_begin ] --START--
INFO: Run ReadHtmlCache Behavior [ RunTime:0.000000s ]
INFO: [ app_begin ] --END-- [ RunTime:0.000000s ]
SQL: SHOW COLUMNS FROM `tp_agent` [ RunTime:0.000000s ]
SQL: SELECT * FROM `tp_agent` WHERE ( `siteurl` = 'http://www.softphs.com' ) LIMIT 1   [ RunTime:0.000000s ]
NOTIC: [8] Undefined index: www.softphs.comnomsite C:\WWW\ruanlingtong\PigCms\Lib\Action\BaseAction.class.php 第 36 行.
SQL: SHOW COLUMNS FROM `tp_mobilesite` [ RunTime:0.000000s ]
NOTIC: [8] Undefined index: www.softphs.com C:\WWW\ruanlingtong\PigCms\Lib\Action\BaseAction.class.php 第 338 行.
SQL: SELECT * FROM `tp_mobilesite` WHERE ( `owndomain` = 'www.softphs.com' ) LIMIT 1   [ RunTime:0.000000s ]
SQL: SELECT * FROM `tp_agent` WHERE ( `siteurl` = 'http://www.softphs.com' ) LIMIT 1   [ RunTime:0.000000s ]
NOTIC: [8] Constant STATICS already defined C:\WWW\ruanlingtong\PigCms\Lib\Action\BaseAction.class.php 第 116 行.
SQL: SHOW COLUMNS FROM `tp_images` [ RunTime:0.000000s ]
SQL: SELECT * FROM `tp_images` LIMIT 1   [ RunTime:0.000000s ]
SQL: SHOW COLUMNS FROM `tp_links` [ RunTime:0.000000s ]
SQL: SELECT * FROM `tp_links` WHERE ( `status` = 1 ) AND ( `agentid` = 0 )  [ RunTime:0.000000s ]
SQL: SHOW COLUMNS FROM `tp_renew` [ RunTime:0.015625s ]
SQL: SHOW COLUMNS FROM `tp_banners` [ RunTime:0.000000s ]
SQL: SHOW COLUMNS FROM `tp_case` [ RunTime:0.000000s ]
SQL: SELECT * FROM `tp_renew` WHERE ( `status` = 1 ) AND ( `agentid` = 0 ) ORDER BY id DESC LIMIT 5   [ RunTime:0.000000s ]
SQL: SELECT * FROM `tp_banners` WHERE ( `status` = 1 ) AND ( `agentid` = 0 ) ORDER BY id DESC  [ RunTime:0.000000s ]
SQL: SELECT * FROM `tp_case` WHERE ( `status` = 1 ) AND ( `agentid` = 0 ) ORDER BY id DESC LIMIT 10   [ RunTime:0.000000s ]
SQL: SHOW COLUMNS FROM `tp_news` [ RunTime:0.000000s ]
SQL: SELECT * FROM `tp_news` LIMIT 1   [ RunTime:0.000000s ]
SQL: SHOW COLUMNS FROM `tp_img` [ RunTime:0.000000s ]
SQL: SELECT * FROM `tp_img` WHERE ( `classid` = 0 ) ORDER BY id DESC LIMIT 5   [ RunTime:0.000000s ]
SQL: SELECT * FROM `tp_img` WHERE ( `classid` = 0 ) ORDER BY id DESC LIMIT 5   [ RunTime:0.000000s ]
SQL: SELECT * FROM `tp_img` WHERE ( `classid` = 0 ) ORDER BY id DESC LIMIT 5   [ RunTime:0.000000s ]
INFO: [ view_template ] --START--
INFO: Run LocationTemplate Behavior [ RunTime:-0.015625s ]
INFO: [ view_template ] --END-- [ RunTime:0.000000s ]
INFO: [ view_parse ] --START--
NOTIC: [8] Use of undefined constant uid - assumed 'uid' C:\WWW\ruanlingtong\Conf\logs\Cache\Home\e8edd32bcbb2d7ab2f0f8d14c550c52b.php 第 94 行.
NOTIC: [8] Undefined index: uid C:\WWW\ruanlingtong\Conf\logs\Cache\Home\e8edd32bcbb2d7ab2f0f8d14c550c52b.php 第 94 行.
INFO: Run ParseTemplate Behavior [ RunTime:-0.015625s ]
INFO: [ view_parse ] --END-- [ RunTime:0.031250s ]
INFO: [ view_filter ] --START--
INFO: Run ContentReplace Behavior [ RunTime:-0.046875s ]
INFO: Run TokenBuild Behavior [ RunTime:-0.046875s ]
INFO: Run WriteHtmlCache Behavior [ RunTime:-0.046875s ]
INFO: Run ShowRuntime Behavior [ RunTime:-0.046875s ]
INFO: [ view_filter ] --END-- [ RunTime:0.000000s ]
INFO: [ view_end ] --START--
INFO: Run ShowPageTrace Behavior [ RunTime:-0.046875s ]
INFO: [ view_end ] --END-- [ RunTime:0.000000s ]

[ 2015-04-14T16:54:03+08:00 ] 223.68.162.146 /index.php?g=Home&m=Index&a=fc
SQL: SHOW COLUMNS FROM `tp_agent` [ RunTime:0.000000s ]
SQL: SELECT * FROM `tp_agent` WHERE ( `siteurl` = 'http://www.softphs.com' ) LIMIT 1   [ RunTime:0.000000s ]
INFO: [ app_begin ] --START--
INFO: Run ReadHtmlCache Behavior [ RunTime:0.000000s ]
INFO: [ app_begin ] --END-- [ RunTime:0.000000s ]
SQL: SELECT * FROM `tp_agent` WHERE ( `siteurl` = 'http://www.softphs.com' ) LIMIT 1   [ RunTime:0.000000s ]
NOTIC: [8] Constant STATICS already defined C:\WWW\ruanlingtong\PigCms\Lib\Action\BaseAction.class.php 第 116 行.
SQL: SHOW COLUMNS FROM `tp_images` [ RunTime:0.000000s ]
SQL: SELECT * FROM `tp_images` LIMIT 1   [ RunTime:0.000000s ]
SQL: SHOW COLUMNS FROM `tp_funclass` [ RunTime:0.000000s ]
SQL: SELECT * FROM `tp_funclass` ORDER BY id ASC  [ RunTime:0.000000s ]
SQL: SHOW COLUMNS FROM `tp_funintro` [ RunTime:0.000000s ]
SQL: SELECT * FROM `tp_funintro` WHERE ( `classid` = null ) ORDER BY id ASC LIMIT 1   [ RunTime:0.000000s ]
SQL: SELECT `id`,`title`,`classid` FROM `tp_funintro` WHERE id>0 and type=0  [ RunTime:0.000000s ]
NOTIC: [8] Undefined variable: title C:\WWW\ruanlingtong\PigCms\Lib\Action\Home\IndexAction.class.php 第 111 行.
INFO: [ view_template ] --START--
INFO: Run LocationTemplate Behavior [ RunTime:0.000000s ]
INFO: [ view_template ] --END-- [ RunTime:0.000000s ]
INFO: [ view_parse ] --START--
NOTIC: [8] Use of undefined constant uid - assumed 'uid' C:\WWW\ruanlingtong\Conf\logs\Cache\Home\1b7ac46439ba67641ffac50041bf9357.php 第 31 行.
NOTIC: [8] Undefined index: uid C:\WWW\ruanlingtong\Conf\logs\Cache\Home\1b7ac46439ba67641ffac50041bf9357.php 第 31 行.
INFO: Run ParseTemplate Behavior [ RunTime:0.000000s ]
INFO: [ view_parse ] --END-- [ RunTime:0.015625s ]
INFO: [ view_filter ] --START--
INFO: Run ContentReplace Behavior [ RunTime:-0.015625s ]
INFO: Run TokenBuild Behavior [ RunTime:-0.015625s ]
INFO: Run WriteHtmlCache Behavior [ RunTime:-0.015625s ]
INFO: Run ShowRuntime Behavior [ RunTime:-0.015625s ]
INFO: [ view_filter ] --END-- [ RunTime:0.000000s ]
INFO: [ view_end ] --START--
INFO: Run ShowPageTrace Behavior [ RunTime:-0.015625s ]
INFO: [ view_end ] --END-- [ RunTime:0.000000s ]

[ 2015-04-14T16:54:12+08:00 ] 223.68.162.138 /
SQL: SHOW COLUMNS FROM `tp_agent` [ RunTime:0.000000s ]
SQL: SELECT * FROM `tp_agent` WHERE ( `siteurl` = 'http://www.softphs.com' ) LIMIT 1   [ RunTime:0.000000s ]
INFO: [ app_begin ] --START--
INFO: Run ReadHtmlCache Behavior [ RunTime:0.000000s ]
INFO: [ app_begin ] --END-- [ RunTime:0.000000s ]
SQL: SHOW COLUMNS FROM `tp_agent` [ RunTime:0.000000s ]
SQL: SELECT * FROM `tp_agent` WHERE ( `siteurl` = 'http://www.softphs.com' ) LIMIT 1   [ RunTime:0.000000s ]
SQL: SELECT * FROM `tp_agent` WHERE ( `siteurl` = 'http://www.softphs.com' ) LIMIT 1   [ RunTime:0.000000s ]
NOTIC: [8] Constant STATICS already defined C:\WWW\ruanlingtong\PigCms\Lib\Action\BaseAction.class.php 第 116 行.
SQL: SHOW COLUMNS FROM `tp_images` [ RunTime:0.000000s ]
SQL: SELECT * FROM `tp_images` LIMIT 1   [ RunTime:0.000000s ]
SQL: SHOW COLUMNS FROM `tp_links` [ RunTime:0.000000s ]
SQL: SELECT * FROM `tp_links` WHERE ( `status` = 1 ) AND ( `agentid` = 0 )  [ RunTime:0.000000s ]
SQL: SHOW COLUMNS FROM `tp_renew` [ RunTime:0.015625s ]
SQL: SHOW COLUMNS FROM `tp_banners` [ RunTime:0.000000s ]
SQL: SHOW COLUMNS FROM `tp_case` [ RunTime:0.000000s ]
SQL: SELECT * FROM `tp_renew` WHERE ( `status` = 1 ) AND ( `agentid` = 0 ) ORDER BY id DESC LIMIT 5   [ RunTime:0.000000s ]
SQL: SELECT * FROM `tp_banners` WHERE ( `status` = 1 ) AND ( `agentid` = 0 ) ORDER BY id DESC  [ RunTime:0.000000s ]
SQL: SELECT * FROM `tp_case` WHERE ( `status` = 1 ) AND ( `agentid` = 0 ) ORDER BY id DESC LIMIT 10   [ RunTime:0.000000s ]
SQL: SHOW COLUMNS FROM `tp_news` [ RunTime:0.000000s ]
SQL: SELECT * FROM `tp_news` LIMIT 1   [ RunTime:0.000000s ]
SQL: SHOW COLUMNS FROM `tp_img` [ RunTime:0.000000s ]
SQL: SELECT * FROM `tp_img` WHERE ( `classid` = 0 ) ORDER BY id DESC LIMIT 5   [ RunTime:0.000000s ]
SQL: SELECT * FROM `tp_img` WHERE ( `classid` = 0 ) ORDER BY id DESC LIMIT 5   [ RunTime:0.000000s ]
SQL: SELECT * FROM `tp_img` WHERE ( `classid` = 0 ) ORDER BY id DESC LIMIT 5   [ RunTime:0.000000s ]
INFO: [ view_template ] --START--
INFO: Run LocationTemplate Behavior [ RunTime:-0.015625s ]
INFO: [ view_template ] --END-- [ RunTime:0.000000s ]
INFO: [ view_parse ] --START--
NOTIC: [8] Use of undefined constant uid - assumed 'uid' C:\WWW\ruanlingtong\Conf\logs\Cache\Home\e8edd32bcbb2d7ab2f0f8d14c550c52b.php 第 94 行.
NOTIC: [8] Undefined index: uid C:\WWW\ruanlingtong\Conf\logs\Cache\Home\e8edd32bcbb2d7ab2f0f8d14c550c52b.php 第 94 行.
INFO: Run ParseTemplate Behavior [ RunTime:-0.015625s ]
INFO: [ view_parse ] --END-- [ RunTime:0.031250s ]
INFO: [ view_filter ] --START--
INFO: Run ContentReplace Behavior [ RunTime:-0.046875s ]
INFO: Run TokenBuild Behavior [ RunTime:-0.046875s ]
INFO: Run WriteHtmlCache Behavior [ RunTime:-0.046875s ]
INFO: Run ShowRuntime Behavior [ RunTime:-0.046875s ]
INFO: [ view_filter ] --END-- [ RunTime:0.000000s ]
INFO: [ view_end ] --START--
INFO: Run ShowPageTrace Behavior [ RunTime:-0.046875s ]
INFO: [ view_end ] --END-- [ RunTime:0.000000s ]

[ 2015-04-14T17:16:15+08:00 ] 183.60.35.29 /
SQL: SHOW COLUMNS FROM `tp_agent` [ RunTime:0.000000s ]
SQL: SELECT * FROM `tp_agent` WHERE ( `siteurl` = 'http://www.softphs.com' ) LIMIT 1   [ RunTime:0.000000s ]
INFO: [ app_begin ] --START--
INFO: Run ReadHtmlCache Behavior [ RunTime:0.000000s ]
INFO: [ app_begin ] --END-- [ RunTime:0.000000s ]
SQL: SHOW COLUMNS FROM `tp_agent` [ RunTime:0.000000s ]
SQL: SELECT * FROM `tp_agent` WHERE ( `siteurl` = 'http://www.softphs.com' ) LIMIT 1   [ RunTime:0.000000s ]
NOTIC: [8] Undefined index: www.softphs.comnomsite C:\WWW\ruanlingtong\PigCms\Lib\Action\BaseAction.class.php 第 36 行.
SQL: SHOW COLUMNS FROM `tp_mobilesite` [ RunTime:0.000000s ]
NOTIC: [8] Undefined index: www.softphs.com C:\WWW\ruanlingtong\PigCms\Lib\Action\BaseAction.class.php 第 338 行.
SQL: SELECT * FROM `tp_mobilesite` WHERE ( `owndomain` = 'www.softphs.com' ) LIMIT 1   [ RunTime:0.000000s ]
SQL: SELECT * FROM `tp_agent` WHERE ( `siteurl` = 'http://www.softphs.com' ) LIMIT 1   [ RunTime:0.000000s ]
NOTIC: [8] Constant STATICS already defined C:\WWW\ruanlingtong\PigCms\Lib\Action\BaseAction.class.php 第 116 行.
SQL: SHOW COLUMNS FROM `tp_images` [ RunTime:0.000000s ]
SQL: SELECT * FROM `tp_images` LIMIT 1   [ RunTime:0.000000s ]
SQL: SHOW COLUMNS FROM `tp_links` [ RunTime:0.000000s ]
SQL: SELECT * FROM `tp_links` WHERE ( `status` = 1 ) AND ( `agentid` = 0 )  [ RunTime:0.000000s ]
SQL: SHOW COLUMNS FROM `tp_renew` [ RunTime:0.000000s ]
SQL: SHOW COLUMNS FROM `tp_banners` [ RunTime:0.000000s ]
SQL: SHOW COLUMNS FROM `tp_case` [ RunTime:0.000000s ]
SQL: SELECT * FROM `tp_renew` WHERE ( `status` = 1 ) AND ( `agentid` = 0 ) ORDER BY id DESC LIMIT 5   [ RunTime:0.000000s ]
SQL: SELECT * FROM `tp_banners` WHERE ( `status` = 1 ) AND ( `agentid` = 0 ) ORDER BY id DESC  [ RunTime:0.000000s ]
SQL: SELECT * FROM `tp_case` WHERE ( `status` = 1 ) AND ( `agentid` = 0 ) ORDER BY id DESC LIMIT 10   [ RunTime:0.000000s ]
SQL: SHOW COLUMNS FROM `tp_news` [ RunTime:0.000000s ]
SQL: SELECT * FROM `tp_news` LIMIT 1   [ RunTime:0.000000s ]
SQL: SHOW COLUMNS FROM `tp_img` [ RunTime:0.000000s ]
SQL: SELECT * FROM `tp_img` WHERE ( `classid` = 0 ) ORDER BY id DESC LIMIT 5   [ RunTime:0.000000s ]
SQL: SELECT * FROM `tp_img` WHERE ( `classid` = 0 ) ORDER BY id DESC LIMIT 5   [ RunTime:0.000000s ]
SQL: SELECT * FROM `tp_img` WHERE ( `classid` = 0 ) ORDER BY id DESC LIMIT 5   [ RunTime:0.000000s ]
INFO: [ view_template ] --START--
INFO: Run LocationTemplate Behavior [ RunTime:-0.015625s ]
INFO: [ view_template ] --END-- [ RunTime:0.000000s ]
INFO: [ view_parse ] --START--
NOTIC: [8] Use of undefined constant uid - assumed 'uid' C:\WWW\ruanlingtong\Conf\logs\Cache\Home\e8edd32bcbb2d7ab2f0f8d14c550c52b.php 第 94 行.
NOTIC: [8] Undefined index: uid C:\WWW\ruanlingtong\Conf\logs\Cache\Home\e8edd32bcbb2d7ab2f0f8d14c550c52b.php 第 94 行.
INFO: Run ParseTemplate Behavior [ RunTime:-0.015625s ]
INFO: [ view_parse ] --END-- [ RunTime:0.031250s ]
INFO: [ view_filter ] --START--
INFO: Run ContentReplace Behavior [ RunTime:-0.046875s ]
INFO: Run TokenBuild Behavior [ RunTime:-0.046875s ]
INFO: Run WriteHtmlCache Behavior [ RunTime:-0.046875s ]
INFO: Run ShowRuntime Behavior [ RunTime:-0.046875s ]
INFO: [ view_filter ] --END-- [ RunTime:0.000000s ]
INFO: [ view_end ] --START--
INFO: Run ShowPageTrace Behavior [ RunTime:-0.046875s ]
INFO: [ view_end ] --END-- [ RunTime:0.000000s ]

[ 2015-04-14T17:16:15+08:00 ] 113.108.80.160 /
SQL: SHOW COLUMNS FROM `tp_agent` [ RunTime:0.000000s ]
SQL: SELECT * FROM `tp_agent` WHERE ( `siteurl` = 'http://www.softphs.com' ) LIMIT 1   [ RunTime:0.000000s ]
INFO: [ app_begin ] --START--
INFO: Run ReadHtmlCache Behavior [ RunTime:0.000000s ]
INFO: [ app_begin ] --END-- [ RunTime:0.000000s ]
SQL: SHOW COLUMNS FROM `tp_agent` [ RunTime:0.000000s ]
SQL: SELECT * FROM `tp_agent` WHERE ( `siteurl` = 'http://www.softphs.com' ) LIMIT 1   [ RunTime:0.000000s ]
NOTIC: [8] Undefined index: www.softphs.comnomsite C:\WWW\ruanlingtong\PigCms\Lib\Action\BaseAction.class.php 第 36 行.
SQL: SHOW COLUMNS FROM `tp_mobilesite` [ RunTime:0.015625s ]
NOTIC: [8] Undefined index: www.softphs.com C:\WWW\ruanlingtong\PigCms\Lib\Action\BaseAction.class.php 第 338 行.
SQL: SELECT * FROM `tp_mobilesite` WHERE ( `owndomain` = 'www.softphs.com' ) LIMIT 1   [ RunTime:0.000000s ]
SQL: SELECT * FROM `tp_agent` WHERE ( `siteurl` = 'http://www.softphs.com' ) LIMIT 1   [ RunTime:0.000000s ]
NOTIC: [8] Constant STATICS already defined C:\WWW\ruanlingtong\PigCms\Lib\Action\BaseAction.class.php 第 116 行.
SQL: SHOW COLUMNS FROM `tp_images` [ RunTime:0.000000s ]
SQL: SELECT * FROM `tp_images` LIMIT 1   [ RunTime:0.000000s ]
SQL: SHOW COLUMNS FROM `tp_links` [ RunTime:0.000000s ]
SQL: SELECT * FROM `tp_links` WHERE ( `status` = 1 ) AND ( `agentid` = 0 )  [ RunTime:0.000000s ]
SQL: SHOW COLUMNS FROM `tp_renew` [ RunTime:0.000000s ]
SQL: SHOW COLUMNS FROM `tp_banners` [ RunTime:0.000000s ]
SQL: SHOW COLUMNS FROM `tp_case` [ RunTime:0.000000s ]
SQL: SELECT * FROM `tp_renew` WHERE ( `status` = 1 ) AND ( `agentid` = 0 ) ORDER BY id DESC LIMIT 5   [ RunTime:0.000000s ]
SQL: SELECT * FROM `tp_banners` WHERE ( `status` = 1 ) AND ( `agentid` = 0 ) ORDER BY id DESC  [ RunTime:0.000000s ]
SQL: SELECT * FROM `tp_case` WHERE ( `status` = 1 ) AND ( `agentid` = 0 ) ORDER BY id DESC LIMIT 10   [ RunTime:0.000000s ]
SQL: SHOW COLUMNS FROM `tp_news` [ RunTime:0.000000s ]
SQL: SELECT * FROM `tp_news` LIMIT 1   [ RunTime:0.000000s ]
SQL: SHOW COLUMNS FROM `tp_img` [ RunTime:0.000000s ]
SQL: SELECT * FROM `tp_img` WHERE ( `classid` = 0 ) ORDER BY id DESC LIMIT 5   [ RunTime:0.000000s ]
SQL: SELECT * FROM `tp_img` WHERE ( `classid` = 0 ) ORDER BY id DESC LIMIT 5   [ RunTime:0.000000s ]
SQL: SELECT * FROM `tp_img` WHERE ( `classid` = 0 ) ORDER BY id DESC LIMIT 5   [ RunTime:0.000000s ]
INFO: [ view_template ] --START--
INFO: Run LocationTemplate Behavior [ RunTime:-0.015625s ]
INFO: [ view_template ] --END-- [ RunTime:0.000000s ]
INFO: [ view_parse ] --START--
NOTIC: [8] Use of undefined constant uid - assumed 'uid' C:\WWW\ruanlingtong\Conf\logs\Cache\Home\e8edd32bcbb2d7ab2f0f8d14c550c52b.php 第 94 行.
NOTIC: [8] Undefined index: uid C:\WWW\ruanlingtong\Conf\logs\Cache\Home\e8edd32bcbb2d7ab2f0f8d14c550c52b.php 第 94 行.
INFO: Run ParseTemplate Behavior [ RunTime:-0.015625s ]
INFO: [ view_parse ] --END-- [ RunTime:0.031250s ]
INFO: [ view_filter ] --START--
INFO: Run ContentReplace Behavior [ RunTime:-0.046875s ]
INFO: Run TokenBuild Behavior [ RunTime:-0.046875s ]
INFO: Run WriteHtmlCache Behavior [ RunTime:-0.046875s ]
INFO: Run ShowRuntime Behavior [ RunTime:-0.046875s ]
INFO: [ view_filter ] --END-- [ RunTime:0.000000s ]
INFO: [ view_end ] --START--
INFO: Run ShowPageTrace Behavior [ RunTime:-0.046875s ]
INFO: [ view_end ] --END-- [ RunTime:0.000000s ]

[ 2015-04-14T17:16:16+08:00 ] 113.108.10.15 /
SQL: SHOW COLUMNS FROM `tp_agent` [ RunTime:0.000000s ]
SQL: SELECT * FROM `tp_agent` WHERE ( `siteurl` = 'http://www.softphs.com' ) LIMIT 1   [ RunTime:0.000000s ]
INFO: [ app_begin ] --START--
INFO: Run ReadHtmlCache Behavior [ RunTime:0.000000s ]
INFO: [ app_begin ] --END-- [ RunTime:0.000000s ]
SQL: SHOW COLUMNS FROM `tp_agent` [ RunTime:0.000000s ]
SQL: SELECT * FROM `tp_agent` WHERE ( `siteurl` = 'http://www.softphs.com' ) LIMIT 1   [ RunTime:0.000000s ]
NOTIC: [8] Undefined index: www.softphs.comnomsite C:\WWW\ruanlingtong\PigCms\Lib\Action\BaseAction.class.php 第 36 行.
SQL: SHOW COLUMNS FROM `tp_mobilesite` [ RunTime:0.000000s ]
NOTIC: [8] Undefined index: www.softphs.com C:\WWW\ruanlingtong\PigCms\Lib\Action\BaseAction.class.php 第 338 行.
SQL: SELECT * FROM `tp_mobilesite` WHERE ( `owndomain` = 'www.softphs.com' ) LIMIT 1   [ RunTime:0.000000s ]
SQL: SELECT * FROM `tp_agent` WHERE ( `siteurl` = 'http://www.softphs.com' ) LIMIT 1   [ RunTime:0.000000s ]
NOTIC: [8] Constant STATICS already defined C:\WWW\ruanlingtong\PigCms\Lib\Action\BaseAction.class.php 第 116 行.
SQL: SHOW COLUMNS FROM `tp_images` [ RunTime:0.000000s ]
SQL: SELECT * FROM `tp_images` LIMIT 1   [ RunTime:0.000000s ]
SQL: SHOW COLUMNS FROM `tp_links` [ RunTime:0.000000s ]
SQL: SELECT * FROM `tp_links` WHERE ( `status` = 1 ) AND ( `agentid` = 0 )  [ RunTime:0.000000s ]
SQL: SHOW COLUMNS FROM `tp_renew` [ RunTime:0.015624s ]
SQL: SHOW COLUMNS FROM `tp_banners` [ RunTime:0.000000s ]
SQL: SHOW COLUMNS FROM `tp_case` [ RunTime:0.000000s ]
SQL: SELECT * FROM `tp_renew` WHERE ( `status` = 1 ) AND ( `agentid` = 0 ) ORDER BY id DESC LIMIT 5   [ RunTime:0.000000s ]
SQL: SELECT * FROM `tp_banners` WHERE ( `status` = 1 ) AND ( `agentid` = 0 ) ORDER BY id DESC  [ RunTime:0.000000s ]
SQL: SELECT * FROM `tp_case` WHERE ( `status` = 1 ) AND ( `agentid` = 0 ) ORDER BY id DESC LIMIT 10   [ RunTime:0.000000s ]
SQL: SHOW COLUMNS FROM `tp_news` [ RunTime:0.000000s ]
SQL: SELECT * FROM `tp_news` LIMIT 1   [ RunTime:0.000000s ]
SQL: SHOW COLUMNS FROM `tp_img` [ RunTime:0.000000s ]
SQL: SELECT * FROM `tp_img` WHERE ( `classid` = 0 ) ORDER BY id DESC LIMIT 5   [ RunTime:0.000000s ]
SQL: SELECT * FROM `tp_img` WHERE ( `classid` = 0 ) ORDER BY id DESC LIMIT 5   [ RunTime:0.000000s ]
SQL: SELECT * FROM `tp_img` WHERE ( `classid` = 0 ) ORDER BY id DESC LIMIT 5   [ RunTime:0.000000s ]
INFO: [ view_template ] --START--
INFO: Run LocationTemplate Behavior [ RunTime:-0.015624s ]
INFO: [ view_template ] --END-- [ RunTime:0.000000s ]
INFO: [ view_parse ] --START--
NOTIC: [8] Use of undefined constant uid - assumed 'uid' C:\WWW\ruanlingtong\Conf\logs\Cache\Home\e8edd32bcbb2d7ab2f0f8d14c550c52b.php 第 94 行.
NOTIC: [8] Undefined index: uid C:\WWW\ruanlingtong\Conf\logs\Cache\Home\e8edd32bcbb2d7ab2f0f8d14c550c52b.php 第 94 行.
INFO: Run ParseTemplate Behavior [ RunTime:-0.015624s ]
INFO: [ view_parse ] --END-- [ RunTime:0.031250s ]
INFO: [ view_filter ] --START--
INFO: Run ContentReplace Behavior [ RunTime:-0.046874s ]
INFO: Run TokenBuild Behavior [ RunTime:-0.046874s ]
INFO: Run WriteHtmlCache Behavior [ RunTime:-0.046874s ]
INFO: Run ShowRuntime Behavior [ RunTime:-0.046874s ]
INFO: [ view_filter ] --END-- [ RunTime:0.000000s ]
INFO: [ view_end ] --START--
INFO: Run ShowPageTrace Behavior [ RunTime:-0.046874s ]
INFO: [ view_end ] --END-- [ RunTime:0.000000s ]

[ 2015-04-14T17:16:32+08:00 ] 113.108.21.33 /
SQL: SHOW COLUMNS FROM `tp_agent` [ RunTime:0.000000s ]
SQL: SELECT * FROM `tp_agent` WHERE ( `siteurl` = 'http://www.softphs.cn' ) LIMIT 1   [ RunTime:0.000000s ]
INFO: [ app_begin ] --START--
INFO: Run ReadHtmlCache Behavior [ RunTime:0.000000s ]
INFO: [ app_begin ] --END-- [ RunTime:0.000000s ]
SQL: SHOW COLUMNS FROM `tp_agent` [ RunTime:0.000000s ]
SQL: SELECT * FROM `tp_agent` WHERE ( `siteurl` = 'http://www.softphs.cn' ) LIMIT 1   [ RunTime:0.000000s ]
NOTIC: [8] Undefined index: www.softphs.cnnomsite C:\WWW\ruanlingtong\PigCms\Lib\Action\BaseAction.class.php 第 36 行.
SQL: SHOW COLUMNS FROM `tp_mobilesite` [ RunTime:0.000000s ]
NOTIC: [8] Undefined index: www.softphs.cn C:\WWW\ruanlingtong\PigCms\Lib\Action\BaseAction.class.php 第 338 行.
SQL: SELECT * FROM `tp_mobilesite` WHERE ( `owndomain` = 'www.softphs.cn' ) LIMIT 1   [ RunTime:0.000000s ]
SQL: SELECT * FROM `tp_agent` WHERE ( `siteurl` = 'http://www.softphs.cn' ) LIMIT 1   [ RunTime:0.000000s ]
NOTIC: [8] Constant STATICS already defined C:\WWW\ruanlingtong\PigCms\Lib\Action\BaseAction.class.php 第 116 行.
SQL: SHOW COLUMNS FROM `tp_images` [ RunTime:0.000000s ]
SQL: SELECT * FROM `tp_images` LIMIT 1   [ RunTime:0.000000s ]
SQL: SHOW COLUMNS FROM `tp_links` [ RunTime:0.000000s ]
SQL: SELECT * FROM `tp_links` WHERE ( `status` = 1 ) AND ( `agentid` = 0 )  [ RunTime:0.000000s ]
SQL: SHOW COLUMNS FROM `tp_renew` [ RunTime:0.000000s ]
SQL: SHOW COLUMNS FROM `tp_banners` [ RunTime:0.000000s ]
SQL: SHOW COLUMNS FROM `tp_case` [ RunTime:0.000000s ]
SQL: SELECT * FROM `tp_renew` WHERE ( `status` = 1 ) AND ( `agentid` = 0 ) ORDER BY id DESC LIMIT 5   [ RunTime:0.000000s ]
SQL: SELECT * FROM `tp_banners` WHERE ( `status` = 1 ) AND ( `agentid` = 0 ) ORDER BY id DESC  [ RunTime:0.000000s ]
SQL: SELECT * FROM `tp_case` WHERE ( `status` = 1 ) AND ( `agentid` = 0 ) ORDER BY id DESC LIMIT 10   [ RunTime:0.000000s ]
SQL: SHOW COLUMNS FROM `tp_news` [ RunTime:0.000000s ]
SQL: SELECT * FROM `tp_news` LIMIT 1   [ RunTime:0.000000s ]
SQL: SHOW COLUMNS FROM `tp_img` [ RunTime:0.000000s ]
SQL: SELECT * FROM `tp_img` WHERE ( `classid` = 0 ) ORDER BY id DESC LIMIT 5   [ RunTime:0.000000s ]
SQL: SELECT * FROM `tp_img` WHERE ( `classid` = 0 ) ORDER BY id DESC LIMIT 5   [ RunTime:0.000000s ]
SQL: SELECT * FROM `tp_img` WHERE ( `classid` = 0 ) ORDER BY id DESC LIMIT 5   [ RunTime:0.000000s ]
INFO: [ view_template ] --START--
INFO: Run LocationTemplate Behavior [ RunTime:-0.031250s ]
INFO: [ view_template ] --END-- [ RunTime:0.000000s ]
INFO: [ view_parse ] --START--
NOTIC: [8] Use of undefined constant uid - assumed 'uid' C:\WWW\ruanlingtong\Conf\logs\Cache\Home\e8edd32bcbb2d7ab2f0f8d14c550c52b.php 第 94 行.
NOTIC: [8] Undefined index: uid C:\WWW\ruanlingtong\Conf\logs\Cache\Home\e8edd32bcbb2d7ab2f0f8d14c550c52b.php 第 94 行.
INFO: Run ParseTemplate Behavior [ RunTime:-0.031250s ]
INFO: [ view_parse ] --END-- [ RunTime:0.015625s ]
INFO: [ view_filter ] --START--
INFO: Run ContentReplace Behavior [ RunTime:-0.046875s ]
INFO: Run TokenBuild Behavior [ RunTime:-0.046875s ]
INFO: Run WriteHtmlCache Behavior [ RunTime:-0.046875s ]
INFO: Run ShowRuntime Behavior [ RunTime:-0.062500s ]
INFO: [ view_filter ] --END-- [ RunTime:0.015625s ]
INFO: [ view_end ] --START--
INFO: Run ShowPageTrace Behavior [ RunTime:-0.062500s ]
INFO: [ view_end ] --END-- [ RunTime:0.000000s ]

[ 2015-04-14T17:16:33+08:00 ] 112.90.78.22 /
SQL: SHOW COLUMNS FROM `tp_agent` [ RunTime:0.000000s ]
SQL: SELECT * FROM `tp_agent` WHERE ( `siteurl` = 'http://www.softphs.cn' ) LIMIT 1   [ RunTime:0.000000s ]
INFO: [ app_begin ] --START--
INFO: Run ReadHtmlCache Behavior [ RunTime:0.000000s ]
INFO: [ app_begin ] --END-- [ RunTime:0.000000s ]
SQL: SHOW COLUMNS FROM `tp_agent` [ RunTime:0.000000s ]
SQL: SELECT * FROM `tp_agent` WHERE ( `siteurl` = 'http://www.softphs.cn' ) LIMIT 1   [ RunTime:0.000000s ]
NOTIC: [8] Undefined index: www.softphs.cnnomsite C:\WWW\ruanlingtong\PigCms\Lib\Action\BaseAction.class.php 第 36 行.
SQL: SHOW COLUMNS FROM `tp_mobilesite` [ RunTime:0.000000s ]
NOTIC: [8] Undefined index: www.softphs.cn C:\WWW\ruanlingtong\PigCms\Lib\Action\BaseAction.class.php 第 338 行.
SQL: SELECT * FROM `tp_mobilesite` WHERE ( `owndomain` = 'www.softphs.cn' ) LIMIT 1   [ RunTime:0.000000s ]
SQL: SELECT * FROM `tp_agent` WHERE ( `siteurl` = 'http://www.softphs.cn' ) LIMIT 1   [ RunTime:0.000000s ]
NOTIC: [8] Constant STATICS already defined C:\WWW\ruanlingtong\PigCms\Lib\Action\BaseAction.class.php 第 116 行.
SQL: SHOW COLUMNS FROM `tp_images` [ RunTime:0.000000s ]
SQL: SELECT * FROM `tp_images` LIMIT 1   [ RunTime:0.000000s ]
SQL: SHOW COLUMNS FROM `tp_links` [ RunTime:0.000000s ]
SQL: SELECT * FROM `tp_links` WHERE ( `status` = 1 ) AND ( `agentid` = 0 )  [ RunTime:0.000000s ]
SQL: SHOW COLUMNS FROM `tp_renew` [ RunTime:0.000000s ]
SQL: SHOW COLUMNS FROM `tp_banners` [ RunTime:0.000000s ]
SQL: SHOW COLUMNS FROM `tp_case` [ RunTime:0.000000s ]
SQL: SELECT * FROM `tp_renew` WHERE ( `status` = 1 ) AND ( `agentid` = 0 ) ORDER BY id DESC LIMIT 5   [ RunTime:0.000000s ]
SQL: SELECT * FROM `tp_banners` WHERE ( `status` = 1 ) AND ( `agentid` = 0 ) ORDER BY id DESC  [ RunTime:0.000000s ]
SQL: SELECT * FROM `tp_case` WHERE ( `status` = 1 ) AND ( `agentid` = 0 ) ORDER BY id DESC LIMIT 10   [ RunTime:0.000000s ]
SQL: SHOW COLUMNS FROM `tp_news` [ RunTime:0.000000s ]
SQL: SELECT * FROM `tp_news` LIMIT 1   [ RunTime:0.000000s ]
SQL: SHOW COLUMNS FROM `tp_img` [ RunTime:0.000000s ]
SQL: SELECT * FROM `tp_img` WHERE ( `classid` = 0 ) ORDER BY id DESC LIMIT 5   [ RunTime:0.000000s ]
SQL: SELECT * FROM `tp_img` WHERE ( `classid` = 0 ) ORDER BY id DESC LIMIT 5   [ RunTime:0.000000s ]
SQL: SELECT * FROM `tp_img` WHERE ( `classid` = 0 ) ORDER BY id DESC LIMIT 5   [ RunTime:0.000000s ]
INFO: [ view_template ] --START--
INFO: Run LocationTemplate Behavior [ RunTime:-0.015625s ]
INFO: [ view_template ] --END-- [ RunTime:0.000000s ]
INFO: [ view_parse ] --START--
NOTIC: [8] Use of undefined constant uid - assumed 'uid' C:\WWW\ruanlingtong\Conf\logs\Cache\Home\e8edd32bcbb2d7ab2f0f8d14c550c52b.php 第 94 行.
NOTIC: [8] Undefined index: uid C:\WWW\ruanlingtong\Conf\logs\Cache\Home\e8edd32bcbb2d7ab2f0f8d14c550c52b.php 第 94 行.
INFO: Run ParseTemplate Behavior [ RunTime:-0.015625s ]
INFO: [ view_parse ] --END-- [ RunTime:0.031250s ]
INFO: [ view_filter ] --START--
INFO: Run ContentReplace Behavior [ RunTime:-0.046875s ]
INFO: Run TokenBuild Behavior [ RunTime:-0.046875s ]
INFO: Run WriteHtmlCache Behavior [ RunTime:-0.046875s ]
INFO: Run ShowRuntime Behavior [ RunTime:-0.046875s ]
INFO: [ view_filter ] --END-- [ RunTime:0.000000s ]
INFO: [ view_end ] --START--
INFO: Run ShowPageTrace Behavior [ RunTime:-0.046875s ]
INFO: [ view_end ] --END-- [ RunTime:0.000000s ]

[ 2015-04-14T17:16:34+08:00 ] 183.60.1.236 /
SQL: SHOW COLUMNS FROM `tp_agent` [ RunTime:0.000000s ]
SQL: SELECT * FROM `tp_agent` WHERE ( `siteurl` = 'http://www.softphs.cn' ) LIMIT 1   [ RunTime:0.000000s ]
INFO: [ app_begin ] --START--
INFO: Run ReadHtmlCache Behavior [ RunTime:0.000000s ]
INFO: [ app_begin ] --END-- [ RunTime:0.000000s ]
SQL: SHOW COLUMNS FROM `tp_agent` [ RunTime:0.000000s ]
SQL: SELECT * FROM `tp_agent` WHERE ( `siteurl` = 'http://www.softphs.cn' ) LIMIT 1   [ RunTime:0.000000s ]
NOTIC: [8] Undefined index: www.softphs.cnnomsite C:\WWW\ruanlingtong\PigCms\Lib\Action\BaseAction.class.php 第 36 行.
SQL: SHOW COLUMNS FROM `tp_mobilesite` [ RunTime:0.000000s ]
NOTIC: [8] Undefined index: www.softphs.cn C:\WWW\ruanlingtong\PigCms\Lib\Action\BaseAction.class.php 第 338 行.
SQL: SELECT * FROM `tp_mobilesite` WHERE ( `owndomain` = 'www.softphs.cn' ) LIMIT 1   [ RunTime:0.000000s ]
SQL: SELECT * FROM `tp_agent` WHERE ( `siteurl` = 'http://www.softphs.cn' ) LIMIT 1   [ RunTime:0.000000s ]
NOTIC: [8] Constant STATICS already defined C:\WWW\ruanlingtong\PigCms\Lib\Action\BaseAction.class.php 第 116 行.
SQL: SHOW COLUMNS FROM `tp_images` [ RunTime:0.000000s ]
SQL: SELECT * FROM `tp_images` LIMIT 1   [ RunTime:0.000000s ]
SQL: SHOW COLUMNS FROM `tp_links` [ RunTime:0.000000s ]
SQL: SELECT * FROM `tp_links` WHERE ( `status` = 1 ) AND ( `agentid` = 0 )  [ RunTime:0.000000s ]
SQL: SHOW COLUMNS FROM `tp_renew` [ RunTime:0.015625s ]
SQL: SHOW COLUMNS FROM `tp_banners` [ RunTime:0.000000s ]
SQL: SHOW COLUMNS FROM `tp_case` [ RunTime:0.000000s ]
SQL: SELECT * FROM `tp_renew` WHERE ( `status` = 1 ) AND ( `agentid` = 0 ) ORDER BY id DESC LIMIT 5   [ RunTime:0.000000s ]
SQL: SELECT * FROM `tp_banners` WHERE ( `status` = 1 ) AND ( `agentid` = 0 ) ORDER BY id DESC  [ RunTime:0.000000s ]
SQL: SELECT * FROM `tp_case` WHERE ( `status` = 1 ) AND ( `agentid` = 0 ) ORDER BY id DESC LIMIT 10   [ RunTime:0.000000s ]
SQL: SHOW COLUMNS FROM `tp_news` [ RunTime:0.000000s ]
SQL: SELECT * FROM `tp_news` LIMIT 1   [ RunTime:0.000000s ]
SQL: SHOW COLUMNS FROM `tp_img` [ RunTime:0.000000s ]
SQL: SELECT * FROM `tp_img` WHERE ( `classid` = 0 ) ORDER BY id DESC LIMIT 5   [ RunTime:0.000000s ]
SQL: SELECT * FROM `tp_img` WHERE ( `classid` = 0 ) ORDER BY id DESC LIMIT 5   [ RunTime:0.000000s ]
SQL: SELECT * FROM `tp_img` WHERE ( `classid` = 0 ) ORDER BY id DESC LIMIT 5   [ RunTime:0.000000s ]
INFO: [ view_template ] --START--
INFO: Run LocationTemplate Behavior [ RunTime:-0.015625s ]
INFO: [ view_template ] --END-- [ RunTime:0.000000s ]
INFO: [ view_parse ] --START--
NOTIC: [8] Use of undefined constant uid - assumed 'uid' C:\WWW\ruanlingtong\Conf\logs\Cache\Home\e8edd32bcbb2d7ab2f0f8d14c550c52b.php 第 94 行.
NOTIC: [8] Undefined index: uid C:\WWW\ruanlingtong\Conf\logs\Cache\Home\e8edd32bcbb2d7ab2f0f8d14c550c52b.php 第 94 行.
INFO: Run ParseTemplate Behavior [ RunTime:-0.015625s ]
INFO: [ view_parse ] --END-- [ RunTime:0.031250s ]
INFO: [ view_filter ] --START--
INFO: Run ContentReplace Behavior [ RunTime:-0.046875s ]
INFO: Run TokenBuild Behavior [ RunTime:-0.046875s ]
INFO: Run WriteHtmlCache Behavior [ RunTime:-0.046875s ]
INFO: Run ShowRuntime Behavior [ RunTime:-0.046875s ]
INFO: [ view_filter ] --END-- [ RunTime:0.000000s ]
INFO: [ view_end ] --START--
INFO: Run ShowPageTrace Behavior [ RunTime:-0.046875s ]
INFO: [ view_end ] --END-- [ RunTime:0.000000s ]

[ 2015-04-14T17:32:46+08:00 ] 180.153.9.160 /
SQL: SHOW COLUMNS FROM `tp_agent` [ RunTime:0.000000s ]
SQL: SELECT * FROM `tp_agent` WHERE ( `siteurl` = 'http://www.softphs.com' ) LIMIT 1   [ RunTime:0.000000s ]
INFO: [ app_begin ] --START--
INFO: Run ReadHtmlCache Behavior [ RunTime:0.000000s ]
INFO: [ app_begin ] --END-- [ RunTime:0.000000s ]
SQL: SHOW COLUMNS FROM `tp_agent` [ RunTime:0.000000s ]
SQL: SELECT * FROM `tp_agent` WHERE ( `siteurl` = 'http://www.softphs.com' ) LIMIT 1   [ RunTime:0.000000s ]
NOTIC: [8] Undefined index: www.softphs.comnomsite C:\WWW\ruanlingtong\PigCms\Lib\Action\BaseAction.class.php 第 36 行.
SQL: SHOW COLUMNS FROM `tp_mobilesite` [ RunTime:0.000000s ]
NOTIC: [8] Undefined index: www.softphs.com C:\WWW\ruanlingtong\PigCms\Lib\Action\BaseAction.class.php 第 338 行.
SQL: SELECT * FROM `tp_mobilesite` WHERE ( `owndomain` = 'www.softphs.com' ) LIMIT 1   [ RunTime:0.000000s ]
SQL: SELECT * FROM `tp_agent` WHERE ( `siteurl` = 'http://www.softphs.com' ) LIMIT 1   [ RunTime:0.000000s ]
NOTIC: [8] Constant STATICS already defined C:\WWW\ruanlingtong\PigCms\Lib\Action\BaseAction.class.php 第 116 行.
SQL: SHOW COLUMNS FROM `tp_images` [ RunTime:0.000000s ]
SQL: SELECT * FROM `tp_images` LIMIT 1   [ RunTime:0.000000s ]
SQL: SHOW COLUMNS FROM `tp_links` [ RunTime:0.000000s ]
SQL: SELECT * FROM `tp_links` WHERE ( `status` = 1 ) AND ( `agentid` = 0 )  [ RunTime:0.000000s ]
SQL: SHOW COLUMNS FROM `tp_renew` [ RunTime:0.000000s ]
SQL: SHOW COLUMNS FROM `tp_banners` [ RunTime:0.000000s ]
SQL: SHOW COLUMNS FROM `tp_case` [ RunTime:0.000000s ]
SQL: SELECT * FROM `tp_renew` WHERE ( `status` = 1 ) AND ( `agentid` = 0 ) ORDER BY id DESC LIMIT 5   [ RunTime:0.000000s ]
SQL: SELECT * FROM `tp_banners` WHERE ( `status` = 1 ) AND ( `agentid` = 0 ) ORDER BY id DESC  [ RunTime:0.000000s ]
SQL: SELECT * FROM `tp_case` WHERE ( `status` = 1 ) AND ( `agentid` = 0 ) ORDER BY id DESC LIMIT 10   [ RunTime:0.000000s ]
SQL: SHOW COLUMNS FROM `tp_news` [ RunTime:0.000000s ]
SQL: SELECT * FROM `tp_news` LIMIT 1   [ RunTime:0.000000s ]
SQL: SHOW COLUMNS FROM `tp_img` [ RunTime:0.000000s ]
SQL: SELECT * FROM `tp_img` WHERE ( `classid` = 0 ) ORDER BY id DESC LIMIT 5   [ RunTime:0.000000s ]
SQL: SELECT * FROM `tp_img` WHERE ( `classid` = 0 ) ORDER BY id DESC LIMIT 5   [ RunTime:0.000000s ]
SQL: SELECT * FROM `tp_img` WHERE ( `classid` = 0 ) ORDER BY id DESC LIMIT 5   [ RunTime:0.000000s ]
INFO: [ view_template ] --START--
INFO: Run LocationTemplate Behavior [ RunTime:-0.015625s ]
INFO: [ view_template ] --END-- [ RunTime:0.000000s ]
INFO: [ view_parse ] --START--
NOTIC: [8] Use of undefined constant uid - assumed 'uid' C:\WWW\ruanlingtong\Conf\logs\Cache\Home\e8edd32bcbb2d7ab2f0f8d14c550c52b.php 第 94 行.
NOTIC: [8] Undefined index: uid C:\WWW\ruanlingtong\Conf\logs\Cache\Home\e8edd32bcbb2d7ab2f0f8d14c550c52b.php 第 94 行.
INFO: Run ParseTemplate Behavior [ RunTime:-0.015625s ]
INFO: [ view_parse ] --END-- [ RunTime:0.046875s ]
INFO: [ view_filter ] --START--
INFO: Run ContentReplace Behavior [ RunTime:-0.062500s ]
INFO: Run TokenBuild Behavior [ RunTime:-0.062500s ]
INFO: Run WriteHtmlCache Behavior [ RunTime:-0.062500s ]
INFO: Run ShowRuntime Behavior [ RunTime:-0.062500s ]
INFO: [ view_filter ] --END-- [ RunTime:0.000000s ]
INFO: [ view_end ] --START--
INFO: Run ShowPageTrace Behavior [ RunTime:-0.062500s ]
INFO: [ view_end ] --END-- [ RunTime:0.000000s ]

[ 2015-04-14T17:32:47+08:00 ] 183.60.52.11 /
SQL: SHOW COLUMNS FROM `tp_agent` [ RunTime:0.000000s ]
SQL: SELECT * FROM `tp_agent` WHERE ( `siteurl` = 'http://www.softphs.cn' ) LIMIT 1   [ RunTime:0.000000s ]
INFO: [ app_begin ] --START--
INFO: Run ReadHtmlCache Behavior [ RunTime:0.000000s ]
INFO: [ app_begin ] --END-- [ RunTime:0.000000s ]
SQL: SHOW COLUMNS FROM `tp_agent` [ RunTime:0.000000s ]
SQL: SELECT * FROM `tp_agent` WHERE ( `siteurl` = 'http://www.softphs.cn' ) LIMIT 1   [ RunTime:0.000000s ]
NOTIC: [8] Undefined index: www.softphs.cnnomsite C:\WWW\ruanlingtong\PigCms\Lib\Action\BaseAction.class.php 第 36 行.
SQL: SHOW COLUMNS FROM `tp_mobilesite` [ RunTime:0.000000s ]
NOTIC: [8] Undefined index: www.softphs.cn C:\WWW\ruanlingtong\PigCms\Lib\Action\BaseAction.class.php 第 338 行.
SQL: SELECT * FROM `tp_mobilesite` WHERE ( `owndomain` = 'www.softphs.cn' ) LIMIT 1   [ RunTime:0.000000s ]
SQL: SELECT * FROM `tp_agent` WHERE ( `siteurl` = 'http://www.softphs.cn' ) LIMIT 1   [ RunTime:0.000000s ]
NOTIC: [8] Constant STATICS already defined C:\WWW\ruanlingtong\PigCms\Lib\Action\BaseAction.class.php 第 116 行.
SQL: SHOW COLUMNS FROM `tp_images` [ RunTime:0.000000s ]
SQL: SELECT * FROM `tp_images` LIMIT 1   [ RunTime:0.000000s ]
SQL: SHOW COLUMNS FROM `tp_links` [ RunTime:0.000000s ]
SQL: SELECT * FROM `tp_links` WHERE ( `status` = 1 ) AND ( `agentid` = 0 )  [ RunTime:0.000000s ]
SQL: SHOW COLUMNS FROM `tp_renew` [ RunTime:0.015624s ]
SQL: SHOW COLUMNS FROM `tp_banners` [ RunTime:0.000000s ]
SQL: SHOW COLUMNS FROM `tp_case` [ RunTime:0.000000s ]
SQL: SELECT * FROM `tp_renew` WHERE ( `status` = 1 ) AND ( `agentid` = 0 ) ORDER BY id DESC LIMIT 5   [ RunTime:0.000000s ]
SQL: SELECT * FROM `tp_banners` WHERE ( `status` = 1 ) AND ( `agentid` = 0 ) ORDER BY id DESC  [ RunTime:0.000000s ]
SQL: SELECT * FROM `tp_case` WHERE ( `status` = 1 ) AND ( `agentid` = 0 ) ORDER BY id DESC LIMIT 10   [ RunTime:0.000000s ]
SQL: SHOW COLUMNS FROM `tp_news` [ RunTime:0.000000s ]
SQL: SELECT * FROM `tp_news` LIMIT 1   [ RunTime:0.000000s ]
SQL: SHOW COLUMNS FROM `tp_img` [ RunTime:0.000000s ]
SQL: SELECT * FROM `tp_img` WHERE ( `classid` = 0 ) ORDER BY id DESC LIMIT 5   [ RunTime:0.000000s ]
SQL: SELECT * FROM `tp_img` WHERE ( `classid` = 0 ) ORDER BY id DESC LIMIT 5   [ RunTime:0.000000s ]
SQL: SELECT * FROM `tp_img` WHERE ( `classid` = 0 ) ORDER BY id DESC LIMIT 5   [ RunTime:0.000000s ]
INFO: [ view_template ] --START--
INFO: Run LocationTemplate Behavior [ RunTime:-0.015624s ]
INFO: [ view_template ] --END-- [ RunTime:0.000000s ]
INFO: [ view_parse ] --START--
NOTIC: [8] Use of undefined constant uid - assumed 'uid' C:\WWW\ruanlingtong\Conf\logs\Cache\Home\e8edd32bcbb2d7ab2f0f8d14c550c52b.php 第 94 行.
NOTIC: [8] Undefined index: uid C:\WWW\ruanlingtong\Conf\logs\Cache\Home\e8edd32bcbb2d7ab2f0f8d14c550c52b.php 第 94 行.
INFO: Run ParseTemplate Behavior [ RunTime:-0.015624s ]
INFO: [ view_parse ] --END-- [ RunTime:0.031250s ]
INFO: [ view_filter ] --START--
INFO: Run ContentReplace Behavior [ RunTime:-0.046874s ]
INFO: Run TokenBuild Behavior [ RunTime:-0.046874s ]
INFO: Run WriteHtmlCache Behavior [ RunTime:-0.046874s ]
INFO: Run ShowRuntime Behavior [ RunTime:-0.046874s ]
INFO: [ view_filter ] --END-- [ RunTime:0.000000s ]
INFO: [ view_end ] --START--
INFO: Run ShowPageTrace Behavior [ RunTime:-0.046874s ]
INFO: [ view_end ] --END-- [ RunTime:0.000000s ]

[ 2015-04-14T17:52:56+08:00 ] 172.246.147.196 /
SQL: SHOW COLUMNS FROM `tp_agent` [ RunTime:0.000000s ]
SQL: SELECT * FROM `tp_agent` WHERE ( `siteurl` = 'http://www.softphs.com' ) LIMIT 1   [ RunTime:0.000000s ]
INFO: [ app_begin ] --START--
INFO: Run ReadHtmlCache Behavior [ RunTime:0.000000s ]
INFO: [ app_begin ] --END-- [ RunTime:0.000000s ]
SQL: SHOW COLUMNS FROM `tp_agent` [ RunTime:0.000000s ]
SQL: SELECT * FROM `tp_agent` WHERE ( `siteurl` = 'http://www.softphs.com' ) LIMIT 1   [ RunTime:0.000000s ]
NOTIC: [8] Undefined index: www.softphs.comnomsite C:\WWW\ruanlingtong\PigCms\Lib\Action\BaseAction.class.php 第 36 行.
SQL: SHOW COLUMNS FROM `tp_mobilesite` [ RunTime:0.000000s ]
NOTIC: [8] Undefined index: www.softphs.com C:\WWW\ruanlingtong\PigCms\Lib\Action\BaseAction.class.php 第 338 行.
SQL: SELECT * FROM `tp_mobilesite` WHERE ( `owndomain` = 'www.softphs.com' ) LIMIT 1   [ RunTime:0.000000s ]
SQL: SELECT * FROM `tp_agent` WHERE ( `siteurl` = 'http://www.softphs.com' ) LIMIT 1   [ RunTime:0.000000s ]
NOTIC: [8] Constant STATICS already defined C:\WWW\ruanlingtong\PigCms\Lib\Action\BaseAction.class.php 第 116 行.
SQL: SHOW COLUMNS FROM `tp_images` [ RunTime:0.000000s ]
SQL: SELECT * FROM `tp_images` LIMIT 1   [ RunTime:0.000000s ]
SQL: SHOW COLUMNS FROM `tp_links` [ RunTime:0.015624s ]
SQL: SELECT * FROM `tp_links` WHERE ( `status` = 1 ) AND ( `agentid` = 0 )  [ RunTime:0.000000s ]
SQL: SHOW COLUMNS FROM `tp_renew` [ RunTime:0.000000s ]
SQL: SHOW COLUMNS FROM `tp_banners` [ RunTime:0.000000s ]
SQL: SHOW COLUMNS FROM `tp_case` [ RunTime:0.000000s ]
SQL: SELECT * FROM `tp_renew` WHERE ( `status` = 1 ) AND ( `agentid` = 0 ) ORDER BY id DESC LIMIT 5   [ RunTime:0.000000s ]
SQL: SELECT * FROM `tp_banners` WHERE ( `status` = 1 ) AND ( `agentid` = 0 ) ORDER BY id DESC  [ RunTime:0.000000s ]
SQL: SELECT * FROM `tp_case` WHERE ( `status` = 1 ) AND ( `agentid` = 0 ) ORDER BY id DESC LIMIT 10   [ RunTime:0.000000s ]
SQL: SHOW COLUMNS FROM `tp_news` [ RunTime:0.000000s ]
SQL: SELECT * FROM `tp_news` LIMIT 1   [ RunTime:0.000000s ]
SQL: SHOW COLUMNS FROM `tp_img` [ RunTime:0.000000s ]
SQL: SELECT * FROM `tp_img` WHERE ( `classid` = 0 ) ORDER BY id DESC LIMIT 5   [ RunTime:0.000000s ]
SQL: SELECT * FROM `tp_img` WHERE ( `classid` = 0 ) ORDER BY id DESC LIMIT 5   [ RunTime:0.000000s ]
SQL: SELECT * FROM `tp_img` WHERE ( `classid` = 0 ) ORDER BY id DESC LIMIT 5   [ RunTime:0.000000s ]
INFO: [ view_template ] --START--
INFO: Run LocationTemplate Behavior [ RunTime:-0.015624s ]
INFO: [ view_template ] --END-- [ RunTime:0.000000s ]
INFO: [ view_parse ] --START--
NOTIC: [8] Use of undefined constant uid - assumed 'uid' C:\WWW\ruanlingtong\Conf\logs\Cache\Home\e8edd32bcbb2d7ab2f0f8d14c550c52b.php 第 94 行.
NOTIC: [8] Undefined index: uid C:\WWW\ruanlingtong\Conf\logs\Cache\Home\e8edd32bcbb2d7ab2f0f8d14c550c52b.php 第 94 行.
INFO: Run ParseTemplate Behavior [ RunTime:-0.015624s ]
INFO: [ view_parse ] --END-- [ RunTime:0.031250s ]
INFO: [ view_filter ] --START--
INFO: Run ContentReplace Behavior [ RunTime:-0.046874s ]
INFO: Run TokenBuild Behavior [ RunTime:-0.046874s ]
INFO: Run WriteHtmlCache Behavior [ RunTime:-0.046874s ]
INFO: Run ShowRuntime Behavior [ RunTime:-0.046874s ]
INFO: [ view_filter ] --END-- [ RunTime:0.000000s ]
INFO: [ view_end ] --START--
INFO: Run ShowPageTrace Behavior [ RunTime:-0.046874s ]
INFO: [ view_end ] --END-- [ RunTime:0.000000s ]

[ 2015-04-14T17:52:58+08:00 ] 172.246.147.196 /index.php?g=Home&m=Index&a=about
SQL: SHOW COLUMNS FROM `tp_agent` [ RunTime:0.000000s ]
SQL: SELECT * FROM `tp_agent` WHERE ( `siteurl` = 'http://www.softphs.com' ) LIMIT 1   [ RunTime:0.000000s ]
INFO: [ app_begin ] --START--
INFO: Run ReadHtmlCache Behavior [ RunTime:0.000000s ]
INFO: [ app_begin ] --END-- [ RunTime:0.000000s ]
NOTIC: [8] Undefined index: www.softphs.comnomsite C:\WWW\ruanlingtong\PigCms\Lib\Action\BaseAction.class.php 第 36 行.
SQL: SHOW COLUMNS FROM `tp_mobilesite` [ RunTime:0.000000s ]
NOTIC: [8] Undefined index: www.softphs.com C:\WWW\ruanlingtong\PigCms\Lib\Action\BaseAction.class.php 第 338 行.
SQL: SELECT * FROM `tp_mobilesite` WHERE ( `owndomain` = 'www.softphs.com' ) LIMIT 1   [ RunTime:0.000000s ]
SQL: SELECT * FROM `tp_agent` WHERE ( `siteurl` = 'http://www.softphs.com' ) LIMIT 1   [ RunTime:0.000000s ]
NOTIC: [8] Constant STATICS already defined C:\WWW\ruanlingtong\PigCms\Lib\Action\BaseAction.class.php 第 116 行.
SQL: SHOW COLUMNS FROM `tp_images` [ RunTime:0.000000s ]
SQL: SELECT * FROM `tp_images` LIMIT 1   [ RunTime:0.000000s ]
SQL: SHOW COLUMNS FROM `tp_funintro` [ RunTime:0.000000s ]
SQL: SELECT * FROM `tp_funintro` WHERE type=1 LIMIT 1   [ RunTime:0.000000s ]
SQL: SHOW COLUMNS FROM `tp_img` [ RunTime:0.000000s ]
SQL: SELECT * FROM `tp_img` WHERE ( `id` = null ) LIMIT 1   [ RunTime:0.000000s ]
INFO: [ view_template ] --START--
INFO: Run LocationTemplate Behavior [ RunTime:0.000000s ]
INFO: [ view_template ] --END-- [ RunTime:0.000000s ]
INFO: [ view_parse ] --START--
NOTIC: [8] Use of undefined constant uid - assumed 'uid' C:\WWW\ruanlingtong\Conf\logs\Cache\Home\4b5e879bf6316a867ed267471f7bffdf.php 第 32 行.
NOTIC: [8] Undefined index: uid C:\WWW\ruanlingtong\Conf\logs\Cache\Home\4b5e879bf6316a867ed267471f7bffdf.php 第 32 行.
INFO: Run ParseTemplate Behavior [ RunTime:-0.015625s ]
INFO: [ view_parse ] --END-- [ RunTime:0.015625s ]
INFO: [ view_filter ] --START--
INFO: Run ContentReplace Behavior [ RunTime:-0.015625s ]
INFO: Run TokenBuild Behavior [ RunTime:-0.015625s ]
INFO: Run WriteHtmlCache Behavior [ RunTime:-0.015625s ]
INFO: Run ShowRuntime Behavior [ RunTime:-0.015625s ]
INFO: [ view_filter ] --END-- [ RunTime:0.000000s ]
INFO: [ view_end ] --START--
INFO: Run ShowPageTrace Behavior [ RunTime:-0.015625s ]
INFO: [ view_end ] --END-- [ RunTime:0.000000s ]

[ 2015-04-14T18:14:00+08:00 ] 220.181.141.70 /
SQL: SHOW COLUMNS FROM `tp_agent` [ RunTime:0.000000s ]
SQL: SELECT * FROM `tp_agent` WHERE ( `siteurl` = 'http://www.softphs.com' ) LIMIT 1   [ RunTime:0.000000s ]
INFO: [ app_begin ] --START--
INFO: Run ReadHtmlCache Behavior [ RunTime:0.000000s ]
INFO: [ app_begin ] --END-- [ RunTime:0.000000s ]
SQL: SHOW COLUMNS FROM `tp_agent` [ RunTime:0.015625s ]
SQL: SELECT * FROM `tp_agent` WHERE ( `siteurl` = 'http://www.softphs.com' ) LIMIT 1   [ RunTime:0.000000s ]
NOTIC: [8] Undefined index: www.softphs.comnomsite C:\WWW\ruanlingtong\PigCms\Lib\Action\BaseAction.class.php 第 36 行.
SQL: SHOW COLUMNS FROM `tp_mobilesite` [ RunTime:0.000000s ]
NOTIC: [8] Undefined index: www.softphs.com C:\WWW\ruanlingtong\PigCms\Lib\Action\BaseAction.class.php 第 338 行.
SQL: SELECT * FROM `tp_mobilesite` WHERE ( `owndomain` = 'www.softphs.com' ) LIMIT 1   [ RunTime:0.000000s ]
SQL: SELECT * FROM `tp_agent` WHERE ( `siteurl` = 'http://www.softphs.com' ) LIMIT 1   [ RunTime:0.000000s ]
NOTIC: [8] Constant STATICS already defined C:\WWW\ruanlingtong\PigCms\Lib\Action\BaseAction.class.php 第 116 行.
SQL: SHOW COLUMNS FROM `tp_images` [ RunTime:0.000000s ]
SQL: SELECT * FROM `tp_images` LIMIT 1   [ RunTime:0.000000s ]
SQL: SHOW COLUMNS FROM `tp_links` [ RunTime:0.000000s ]
SQL: SELECT * FROM `tp_links` WHERE ( `status` = 1 ) AND ( `agentid` = 0 )  [ RunTime:0.000000s ]
SQL: SHOW COLUMNS FROM `tp_renew` [ RunTime:0.000000s ]
SQL: SHOW COLUMNS FROM `tp_banners` [ RunTime:0.000000s ]
SQL: SHOW COLUMNS FROM `tp_case` [ RunTime:0.000000s ]
SQL: SELECT * FROM `tp_renew` WHERE ( `status` = 1 ) AND ( `agentid` = 0 ) ORDER BY id DESC LIMIT 5   [ RunTime:0.000000s ]
SQL: SELECT * FROM `tp_banners` WHERE ( `status` = 1 ) AND ( `agentid` = 0 ) ORDER BY id DESC  [ RunTime:0.000000s ]
SQL: SELECT * FROM `tp_case` WHERE ( `status` = 1 ) AND ( `agentid` = 0 ) ORDER BY id DESC LIMIT 10   [ RunTime:0.000000s ]
SQL: SHOW COLUMNS FROM `tp_news` [ RunTime:0.000000s ]
SQL: SELECT * FROM `tp_news` LIMIT 1   [ RunTime:0.015625s ]
SQL: SHOW COLUMNS FROM `tp_img` [ RunTime:0.000000s ]
SQL: SELECT * FROM `tp_img` WHERE ( `classid` = 0 ) ORDER BY id DESC LIMIT 5   [ RunTime:0.000000s ]
SQL: SELECT * FROM `tp_img` WHERE ( `classid` = 0 ) ORDER BY id DESC LIMIT 5   [ RunTime:0.000000s ]
SQL: SELECT * FROM `tp_img` WHERE ( `classid` = 0 ) ORDER BY id DESC LIMIT 5   [ RunTime:0.000000s ]
INFO: [ view_template ] --START--
INFO: Run LocationTemplate Behavior [ RunTime:-0.031250s ]
INFO: [ view_template ] --END-- [ RunTime:0.000000s ]
INFO: [ view_parse ] --START--
NOTIC: [8] Use of undefined constant uid - assumed 'uid' C:\WWW\ruanlingtong\Conf\logs\Cache\Home\e8edd32bcbb2d7ab2f0f8d14c550c52b.php 第 94 行.
NOTIC: [8] Undefined index: uid C:\WWW\ruanlingtong\Conf\logs\Cache\Home\e8edd32bcbb2d7ab2f0f8d14c550c52b.php 第 94 行.
INFO: Run ParseTemplate Behavior [ RunTime:-0.031250s ]
INFO: [ view_parse ] --END-- [ RunTime:0.031250s ]
INFO: [ view_filter ] --START--
INFO: Run ContentReplace Behavior [ RunTime:-0.062500s ]
INFO: Run TokenBuild Behavior [ RunTime:-0.062500s ]
INFO: Run WriteHtmlCache Behavior [ RunTime:-0.062500s ]
INFO: Run ShowRuntime Behavior [ RunTime:-0.062500s ]
INFO: [ view_filter ] --END-- [ RunTime:0.000000s ]
INFO: [ view_end ] --START--
INFO: Run ShowPageTrace Behavior [ RunTime:-0.062500s ]
INFO: [ view_end ] --END-- [ RunTime:0.000000s ]

[ 2015-04-14T18:18:47+08:00 ] 101.199.108.50 /
SQL: SHOW COLUMNS FROM `tp_agent` [ RunTime:0.000000s ]
SQL: SELECT * FROM `tp_agent` WHERE ( `siteurl` = 'http://www.softphs.com' ) LIMIT 1   [ RunTime:0.000000s ]
INFO: [ app_begin ] --START--
INFO: Run ReadHtmlCache Behavior [ RunTime:0.000000s ]
INFO: [ app_begin ] --END-- [ RunTime:0.000000s ]
SQL: SHOW COLUMNS FROM `tp_agent` [ RunTime:0.000000s ]
SQL: SELECT * FROM `tp_agent` WHERE ( `siteurl` = 'http://www.softphs.com' ) LIMIT 1   [ RunTime:0.000000s ]
NOTIC: [8] Undefined index: www.softphs.comnomsite C:\WWW\ruanlingtong\PigCms\Lib\Action\BaseAction.class.php 第 36 行.
SQL: SHOW COLUMNS FROM `tp_mobilesite` [ RunTime:0.000000s ]
NOTIC: [8] Undefined index: www.softphs.com C:\WWW\ruanlingtong\PigCms\Lib\Action\BaseAction.class.php 第 338 行.
SQL: SELECT * FROM `tp_mobilesite` WHERE ( `owndomain` = 'www.softphs.com' ) LIMIT 1   [ RunTime:0.000000s ]
SQL: SELECT * FROM `tp_agent` WHERE ( `siteurl` = 'http://www.softphs.com' ) LIMIT 1   [ RunTime:0.000000s ]
NOTIC: [8] Constant STATICS already defined C:\WWW\ruanlingtong\PigCms\Lib\Action\BaseAction.class.php 第 116 行.
SQL: SHOW COLUMNS FROM `tp_images` [ RunTime:0.000000s ]
SQL: SELECT * FROM `tp_images` LIMIT 1   [ RunTime:0.000000s ]
SQL: SHOW COLUMNS FROM `tp_links` [ RunTime:0.000000s ]
SQL: SELECT * FROM `tp_links` WHERE ( `status` = 1 ) AND ( `agentid` = 0 )  [ RunTime:0.000000s ]
SQL: SHOW COLUMNS FROM `tp_renew` [ RunTime:0.000000s ]
SQL: SHOW COLUMNS FROM `tp_banners` [ RunTime:0.000000s ]
SQL: SHOW COLUMNS FROM `tp_case` [ RunTime:0.000000s ]
SQL: SELECT * FROM `tp_renew` WHERE ( `status` = 1 ) AND ( `agentid` = 0 ) ORDER BY id DESC LIMIT 5   [ RunTime:0.000000s ]
SQL: SELECT * FROM `tp_banners` WHERE ( `status` = 1 ) AND ( `agentid` = 0 ) ORDER BY id DESC  [ RunTime:0.000000s ]
SQL: SELECT * FROM `tp_case` WHERE ( `status` = 1 ) AND ( `agentid` = 0 ) ORDER BY id DESC LIMIT 10   [ RunTime:0.000000s ]
SQL: SHOW COLUMNS FROM `tp_news` [ RunTime:0.000000s ]
SQL: SELECT * FROM `tp_news` LIMIT 1   [ RunTime:0.000000s ]
SQL: SHOW COLUMNS FROM `tp_img` [ RunTime:0.000000s ]
SQL: SELECT * FROM `tp_img` WHERE ( `classid` = 0 ) ORDER BY id DESC LIMIT 5   [ RunTime:0.000000s ]
SQL: SELECT * FROM `tp_img` WHERE ( `classid` = 0 ) ORDER BY id DESC LIMIT 5   [ RunTime:0.000000s ]
SQL: SELECT * FROM `tp_img` WHERE ( `classid` = 0 ) ORDER BY id DESC LIMIT 5   [ RunTime:0.000000s ]
INFO: [ view_template ] --START--
INFO: Run LocationTemplate Behavior [ RunTime:-0.015625s ]
INFO: [ view_template ] --END-- [ RunTime:0.000000s ]
INFO: [ view_parse ] --START--
NOTIC: [8] Use of undefined constant uid - assumed 'uid' C:\WWW\ruanlingtong\Conf\logs\Cache\Home\e8edd32bcbb2d7ab2f0f8d14c550c52b.php 第 94 行.
NOTIC: [8] Undefined index: uid C:\WWW\ruanlingtong\Conf\logs\Cache\Home\e8edd32bcbb2d7ab2f0f8d14c550c52b.php 第 94 行.
INFO: Run ParseTemplate Behavior [ RunTime:-0.015625s ]
INFO: [ view_parse ] --END-- [ RunTime:0.031250s ]
INFO: [ view_filter ] --START--
INFO: Run ContentReplace Behavior [ RunTime:-0.046875s ]
INFO: Run TokenBuild Behavior [ RunTime:-0.046875s ]
INFO: Run WriteHtmlCache Behavior [ RunTime:-0.046875s ]
INFO: Run ShowRuntime Behavior [ RunTime:-0.046875s ]
INFO: [ view_filter ] --END-- [ RunTime:0.000000s ]
INFO: [ view_end ] --START--
INFO: Run ShowPageTrace Behavior [ RunTime:-0.046875s ]
INFO: [ view_end ] --END-- [ RunTime:0.000000s ]

[ 2015-04-14T19:32:51+08:00 ] 221.178.189.248 /
SQL: SHOW COLUMNS FROM `tp_agent` [ RunTime:0.000000s ]
SQL: SELECT * FROM `tp_agent` WHERE ( `siteurl` = 'http://www.softphs.com' ) LIMIT 1   [ RunTime:0.000000s ]
INFO: [ app_begin ] --START--
INFO: Run ReadHtmlCache Behavior [ RunTime:0.000000s ]
INFO: [ app_begin ] --END-- [ RunTime:0.000000s ]
SQL: SHOW COLUMNS FROM `tp_agent` [ RunTime:0.000000s ]
SQL: SELECT * FROM `tp_agent` WHERE ( `siteurl` = 'http://www.softphs.com' ) LIMIT 1   [ RunTime:0.000000s ]
NOTIC: [8] Undefined index: www.softphs.comnomsite C:\WWW\ruanlingtong\PigCms\Lib\Action\BaseAction.class.php 第 36 行.
SQL: SHOW COLUMNS FROM `tp_mobilesite` [ RunTime:0.015625s ]
NOTIC: [8] Undefined index: www.softphs.com C:\WWW\ruanlingtong\PigCms\Lib\Action\BaseAction.class.php 第 338 行.
SQL: SELECT * FROM `tp_mobilesite` WHERE ( `owndomain` = 'www.softphs.com' ) LIMIT 1   [ RunTime:0.000000s ]
SQL: SELECT * FROM `tp_agent` WHERE ( `siteurl` = 'http://www.softphs.com' ) LIMIT 1   [ RunTime:0.000000s ]
NOTIC: [8] Constant STATICS already defined C:\WWW\ruanlingtong\PigCms\Lib\Action\BaseAction.class.php 第 116 行.
SQL: SHOW COLUMNS FROM `tp_images` [ RunTime:0.000000s ]
SQL: SELECT * FROM `tp_images` LIMIT 1   [ RunTime:0.000000s ]
SQL: SHOW COLUMNS FROM `tp_links` [ RunTime:0.000000s ]
SQL: SELECT * FROM `tp_links` WHERE ( `status` = 1 ) AND ( `agentid` = 0 )  [ RunTime:0.000000s ]
SQL: SHOW COLUMNS FROM `tp_renew` [ RunTime:0.000000s ]
SQL: SHOW COLUMNS FROM `tp_banners` [ RunTime:0.000000s ]
SQL: SHOW COLUMNS FROM `tp_case` [ RunTime:0.000000s ]
SQL: SELECT * FROM `tp_renew` WHERE ( `status` = 1 ) AND ( `agentid` = 0 ) ORDER BY id DESC LIMIT 5   [ RunTime:0.000000s ]
SQL: SELECT * FROM `tp_banners` WHERE ( `status` = 1 ) AND ( `agentid` = 0 ) ORDER BY id DESC  [ RunTime:0.000000s ]
SQL: SELECT * FROM `tp_case` WHERE ( `status` = 1 ) AND ( `agentid` = 0 ) ORDER BY id DESC LIMIT 10   [ RunTime:0.000000s ]
SQL: SHOW COLUMNS FROM `tp_news` [ RunTime:0.000000s ]
SQL: SELECT * FROM `tp_news` LIMIT 1   [ RunTime:0.000000s ]
SQL: SHOW COLUMNS FROM `tp_img` [ RunTime:0.000000s ]
SQL: SELECT * FROM `tp_img` WHERE ( `classid` = 0 ) ORDER BY id DESC LIMIT 5   [ RunTime:0.000000s ]
SQL: SELECT * FROM `tp_img` WHERE ( `classid` = 0 ) ORDER BY id DESC LIMIT 5   [ RunTime:0.000000s ]
SQL: SELECT * FROM `tp_img` WHERE ( `classid` = 0 ) ORDER BY id DESC LIMIT 5   [ RunTime:0.000000s ]
INFO: [ view_template ] --START--
INFO: Run LocationTemplate Behavior [ RunTime:-0.015625s ]
INFO: [ view_template ] --END-- [ RunTime:0.015625s ]
INFO: [ view_parse ] --START--
NOTIC: [8] Use of undefined constant uid - assumed 'uid' C:\WWW\ruanlingtong\Conf\logs\Cache\Home\e8edd32bcbb2d7ab2f0f8d14c550c52b.php 第 94 行.
NOTIC: [8] Undefined index: uid C:\WWW\ruanlingtong\Conf\logs\Cache\Home\e8edd32bcbb2d7ab2f0f8d14c550c52b.php 第 94 行.
INFO: Run ParseTemplate Behavior [ RunTime:-0.031250s ]
INFO: [ view_parse ] --END-- [ RunTime:0.031250s ]
INFO: [ view_filter ] --START--
INFO: Run ContentReplace Behavior [ RunTime:-0.062500s ]
INFO: Run TokenBuild Behavior [ RunTime:-0.062500s ]
INFO: Run WriteHtmlCache Behavior [ RunTime:-0.062500s ]
INFO: Run ShowRuntime Behavior [ RunTime:-0.062500s ]
INFO: [ view_filter ] --END-- [ RunTime:0.000000s ]
INFO: [ view_end ] --START--
INFO: Run ShowPageTrace Behavior [ RunTime:-0.062500s ]
INFO: [ view_end ] --END-- [ RunTime:0.000000s ]

[ 2015-04-14T19:32:51+08:00 ] 221.178.189.234 /
SQL: SHOW COLUMNS FROM `tp_agent` [ RunTime:0.000000s ]
SQL: SELECT * FROM `tp_agent` WHERE ( `siteurl` = 'http://www.softphs.com' ) LIMIT 1   [ RunTime:0.000000s ]
INFO: [ app_begin ] --START--
INFO: Run ReadHtmlCache Behavior [ RunTime:0.000000s ]
INFO: [ app_begin ] --END-- [ RunTime:0.000000s ]
SQL: SHOW COLUMNS FROM `tp_agent` [ RunTime:0.000000s ]
SQL: SELECT * FROM `tp_agent` WHERE ( `siteurl` = 'http://www.softphs.com' ) LIMIT 1   [ RunTime:0.000000s ]
NOTIC: [8] Undefined index: www.softphs.comnomsite C:\WWW\ruanlingtong\PigCms\Lib\Action\BaseAction.class.php 第 36 行.
SQL: SHOW COLUMNS FROM `tp_mobilesite` [ RunTime:0.000000s ]
NOTIC: [8] Undefined index: www.softphs.com C:\WWW\ruanlingtong\PigCms\Lib\Action\BaseAction.class.php 第 338 行.
SQL: SELECT * FROM `tp_mobilesite` WHERE ( `owndomain` = 'www.softphs.com' ) LIMIT 1   [ RunTime:0.000000s ]
SQL: SELECT * FROM `tp_agent` WHERE ( `siteurl` = 'http://www.softphs.com' ) LIMIT 1   [ RunTime:0.000000s ]
NOTIC: [8] Constant STATICS already defined C:\WWW\ruanlingtong\PigCms\Lib\Action\BaseAction.class.php 第 116 行.
SQL: SHOW COLUMNS FROM `tp_images` [ RunTime:0.000000s ]
SQL: SELECT * FROM `tp_images` LIMIT 1   [ RunTime:0.000000s ]
SQL: SHOW COLUMNS FROM `tp_links` [ RunTime:0.000000s ]
SQL: SELECT * FROM `tp_links` WHERE ( `status` = 1 ) AND ( `agentid` = 0 )  [ RunTime:0.000000s ]
SQL: SHOW COLUMNS FROM `tp_renew` [ RunTime:0.015625s ]
SQL: SHOW COLUMNS FROM `tp_banners` [ RunTime:0.000000s ]
SQL: SHOW COLUMNS FROM `tp_case` [ RunTime:0.000000s ]
SQL: SELECT * FROM `tp_renew` WHERE ( `status` = 1 ) AND ( `agentid` = 0 ) ORDER BY id DESC LIMIT 5   [ RunTime:0.000000s ]
SQL: SELECT * FROM `tp_banners` WHERE ( `status` = 1 ) AND ( `agentid` = 0 ) ORDER BY id DESC  [ RunTime:0.000000s ]
SQL: SELECT * FROM `tp_case` WHERE ( `status` = 1 ) AND ( `agentid` = 0 ) ORDER BY id DESC LIMIT 10   [ RunTime:0.000000s ]
SQL: SHOW COLUMNS FROM `tp_news` [ RunTime:0.000000s ]
SQL: SELECT * FROM `tp_news` LIMIT 1   [ RunTime:0.000000s ]
SQL: SHOW COLUMNS FROM `tp_img` [ RunTime:0.000000s ]
SQL: SELECT * FROM `tp_img` WHERE ( `classid` = 0 ) ORDER BY id DESC LIMIT 5   [ RunTime:0.000000s ]
SQL: SELECT * FROM `tp_img` WHERE ( `classid` = 0 ) ORDER BY id DESC LIMIT 5   [ RunTime:0.000000s ]
SQL: SELECT * FROM `tp_img` WHERE ( `classid` = 0 ) ORDER BY id DESC LIMIT 5   [ RunTime:0.000000s ]
INFO: [ view_template ] --START--
INFO: Run LocationTemplate Behavior [ RunTime:-0.015625s ]
INFO: [ view_template ] --END-- [ RunTime:0.000000s ]
INFO: [ view_parse ] --START--
NOTIC: [8] Use of undefined constant uid - assumed 'uid' C:\WWW\ruanlingtong\Conf\logs\Cache\Home\e8edd32bcbb2d7ab2f0f8d14c550c52b.php 第 94 行.
NOTIC: [8] Undefined index: uid C:\WWW\ruanlingtong\Conf\logs\Cache\Home\e8edd32bcbb2d7ab2f0f8d14c550c52b.php 第 94 行.
INFO: Run ParseTemplate Behavior [ RunTime:-0.015625s ]
INFO: [ view_parse ] --END-- [ RunTime:0.031250s ]
INFO: [ view_filter ] --START--
INFO: Run ContentReplace Behavior [ RunTime:-0.046875s ]
INFO: Run TokenBuild Behavior [ RunTime:-0.046875s ]
INFO: Run WriteHtmlCache Behavior [ RunTime:-0.046875s ]
INFO: Run ShowRuntime Behavior [ RunTime:-0.046875s ]
INFO: [ view_filter ] --END-- [ RunTime:0.000000s ]
INFO: [ view_end ] --START--
INFO: Run ShowPageTrace Behavior [ RunTime:-0.046875s ]
INFO: [ view_end ] --END-- [ RunTime:0.000000s ]

[ 2015-04-14T19:33:11+08:00 ] 221.178.189.246 /index.php?g=Home&m=Index&a=login
SQL: SHOW COLUMNS FROM `tp_agent` [ RunTime:0.000000s ]
SQL: SELECT * FROM `tp_agent` WHERE ( `siteurl` = 'http://www.softphs.com' ) LIMIT 1   [ RunTime:0.000000s ]
INFO: [ app_begin ] --START--
INFO: Run ReadHtmlCache Behavior [ RunTime:0.000000s ]
INFO: [ app_begin ] --END-- [ RunTime:0.000000s ]
SQL: SELECT * FROM `tp_agent` WHERE ( `siteurl` = 'http://www.softphs.com' ) LIMIT 1   [ RunTime:0.000000s ]
NOTIC: [8] Constant STATICS already defined C:\WWW\ruanlingtong\PigCms\Lib\Action\BaseAction.class.php 第 116 行.
SQL: SHOW COLUMNS FROM `tp_images` [ RunTime:0.000000s ]
SQL: SELECT * FROM `tp_images` LIMIT 1   [ RunTime:0.000000s ]
INFO: [ view_template ] --START--
INFO: Run LocationTemplate Behavior [ RunTime:0.000000s ]
INFO: [ view_template ] --END-- [ RunTime:0.000000s ]
INFO: [ view_parse ] --START--
NOTIC: [8] Use of undefined constant uid - assumed 'uid' C:\WWW\ruanlingtong\Conf\logs\Cache\Home\868abcbecb3d62899a3f2504092f7429.php 第 36 行.
NOTIC: [8] Undefined index: uid C:\WWW\ruanlingtong\Conf\logs\Cache\Home\868abcbecb3d62899a3f2504092f7429.php 第 36 行.
NOTIC: [8] Undefined index: invitecode C:\WWW\ruanlingtong\Conf\logs\Cache\Home\868abcbecb3d62899a3f2504092f7429.php 第 186 行.
INFO: Run ParseTemplate Behavior [ RunTime:0.000000s ]
INFO: [ view_parse ] --END-- [ RunTime:0.015625s ]
INFO: [ view_filter ] --START--
INFO: Run ContentReplace Behavior [ RunTime:-0.015625s ]
INFO: Run TokenBuild Behavior [ RunTime:-0.015625s ]
INFO: Run WriteHtmlCache Behavior [ RunTime:-0.015625s ]
INFO: Run ShowRuntime Behavior [ RunTime:-0.015625s ]
INFO: [ view_filter ] --END-- [ RunTime:0.000000s ]
INFO: [ view_end ] --START--
INFO: Run ShowPageTrace Behavior [ RunTime:-0.015625s ]
INFO: [ view_end ] --END-- [ RunTime:0.000000s ]

[ 2015-04-14T19:33:11+08:00 ] 221.178.189.249 /index.php?m=Index&a=verifyLogin
SQL: SHOW COLUMNS FROM `tp_agent` [ RunTime:0.000000s ]
SQL: SELECT * FROM `tp_agent` WHERE ( `siteurl` = 'http://www.softphs.com' ) LIMIT 1   [ RunTime:0.000000s ]
INFO: [ app_begin ] --START--
INFO: Run ReadHtmlCache Behavior [ RunTime:0.000000s ]
INFO: [ app_begin ] --END-- [ RunTime:0.000000s ]
SQL: SELECT * FROM `tp_agent` WHERE ( `siteurl` = 'http://www.softphs.com' ) LIMIT 1   [ RunTime:0.000000s ]
NOTIC: [8] Constant STATICS already defined C:\WWW\ruanlingtong\PigCms\Lib\Action\BaseAction.class.php 第 116 行.
SQL: SHOW COLUMNS FROM `tp_images` [ RunTime:0.000000s ]
SQL: SELECT * FROM `tp_images` LIMIT 1   [ RunTime:0.000000s ]

[ 2015-04-14T19:33:12+08:00 ] 221.178.189.246 /index.php?m=Index&a=verify
SQL: SHOW COLUMNS FROM `tp_agent` [ RunTime:0.000000s ]
SQL: SELECT * FROM `tp_agent` WHERE ( `siteurl` = 'http://www.softphs.com' ) LIMIT 1   [ RunTime:0.000000s ]
INFO: [ app_begin ] --START--
INFO: Run ReadHtmlCache Behavior [ RunTime:0.000000s ]
INFO: [ app_begin ] --END-- [ RunTime:0.000000s ]
SQL: SELECT * FROM `tp_agent` WHERE ( `siteurl` = 'http://www.softphs.com' ) LIMIT 1   [ RunTime:0.000000s ]
NOTIC: [8] Constant STATICS already defined C:\WWW\ruanlingtong\PigCms\Lib\Action\BaseAction.class.php 第 116 行.
SQL: SHOW COLUMNS FROM `tp_images` [ RunTime:0.000000s ]
SQL: SELECT * FROM `tp_images` LIMIT 1   [ RunTime:0.000000s ]

[ 2015-04-14T20:10:36+08:00 ] 221.178.189.245 /index.php?g=Home&m=Index&a=login
SQL: SHOW COLUMNS FROM `tp_agent` [ RunTime:0.000000s ]
SQL: SELECT * FROM `tp_agent` WHERE ( `siteurl` = 'http://www.softphs.com' ) LIMIT 1   [ RunTime:0.000000s ]
INFO: [ app_begin ] --START--
INFO: Run ReadHtmlCache Behavior [ RunTime:0.000000s ]
INFO: [ app_begin ] --END-- [ RunTime:0.000000s ]
NOTIC: [8] Undefined index: www.softphs.comnomsite C:\WWW\ruanlingtong\PigCms\Lib\Action\BaseAction.class.php 第 36 行.
SQL: SHOW COLUMNS FROM `tp_mobilesite` [ RunTime:0.000000s ]
NOTIC: [8] Undefined index: www.softphs.com C:\WWW\ruanlingtong\PigCms\Lib\Action\BaseAction.class.php 第 338 行.
SQL: SELECT * FROM `tp_mobilesite` WHERE ( `owndomain` = 'www.softphs.com' ) LIMIT 1   [ RunTime:0.000000s ]
SQL: SELECT * FROM `tp_agent` WHERE ( `siteurl` = 'http://www.softphs.com' ) LIMIT 1   [ RunTime:0.000000s ]
NOTIC: [8] Constant STATICS already defined C:\WWW\ruanlingtong\PigCms\Lib\Action\BaseAction.class.php 第 116 行.
SQL: SHOW COLUMNS FROM `tp_images` [ RunTime:0.000000s ]
SQL: SELECT * FROM `tp_images` LIMIT 1   [ RunTime:0.000000s ]
INFO: [ view_template ] --START--
INFO: Run LocationTemplate Behavior [ RunTime:0.000000s ]
INFO: [ view_template ] --END-- [ RunTime:0.000000s ]
INFO: [ view_parse ] --START--
NOTIC: [8] Use of undefined constant uid - assumed 'uid' C:\WWW\ruanlingtong\Conf\logs\Cache\Home\868abcbecb3d62899a3f2504092f7429.php 第 36 行.
NOTIC: [8] Undefined index: uid C:\WWW\ruanlingtong\Conf\logs\Cache\Home\868abcbecb3d62899a3f2504092f7429.php 第 36 行.
NOTIC: [8] Undefined index: invitecode C:\WWW\ruanlingtong\Conf\logs\Cache\Home\868abcbecb3d62899a3f2504092f7429.php 第 186 行.
INFO: Run ParseTemplate Behavior [ RunTime:0.000000s ]
INFO: [ view_parse ] --END-- [ RunTime:0.031250s ]
INFO: [ view_filter ] --START--
INFO: Run ContentReplace Behavior [ RunTime:-0.031250s ]
INFO: Run TokenBuild Behavior [ RunTime:-0.031250s ]
INFO: Run WriteHtmlCache Behavior [ RunTime:-0.031250s ]
INFO: Run ShowRuntime Behavior [ RunTime:-0.031250s ]
INFO: [ view_filter ] --END-- [ RunTime:0.000000s ]
INFO: [ view_end ] --START--
INFO: Run ShowPageTrace Behavior [ RunTime:-0.031250s ]
INFO: [ view_end ] --END-- [ RunTime:0.000000s ]

[ 2015-04-14T20:10:38+08:00 ] 221.178.189.245 /index.php?m=Index&a=verifyLogin
SQL: SHOW COLUMNS FROM `tp_agent` [ RunTime:0.000000s ]
SQL: SELECT * FROM `tp_agent` WHERE ( `siteurl` = 'http://www.softphs.com' ) LIMIT 1   [ RunTime:0.000000s ]
INFO: [ app_begin ] --START--
INFO: Run ReadHtmlCache Behavior [ RunTime:0.000000s ]
INFO: [ app_begin ] --END-- [ RunTime:0.000000s ]
SQL: SELECT * FROM `tp_agent` WHERE ( `siteurl` = 'http://www.softphs.com' ) LIMIT 1   [ RunTime:0.000000s ]
NOTIC: [8] Constant STATICS already defined C:\WWW\ruanlingtong\PigCms\Lib\Action\BaseAction.class.php 第 116 行.
SQL: SHOW COLUMNS FROM `tp_images` [ RunTime:0.000000s ]
SQL: SELECT * FROM `tp_images` LIMIT 1   [ RunTime:0.000000s ]

[ 2015-04-14T20:10:38+08:00 ] 221.178.189.245 /index.php?m=Index&a=verify
SQL: SHOW COLUMNS FROM `tp_agent` [ RunTime:0.000000s ]
SQL: SELECT * FROM `tp_agent` WHERE ( `siteurl` = 'http://www.softphs.com' ) LIMIT 1   [ RunTime:0.000000s ]
INFO: [ app_begin ] --START--
INFO: Run ReadHtmlCache Behavior [ RunTime:0.000000s ]
INFO: [ app_begin ] --END-- [ RunTime:0.000000s ]
SQL: SELECT * FROM `tp_agent` WHERE ( `siteurl` = 'http://www.softphs.com' ) LIMIT 1   [ RunTime:0.000000s ]
NOTIC: [8] Constant STATICS already defined C:\WWW\ruanlingtong\PigCms\Lib\Action\BaseAction.class.php 第 116 行.
SQL: SHOW COLUMNS FROM `tp_images` [ RunTime:0.000000s ]
SQL: SELECT * FROM `tp_images` LIMIT 1   [ RunTime:0.000000s ]

[ 2015-04-14T20:27:52+08:00 ] 183.61.32.177 /index.php?m%3DIndex%26a%3DverifyLogin
SQL: SHOW COLUMNS FROM `tp_agent` [ RunTime:0.000000s ]
SQL: SELECT * FROM `tp_agent` WHERE ( `siteurl` = 'http://www.softphs.com' ) LIMIT 1   [ RunTime:0.000000s ]
INFO: [ app_begin ] --START--
INFO: Run ReadHtmlCache Behavior [ RunTime:0.000000s ]
INFO: [ app_begin ] --END-- [ RunTime:0.000000s ]
SQL: SHOW COLUMNS FROM `tp_agent` [ RunTime:0.000000s ]
SQL: SELECT * FROM `tp_agent` WHERE ( `siteurl` = 'http://www.softphs.com' ) LIMIT 1   [ RunTime:0.000000s ]
NOTIC: [8] Undefined index: www.softphs.comnomsite C:\WWW\ruanlingtong\PigCms\Lib\Action\BaseAction.class.php 第 36 行.
SQL: SHOW COLUMNS FROM `tp_mobilesite` [ RunTime:0.000000s ]
NOTIC: [8] Undefined index: www.softphs.com C:\WWW\ruanlingtong\PigCms\Lib\Action\BaseAction.class.php 第 338 行.
SQL: SELECT * FROM `tp_mobilesite` WHERE ( `owndomain` = 'www.softphs.com' ) LIMIT 1   [ RunTime:0.015625s ]
SQL: SELECT * FROM `tp_agent` WHERE ( `siteurl` = 'http://www.softphs.com' ) LIMIT 1   [ RunTime:0.000000s ]
NOTIC: [8] Constant STATICS already defined C:\WWW\ruanlingtong\PigCms\Lib\Action\BaseAction.class.php 第 116 行.
SQL: SHOW COLUMNS FROM `tp_images` [ RunTime:0.000000s ]
SQL: SELECT * FROM `tp_images` LIMIT 1   [ RunTime:0.000000s ]
SQL: SHOW COLUMNS FROM `tp_links` [ RunTime:0.000000s ]
SQL: SELECT * FROM `tp_links` WHERE ( `status` = 1 ) AND ( `agentid` = 0 )  [ RunTime:0.000000s ]
SQL: SHOW COLUMNS FROM `tp_renew` [ RunTime:0.000000s ]
SQL: SHOW COLUMNS FROM `tp_banners` [ RunTime:0.000000s ]
SQL: SHOW COLUMNS FROM `tp_case` [ RunTime:0.000000s ]
SQL: SELECT * FROM `tp_renew` WHERE ( `status` = 1 ) AND ( `agentid` = 0 ) ORDER BY id DESC LIMIT 5   [ RunTime:0.000000s ]
SQL: SELECT * FROM `tp_banners` WHERE ( `status` = 1 ) AND ( `agentid` = 0 ) ORDER BY id DESC  [ RunTime:0.000000s ]
SQL: SELECT * FROM `tp_case` WHERE ( `status` = 1 ) AND ( `agentid` = 0 ) ORDER BY id DESC LIMIT 10   [ RunTime:0.000000s ]
SQL: SHOW COLUMNS FROM `tp_news` [ RunTime:0.000000s ]
SQL: SELECT * FROM `tp_news` LIMIT 1   [ RunTime:0.000000s ]
SQL: SHOW COLUMNS FROM `tp_img` [ RunTime:0.000000s ]
SQL: SELECT * FROM `tp_img` WHERE ( `classid` = 0 ) ORDER BY id DESC LIMIT 5   [ RunTime:0.000000s ]
SQL: SELECT * FROM `tp_img` WHERE ( `classid` = 0 ) ORDER BY id DESC LIMIT 5   [ RunTime:0.000000s ]
SQL: SELECT * FROM `tp_img` WHERE ( `classid` = 0 ) ORDER BY id DESC LIMIT 5   [ RunTime:0.000000s ]
INFO: [ view_template ] --START--
INFO: Run LocationTemplate Behavior [ RunTime:-0.015625s ]
INFO: [ view_template ] --END-- [ RunTime:0.000000s ]
INFO: [ view_parse ] --START--
NOTIC: [8] Use of undefined constant uid - assumed 'uid' C:\WWW\ruanlingtong\Conf\logs\Cache\Home\e8edd32bcbb2d7ab2f0f8d14c550c52b.php 第 94 行.
NOTIC: [8] Undefined index: uid C:\WWW\ruanlingtong\Conf\logs\Cache\Home\e8edd32bcbb2d7ab2f0f8d14c550c52b.php 第 94 行.
INFO: Run ParseTemplate Behavior [ RunTime:-0.015625s ]
INFO: [ view_parse ] --END-- [ RunTime:0.046875s ]
INFO: [ view_filter ] --START--
INFO: Run ContentReplace Behavior [ RunTime:-0.062500s ]
INFO: Run TokenBuild Behavior [ RunTime:-0.062500s ]
INFO: Run WriteHtmlCache Behavior [ RunTime:-0.062500s ]
INFO: Run ShowRuntime Behavior [ RunTime:-0.062500s ]
INFO: [ view_filter ] --END-- [ RunTime:0.000000s ]
INFO: [ view_end ] --START--
INFO: Run ShowPageTrace Behavior [ RunTime:-0.062500s ]
INFO: [ view_end ] --END-- [ RunTime:0.000000s ]

