[ 2015-08-19T00:34:46+08:00 ] 121.42.0.37 /
SQL: SHOW COLUMNS FROM `tp_agent` [ RunTime:0.020508s ]
SQL: SELECT * FROM `tp_agent` WHERE ( `siteurl` = 'http://mp.cgtblog.com' ) LIMIT 1   [ RunTime:0.000977s ]
INFO: [ app_begin ] --START--
INFO: Run ReadHtmlCache Behavior [ RunTime:0.003907s ]
INFO: [ app_begin ] --END-- [ RunTime:0.003907s ]
SQL: SHOW COLUMNS FROM `tp_agent` [ RunTime:0.003906s ]
SQL: SELECT * FROM `tp_agent` WHERE ( `siteurl` = 'http://mp.cgtblog.com' ) LIMIT 1   [ RunTime:0.000000s ]
NOTIC: [8] Undefined index: mp.cgtblog.comnomsite D:\website\cgtblogpigcmsSpecial\PigCms\Lib\Action\BaseAction.class.php 第 38 行.
SQL: SHOW COLUMNS FROM `tp_mobilesite` [ RunTime:0.016602s ]
NOTIC: [8] Undefined index: mp.cgtblog.com D:\website\cgtblogpigcmsSpecial\PigCms\Lib\Action\BaseAction.class.php 第 380 行.
SQL: SELECT * FROM `tp_mobilesite` WHERE ( `owndomain` = 'mp.cgtblog.com' ) LIMIT 1   [ RunTime:0.000000s ]
SQL: SELECT * FROM `tp_agent` WHERE ( `siteurl` = 'http://mp.cgtblog.com' ) LIMIT 1   [ RunTime:0.000977s ]
NOTIC: [8] Constant STATICS already defined D:\website\cgtblogpigcmsSpecial\PigCms\Lib\Action\BaseAction.class.php 第 128 行.
SQL: SHOW COLUMNS FROM `tp_images` [ RunTime:0.009765s ]
SQL: SELECT * FROM `tp_images` LIMIT 1   [ RunTime:0.000977s ]
NOTIC: [8] Undefined index: showNotice D:\website\cgtblogpigcmsSpecial\PigCms\Lib\Action\Home\IndexAction.class.php 第 56 行.
SQL: SHOW COLUMNS FROM `tp_links` [ RunTime:0.011719s ]
SQL: SELECT * FROM `tp_links` WHERE ( `status` = 1 ) AND ( `agentid` = 0 )  [ RunTime:0.000000s ]
SQL: SHOW COLUMNS FROM `tp_renew` [ RunTime:0.008789s ]
SQL: SHOW COLUMNS FROM `tp_banners` [ RunTime:0.007813s ]
SQL: SHOW COLUMNS FROM `tp_case` [ RunTime:0.041016s ]
SQL: SELECT * FROM `tp_renew` WHERE ( `agentid` = 0 ) ORDER BY id DESC LIMIT 5   [ RunTime:0.000000s ]
SQL: SELECT * FROM `tp_banners` WHERE ( `status` = 1 ) AND ( `agentid` = 0 ) ORDER BY id DESC  [ RunTime:0.000000s ]
SQL: SELECT * FROM `tp_case` WHERE ( `status` = 1 ) AND ( `agentid` = 0 ) ORDER BY id DESC LIMIT 10   [ RunTime:0.000000s ]
SQL: SHOW COLUMNS FROM `tp_news` [ RunTime:0.009765s ]
SQL: SELECT * FROM `tp_news` WHERE ( `agentid` = 0 ) LIMIT 1   [ RunTime:0.000000s ]
SQL: SHOW COLUMNS FROM `tp_img` [ RunTime:0.006836s ]
SQL: SELECT * FROM `tp_img` WHERE ( `classid` = 0 ) ORDER BY id DESC LIMIT 5   [ RunTime:0.000000s ]
SQL: SELECT * FROM `tp_img` WHERE ( `classid` = 0 ) ORDER BY id DESC LIMIT 5   [ RunTime:0.000977s ]
SQL: SELECT * FROM `tp_img` WHERE ( `classid` = 0 ) ORDER BY id DESC LIMIT 5   [ RunTime:0.000000s ]
INFO: [ view_template ] --START--
INFO: Run LocationTemplate Behavior [ RunTime:-0.213867s ]
INFO: [ view_template ] --END-- [ RunTime:0.015625s ]
INFO: [ view_parse ] --START--
NOTIC: [8] Use of undefined constant uid - assumed 'uid' D:\website\cgtblogpigcmsSpecial\Conf\logs\Cache\Home\e8edd32bcbb2d7ab2f0f8d14c550c52b.php 第 94 行.
NOTIC: [8] Undefined index: uid D:\website\cgtblogpigcmsSpecial\Conf\logs\Cache\Home\e8edd32bcbb2d7ab2f0f8d14c550c52b.php 第 94 行.
INFO: Run ParseTemplate Behavior [ RunTime:-0.229492s ]
INFO: [ view_parse ] --END-- [ RunTime:0.067383s ]
INFO: [ view_filter ] --START--
INFO: Run ContentReplace Behavior [ RunTime:-0.297851s ]
INFO: Run TokenBuild Behavior [ RunTime:-0.298828s ]
INFO: Run WriteHtmlCache Behavior [ RunTime:-0.301757s ]
INFO: Run ShowRuntime Behavior [ RunTime:-0.302734s ]
INFO: [ view_filter ] --END-- [ RunTime:0.006836s ]
INFO: [ view_end ] --START--
INFO: Run ShowPageTrace Behavior [ RunTime:-0.304687s ]
INFO: [ view_end ] --END-- [ RunTime:0.000977s ]

[ 2015-08-19T18:12:50+08:00 ] 121.42.0.38 /
SQL: SHOW COLUMNS FROM `tp_agent` [ RunTime:0.004883s ]
SQL: SELECT * FROM `tp_agent` WHERE ( `siteurl` = 'http://mp.cgtblog.com' ) LIMIT 1   [ RunTime:0.000977s ]
INFO: [ app_begin ] --START--
INFO: Run ReadHtmlCache Behavior [ RunTime:0.000976s ]
INFO: [ app_begin ] --END-- [ RunTime:0.000976s ]
SQL: SHOW COLUMNS FROM `tp_agent` [ RunTime:0.004883s ]
SQL: SELECT * FROM `tp_agent` WHERE ( `siteurl` = 'http://mp.cgtblog.com' ) LIMIT 1   [ RunTime:0.000977s ]
NOTIC: [8] Undefined index: mp.cgtblog.comnomsite D:\website\cgtblogpigcmsSpecial\PigCms\Lib\Action\BaseAction.class.php 第 38 行.
SQL: SHOW COLUMNS FROM `tp_mobilesite` [ RunTime:0.053711s ]
NOTIC: [8] Undefined index: mp.cgtblog.com D:\website\cgtblogpigcmsSpecial\PigCms\Lib\Action\BaseAction.class.php 第 380 行.
SQL: SELECT * FROM `tp_mobilesite` WHERE ( `owndomain` = 'mp.cgtblog.com' ) LIMIT 1   [ RunTime:0.000000s ]
SQL: SELECT * FROM `tp_agent` WHERE ( `siteurl` = 'http://mp.cgtblog.com' ) LIMIT 1   [ RunTime:0.000977s ]
NOTIC: [8] Constant STATICS already defined D:\website\cgtblogpigcmsSpecial\PigCms\Lib\Action\BaseAction.class.php 第 128 行.
SQL: SHOW COLUMNS FROM `tp_images` [ RunTime:0.026367s ]
SQL: SELECT * FROM `tp_images` LIMIT 1   [ RunTime:0.000000s ]
NOTIC: [8] Undefined index: showNotice D:\website\cgtblogpigcmsSpecial\PigCms\Lib\Action\Home\IndexAction.class.php 第 56 行.
SQL: SHOW COLUMNS FROM `tp_links` [ RunTime:0.019531s ]
SQL: SELECT * FROM `tp_links` WHERE ( `status` = 1 ) AND ( `agentid` = 0 )  [ RunTime:0.000977s ]
SQL: SHOW COLUMNS FROM `tp_renew` [ RunTime:0.016601s ]
SQL: SHOW COLUMNS FROM `tp_banners` [ RunTime:0.015625s ]
SQL: SHOW COLUMNS FROM `tp_case` [ RunTime:0.017578s ]
SQL: SELECT * FROM `tp_renew` WHERE ( `agentid` = 0 ) ORDER BY id DESC LIMIT 5   [ RunTime:0.000000s ]
SQL: SELECT * FROM `tp_banners` WHERE ( `status` = 1 ) AND ( `agentid` = 0 ) ORDER BY id DESC  [ RunTime:0.000000s ]
SQL: SELECT * FROM `tp_case` WHERE ( `status` = 1 ) AND ( `agentid` = 0 ) ORDER BY id DESC LIMIT 10   [ RunTime:0.000000s ]
SQL: SHOW COLUMNS FROM `tp_news` [ RunTime:0.012695s ]
SQL: SELECT * FROM `tp_news` WHERE ( `agentid` = 0 ) LIMIT 1   [ RunTime:0.000977s ]
SQL: SHOW COLUMNS FROM `tp_img` [ RunTime:0.009766s ]
SQL: SELECT * FROM `tp_img` WHERE ( `classid` = 0 ) ORDER BY id DESC LIMIT 5   [ RunTime:0.000000s ]
SQL: SELECT * FROM `tp_img` WHERE ( `classid` = 0 ) ORDER BY id DESC LIMIT 5   [ RunTime:0.000000s ]
SQL: SELECT * FROM `tp_img` WHERE ( `classid` = 0 ) ORDER BY id DESC LIMIT 5   [ RunTime:0.000000s ]
INFO: [ view_template ] --START--
INFO: Run LocationTemplate Behavior [ RunTime:-0.246094s ]
INFO: [ view_template ] --END-- [ RunTime:0.009765s ]
INFO: [ view_parse ] --START--
NOTIC: [8] Use of undefined constant uid - assumed 'uid' D:\website\cgtblogpigcmsSpecial\Conf\logs\Cache\Home\e8edd32bcbb2d7ab2f0f8d14c550c52b.php 第 94 行.
NOTIC: [8] Undefined index: uid D:\website\cgtblogpigcmsSpecial\Conf\logs\Cache\Home\e8edd32bcbb2d7ab2f0f8d14c550c52b.php 第 94 行.
INFO: Run ParseTemplate Behavior [ RunTime:-0.255859s ]
INFO: [ view_parse ] --END-- [ RunTime:0.086915s ]
INFO: [ view_filter ] --START--
INFO: Run ContentReplace Behavior [ RunTime:-0.342774s ]
INFO: Run TokenBuild Behavior [ RunTime:-0.344727s ]
INFO: Run WriteHtmlCache Behavior [ RunTime:-0.346680s ]
INFO: Run ShowRuntime Behavior [ RunTime:-0.348633s ]
INFO: [ view_filter ] --END-- [ RunTime:0.006835s ]
INFO: [ view_end ] --START--
INFO: Run ShowPageTrace Behavior [ RunTime:-0.349609s ]
INFO: [ view_end ] --END-- [ RunTime:0.001954s ]

