[ 2015-08-14T14:58:59+08:00 ] 121.42.0.17 /
SQL: SHOW COLUMNS FROM `tp_agent` [ RunTime:0.004882s ]
SQL: SELECT * FROM `tp_agent` WHERE ( `siteurl` = 'http://mp.cgtblog.com' ) LIMIT 1   [ RunTime:0.000000s ]
INFO: [ app_begin ] --START--
INFO: Run ReadHtmlCache Behavior [ RunTime:0.000976s ]
INFO: [ app_begin ] --END-- [ RunTime:0.000976s ]
SQL: SHOW COLUMNS FROM `tp_agent` [ RunTime:0.003906s ]
SQL: SELECT * FROM `tp_agent` WHERE ( `siteurl` = 'http://mp.cgtblog.com' ) LIMIT 1   [ RunTime:0.000000s ]
NOTIC: [8] Undefined index: mp.cgtblog.comnomsite D:\website\cgtblogpigcmsSpecial\PigCms\Lib\Action\BaseAction.class.php 第 38 行.
SQL: SHOW COLUMNS FROM `tp_mobilesite` [ RunTime:0.003906s ]
NOTIC: [8] Undefined index: mp.cgtblog.com D:\website\cgtblogpigcmsSpecial\PigCms\Lib\Action\BaseAction.class.php 第 380 行.
SQL: SELECT * FROM `tp_mobilesite` WHERE ( `owndomain` = 'mp.cgtblog.com' ) LIMIT 1   [ RunTime:0.000977s ]
SQL: SELECT * FROM `tp_agent` WHERE ( `siteurl` = 'http://mp.cgtblog.com' ) LIMIT 1   [ RunTime:0.000000s ]
NOTIC: [8] Constant STATICS already defined D:\website\cgtblogpigcmsSpecial\PigCms\Lib\Action\BaseAction.class.php 第 128 行.
SQL: SHOW COLUMNS FROM `tp_images` [ RunTime:0.002930s ]
SQL: SELECT * FROM `tp_images` LIMIT 1   [ RunTime:0.000000s ]
NOTIC: [8] Undefined index: showNotice D:\website\cgtblogpigcmsSpecial\PigCms\Lib\Action\Home\IndexAction.class.php 第 56 行.
SQL: SHOW COLUMNS FROM `tp_links` [ RunTime:0.002930s ]
SQL: SELECT * FROM `tp_links` WHERE ( `status` = 1 ) AND ( `agentid` = 0 )  [ RunTime:0.000000s ]
SQL: SHOW COLUMNS FROM `tp_renew` [ RunTime:0.003906s ]
SQL: SHOW COLUMNS FROM `tp_banners` [ RunTime:0.002930s ]
SQL: SHOW COLUMNS FROM `tp_case` [ RunTime:0.002929s ]
SQL: SELECT * FROM `tp_renew` WHERE ( `agentid` = 0 ) ORDER BY id DESC LIMIT 5   [ RunTime:0.000977s ]
SQL: SELECT * FROM `tp_banners` WHERE ( `status` = 1 ) AND ( `agentid` = 0 ) ORDER BY id DESC  [ RunTime:0.000000s ]
SQL: SELECT * FROM `tp_case` WHERE ( `status` = 1 ) AND ( `agentid` = 0 ) ORDER BY id DESC LIMIT 10   [ RunTime:0.000976s ]
SQL: SHOW COLUMNS FROM `tp_news` [ RunTime:0.003907s ]
SQL: SELECT * FROM `tp_news` WHERE ( `agentid` = 0 ) LIMIT 1   [ RunTime:0.000976s ]
SQL: SHOW COLUMNS FROM `tp_img` [ RunTime:0.003906s ]
SQL: SELECT * FROM `tp_img` WHERE ( `classid` = 0 ) ORDER BY id DESC LIMIT 5   [ RunTime:0.000000s ]
SQL: SELECT * FROM `tp_img` WHERE ( `classid` = 0 ) ORDER BY id DESC LIMIT 5   [ RunTime:0.000976s ]
SQL: SELECT * FROM `tp_img` WHERE ( `classid` = 0 ) ORDER BY id DESC LIMIT 5   [ RunTime:0.000000s ]
INFO: [ view_template ] --START--
INFO: Run LocationTemplate Behavior [ RunTime:-0.048828s ]
INFO: [ view_template ] --END-- [ RunTime:0.000977s ]
INFO: [ view_parse ] --START--
NOTIC: [8] Use of undefined constant uid - assumed 'uid' D:\website\cgtblogpigcmsSpecial\Conf\logs\Cache\Home\e8edd32bcbb2d7ab2f0f8d14c550c52b.php 第 94 行.
NOTIC: [8] Undefined index: uid D:\website\cgtblogpigcmsSpecial\Conf\logs\Cache\Home\e8edd32bcbb2d7ab2f0f8d14c550c52b.php 第 94 行.
INFO: Run ParseTemplate Behavior [ RunTime:-0.050781s ]
INFO: [ view_parse ] --END-- [ RunTime:0.032227s ]
INFO: [ view_filter ] --START--
INFO: Run ContentReplace Behavior [ RunTime:-0.083008s ]
INFO: Run TokenBuild Behavior [ RunTime:-0.083984s ]
INFO: Run WriteHtmlCache Behavior [ RunTime:-0.084961s ]
INFO: Run ShowRuntime Behavior [ RunTime:-0.085938s ]
INFO: [ view_filter ] --END-- [ RunTime:0.002930s ]
INFO: [ view_end ] --START--
INFO: Run ShowPageTrace Behavior [ RunTime:-0.086914s ]
INFO: [ view_end ] --END-- [ RunTime:0.000976s ]

